                                                                                     
                              ABACUS v3.6.3

               Atomic-orbital Based Ab-initio Computation at UStc                    

                     Website: http://abacus.ustc.edu.cn/                             
               Documentation: https://abacus.deepmodeling.com/                       
                  Repository: https://github.com/abacusmodeling/abacus-develop       
                              https://github.com/deepmodeling/abacus-develop         
                      Commit: f9124675f (Wed May 22 09:49:08 2024 +0800)

    Start Time is Thu May 23 17:27:03 2024
                                                                                     
 ------------------------------------------------------------------------------------

 READING GENERAL INFORMATION
                           global_out_dir = OUT.ABACUS/
                           global_in_card = INPUT
                               pseudo_dir = 
                              orbital_dir = 
                                    DRANK = 1
                                    DSIZE = 2
                                   DCOLOR = 1
                                    GRANK = 1
                                    GSIZE = 1
 The esolver type has been set to : ksdft_pw

 RUNNING WITH DEVICE  : GPU / NVIDIA GeForce RTX 4090




 >>>>>>>>>>>>>>>>>>>>>>>>>>>>>>>>>>>>>>>>>>>>>>>>>>>>>>>>>>>>>>>>>>>>>>
 |                                                                    |
 | Reading atom information in unitcell:                              |
 | From the input file and the structure file we know the number of   |
 | different elments in this unitcell, then we list the detail        |
 | information for each element, especially the zeta and polar atomic |
 | orbital number for each element. The total atom number is counted. |
 | We calculate the nearest atom distance for each atom and show the  |
 | Cartesian and Direct coordinates for each atom. We list the file   |
 | address for atomic orbitals. The volume and the lattice vectors    |
 | in real and reciprocal space is also shown.                        |
 |                                                                    |
 <<<<<<<<<<<<<<<<<<<<<<<<<<<<<<<<<<<<<<<<<<<<<<<<<<<<<<<<<<<<<<<<<<<<<<




 READING UNITCELL INFORMATION
                                    ntype = 1
                  lattice constant (Bohr) = 2.00813
              lattice constant (Angstrom) = 1.06266

 READING ATOM TYPE 1
                               atom label = Al
                      L=0, number of zeta = 1
                      L=1, number of zeta = 1
                      L=2, number of zeta = 1
             number of atom for this type = 4

                        TOTAL ATOM NUMBER = 4
DIRECT COORDINATES
   atom           x                y                z           mag          vx               vy               vz       
taud_Al1       0.0000000000     0.0000000000     0.0000000000 +0.0000     0.0000000000     0.0000000000     0.0000000000
taud_Al2       0.0000000000     0.5000000000     0.5000000000 +0.0000     0.0000000000     0.0000000000     0.0000000000
taud_Al3       0.5000000000     0.0000000000     0.5000000000 +0.0000     0.0000000000     0.0000000000     0.0000000000
taud_Al4       0.5000000000     0.5000000000     0.0000000000 +0.0000     0.0000000000     0.0000000000     0.0000000000


                          Volume (Bohr^3) = 536.591
                             Volume (A^3) = 79.5145

 Lattice vectors: (Cartesian coordinate: in unit of a_0)
             +4.04658                  -0                  +0
                   -0            +4.04658                  -0
                   +0                  -0            +4.04658
 Reciprocal vectors: (Cartesian coordinate: in unit of 2 pi/a_0)
            +0.247122                  -0                  +0
                   -0           +0.247122                  -0
                   +0                  -0           +0.247122




 >>>>>>>>>>>>>>>>>>>>>>>>>>>>>>>>>>>>>>>>>>>>>>>>>>>>>>>>>>>>>>>>>>>>>>
 |                                                                    |
 | Reading pseudopotentials files:                                    |
 | The pseudopotential file is in UPF format. The 'NC' indicates that |
 | the type of pseudopotential is 'norm conserving'. Functional of    |
 | exchange and correlation is decided by 4 given parameters in UPF   |
 | file.  We also read in the 'core correction' if there exists.      |
 | Also we can read the valence electrons number and the maximal      |
 | angular momentum used in this pseudopotential. We also read in the |
 | trail wave function, trail atomic density and local-pseudopotential|
 | on logrithmic grid. The non-local pseudopotential projector is also|
 | read in if there is any.                                           |
 |                                                                    |
 <<<<<<<<<<<<<<<<<<<<<<<<<<<<<<<<<<<<<<<<<<<<<<<<<<<<<<<<<<<<<<<<<<<<<<




                PAO radial cut off (Bohr) = 15

 Read in pseudopotential file is pp_orb/Al_ONCV_PBE-1.0.upf
                     pseudopotential type = NC
          exchange-correlation functional = PBE
                 nonlocal core correction = 0
                        valence electrons = 11
                                     lmax = 1
                           number of zeta = 0
                     number of projectors = 4
                           L of projector = 0
                           L of projector = 0
                           L of projector = 1
                           L of projector = 1
     initial pseudo atomic orbital number = 0
                                   NLOCAL = 36

%%%%%%%%%%%%%%%%%%%%%%%%%%%%%%%%%%%%%%%%%%%%%%%%%%%%%%%%%%%%%%%%%%%%%%%%%%%%%%%%%%%%%%%%%%%%%%%%%%%%%%%%%%
 Warning: the number of valence electrons in pseudopotential > 3 for Al: [Ne] 3s2 3p1
 Pseudopotentials with additional electrons can yield (more) accurate outcomes, but may be less efficient.
 If you're confident that your chosen pseudopotential is appropriate, you can safely ignore this warning.
%%%%%%%%%%%%%%%%%%%%%%%%%%%%%%%%%%%%%%%%%%%%%%%%%%%%%%%%%%%%%%%%%%%%%%%%%%%%%%%%%%%%%%%%%%%%%%%%%%%%%%%%%%
                  




 >>>>>>>>>>>>>>>>>>>>>>>>>>>>>>>>>>>>>>>>>>>>>>>>>>>>>>>>>>>>>>>>>>>>>>
 |                                                                    |
 | Setup plane waves of charge/potential:                             |
 | Use the energy cutoff and the lattice vectors to generate the      |
 | dimensions of FFT grid. The number of FFT grid on each processor   |
 | is 'nrxx'. The number of plane wave basis in reciprocal space is   |
 | different for charege/potential and wave functions. We also set    |
 | the 'sticks' for the parallel of FFT. The number of plane waves    |
 | is 'npw' in each processor.                                        |
 <<<<<<<<<<<<<<<<<<<<<<<<<<<<<<<<<<<<<<<<<<<<<<<<<<<<<<<<<<<<<<<<<<<<<<





 SETUP THE PLANE WAVE BASIS
 energy cutoff for charge/potential (unit:Ry) = 360
            fft grid for charge/potential = [ 50, 50, 50 ]
                        fft grid division = [ 1, 1, 1 ]
        big fft grid for charge/potential = [ 50, 50, 50 ]
                                     nbxx = 125000
                                     nrxx = 125000

 SETUP PLANE WAVES FOR CHARGE/POTENTIAL
                    number of plane waves = 62093
                         number of sticks = 1893

 PARALLEL PW FOR CHARGE/POTENTIAL
     PROC   COLUMNS(POT)             PW
        1           1893          62093
 --------------- sum -------------------
        1           1893          62093
                            number of |g| = 505
                                  max |g| = 36.7637
                                  min |g| = 0

----------- Double Check Mixing Parameters Begin ------------
mixing_type: pulay
mixing_beta: 0.3
mixing_gg0: 1
mixing_gg0_min: 0.1
mixing_ndim: 8
----------- Double Check Mixing Parameters End ------------

 SETUP THE ELECTRONS NUMBER
            electron number of element Al = 11
      total electron number of element Al = 44
            AUTOSET number of electrons:  = 44
 DONE : SETUP UNITCELL Time : 2.03561 (SEC)





 >>>>>>>>>>>>>>>>>>>>>>>>>>>>>>>>>>>>>>>>>>>>>>>>>>>>>>>>>>>>>>>>>>>>>>
 |                                                                    |
 | Doing symmetry analysis:                                           |
 | We calculate the norm of 3 vectors and the angles between them,    |
 | the type of Bravais lattice is given. We can judge if the unticell |
 | is a primitive cell. Finally we give the point group operation for |
 | this unitcell. We use the point group operations to do symmetry |
 | analysis on given k-point mesh and the charge density.             |
 |                                                                    |
 <<<<<<<<<<<<<<<<<<<<<<<<<<<<<<<<<<<<<<<<<<<<<<<<<<<<<<<<<<<<<<<<<<<<<<




 LATTICE VECTORS: (CARTESIAN COORDINATE: IN UNIT OF A0)
             +4.04658                  -0                  +0
                   -0            +4.04658                  -0
                   +0                  -0            +4.04658
                       right hand lattice = 1
                                   NORM_A = 4.04658
                                   NORM_B = 4.04658
                                   NORM_C = 4.04658
                           ALPHA (DEGREE) = 90
                           BETA  (DEGREE) = 90
                           GAMMA (DEGREE) = 90

 The lattice vectors have been changed (STRU_SIMPLE.cif)

(for optimal symmetric configuration:)
                             BRAVAIS TYPE = 1
                     BRAVAIS LATTICE NAME = 01. Cubic P (simple)
                                    ibrav = 1
                                    IBRAV = 1
                                  BRAVAIS = SIMPLE CUBIC
                       LATTICE CONSTANT A = 4.04658
                       right hand lattice = 1
(for primitive cell:)
                                    IBRAV = 3
                                  BRAVAIS = FACE CENTERED CUBIC
                       LATTICE CONSTANT A = 4.04658
optimized lattice volume: 66.2622
optimized primitive cell volume: 16.5655
Original cell was built up by 4 primitive cells.
                        ROTATION MATRICES = 48
              PURE POINT GROUP OPERATIONS = 48
                   SPACE GROUP OPERATIONS = 48
                              POINT GROUP = O_h
               POINT GROUP IN SPACE GROUP = O_h
 DONE : SYMMETRY Time : 2.08808 (SEC)





 >>>>>>>>>>>>>>>>>>>>>>>>>>>>>>>>>>>>>>>>>>>>>>>>>>>>>>>>>>>>>>>>>>>>>>
 |                                                                    |
 | Setup K-points                                                     |
 | We setup the k-points according to input parameters.               |
 | The reduced k-points are set according to symmetry operations.     |
 | We treat the spin as another set of k-points.                      |
 |                                                                    |
 <<<<<<<<<<<<<<<<<<<<<<<<<<<<<<<<<<<<<<<<<<<<<<<<<<<<<<<<<<<<<<<<<<<<<<





 SETUP K-POINTS
                                    nspin = 1
                   Input type of k points = Monkhorst-Pack(Gamma)
                                   nkstot = 1000
                       right hand lattice = 1
(for reciprocal lattice: )
                             BRAVAIS TYPE = 1
                     BRAVAIS LATTICE NAME = 01. Cubic P (simple)
                                    ibrav = 1
                       right hand lattice = 1
(for k-lattice: )
                             BRAVAIS TYPE = 1
                     BRAVAIS LATTICE NAME = 01. Cubic P (simple)
                                    ibrav = 1
                       right hand lattice = 1
                        ROTATION MATRICES = 48
                               nkstot_ibz = 56
K-POINTS REDUCTION ACCORDING TO SYMMETRY
     IBZ     DIRECT_X     DIRECT_Y     DIRECT_Z WEIGHT ibz2bz
       1   0.00000000   0.00000000   0.00000000 0.0010 0     
       2   0.00000000   0.10000000   0.00000000 0.0060 1     
       3   0.00000000   0.20000000   0.00000000 0.0060 2     
       4   0.00000000   0.30000000   0.00000000 0.0060 3     
       5   0.00000000   0.40000000   0.00000000 0.0060 4     
       6   0.00000000   0.00000000   0.50000000 0.0030 5     
       7   0.10000000   0.00000000   0.10000000 0.0120 11    
       8   0.10000000   0.20000000   0.00000000 0.0240 12    
       9   0.10000000   0.30000000   0.00000000 0.0240 13    
      10   0.10000000   0.40000000   0.00000000 0.0240 14    
      11   0.00000000   0.10000000   0.50000000 0.0120 15    
      12   0.20000000   0.00000000   0.20000000 0.0120 22    
      13   0.20000000   0.30000000   0.00000000 0.0240 23    
      14   0.20000000   0.40000000   0.00000000 0.0240 24    
      15   0.00000000   0.20000000   0.50000000 0.0120 25    
      16   0.30000000   0.00000000   0.30000000 0.0120 33    
      17   0.30000000   0.40000000   0.00000000 0.0240 34    
      18   0.00000000   0.30000000   0.50000000 0.0120 35    
      19   0.40000000   0.00000000   0.40000000 0.0120 44    
      20   0.00000000   0.40000000   0.50000000 0.0120 45    
      21   0.00000000   0.50000000   0.50000000 0.0030 55    
      22  -0.10000000   0.10000000   0.10000000 0.0080 111   
      23   0.10000000   0.10000000   0.20000000 0.0240 112   
      24   0.10000000   0.30000000   0.10000000 0.0240 113   
      25   0.10000000   0.40000000   0.10000000 0.0240 114   
      26   0.10000000   0.50000000   0.10000000 0.0120 115   
      27   0.20000000   0.10000000   0.20000000 0.0240 122   
      28   0.20000000   0.30000000   0.10000000 0.0480 123   
      29   0.20000000   0.40000000   0.10000000 0.0480 124   
      30   0.20000000   0.50000000   0.10000000 0.0240 125   
      31   0.30000000   0.10000000   0.30000000 0.0240 133   
      32   0.30000000   0.40000000   0.10000000 0.0480 134   
      33   0.30000000   0.50000000   0.10000000 0.0240 135   
      34   0.40000000   0.10000000   0.40000000 0.0240 144   
      35   0.40000000   0.50000000   0.10000000 0.0240 145   
      36   0.50000000   0.10000000   0.50000000 0.0060 155   
      37  -0.20000000   0.20000000   0.20000000 0.0080 222   
      38   0.20000000   0.30000000   0.20000000 0.0240 223   
      39   0.20000000   0.40000000   0.20000000 0.0240 224   
      40   0.20000000   0.50000000   0.20000000 0.0120 225   
      41   0.30000000   0.20000000   0.30000000 0.0240 233   
      42   0.30000000   0.40000000   0.20000000 0.0480 234   
      43   0.30000000   0.50000000   0.20000000 0.0240 235   
      44   0.40000000   0.20000000   0.40000000 0.0240 244   
      45   0.40000000   0.50000000   0.20000000 0.0240 245   
      46   0.50000000   0.20000000   0.50000000 0.0060 255   
      47  -0.30000000   0.30000000   0.30000000 0.0080 333   
      48   0.30000000   0.40000000   0.30000000 0.0240 334   
      49   0.30000000   0.50000000   0.30000000 0.0120 335   
      50   0.40000000   0.30000000   0.40000000 0.0240 344   
      51   0.40000000   0.50000000   0.30000000 0.0240 345   
      52   0.50000000   0.30000000   0.50000000 0.0060 355   
      53  -0.40000000   0.40000000   0.40000000 0.0080 444   
      54   0.40000000   0.50000000   0.40000000 0.0120 445   
      55   0.50000000   0.40000000   0.50000000 0.0060 455   
      56   0.50000000   0.50000000   0.50000000 0.0010 555   
                               nkstot now = 56
K-POINTS DIRECT COORDINATES
 KPOINTS     DIRECT_X     DIRECT_Y     DIRECT_Z WEIGHT
       1   0.00000000   0.00000000   0.00000000 0.0010
       2   0.00000000   0.10000000   0.00000000 0.0060
       3   0.00000000   0.20000000   0.00000000 0.0060
       4   0.00000000   0.30000000   0.00000000 0.0060
       5   0.00000000   0.40000000   0.00000000 0.0060
       6   0.00000000   0.00000000   0.50000000 0.0030
       7   0.10000000   0.00000000   0.10000000 0.0120
       8   0.10000000   0.20000000   0.00000000 0.0240
       9   0.10000000   0.30000000   0.00000000 0.0240
      10   0.10000000   0.40000000   0.00000000 0.0240
      11   0.00000000   0.10000000   0.50000000 0.0120
      12   0.20000000   0.00000000   0.20000000 0.0120
      13   0.20000000   0.30000000   0.00000000 0.0240
      14   0.20000000   0.40000000   0.00000000 0.0240
      15   0.00000000   0.20000000   0.50000000 0.0120
      16   0.30000000   0.00000000   0.30000000 0.0120
      17   0.30000000   0.40000000   0.00000000 0.0240
      18   0.00000000   0.30000000   0.50000000 0.0120
      19   0.40000000   0.00000000   0.40000000 0.0120
      20   0.00000000   0.40000000   0.50000000 0.0120
      21   0.00000000   0.50000000   0.50000000 0.0030
      22  -0.10000000   0.10000000   0.10000000 0.0080
      23   0.10000000   0.10000000   0.20000000 0.0240
      24   0.10000000   0.30000000   0.10000000 0.0240
      25   0.10000000   0.40000000   0.10000000 0.0240
      26   0.10000000   0.50000000   0.10000000 0.0120
      27   0.20000000   0.10000000   0.20000000 0.0240
      28   0.20000000   0.30000000   0.10000000 0.0480
      29   0.20000000   0.40000000   0.10000000 0.0480
      30   0.20000000   0.50000000   0.10000000 0.0240
      31   0.30000000   0.10000000   0.30000000 0.0240
      32   0.30000000   0.40000000   0.10000000 0.0480
      33   0.30000000   0.50000000   0.10000000 0.0240
      34   0.40000000   0.10000000   0.40000000 0.0240
      35   0.40000000   0.50000000   0.10000000 0.0240
      36   0.50000000   0.10000000   0.50000000 0.0060
      37  -0.20000000   0.20000000   0.20000000 0.0080
      38   0.20000000   0.30000000   0.20000000 0.0240
      39   0.20000000   0.40000000   0.20000000 0.0240
      40   0.20000000   0.50000000   0.20000000 0.0120
      41   0.30000000   0.20000000   0.30000000 0.0240
      42   0.30000000   0.40000000   0.20000000 0.0480
      43   0.30000000   0.50000000   0.20000000 0.0240
      44   0.40000000   0.20000000   0.40000000 0.0240
      45   0.40000000   0.50000000   0.20000000 0.0240
      46   0.50000000   0.20000000   0.50000000 0.0060
      47  -0.30000000   0.30000000   0.30000000 0.0080
      48   0.30000000   0.40000000   0.30000000 0.0240
      49   0.30000000   0.50000000   0.30000000 0.0120
      50   0.40000000   0.30000000   0.40000000 0.0240
      51   0.40000000   0.50000000   0.30000000 0.0240
      52   0.50000000   0.30000000   0.50000000 0.0060
      53  -0.40000000   0.40000000   0.40000000 0.0080
      54   0.40000000   0.50000000   0.40000000 0.0120
      55   0.50000000   0.40000000   0.50000000 0.0060
      56   0.50000000   0.50000000   0.50000000 0.0010

           k-point number in this process = 28
       minimum distributed K point number = 28

K-POINTS CARTESIAN COORDINATES
 KPOINTS  CARTESIAN_X  CARTESIAN_Y  CARTESIAN_Z WEIGHT
       1   0.00000000   0.00000000   0.00000000 0.0020
       2   0.00000000   0.02471220   0.00000000 0.0120
       3   0.00000000   0.04942440   0.00000000 0.0120
       4   0.00000000   0.07413660   0.00000000 0.0120
       5   0.00000000   0.09884880   0.00000000 0.0120
       6   0.00000000   0.00000000   0.12356100 0.0060
       7   0.02471220   0.00000000   0.02471220 0.0240
       8   0.02471220   0.04942440   0.00000000 0.0480
       9   0.02471220   0.07413660   0.00000000 0.0480
      10   0.02471220   0.09884880   0.00000000 0.0480
      11   0.00000000   0.02471220   0.12356100 0.0240
      12   0.04942440   0.00000000   0.04942440 0.0240
      13   0.04942440   0.07413660   0.00000000 0.0480
      14   0.04942440   0.09884880   0.00000000 0.0480
      15   0.00000000   0.04942440   0.12356100 0.0240
      16   0.07413660   0.00000000   0.07413660 0.0240
      17   0.07413660   0.09884880   0.00000000 0.0480
      18   0.00000000   0.07413660   0.12356100 0.0240
      19   0.09884880   0.00000000   0.09884880 0.0240
      20   0.00000000   0.09884880   0.12356100 0.0240
      21   0.00000000   0.12356100   0.12356100 0.0060
      22  -0.02471220   0.02471220   0.02471220 0.0160
      23   0.02471220   0.02471220   0.04942440 0.0480
      24   0.02471220   0.07413660   0.02471220 0.0480
      25   0.02471220   0.09884880   0.02471220 0.0480
      26   0.02471220   0.12356100   0.02471220 0.0240
      27   0.04942440   0.02471220   0.04942440 0.0480
      28   0.04942440   0.07413660   0.02471220 0.0960

K-POINTS DIRECT COORDINATES
 KPOINTS     DIRECT_X     DIRECT_Y     DIRECT_Z WEIGHT
       1   0.00000000   0.00000000   0.00000000 0.0020
       2   0.00000000   0.10000000   0.00000000 0.0120
       3   0.00000000   0.20000000   0.00000000 0.0120
       4   0.00000000   0.30000000   0.00000000 0.0120
       5   0.00000000   0.40000000   0.00000000 0.0120
       6   0.00000000   0.00000000   0.50000000 0.0060
       7   0.10000000   0.00000000   0.10000000 0.0240
       8   0.10000000   0.20000000   0.00000000 0.0480
       9   0.10000000   0.30000000   0.00000000 0.0480
      10   0.10000000   0.40000000   0.00000000 0.0480
      11   0.00000000   0.10000000   0.50000000 0.0240
      12   0.20000000   0.00000000   0.20000000 0.0240
      13   0.20000000   0.30000000   0.00000000 0.0480
      14   0.20000000   0.40000000   0.00000000 0.0480
      15   0.00000000   0.20000000   0.50000000 0.0240
      16   0.30000000   0.00000000   0.30000000 0.0240
      17   0.30000000   0.40000000   0.00000000 0.0480
      18   0.00000000   0.30000000   0.50000000 0.0240
      19   0.40000000   0.00000000   0.40000000 0.0240
      20   0.00000000   0.40000000   0.50000000 0.0240
      21   0.00000000   0.50000000   0.50000000 0.0060
      22  -0.10000000   0.10000000   0.10000000 0.0160
      23   0.10000000   0.10000000   0.20000000 0.0480
      24   0.10000000   0.30000000   0.10000000 0.0480
      25   0.10000000   0.40000000   0.10000000 0.0480
      26   0.10000000   0.50000000   0.10000000 0.0240
      27   0.20000000   0.10000000   0.20000000 0.0480
      28   0.20000000   0.30000000   0.10000000 0.0960
 DONE : INIT K-POINTS Time : 2.17921 (SEC)


 Warning_Memory_Consuming allocated:  PW_B_K::gcar 5.00455 MB




 >>>>>>>>>>>>>>>>>>>>>>>>>>>>>>>>>>>>>>>>>>>>>>>>>>>>>>>>>>>>>>>>>>>>>>
 |                                                                    |
 | Setup plane waves of wave functions:                               |
 | Use the energy cutoff and the lattice vectors to generate the      |
 | dimensions of FFT grid. The number of FFT grid on each processor   |
 | is 'nrxx'. The number of plane wave basis in reciprocal space is   |
 | different for charege/potential and wave functions. We also set    |
 | the 'sticks' for the parallel of FFT. The number of plane wave of  |
 | each k-point is 'npwk[ik]' in each processor                       |
 <<<<<<<<<<<<<<<<<<<<<<<<<<<<<<<<<<<<<<<<<<<<<<<<<<<<<<<<<<<<<<<<<<<<<<





 SETUP PLANE WAVES FOR WAVE FUNCTIONS
     energy cutoff for wavefunc (unit:Ry) = 90
              fft grid for wave functions = [ 50, 50, 50 ]
                    number of plane waves = 9459
                         number of sticks = 545

 PARALLEL PW FOR WAVE FUNCTIONS
     PROC   COLUMNS(POT)             PW
        1            545           9459
 --------------- sum -------------------
        1            545           9459
 DONE : INIT PLANEWAVE Time : 2.26314 (SEC)

                           occupied bands = 22
                                   NBANDS = 32
                                     npwx = 7809

 Warning_Memory_Consuming allocated:  Psi_PW 106.764 MB

 SETUP NONLOCAL PSEUDOPOTENTIALS IN PLANE WAVE BASIS
 Al non-local projectors:
 projector 1 L=0
 projector 2 L=0
 projector 3 L=1
 projector 4 L=1
      TOTAL NUMBER OF NONLOCAL PROJECTORS = 32
 DONE : LOCAL POTENTIAL Time : 2.28213 (SEC)


 Init Non-Local PseudoPotential table : 
 Init Non-Local-Pseudopotential done.
 DONE : NON-LOCAL POTENTIAL Time : 2.31887 (SEC)


 Make real space PAO into reciprocal space.
       max mesh points in Pseudopotential = 601
     dq(describe PAO in reciprocal space) = 0.01
                                    max q = 1905

 number of pseudo atomic orbitals for Al is 0
 DONE : INIT BASIS Time : 2.37539 (SEC)


 -------------------------------------------
 STEP OF RELAXATION : 1
 -------------------------------------------
                                 init_chg = atomic
 DONE : INIT SCF Time : 2.46176 (SEC)


 PW ALGORITHM --------------- ION=   1  ELEC=   1--------------------------------
 Notice: Threshold on eigenvalues was too large.
 hsover_error=0.44 > DRHO=0.0661781
 Origin diag_ethr = 0.01
 New    diag_ethr = 0.000150405

 Density error is 0.0677566016316
                          Error Threshold = 0.000150404765836
------------------------------------------------------
  Energy         Rydberg                 eV         
------------------------------------------------------
E_KohnSham      -553.6272296357     -7532.4848910000
E_Harris        -553.6487032940     -7532.7770551094
E_Fermi            0.6469927648         8.8027881660
------------------------------------------------------

 PW ALGORITHM --------------- ION=   1  ELEC=   2--------------------------------

 Density error is 0.0316220099368
                          Error Threshold = 0.000153992276436
------------------------------------------------------
  Energy         Rydberg                 eV         
------------------------------------------------------
E_KohnSham      -553.6082153191     -7532.2261879502
E_Harris        -557.3819443607     -7583.5704056240
E_Fermi            0.6432881623         8.7523844633
------------------------------------------------------

 PW ALGORITHM --------------- ION=   1  ELEC=   3--------------------------------

 Density error is 0.000436791605875
                          Error Threshold = 7.18682044019e-05
------------------------------------------------------
  Energy         Rydberg                 eV         
------------------------------------------------------
E_KohnSham      -553.6140767321     -7532.3059365660
E_Harris        -554.2413984991     -7540.8410870758
E_Fermi            0.6355297989         8.6468265139
------------------------------------------------------

 PW ALGORITHM --------------- ION=   1  ELEC=   4--------------------------------

 Density error is 0.000299872313339
                          Error Threshold = 9.9270819517e-07
------------------------------------------------------
  Energy         Rydberg                 eV         
------------------------------------------------------
E_KohnSham      -553.6147970646     -7532.3157371926
E_Harris        -553.8108838070     -7534.9836341911
E_Fermi            0.6362827474         8.6570709042
------------------------------------------------------

 PW ALGORITHM --------------- ION=   1  ELEC=   5--------------------------------

 Density error is 0.00016390630258
                          Error Threshold = 6.81527984861e-07
------------------------------------------------------
  Energy         Rydberg                 eV         
------------------------------------------------------
E_KohnSham      -553.6147078324     -7532.3145231256
E_Harris        -553.8393291092     -7535.3706523829
E_Fermi            0.6362779113         8.6570051048
------------------------------------------------------

 PW ALGORITHM --------------- ION=   1  ELEC=   6--------------------------------

 Density error is 2.11526795799e-05
                          Error Threshold = 3.72514324045e-07
------------------------------------------------------
  Energy         Rydberg                 eV         
------------------------------------------------------
E_KohnSham      -553.6147211577     -7532.3147044255
E_Harris        -553.6032263465     -7532.1583094959
E_Fermi            0.6356488323         8.6484460465
------------------------------------------------------

 PW ALGORITHM --------------- ION=   1  ELEC=   7--------------------------------

 Density error is 1.15936231299e-05
                          Error Threshold = 4.80742717724e-08
------------------------------------------------------
  Energy         Rydberg                 eV         
------------------------------------------------------
E_KohnSham      -553.6147194795     -7532.3146815926
E_Harris        -553.5638950256     -7531.6231794226
E_Fermi            0.6356043963         8.6478414631
------------------------------------------------------

 PW ALGORITHM --------------- ION=   1  ELEC=   8--------------------------------

 Density error is 7.1985925741e-06
                          Error Threshold = 2.63491434771e-08
------------------------------------------------------
  Energy         Rydberg                 eV         
------------------------------------------------------
E_KohnSham      -553.6147185345     -7532.3146687355
E_Harris        -553.5723222567     -7531.7378377835
E_Fermi            0.6356311049         8.6482048522
------------------------------------------------------

 PW ALGORITHM --------------- ION=   1  ELEC=   9--------------------------------

 Density error is 5.83691366752e-06
                          Error Threshold = 1.63604376684e-08
------------------------------------------------------
  Energy         Rydberg                 eV         
------------------------------------------------------
E_KohnSham      -553.6147147208     -7532.3146168475
E_Harris        -553.5789187148     -7531.8275872003
E_Fermi            0.6356492177         8.6484512906
------------------------------------------------------

 PW ALGORITHM --------------- ION=   1  ELEC=  10--------------------------------

 Density error is 1.77141409161e-07
                          Error Threshold = 1.32657128807e-08
------------------------------------------------------
  Energy         Rydberg                 eV         
------------------------------------------------------
E_KohnSham      -553.6147152469     -7532.3146240049
E_Harris        -553.6044351203     -7532.1747557080
E_Fermi            0.6356811059         8.6488851518
------------------------------------------------------

 PW ALGORITHM --------------- ION=   1  ELEC=  11--------------------------------

 Density error is 1.02918576946e-08
                          Error Threshold = 4.0259411173e-10
------------------------------------------------------
  Energy         Rydberg                 eV         
------------------------------------------------------
E_KohnSham      -553.6147154818     -7532.3146272009
E_Harris        -553.6119415450     -7532.2768858547
E_Fermi            0.6356796830         8.6488657922
------------------------------------------------------

 PW ALGORITHM --------------- ION=   1  ELEC=  12--------------------------------

 Density error is 1.04465487211e-09
                          Error Threshold = 2.33905856696e-11
----------------------------------------------------------
    Energy           Rydberg                 eV         
----------------------------------------------------------
E_KohnSham          -553.6147154822     -7532.3146272073
E_KS(sigma->0)      -553.6146926440     -7532.3143164775
E_Harris            -553.6152428267     -7532.3218020972
E_band              -151.4318522772     -2060.3360496644
E_one_elec          -366.1285781943     -4981.4348640812
E_Hartree            147.8059631703      2011.0032974937
E_xc                 -62.2116904711      -846.4334726197
E_Ewald             -273.0803643106     -3715.4489665405
E_entropy(-TS)        -0.0000456764        -0.0006214596
E_descf                0.0000000000         0.0000000000
E_exx                  0.0000000000         0.0000000000
E_Fermi                0.6356752599         8.6488056128
----------------------------------------------------------

 charge density convergence is achieved
 final etot is -7532.3146272 eV
 EFERMI = 8.6488056128 eV

 STATE ENERGY(eV) AND OCCUPATIONS    NSPIN == 1
 1/28 kpoint (Cartesian) = 0.0000 0.0000 0.0000 (7809 pws)
       1       -95.0601     0.00200000
       2       -95.0588     0.00200000
       3       -95.0587     0.00200000
       4       -95.0587     0.00200000
       5       -56.5138     0.00200000
       6       -56.5138     0.00200000
       7       -56.5138     0.00200000
       8       -56.5084     0.00200000
       9       -56.5084     0.00200000
      10       -56.5084     0.00200000
      11       -56.5084     0.00200000
      12       -56.5084     0.00200000
      13       -56.5083     0.00200000
      14       -56.5045     0.00200000
      15       -56.5045     0.00200000
      16       -56.5045     0.00200000
      17       -1.27525     0.00200000
      18        6.15892     0.00200000
      19        6.15892     0.00200000
      20        6.15893     0.00200000
      21        7.01256     0.00200000
      22        7.01257     0.00200000
      23        7.01257     0.00200000
      24        13.4333        0.00000
      25        13.4333        0.00000
      26        13.4333        0.00000
      27        13.4333        0.00000
      28        13.4333        0.00000
      29        13.4333        0.00000
      30        13.8952        0.00000
      31        13.8952        0.00000
      32        13.8952        0.00000

 2/28 kpoint (Cartesian) = 0.0000 0.024712 0.0000 (7741 pws)
       1       -95.0600      0.0120000
       2       -95.0588      0.0120000
       3       -95.0587      0.0120000
       4       -95.0587      0.0120000
       5       -56.5137      0.0120000
       6       -56.5137      0.0120000
       7       -56.5136      0.0120000
       8       -56.5085      0.0120000
       9       -56.5085      0.0120000
      10       -56.5084      0.0120000
      11       -56.5084      0.0120000
      12       -56.5083      0.0120000
      13       -56.5083      0.0120000
      14       -56.5047      0.0120000
      15       -56.5046      0.0120000
      16       -56.5046      0.0120000
      17       -1.19518      0.0120000
      18        5.05999      0.0120000
      19        6.23369      0.0120000
      20        6.23369      0.0120000
      21        7.09083      0.0120000
      22        7.09083      0.0120000
      23        8.25290      0.0120000
      24        12.2198        0.00000
      25        12.2198        0.00000
      26        12.8529        0.00000
      27        12.8529        0.00000
      28        13.5039        0.00000
      29        13.5039        0.00000
      30        13.9741        0.00000
      31        15.2575        0.00000
      32        15.2575        0.00000

 3/28 kpoint (Cartesian) = 0.0000 0.049424 0.0000 (7765 pws)
       1       -95.0599      0.0120000
       2       -95.0589      0.0120000
       3       -95.0587      0.0120000
       4       -95.0587      0.0120000
       5       -56.5133      0.0120000
       6       -56.5133      0.0120000
       7       -56.5129      0.0120000
       8       -56.5089      0.0120000
       9       -56.5089      0.0120000
      10       -56.5084      0.0120000
      11       -56.5084      0.0120000
      12       -56.5080      0.0120000
      13       -56.5080      0.0120000
      14       -56.5054      0.0120000
      15       -56.5049      0.0120000
      16       -56.5049      0.0120000
      17      -0.955225      0.0120000
      18        3.76601      0.0120000
      19        6.45803      0.0120000
      20        6.45803      0.0120000
      21        7.32495      0.0120000
      22        7.32495      0.0120000
      23        9.96990        0.00000
      24        10.9517        0.00000
      25        10.9517        0.00000
      26        11.8039        0.00000
      27        11.8039        0.00000
      28        13.7157        0.00000
      29        13.7157        0.00000
      30        14.2107        0.00000
      31        16.5058        0.00000
      32        16.9711        0.00000

 4/28 kpoint (Cartesian) = 0.0000 0.074137 0.0000 (7752 pws)
       1       -95.0598      0.0120000
       2       -95.0590      0.0120000
       3       -95.0587      0.0120000
       4       -95.0587      0.0120000
       5       -56.5127      0.0120000
       6       -56.5127      0.0120000
       7       -56.5119      0.0120000
       8       -56.5095      0.0120000
       9       -56.5095      0.0120000
      10       -56.5084      0.0120000
      11       -56.5084      0.0120000
      12       -56.5076      0.0120000
      13       -56.5076      0.0120000
      14       -56.5064      0.0120000
      15       -56.5053      0.0120000
      16       -56.5053      0.0120000
      17      -0.556078      0.0120000
      18        2.60125      0.0120000
      19        6.83207      0.0120000
      20        6.83207      0.0120000
      21        7.71251      0.0120000
      22        7.71251      0.0120000
      23        9.82828        0.00000
      24        9.82828        0.00000
      25        10.7518        0.00000
      26        10.7518        0.00000
      27        11.8348        0.00000
      28        14.0686        0.00000
      29        14.0686        0.00000
      30        14.6041        0.00000
      31        16.8694        0.00000
      32        16.8870        0.00000

 5/28 kpoint (Cartesian) = 0.0000 0.098849 0.0000 (7736 pws)
       1       -95.0596      0.0120000
       2       -95.0592      0.0120000
       3       -95.0588      0.0120000
       4       -95.0587      0.0120000
       5       -56.5119      0.0120000
       6       -56.5119      0.0120000
       7       -56.5106      0.0120000
       8       -56.5103      0.0120000
       9       -56.5103      0.0120000
      10       -56.5084      0.0120000
      11       -56.5084      0.0120000
      12       -56.5077      0.0120000
      13       -56.5070      0.0120000
      14       -56.5070      0.0120000
      15       -56.5058      0.0120000
      16       -56.5058      0.0120000
      17     0.00109015      0.0120000
      18        1.58238      0.0120000
      19        7.35598      0.0120000
      20        7.35598      0.0120000
      21        8.24646      0.0120000
      22        8.24646      0.0120000
      23        8.85408        0.00000
      24        8.85409        0.00000
      25        9.80243        0.00000
      26        9.80243        0.00000
      27        13.8186        0.00000
      28        14.5626        0.00000
      29        14.5626        0.00000
      30        15.1528        0.00000
      31        15.9727        0.00000
      32        15.9727        0.00000

 6/28 kpoint (Cartesian) = 0.0000 0.0000 0.12356 (7752 pws)
       1       -95.0595     0.00600000
       2       -95.0594     0.00600000
       3       -95.0588     0.00600000
       4       -95.0587     0.00600000
       5       -56.5111     0.00600000
       6       -56.5111     0.00600000
       7       -56.5111     0.00600000
       8       -56.5111     0.00600000
       9       -56.5092     0.00600000
      10       -56.5092     0.00600000
      11       -56.5084     0.00600000
      12       -56.5084     0.00600000
      13       -56.5065     0.00600000
      14       -56.5065     0.00600000
      15       -56.5064     0.00600000
      16       -56.5064     0.00600000
      17       0.714637     0.00600000
      18       0.714639     0.00600000
      19        8.02994     0.00600000
      20        8.02994     0.00600000
      21        8.02995     0.00600000
      22        8.02995     0.00600000
      23        8.79005    6.36824e-16
      24        8.79005    6.36491e-16
      25        9.11839        0.00000
      26        9.11839        0.00000
      27        15.1975        0.00000
      28        15.1975        0.00000
      29        15.1975        0.00000
      30        15.1975        0.00000
      31        15.8539        0.00000
      32        15.8540        0.00000

 7/28 kpoint (Cartesian) = 0.024712 0.0000 0.024712 (7743 pws)
       1       -95.0600      0.0240000
       2       -95.0588      0.0240000
       3       -95.0588      0.0240000
       4       -95.0587      0.0240000
       5       -56.5136      0.0240000
       6       -56.5135      0.0240000
       7       -56.5135      0.0240000
       8       -56.5088      0.0240000
       9       -56.5084      0.0240000
      10       -56.5084      0.0240000
      11       -56.5083      0.0240000
      12       -56.5083      0.0240000
      13       -56.5082      0.0240000
      14       -56.5051      0.0240000
      15       -56.5047      0.0240000
      16       -56.5046      0.0240000
      17       -1.11516      0.0240000
      18        5.13667      0.0240000
      19        5.13667      0.0240000
      20        6.30846      0.0240000
      21        7.16888      0.0240000
      22        8.32909      0.0240000
      23        8.32910      0.0240000
      24        11.1514        0.00000
      25        12.2941        0.00000
      26        12.2941        0.00000
      27        12.9250        0.00000
      28        12.9250        0.00000
      29        13.5744        0.00000
      30        15.0143        0.00000
      31        15.3326        0.00000
      32        15.3326        0.00000

 8/28 kpoint (Cartesian) = 0.024712 0.049424 0.0000 (7753 pws)
       1       -95.0599      0.0480000
       2       -95.0589      0.0480000
       3       -95.0588      0.0480000
       4       -95.0587      0.0480000
       5       -56.5132      0.0480000
       6       -56.5132      0.0480000
       7       -56.5129      0.0480000
       8       -56.5092      0.0480000
       9       -56.5088      0.0480000
      10       -56.5083      0.0480000
      11       -56.5082      0.0480000
      12       -56.5081      0.0480000
      13       -56.5080      0.0480000
      14       -56.5058      0.0480000
      15       -56.5050      0.0480000
      16       -56.5047      0.0480000
      17      -0.875333      0.0480000
      18        3.84351      0.0480000
      19        5.36654      0.0480000
      20        6.53282      0.0480000
      21        7.40207      0.0480000
      22        8.55709      0.0480000
      23        9.91199        0.00000
      24        10.0446        0.00000
      25        11.0264        0.00000
      26        11.8780        0.00000
      27        12.5167        0.00000
      28        12.9216        0.00000
      29        13.1414        0.00000
      30        15.5579        0.00000
      31        16.2019        0.00000
      32        16.9142        0.00000

 9/28 kpoint (Cartesian) = 0.024712 0.074137 0.0000 (7748 pws)
       1       -95.0598      0.0480000
       2       -95.0590      0.0480000
       3       -95.0588      0.0480000
       4       -95.0588      0.0480000
       5       -56.5126      0.0480000
       6       -56.5126      0.0480000
       7       -56.5119      0.0480000
       8       -56.5098      0.0480000
       9       -56.5094      0.0480000
      10       -56.5082      0.0480000
      11       -56.5081      0.0480000
      12       -56.5077      0.0480000
      13       -56.5075      0.0480000
      14       -56.5068      0.0480000
      15       -56.5054      0.0480000
      16       -56.5051      0.0480000
      17      -0.476397      0.0480000
      18        2.67935      0.0480000
      19        5.74903      0.0480000
      20        6.90688      0.0480000
      21        7.78474      0.0480000
      22        8.79787    2.26485e-16
      23        8.93429        0.00000
      24        9.90308        0.00000
      25        10.8285        0.00000
      26        11.9065        0.00000
      27        11.9100        0.00000
      28        12.8875        0.00000
      29        13.5032        0.00000
      30        15.8294        0.00000
      31        15.9327        0.00000
      32        16.3089        0.00000

 10/28 kpoint (Cartesian) = 0.024712 0.098849 0.0000 (7728 pws)
       1       -95.0596      0.0480000
       2       -95.0592      0.0480000
       3       -95.0588      0.0480000
       4       -95.0588      0.0480000
       5       -56.5120      0.0480000
       6       -56.5118      0.0480000
       7       -56.5107      0.0480000
       8       -56.5105      0.0480000
       9       -56.5102      0.0480000
      10       -56.5082      0.0480000
      11       -56.5081      0.0480000
      12       -56.5081      0.0480000
      13       -56.5072      0.0480000
      14       -56.5069      0.0480000
      15       -56.5059      0.0480000
      16       -56.5057      0.0480000
      17      0.0804823      0.0480000
      18        1.66097      0.0480000
      19        6.28310      0.0480000
      20        7.43081      0.0480000
      21        7.78700      0.0480000
      22        8.35475      0.0480000
      23        8.92892        0.00000
      24        9.43545        0.00000
      25        9.90169        0.00000
      26        10.9719        0.00000
      27        13.4057        0.00000
      28        13.8270        0.00000
      29        14.0696        0.00000
      30        14.8792        0.00000
      31        15.4038        0.00000
      32        16.4561        0.00000

 11/28 kpoint (Cartesian) = 0.0000 0.024712 0.12356 (7748 pws)
       1       -95.0594      0.0240000
       2       -95.0594      0.0240000
       3       -95.0588      0.0240000
       4       -95.0587      0.0240000
       5       -56.5113      0.0240000
       6       -56.5112      0.0240000
       7       -56.5110      0.0240000
       8       -56.5110      0.0240000
       9       -56.5094      0.0240000
      10       -56.5094      0.0240000
      11       -56.5082      0.0240000
      12       -56.5082      0.0240000
      13       -56.5066      0.0240000
      14       -56.5065      0.0240000
      15       -56.5063      0.0240000
      16       -56.5063      0.0240000
      17       0.793667      0.0240000
      18       0.793670      0.0240000
      19        6.96662      0.0240000
      20        6.96662      0.0240000
      21        8.10479      0.0240000
      22        8.10479      0.0240000
      23        9.02180        0.00000
      24        9.02180        0.00000
      25        10.1642        0.00000
      26        10.1642        0.00000
      27        14.0702        0.00000
      28        14.0702        0.00000
      29        14.6244        0.00000
      30        14.6244        0.00000
      31        15.9840        0.00000
      32        15.9840        0.00000

 12/28 kpoint (Cartesian) = 0.049424 0.0000 0.049424 (7765 pws)
       1       -95.0598      0.0240000
       2       -95.0589      0.0240000
       3       -95.0589      0.0240000
       4       -95.0587      0.0240000
       5       -56.5128      0.0240000
       6       -56.5127      0.0240000
       7       -56.5127      0.0240000
       8       -56.5098      0.0240000
       9       -56.5085      0.0240000
      10       -56.5085      0.0240000
      11       -56.5079      0.0240000
      12       -56.5079      0.0240000
      13       -56.5079      0.0240000
      14       -56.5066      0.0240000
      15       -56.5053      0.0240000
      16       -56.5047      0.0240000
      17      -0.635887      0.0240000
      18        4.07580      0.0240000
      19        4.07581      0.0240000
      20        6.75721      0.0240000
      21        7.62900      0.0240000
      22        8.66984     0.00329309
      23        10.2674        0.00000
      24        10.2674        0.00000
      25        11.2503        0.00000
      26        11.2503        0.00000
      27        12.1011        0.00000
      28        12.1011        0.00000
      29        13.9974        0.00000
      30        15.6319        0.00000
      31        15.6932        0.00000
      32        16.3016        0.00000

 13/28 kpoint (Cartesian) = 0.049424 0.074137 0.0000 (7750 pws)
       1       -95.0597      0.0480000
       2       -95.0590      0.0480000
       3       -95.0588      0.0480000
       4       -95.0588      0.0480000
       5       -56.5124      0.0480000
       6       -56.5122      0.0480000
       7       -56.5120      0.0480000
       8       -56.5104      0.0480000
       9       -56.5091      0.0480000
      10       -56.5081      0.0480000
      11       -56.5078      0.0480000
      12       -56.5077      0.0480000
      13       -56.5076      0.0480000
      14       -56.5074      0.0480000
      15       -56.5057      0.0480000
      16       -56.5050      0.0480000
      17      -0.237580      0.0480000
      18        2.91343      0.0480000
      19        4.46230      0.0480000
      20        7.13133      0.0480000
      21        7.50276      0.0480000
      22        8.05518      0.0480000
      23        10.1274        0.00000
      24        10.6169        0.00000
      25        11.0771        0.00000
      26        11.6233        0.00000
      27        12.0968        0.00000
      28        12.4996        0.00000
      29        13.4934        0.00000
      30        14.5928        0.00000
      31        15.2973        0.00000
      32        16.8834        0.00000

 14/28 kpoint (Cartesian) = 0.049424 0.098849 0.0000 (7710 pws)
       1       -95.0595      0.0480000
       2       -95.0592      0.0480000
       3       -95.0588      0.0480000
       4       -95.0588      0.0480000
       5       -56.5120      0.0480000
       6       -56.5115      0.0480000
       7       -56.5110      0.0480000
       8       -56.5109      0.0480000
       9       -56.5098      0.0480000
      10       -56.5088      0.0480000
      11       -56.5077      0.0480000
      12       -56.5076      0.0480000
      13       -56.5075      0.0480000
      14       -56.5067      0.0480000
      15       -56.5063      0.0480000
      16       -56.5054      0.0480000
      17       0.318438      0.0480000
      18        1.89656      0.0480000
      19        5.00193      0.0480000
      20        6.53236      0.0480000
      21        7.65531      0.0480000
      22        8.57625      0.0479961
      23        9.15343        0.00000
      24        10.0777        0.00000
      25        11.1843        0.00000
      26        12.1451        0.00000
      27        12.6270        0.00000
      28        12.9529        0.00000
      29        13.6316        0.00000
      30        14.1367        0.00000
      31        14.3915        0.00000
      32        18.1540        0.00000

 15/28 kpoint (Cartesian) = 0.0000 0.049424 0.12356 (7728 pws)
       1       -95.0594      0.0240000
       2       -95.0593      0.0240000
       3       -95.0588      0.0240000
       4       -95.0588      0.0240000
       5       -56.5115      0.0240000
       6       -56.5115      0.0240000
       7       -56.5107      0.0240000
       8       -56.5106      0.0240000
       9       -56.5100      0.0240000
      10       -56.5099      0.0240000
      11       -56.5076      0.0240000
      12       -56.5076      0.0240000
      13       -56.5069      0.0240000
      14       -56.5069      0.0240000
      15       -56.5061      0.0240000
      16       -56.5060      0.0240000
      17        1.03054      0.0240000
      18        1.03055      0.0240000
      19        5.69301      0.0240000
      20        5.69301      0.0240000
      21        8.32933      0.0240000
      22        8.32933      0.0240000
      23        9.25896        0.00000
      24        9.25896        0.00000
      25        11.8390        0.00000
      26        11.8390        0.00000
      27        12.8149        0.00000
      28        12.8149        0.00000
      29        13.6078        0.00000
      30        13.6078        0.00000
      31        16.2064        0.00000
      32        16.2064        0.00000

 16/28 kpoint (Cartesian) = 0.074137 0.0000 0.074137 (7719 pws)
       1       -95.0596      0.0240000
       2       -95.0590      0.0240000
       3       -95.0590      0.0240000
       4       -95.0588      0.0240000
       5       -56.5120      0.0240000
       6       -56.5120      0.0240000
       7       -56.5116      0.0240000
       8       -56.5109      0.0240000
       9       -56.5086      0.0240000
      10       -56.5086      0.0240000
      11       -56.5086      0.0240000
      12       -56.5073      0.0240000
      13       -56.5072      0.0240000
      14       -56.5072      0.0240000
      15       -56.5062      0.0240000
      16       -56.5051      0.0240000
      17       0.159694      0.0240000
      18        3.30289      0.0240000
      19        3.30290      0.0240000
      20        6.38326      0.0240000
      21        7.50552      0.0240000
      22        8.42419      0.0240000
      23        10.5013        0.00000
      24        10.5013        0.00000
      25        11.4018        0.00000
      26        11.4018        0.00000
      27        12.5187        0.00000
      28        12.5187        0.00000
      29        13.4835        0.00000
      30        14.2898        0.00000
      31        14.7011        0.00000
      32        16.4359        0.00000

 17/28 kpoint (Cartesian) = 0.074137 0.098849 0.0000 (7718 pws)
       1       -95.0594      0.0480000
       2       -95.0591      0.0480000
       3       -95.0589      0.0480000
       4       -95.0588      0.0480000
       5       -56.5119      0.0480000
       6       -56.5114      0.0480000
       7       -56.5114      0.0480000
       8       -56.5109      0.0480000
       9       -56.5096      0.0480000
      10       -56.5093      0.0480000
      11       -56.5080      0.0480000
      12       -56.5071      0.0480000
      13       -56.5071      0.0480000
      14       -56.5067      0.0480000
      15       -56.5065      0.0480000
      16       -56.5054      0.0480000
      17       0.714296      0.0480000
      18        2.28852      0.0480000
      19        3.84669      0.0480000
      20        5.39020      0.0480000
      21        8.02957      0.0480000
      22        8.95876        0.00000
      23        9.52760        0.00000
      24        10.4611        0.00000
      25        11.0244        0.00000
      26        11.9250        0.00000
      27        12.5167        0.00000
      28        13.0188        0.00000
      29        13.3760        0.00000
      30        14.3606        0.00000
      31        14.4850        0.00000
      32        17.7943        0.00000

 18/28 kpoint (Cartesian) = 0.0000 0.074137 0.12356 (7714 pws)
       1       -95.0593      0.0240000
       2       -95.0592      0.0240000
       3       -95.0589      0.0240000
       4       -95.0589      0.0240000
       5       -56.5117      0.0240000
       6       -56.5117      0.0240000
       7       -56.5106      0.0240000
       8       -56.5106      0.0240000
       9       -56.5102      0.0240000
      10       -56.5101      0.0240000
      11       -56.5074      0.0240000
      12       -56.5074      0.0240000
      13       -56.5070      0.0240000
      14       -56.5070      0.0240000
      15       -56.5059      0.0240000
      16       -56.5059      0.0240000
      17        1.42462      0.0240000
      18        1.42463      0.0240000
      19        4.54324      0.0240000
      20        4.54324      0.0240000
      21        8.70360    5.28377e-05
      22        8.70360    5.28118e-05
      23        9.64075        0.00000
      24        9.64075        0.00000
      25        11.6965        0.00000
      26        11.6965        0.00000
      27        12.5839        0.00000
      28        12.5839        0.00000
      29        13.6517        0.00000
      30        13.6517        0.00000
      31        16.5360        0.00000
      32        16.5360        0.00000

 19/28 kpoint (Cartesian) = 0.098849 0.0000 0.098849 (7744 pws)
       1       -95.0593      0.0240000
       2       -95.0591      0.0240000
       3       -95.0590      0.0240000
       4       -95.0589      0.0240000
       5       -56.5116      0.0240000
       6       -56.5116      0.0240000
       7       -56.5116      0.0240000
       8       -56.5104      0.0240000
       9       -56.5102      0.0240000
      10       -56.5087      0.0240000
      11       -56.5087      0.0240000
      12       -56.5074      0.0240000
      13       -56.5067      0.0240000
      14       -56.5064      0.0240000
      15       -56.5064      0.0240000
      16       -56.5055      0.0240000
      17        1.26695      0.0240000
      18        2.83578      0.0240000
      19        2.83578      0.0240000
      20        4.38940      0.0240000
      21        8.55366      0.0240000
      22        9.49169        0.00000
      23        10.0514        0.00000
      24        10.0514        0.00000
      25        10.9857        0.00000
      26        10.9857        0.00000
      27        11.5467        0.00000
      28        12.4529        0.00000
      29        14.9623        0.00000
      30        14.9623        0.00000
      31        15.6821        0.00000
      32        17.5109        0.00000

 20/28 kpoint (Cartesian) = 0.0000 0.098849 0.12356 (7740 pws)
       1       -95.0592      0.0240000
       2       -95.0592      0.0240000
       3       -95.0590      0.0240000
       4       -95.0589      0.0240000
       5       -56.5117      0.0240000
       6       -56.5117      0.0240000
       7       -56.5111      0.0240000
       8       -56.5111      0.0240000
       9       -56.5095      0.0240000
      10       -56.5095      0.0240000
      11       -56.5081      0.0240000
      12       -56.5080      0.0240000
      13       -56.5065      0.0240000
      14       -56.5065      0.0240000
      15       -56.5059      0.0240000
      16       -56.5059      0.0240000
      17        1.97483      0.0240000
      18        1.97483      0.0240000
      19        3.53680      0.0240000
      20        3.53680      0.0240000
      21        9.22763        0.00000
      22        9.22764        0.00000
      23        10.1699        0.00000
      24        10.1699        0.00000
      25        10.7246        0.00000
      26        10.7246        0.00000
      27        11.6518        0.00000
      28        11.6518        0.00000
      29        15.5097        0.00000
      30        15.5097        0.00000
      31        16.9233        0.00000
      32        16.9233        0.00000

 21/28 kpoint (Cartesian) = 0.0000 0.12356 0.12356 (7788 pws)
       1       -95.0592     0.00600000
       2       -95.0591     0.00600000
       3       -95.0591     0.00600000
       4       -95.0590     0.00600000
       5       -56.5115     0.00600000
       6       -56.5115     0.00600000
       7       -56.5115     0.00600000
       8       -56.5115     0.00600000
       9       -56.5088     0.00600000
      10       -56.5088     0.00600000
      11       -56.5088     0.00600000
      12       -56.5087     0.00600000
      13       -56.5061     0.00600000
      14       -56.5061     0.00600000
      15       -56.5060     0.00600000
      16       -56.5060     0.00600000
      17        2.67960     0.00600000
      18        2.67960     0.00600000
      19        2.67961     0.00600000
      20        2.67961     0.00600000
      21        9.90137        0.00000
      22        9.90137        0.00000
      23        9.90138        0.00000
      24        9.90138        0.00000
      25        10.8426        0.00000
      26        10.8426        0.00000
      27        10.8426        0.00000
      28        10.8426        0.00000
      29        16.9295        0.00000
      30        16.9295        0.00000
      31        16.9296        0.00000
      32        16.9296        0.00000

 22/28 kpoint (Cartesian) = -0.024712 0.024712 0.024712 (7760 pws)
       1       -95.0600      0.0160000
       2       -95.0588      0.0160000
       3       -95.0588      0.0160000
       4       -95.0587      0.0160000
       5       -56.5134      0.0160000
       6       -56.5134      0.0160000
       7       -56.5134      0.0160000
       8       -56.5087      0.0160000
       9       -56.5086      0.0160000
      10       -56.5086      0.0160000
      11       -56.5082      0.0160000
      12       -56.5082      0.0160000
      13       -56.5081      0.0160000
      14       -56.5054      0.0160000
      15       -56.5046      0.0160000
      16       -56.5046      0.0160000
      17       -1.03518      0.0160000
      18        5.21330      0.0160000
      19        5.21331      0.0160000
      20        5.21331      0.0160000
      21        8.40506      0.0160000
      22        8.40506      0.0160000
      23        8.40506      0.0160000
      24        11.2261        0.00000
      25        11.2261        0.00000
      26        11.2261        0.00000
      27        13.6450        0.00000
      28        13.6450        0.00000
      29        13.6450        0.00000
      30        15.0910        0.00000
      31        15.0910        0.00000
      32        15.0910        0.00000

 23/28 kpoint (Cartesian) = 0.024712 0.024712 0.049424 (7747 pws)
       1       -95.0599      0.0480000
       2       -95.0589      0.0480000
       3       -95.0588      0.0480000
       4       -95.0587      0.0480000
       5       -56.5131      0.0480000
       6       -56.5131      0.0480000
       7       -56.5128      0.0480000
       8       -56.5091      0.0480000
       9       -56.5091      0.0480000
      10       -56.5083      0.0480000
      11       -56.5081      0.0480000
      12       -56.5081      0.0480000
      13       -56.5079      0.0480000
      14       -56.5062      0.0480000
      15       -56.5049      0.0480000
      16       -56.5048      0.0480000
      17      -0.795483      0.0480000
      18        3.92096      0.0480000
      19        5.44300      0.0480000
      20        5.44301      0.0480000
      21        8.63157      0.0391131
      22        8.63157      0.0391121
      23        9.98824        0.00000
      24        9.98824        0.00000
      25        10.1185        0.00000
      26        11.4509        0.00000
      27        12.9944        0.00000
      28        12.9944        0.00000
      29        13.8568        0.00000
      30        15.3209        0.00000
      31        15.8308        0.00000
      32        16.2763        0.00000

 24/28 kpoint (Cartesian) = 0.024712 0.074137 0.024712 (7754 pws)
       1       -95.0598      0.0480000
       2       -95.0590      0.0480000
       3       -95.0588      0.0480000
       4       -95.0588      0.0480000
       5       -56.5126      0.0480000
       6       -56.5126      0.0480000
       7       -56.5120      0.0480000
       8       -56.5096      0.0480000
       9       -56.5096      0.0480000
      10       -56.5080      0.0480000
      11       -56.5080      0.0480000
      12       -56.5078      0.0480000
      13       -56.5075      0.0480000
      14       -56.5072      0.0480000
      15       -56.5053      0.0480000
      16       -56.5052      0.0480000
      17      -0.396759      0.0480000
      18        2.75740      0.0480000
      19        5.82511      0.0480000
      20        5.82512      0.0480000
      21        8.83238        0.00000
      22        8.83239        0.00000
      23        9.04744        0.00000
      24        9.04744        0.00000
      25        11.7958        0.00000
      26        11.9844        0.00000
      27        11.9844        0.00000
      28        12.0081        0.00000
      29        14.2097        0.00000
      30        14.7550        0.00000
      31        15.7029        0.00000
      32        17.0262        0.00000

 25/28 kpoint (Cartesian) = 0.024712 0.098849 0.024712 (7733 pws)
       1       -95.0596      0.0480000
       2       -95.0592      0.0480000
       3       -95.0588      0.0480000
       4       -95.0588      0.0480000
       5       -56.5120      0.0480000
       6       -56.5120      0.0480000
       7       -56.5109      0.0480000
       8       -56.5102      0.0480000
       9       -56.5102      0.0480000
      10       -56.5084      0.0480000
      11       -56.5080      0.0480000
      12       -56.5080      0.0480000
      13       -56.5071      0.0480000
      14       -56.5070      0.0480000
      15       -56.5058      0.0480000
      16       -56.5057      0.0480000
      17       0.159831      0.0480000
      18        1.73953      0.0480000
      19        6.35794      0.0480000
      20        6.35795      0.0480000
      21        7.88217      0.0480000
      22        7.88217      0.0480000
      23        9.54565        0.00000
      24        9.54565        0.00000
      25        11.0486        0.00000
      26        11.0486        0.00000
      27        12.3350        0.00000
      28        13.8086        0.00000
      29        13.9691        0.00000
      30        14.7037        0.00000
      31        16.1131        0.00000
      32        16.2375        0.00000

 26/28 kpoint (Cartesian) = 0.024712 0.12356 0.024712 (7736 pws)
       1       -95.0594      0.0240000
       2       -95.0594      0.0240000
       3       -95.0588      0.0240000
       4       -95.0588      0.0240000
       5       -56.5116      0.0240000
       6       -56.5116      0.0240000
       7       -56.5106      0.0240000
       8       -56.5106      0.0240000
       9       -56.5097      0.0240000
      10       -56.5097      0.0240000
      11       -56.5080      0.0240000
      12       -56.5080      0.0240000
      13       -56.5064      0.0240000
      14       -56.5064      0.0240000
      15       -56.5064      0.0240000
      16       -56.5064      0.0240000
      17       0.872648      0.0240000
      18       0.872662      0.0240000
      19        6.97532      0.0240000
      20        6.97533      0.0240000
      21        7.11695      0.0240000
      22        7.11697      0.0240000
      23        10.1249        0.00000
      24        10.1249        0.00000
      25        10.3289        0.00000
      26        10.3289        0.00000
      27        13.0007        0.00000
      28        13.0007        0.00000
      29        15.3384        0.00000
      30        15.3384        0.00000
      31        16.0073        0.00000
      32        16.0073        0.00000

 27/28 kpoint (Cartesian) = 0.049424 0.024712 0.049424 (7732 pws)
       1       -95.0598      0.0480000
       2       -95.0589      0.0480000
       3       -95.0589      0.0480000
       4       -95.0588      0.0480000
       5       -56.5128      0.0480000
       6       -56.5127      0.0480000
       7       -56.5127      0.0480000
       8       -56.5095      0.0480000
       9       -56.5087      0.0480000
      10       -56.5086      0.0480000
      11       -56.5078      0.0480000
      12       -56.5078      0.0480000
      13       -56.5078      0.0480000
      14       -56.5070      0.0480000
      15       -56.5051      0.0480000
      16       -56.5048      0.0480000
      17      -0.556167      0.0480000
      18        4.15310      0.0480000
      19        4.15310      0.0480000
      20        5.67210      0.0480000
      21        8.69523    0.000379956
      22        8.90493        0.00000
      23        10.1810        0.00000
      24        10.1810        0.00000
      25        10.3749        0.00000
      26        10.3749        0.00000
      27        13.2129        0.00000
      28        13.2129        0.00000
      29        14.0680        0.00000
      30        14.6315        0.00000
      31        15.7078        0.00000
      32        16.4989        0.00000

 28/28 kpoint (Cartesian) = 0.049424 0.074137 0.024712 (7728 pws)
       1       -95.0597      0.0960000
       2       -95.0590      0.0960000
       3       -95.0588      0.0960000
       4       -95.0588      0.0960000
       5       -56.5125      0.0960000
       6       -56.5124      0.0960000
       7       -56.5121      0.0960000
       8       -56.5100      0.0960000
       9       -56.5091      0.0960000
      10       -56.5080      0.0960000
      11       -56.5080      0.0960000
      12       -56.5077      0.0960000
      13       -56.5076      0.0960000
      14       -56.5073      0.0960000
      15       -56.5055      0.0960000
      16       -56.5051      0.0960000
      17      -0.158072      0.0960000
      18        2.99134      0.0960000
      19        4.53929      0.0960000
      20        6.05230      0.0960000
      21        7.60407      0.0960000
      22        9.08777        0.00000
      23        9.24886        0.00000
      24        10.5806        0.00000
      25        10.7212        0.00000
      26        12.2065        0.00000
      27        12.2087        0.00000
      28        13.5441        0.00000
      29        13.5659        0.00000
      30        13.5783        0.00000
      31        16.4007        0.00000
      32        16.8682        0.00000



------------------------------------------------------------------------------------------
TOTAL-FORCE (eV/Angstrom)                                                               
------------------------------------------------------------------------------------------
Al1                               0.0000000000         0.0000000000         0.0000000000
Al2                               0.0000000000         0.0000000000         0.0000000000
Al3                               0.0000000000         0.0000000000         0.0000000000
Al4                               0.0000000000         0.0000000000         0.0000000000
------------------------------------------------------------------------------------------
----------------------------------------------------------------
TOTAL-STRESS (KBAR)                                           
----------------------------------------------------------------
      -90.5847621837         0.0000000000         0.0000000000
        0.0000000000       -90.5847621837        -0.0000000000
        0.0000000000        -0.0000000000       -90.5847621837
----------------------------------------------------------------
 TOTAL-PRESSURE: -90.584762 KBAR


 Largest gradient in stress is 0.000000

 Threshold is = 0.100000

 Relaxation is converged!


 --------------------------------------------
 !FINAL_ETOT_IS -7532.3146272072699503 eV
 --------------------------------------------


TIME STATISTICS
-------------------------------------------------------------------------------------
     CLASS_NAME                 NAME             TIME(Sec)  CALLS   AVG(Sec) PER(%)
-------------------------------------------------------------------------------------
                     total                        24.71          17   1.45   100.00
Driver               reading                       0.32           1   0.32     1.28
Input                Init                          0.01           1   0.01     0.03
Input_Conv           Convert                       0.30           1   0.30     1.20
Driver               driver_line                  24.40           1  24.40    98.72
UnitCell             check_tau                     0.00           1   0.00     0.00
PW_Basis_Sup         setuptransform                0.01           1   0.01     0.06
PW_Basis_Sup         distributeg                   0.00           1   0.00     0.00
mymath               heapsort                      0.01         453   0.00     0.03
Symmetry             analy_sys                     0.00           1   0.00     0.00
PW_Basis_K           setuptransform                0.07           1   0.07     0.30
PW_Basis_K           distributeg                   0.00           1   0.00     0.00
PW_Basis             setup_struc_factor            0.01           1   0.01     0.02
ppcell_vnl           init                          0.00           1   0.00     0.01
ppcell_vl            init_vloc                     0.00           1   0.00     0.01
ppcell_vnl           init_vnl                      0.04           1   0.04     0.15
WF_atomic            init_at_1                     0.00           1   0.00     0.00
wavefunc             wfcinit                       0.00           1   0.00     0.01
Ions                 opt_ions                     22.32           1  22.32    90.33
ESolver_KS_PW        run                          21.32           1  21.32    86.26
H_Ewald_pw           compute_ewald                 0.00           1   0.00     0.00
Charge               set_rho_core                  0.00           1   0.00     0.00
Charge               atomic_rho                    0.02           2   0.01     0.07
PW_Basis_Sup         recip2real                    0.22          96   0.00     0.88
PW_Basis_Sup         gathers_scatterp              0.02          96   0.00     0.10
Potential            init_pot                      0.06           1   0.06     0.24
Potential            update_from_charge            0.75          13   0.06     3.05
Potential            cal_fixed_v                   0.00           1   0.00     0.01
PotLocal             cal_fixed_v                   0.00           1   0.00     0.01
Potential            cal_v_eff                     0.74          13   0.06     3.01
H_Hartree_pw         v_hartree                     0.08          13   0.01     0.31
PW_Basis_Sup         real2recip                    0.26         124   0.00     1.07
PW_Basis_Sup         gatherp_scatters              0.02         124   0.00     0.08
PotXC                cal_v_eff                     0.66          13   0.05     2.68
XC_Functional        v_xc                          0.66          13   0.05     2.67
Potential            interpolate_vrs               0.00          13   0.00     0.01
Symmetry             rhog_symmetry                 0.13          14   0.01     0.54
Symmetry             group fft grids               0.03          14   0.00     0.11
Charge_Mixing        init_mixing                   0.00           1   0.00     0.00
ESolver_KS_PW        hamilt2density               20.12          13   1.55    81.42
HSolverPW            solve                        19.90          13   1.53    80.52
Nonlocal             getvnl                        0.19         364   0.00     0.76
pp_cell_vnl          getvnl                        0.22         420   0.00     0.87
Structure_Factor     get_sk                        0.09         980   0.00     0.38
WF_atomic            atomic_wfc                    0.02          28   0.00     0.07
DiagoIterAssist      diagH_subspace_init           0.43          28   0.02     1.74
Operator             hPsi                          7.60       39461   0.00    30.77
Operator             EkineticPW                    0.46       39461   0.00     1.86
Operator             VeffPW                        6.15       39461   0.00    24.90
PW_Basis_K           recip_to_real gpu             3.66       61525   0.00    14.83
PW_Basis_K           real_to_recip gpu             2.82       49877   0.00    11.40
Operator             NonlocalPW                    0.96       39461   0.00     3.90
Nonlocal             add_nonlocal_pp               0.57       39461   0.00     2.32
DiagoIterAssist      diagH_LAPACK                  0.65         336   0.00     2.64
DiagoCG              diag_once                    11.72         364   0.03    47.42
DiagoCG_New          spsi_func                     0.28       78250   0.00     1.12
DiagoCG_New          hpsi_func                     6.30       39125   0.00    25.51
ElecStatePW          psiToRho                      0.84          13   0.06     3.41
Charge               rho_mpi                       0.01          13   0.00     0.03
Charge               reduce_diff_pools             0.01          13   0.00     0.03
Charge_Mixing        get_drho                      0.06          13   0.00     0.24
Charge_Mixing        inner_product_recip_rho       0.00          13   0.00     0.01
Charge               mix_rho                       0.07          11   0.01     0.30
Charge               Pulay_mixing                  0.01          11   0.00     0.05
Charge_Mixing        inner_product_recip_hartree   0.01          60   0.00     0.05
DiagoIterAssist      diagH_subspace                2.54         308   0.01    10.27
Forces               cal_force_loc                 0.01           1   0.01     0.03
Forces               cal_force_ew                  0.01           1   0.01     0.02
Forces               cal_force_nl                  0.10           1   0.10     0.39
Forces               cal_force_cc                  0.00           1   0.00     0.00
Forces               cal_force_scc                 0.03           1   0.03     0.11
Stress_PW            cal_stress                    0.87           1   0.87     3.52
Stress_Func          stress_kin                    0.06           1   0.06     0.24
Stress_Func          stress_har                    0.00           1   0.00     0.01
Stress_Func          stress_ewa                    0.00           1   0.00     0.02
Stress_Func          stress_gga                    0.03           1   0.03     0.11
Stress_Func          stress_loc                    0.01           1   0.01     0.04
Stress_Func          stress_cc                     0.00           1   0.00     0.00
Stress_Func          stress_nl                     0.76           1   0.76     3.09
ModuleIO             write_istate_info             0.00           1   0.00     0.01
-------------------------------------------------------------------------------------

 NAME-------------------------|MEMORY(MB)--------
                         total       255.8132
                        Psi_PW       212.8984
                  PW_B_K::gcar         9.9796
                     FFT::grid         7.6294
                      VNL::vkb         3.8018
                   PW_B_K::gk2         3.3265
                      Chg::rho         1.9073
                 Chg::rho_save         1.9073
                 Chg::rho_core         1.9073
                 Pot::veff_fix         1.9073
                     Pot::veff         1.9073
              Pot::veff_smooth         1.9073
                  SF::strucFac         1.8949
               PW_B_K::ig2ixyz         1.6633
 -------------   < 1.0 MB has been ignored ----------------
 ----------------------------------------------------------

 Start  Time  : Thu May 23 17:27:03 2024
 Finish Time  : Thu May 23 17:27:28 2024
 Total  Time  : 0 h 0 mins 25 secs 
