                                                                                     
                              ABACUS v3.6.3

               Atomic-orbital Based Ab-initio Computation at UStc                    

                     Website: http://abacus.ustc.edu.cn/                             
               Documentation: https://abacus.deepmodeling.com/                       
                  Repository: https://github.com/abacusmodeling/abacus-develop       
                              https://github.com/deepmodeling/abacus-develop         
                      Commit: f9124675f (Wed May 22 09:49:08 2024 +0800)

    Start Time is Thu May 23 17:23:20 2024
                                                                                     
 ------------------------------------------------------------------------------------

 READING GENERAL INFORMATION
                           global_out_dir = OUT.ABACUS/
                           global_in_card = INPUT
                               pseudo_dir = 
                              orbital_dir = 
                                    DRANK = 1
                                    DSIZE = 2
                                   DCOLOR = 1
                                    GRANK = 1
                                    GSIZE = 1
 The esolver type has been set to : ksdft_pw

 RUNNING WITH DEVICE  : GPU / NVIDIA GeForce RTX 4090




 >>>>>>>>>>>>>>>>>>>>>>>>>>>>>>>>>>>>>>>>>>>>>>>>>>>>>>>>>>>>>>>>>>>>>>
 |                                                                    |
 | Reading atom information in unitcell:                              |
 | From the input file and the structure file we know the number of   |
 | different elments in this unitcell, then we list the detail        |
 | information for each element, especially the zeta and polar atomic |
 | orbital number for each element. The total atom number is counted. |
 | We calculate the nearest atom distance for each atom and show the  |
 | Cartesian and Direct coordinates for each atom. We list the file   |
 | address for atomic orbitals. The volume and the lattice vectors    |
 | in real and reciprocal space is also shown.                        |
 |                                                                    |
 <<<<<<<<<<<<<<<<<<<<<<<<<<<<<<<<<<<<<<<<<<<<<<<<<<<<<<<<<<<<<<<<<<<<<<




 READING UNITCELL INFORMATION
                                    ntype = 1
                  lattice constant (Bohr) = 1.79008
              lattice constant (Angstrom) = 0.947268

 READING ATOM TYPE 1
                               atom label = Al
                      L=0, number of zeta = 1
                      L=1, number of zeta = 1
                      L=2, number of zeta = 1
             number of atom for this type = 4

                        TOTAL ATOM NUMBER = 4
DIRECT COORDINATES
   atom           x                y                z           mag          vx               vy               vz       
taud_Al1       0.0000000000     0.0000000000     0.0000000000 +0.0000     0.0000000000     0.0000000000     0.0000000000
taud_Al2       0.0000000000     0.5000000000     0.5000000000 +0.0000     0.0000000000     0.0000000000     0.0000000000
taud_Al3       0.5000000000     0.0000000000     0.5000000000 +0.0000     0.0000000000     0.0000000000     0.0000000000
taud_Al4       0.5000000000     0.5000000000     0.0000000000 +0.0000     0.0000000000     0.0000000000     0.0000000000


                          Volume (Bohr^3) = 380.085
                             Volume (A^3) = 56.3228

 Lattice vectors: (Cartesian coordinate: in unit of a_0)
             +4.04658                  -0                  +0
                   -0            +4.04658                  -0
                   +0                  -0            +4.04658
 Reciprocal vectors: (Cartesian coordinate: in unit of 2 pi/a_0)
            +0.247122                  -0                  +0
                   -0           +0.247122                  -0
                   +0                  -0           +0.247122




 >>>>>>>>>>>>>>>>>>>>>>>>>>>>>>>>>>>>>>>>>>>>>>>>>>>>>>>>>>>>>>>>>>>>>>
 |                                                                    |
 | Reading pseudopotentials files:                                    |
 | The pseudopotential file is in UPF format. The 'NC' indicates that |
 | the type of pseudopotential is 'norm conserving'. Functional of    |
 | exchange and correlation is decided by 4 given parameters in UPF   |
 | file.  We also read in the 'core correction' if there exists.      |
 | Also we can read the valence electrons number and the maximal      |
 | angular momentum used in this pseudopotential. We also read in the |
 | trail wave function, trail atomic density and local-pseudopotential|
 | on logrithmic grid. The non-local pseudopotential projector is also|
 | read in if there is any.                                           |
 |                                                                    |
 <<<<<<<<<<<<<<<<<<<<<<<<<<<<<<<<<<<<<<<<<<<<<<<<<<<<<<<<<<<<<<<<<<<<<<




                PAO radial cut off (Bohr) = 15

 Read in pseudopotential file is pp_orb/Al_ONCV_PBE-1.0.upf
                     pseudopotential type = NC
          exchange-correlation functional = PBE
                 nonlocal core correction = 0
                        valence electrons = 11
                                     lmax = 1
                           number of zeta = 0
                     number of projectors = 4
                           L of projector = 0
                           L of projector = 0
                           L of projector = 1
                           L of projector = 1
     initial pseudo atomic orbital number = 0
                                   NLOCAL = 36

%%%%%%%%%%%%%%%%%%%%%%%%%%%%%%%%%%%%%%%%%%%%%%%%%%%%%%%%%%%%%%%%%%%%%%%%%%%%%%%%%%%%%%%%%%%%%%%%%%%%%%%%%%
 Warning: the number of valence electrons in pseudopotential > 3 for Al: [Ne] 3s2 3p1
 Pseudopotentials with additional electrons can yield (more) accurate outcomes, but may be less efficient.
 If you're confident that your chosen pseudopotential is appropriate, you can safely ignore this warning.
%%%%%%%%%%%%%%%%%%%%%%%%%%%%%%%%%%%%%%%%%%%%%%%%%%%%%%%%%%%%%%%%%%%%%%%%%%%%%%%%%%%%%%%%%%%%%%%%%%%%%%%%%%
                  




 >>>>>>>>>>>>>>>>>>>>>>>>>>>>>>>>>>>>>>>>>>>>>>>>>>>>>>>>>>>>>>>>>>>>>>
 |                                                                    |
 | Setup plane waves of charge/potential:                             |
 | Use the energy cutoff and the lattice vectors to generate the      |
 | dimensions of FFT grid. The number of FFT grid on each processor   |
 | is 'nrxx'. The number of plane wave basis in reciprocal space is   |
 | different for charege/potential and wave functions. We also set    |
 | the 'sticks' for the parallel of FFT. The number of plane waves    |
 | is 'npw' in each processor.                                        |
 <<<<<<<<<<<<<<<<<<<<<<<<<<<<<<<<<<<<<<<<<<<<<<<<<<<<<<<<<<<<<<<<<<<<<<





 SETUP THE PLANE WAVE BASIS
 energy cutoff for charge/potential (unit:Ry) = 360
            fft grid for charge/potential = [ 45, 45, 45 ]
                        fft grid division = [ 1, 1, 1 ]
        big fft grid for charge/potential = [ 45, 45, 45 ]
                                     nbxx = 91125
                                     nrxx = 91125

 SETUP PLANE WAVES FOR CHARGE/POTENTIAL
                    number of plane waves = 43819
                         number of sticks = 1489

 PARALLEL PW FOR CHARGE/POTENTIAL
     PROC   COLUMNS(POT)             PW
        1           1489          43819
 --------------- sum -------------------
        1           1489          43819
                            number of |g| = 401
                                  max |g| = 29.1911
                                  min |g| = 0

----------- Double Check Mixing Parameters Begin ------------
mixing_type: pulay
mixing_beta: 0.3
mixing_gg0: 1
mixing_gg0_min: 0.1
mixing_ndim: 8
----------- Double Check Mixing Parameters End ------------

 SETUP THE ELECTRONS NUMBER
            electron number of element Al = 11
      total electron number of element Al = 44
            AUTOSET number of electrons:  = 44
 DONE : SETUP UNITCELL Time : 1.91315 (SEC)





 >>>>>>>>>>>>>>>>>>>>>>>>>>>>>>>>>>>>>>>>>>>>>>>>>>>>>>>>>>>>>>>>>>>>>>
 |                                                                    |
 | Doing symmetry analysis:                                           |
 | We calculate the norm of 3 vectors and the angles between them,    |
 | the type of Bravais lattice is given. We can judge if the unticell |
 | is a primitive cell. Finally we give the point group operation for |
 | this unitcell. We use the point group operations to do symmetry |
 | analysis on given k-point mesh and the charge density.             |
 |                                                                    |
 <<<<<<<<<<<<<<<<<<<<<<<<<<<<<<<<<<<<<<<<<<<<<<<<<<<<<<<<<<<<<<<<<<<<<<




 LATTICE VECTORS: (CARTESIAN COORDINATE: IN UNIT OF A0)
             +4.04658                  -0                  +0
                   -0            +4.04658                  -0
                   +0                  -0            +4.04658
                       right hand lattice = 1
                                   NORM_A = 4.04658
                                   NORM_B = 4.04658
                                   NORM_C = 4.04658
                           ALPHA (DEGREE) = 90
                           BETA  (DEGREE) = 90
                           GAMMA (DEGREE) = 90

 The lattice vectors have been changed (STRU_SIMPLE.cif)

(for optimal symmetric configuration:)
                             BRAVAIS TYPE = 1
                     BRAVAIS LATTICE NAME = 01. Cubic P (simple)
                                    ibrav = 1
                                    IBRAV = 1
                                  BRAVAIS = SIMPLE CUBIC
                       LATTICE CONSTANT A = 4.04658
                       right hand lattice = 1
(for primitive cell:)
                                    IBRAV = 3
                                  BRAVAIS = FACE CENTERED CUBIC
                       LATTICE CONSTANT A = 4.04658
optimized lattice volume: 66.2622
optimized primitive cell volume: 16.5655
Original cell was built up by 4 primitive cells.
                        ROTATION MATRICES = 48
              PURE POINT GROUP OPERATIONS = 48
                   SPACE GROUP OPERATIONS = 48
                              POINT GROUP = O_h
               POINT GROUP IN SPACE GROUP = O_h
 DONE : SYMMETRY Time : 1.96557 (SEC)





 >>>>>>>>>>>>>>>>>>>>>>>>>>>>>>>>>>>>>>>>>>>>>>>>>>>>>>>>>>>>>>>>>>>>>>
 |                                                                    |
 | Setup K-points                                                     |
 | We setup the k-points according to input parameters.               |
 | The reduced k-points are set according to symmetry operations.     |
 | We treat the spin as another set of k-points.                      |
 |                                                                    |
 <<<<<<<<<<<<<<<<<<<<<<<<<<<<<<<<<<<<<<<<<<<<<<<<<<<<<<<<<<<<<<<<<<<<<<





 SETUP K-POINTS
                                    nspin = 1
                   Input type of k points = Monkhorst-Pack(Gamma)
                                   nkstot = 1331
                       right hand lattice = 1
(for reciprocal lattice: )
                             BRAVAIS TYPE = 1
                     BRAVAIS LATTICE NAME = 01. Cubic P (simple)
                                    ibrav = 1
                       right hand lattice = 1
(for k-lattice: )
                             BRAVAIS TYPE = 1
                     BRAVAIS LATTICE NAME = 01. Cubic P (simple)
                                    ibrav = 1
                       right hand lattice = 1
                        ROTATION MATRICES = 48
                               nkstot_ibz = 56
K-POINTS REDUCTION ACCORDING TO SYMMETRY
     IBZ     DIRECT_X     DIRECT_Y     DIRECT_Z WEIGHT ibz2bz
       1   0.00000000   0.00000000   0.00000000 0.0008 0     
       2   0.00000000   0.09090909   0.00000000 0.0045 1     
       3   0.00000000   0.18181818   0.00000000 0.0045 2     
       4   0.00000000   0.27272727   0.00000000 0.0045 3     
       5   0.00000000   0.36363636   0.00000000 0.0045 4     
       6   0.00000000   0.45454545   0.00000000 0.0045 5     
       7   0.09090909   0.00000000   0.09090909 0.0090 12    
       8   0.09090909   0.18181818   0.00000000 0.0180 13    
       9   0.09090909   0.27272727   0.00000000 0.0180 14    
      10   0.09090909   0.36363636   0.00000000 0.0180 15    
      11   0.09090909   0.45454545   0.00000000 0.0180 16    
      12   0.18181818   0.00000000   0.18181818 0.0090 24    
      13   0.18181818   0.27272727   0.00000000 0.0180 25    
      14   0.18181818   0.36363636   0.00000000 0.0180 26    
      15   0.18181818   0.45454545   0.00000000 0.0180 27    
      16   0.27272727   0.00000000   0.27272727 0.0090 36    
      17   0.27272727   0.36363636   0.00000000 0.0180 37    
      18   0.27272727   0.45454545   0.00000000 0.0180 38    
      19   0.36363636   0.00000000   0.36363636 0.0090 48    
      20   0.36363636   0.45454545   0.00000000 0.0180 49    
      21   0.45454545   0.00000000   0.45454545 0.0090 60    
      22  -0.09090909   0.09090909   0.09090909 0.0060 133   
      23   0.09090909   0.18181818   0.09090909 0.0180 134   
      24   0.09090909   0.09090909   0.27272727 0.0180 135   
      25   0.09090909   0.36363636   0.09090909 0.0180 136   
      26   0.09090909   0.45454545   0.09090909 0.0180 137   
      27   0.18181818   0.09090909   0.18181818 0.0180 145   
      28   0.18181818   0.27272727   0.09090909 0.0361 146   
      29   0.18181818   0.36363636   0.09090909 0.0361 147   
      30   0.18181818   0.45454545   0.09090909 0.0361 148   
      31   0.27272727   0.09090909   0.27272727 0.0180 157   
      32   0.27272727   0.36363636   0.09090909 0.0361 158   
      33   0.27272727   0.45454545   0.09090909 0.0361 159   
      34   0.36363636   0.09090909   0.36363636 0.0180 169   
      35   0.36363636   0.45454545   0.09090909 0.0361 170   
      36   0.45454545   0.09090909   0.45454545 0.0180 181   
      37  -0.18181818   0.18181818   0.18181818 0.0060 266   
      38   0.18181818   0.27272727   0.18181818 0.0180 267   
      39   0.18181818   0.36363636   0.18181818 0.0180 268   
      40   0.18181818   0.45454545   0.18181818 0.0180 269   
      41   0.27272727   0.18181818   0.27272727 0.0180 278   
      42   0.27272727   0.36363636   0.18181818 0.0361 279   
      43   0.27272727   0.45454545   0.18181818 0.0361 280   
      44   0.36363636   0.18181818   0.36363636 0.0180 290   
      45   0.36363636   0.45454545   0.18181818 0.0361 291   
      46   0.45454545   0.18181818   0.45454545 0.0180 302   
      47  -0.27272727   0.27272727   0.27272727 0.0060 399   
      48   0.27272727   0.36363636   0.27272727 0.0180 400   
      49   0.27272727   0.45454545   0.27272727 0.0180 401   
      50   0.36363636   0.27272727   0.36363636 0.0180 411   
      51   0.36363636   0.45454545   0.27272727 0.0361 412   
      52   0.45454545   0.27272727   0.45454545 0.0180 423   
      53  -0.36363636   0.36363636   0.36363636 0.0060 532   
      54   0.36363636   0.45454545   0.36363636 0.0180 533   
      55   0.45454545   0.36363636   0.45454545 0.0180 544   
      56  -0.45454545   0.45454545   0.45454545 0.0060 665   
                               nkstot now = 56
K-POINTS DIRECT COORDINATES
 KPOINTS     DIRECT_X     DIRECT_Y     DIRECT_Z WEIGHT
       1   0.00000000   0.00000000   0.00000000 0.0008
       2   0.00000000   0.09090909   0.00000000 0.0045
       3   0.00000000   0.18181818   0.00000000 0.0045
       4   0.00000000   0.27272727   0.00000000 0.0045
       5   0.00000000   0.36363636   0.00000000 0.0045
       6   0.00000000   0.45454545   0.00000000 0.0045
       7   0.09090909   0.00000000   0.09090909 0.0090
       8   0.09090909   0.18181818   0.00000000 0.0180
       9   0.09090909   0.27272727   0.00000000 0.0180
      10   0.09090909   0.36363636   0.00000000 0.0180
      11   0.09090909   0.45454545   0.00000000 0.0180
      12   0.18181818   0.00000000   0.18181818 0.0090
      13   0.18181818   0.27272727   0.00000000 0.0180
      14   0.18181818   0.36363636   0.00000000 0.0180
      15   0.18181818   0.45454545   0.00000000 0.0180
      16   0.27272727   0.00000000   0.27272727 0.0090
      17   0.27272727   0.36363636   0.00000000 0.0180
      18   0.27272727   0.45454545   0.00000000 0.0180
      19   0.36363636   0.00000000   0.36363636 0.0090
      20   0.36363636   0.45454545   0.00000000 0.0180
      21   0.45454545   0.00000000   0.45454545 0.0090
      22  -0.09090909   0.09090909   0.09090909 0.0060
      23   0.09090909   0.18181818   0.09090909 0.0180
      24   0.09090909   0.09090909   0.27272727 0.0180
      25   0.09090909   0.36363636   0.09090909 0.0180
      26   0.09090909   0.45454545   0.09090909 0.0180
      27   0.18181818   0.09090909   0.18181818 0.0180
      28   0.18181818   0.27272727   0.09090909 0.0361
      29   0.18181818   0.36363636   0.09090909 0.0361
      30   0.18181818   0.45454545   0.09090909 0.0361
      31   0.27272727   0.09090909   0.27272727 0.0180
      32   0.27272727   0.36363636   0.09090909 0.0361
      33   0.27272727   0.45454545   0.09090909 0.0361
      34   0.36363636   0.09090909   0.36363636 0.0180
      35   0.36363636   0.45454545   0.09090909 0.0361
      36   0.45454545   0.09090909   0.45454545 0.0180
      37  -0.18181818   0.18181818   0.18181818 0.0060
      38   0.18181818   0.27272727   0.18181818 0.0180
      39   0.18181818   0.36363636   0.18181818 0.0180
      40   0.18181818   0.45454545   0.18181818 0.0180
      41   0.27272727   0.18181818   0.27272727 0.0180
      42   0.27272727   0.36363636   0.18181818 0.0361
      43   0.27272727   0.45454545   0.18181818 0.0361
      44   0.36363636   0.18181818   0.36363636 0.0180
      45   0.36363636   0.45454545   0.18181818 0.0361
      46   0.45454545   0.18181818   0.45454545 0.0180
      47  -0.27272727   0.27272727   0.27272727 0.0060
      48   0.27272727   0.36363636   0.27272727 0.0180
      49   0.27272727   0.45454545   0.27272727 0.0180
      50   0.36363636   0.27272727   0.36363636 0.0180
      51   0.36363636   0.45454545   0.27272727 0.0361
      52   0.45454545   0.27272727   0.45454545 0.0180
      53  -0.36363636   0.36363636   0.36363636 0.0060
      54   0.36363636   0.45454545   0.36363636 0.0180
      55   0.45454545   0.36363636   0.45454545 0.0180
      56  -0.45454545   0.45454545   0.45454545 0.0060

           k-point number in this process = 28
       minimum distributed K point number = 28

K-POINTS CARTESIAN COORDINATES
 KPOINTS  CARTESIAN_X  CARTESIAN_Y  CARTESIAN_Z WEIGHT
       1   0.00000000   0.00000000   0.00000000 0.0015
       2   0.00000000   0.02246564   0.00000000 0.0090
       3   0.00000000   0.04493127   0.00000000 0.0090
       4   0.00000000   0.06739691   0.00000000 0.0090
       5   0.00000000   0.08986255   0.00000000 0.0090
       6   0.00000000   0.11232819   0.00000000 0.0090
       7   0.02246564   0.00000000   0.02246564 0.0180
       8   0.02246564   0.04493127   0.00000000 0.0361
       9   0.02246564   0.06739691   0.00000000 0.0361
      10   0.02246564   0.08986255   0.00000000 0.0361
      11   0.02246564   0.11232819   0.00000000 0.0361
      12   0.04493127   0.00000000   0.04493127 0.0180
      13   0.04493127   0.06739691   0.00000000 0.0361
      14   0.04493127   0.08986255   0.00000000 0.0361
      15   0.04493127   0.11232819   0.00000000 0.0361
      16   0.06739691   0.00000000   0.06739691 0.0180
      17   0.06739691   0.08986255   0.00000000 0.0361
      18   0.06739691   0.11232819   0.00000000 0.0361
      19   0.08986255   0.00000000   0.08986255 0.0180
      20   0.08986255   0.11232819   0.00000000 0.0361
      21   0.11232819   0.00000000   0.11232819 0.0180
      22  -0.02246564   0.02246564   0.02246564 0.0120
      23   0.02246564   0.04493127   0.02246564 0.0361
      24   0.02246564   0.02246564   0.06739691 0.0361
      25   0.02246564   0.08986255   0.02246564 0.0361
      26   0.02246564   0.11232819   0.02246564 0.0361
      27   0.04493127   0.02246564   0.04493127 0.0361
      28   0.04493127   0.06739691   0.02246564 0.0721

K-POINTS DIRECT COORDINATES
 KPOINTS     DIRECT_X     DIRECT_Y     DIRECT_Z WEIGHT
       1   0.00000000   0.00000000   0.00000000 0.0015
       2   0.00000000   0.09090909   0.00000000 0.0090
       3   0.00000000   0.18181818   0.00000000 0.0090
       4   0.00000000   0.27272727   0.00000000 0.0090
       5   0.00000000   0.36363636   0.00000000 0.0090
       6   0.00000000   0.45454545   0.00000000 0.0090
       7   0.09090909   0.00000000   0.09090909 0.0180
       8   0.09090909   0.18181818   0.00000000 0.0361
       9   0.09090909   0.27272727   0.00000000 0.0361
      10   0.09090909   0.36363636   0.00000000 0.0361
      11   0.09090909   0.45454545   0.00000000 0.0361
      12   0.18181818   0.00000000   0.18181818 0.0180
      13   0.18181818   0.27272727   0.00000000 0.0361
      14   0.18181818   0.36363636   0.00000000 0.0361
      15   0.18181818   0.45454545   0.00000000 0.0361
      16   0.27272727   0.00000000   0.27272727 0.0180
      17   0.27272727   0.36363636   0.00000000 0.0361
      18   0.27272727   0.45454545   0.00000000 0.0361
      19   0.36363636   0.00000000   0.36363636 0.0180
      20   0.36363636   0.45454545   0.00000000 0.0361
      21   0.45454545   0.00000000   0.45454545 0.0180
      22  -0.09090909   0.09090909   0.09090909 0.0120
      23   0.09090909   0.18181818   0.09090909 0.0361
      24   0.09090909   0.09090909   0.27272727 0.0361
      25   0.09090909   0.36363636   0.09090909 0.0361
      26   0.09090909   0.45454545   0.09090909 0.0361
      27   0.18181818   0.09090909   0.18181818 0.0361
      28   0.18181818   0.27272727   0.09090909 0.0721
 DONE : INIT K-POINTS Time : 2.06194 (SEC)





 >>>>>>>>>>>>>>>>>>>>>>>>>>>>>>>>>>>>>>>>>>>>>>>>>>>>>>>>>>>>>>>>>>>>>>
 |                                                                    |
 | Setup plane waves of wave functions:                               |
 | Use the energy cutoff and the lattice vectors to generate the      |
 | dimensions of FFT grid. The number of FFT grid on each processor   |
 | is 'nrxx'. The number of plane wave basis in reciprocal space is   |
 | different for charege/potential and wave functions. We also set    |
 | the 'sticks' for the parallel of FFT. The number of plane wave of  |
 | each k-point is 'npwk[ik]' in each processor                       |
 <<<<<<<<<<<<<<<<<<<<<<<<<<<<<<<<<<<<<<<<<<<<<<<<<<<<<<<<<<<<<<<<<<<<<<





 SETUP PLANE WAVES FOR WAVE FUNCTIONS
     energy cutoff for wavefunc (unit:Ry) = 90
              fft grid for wave functions = [ 45, 45, 45 ]
                    number of plane waves = 6763
                         number of sticks = 437

 PARALLEL PW FOR WAVE FUNCTIONS
     PROC   COLUMNS(POT)             PW
        1            437           6763
 --------------- sum -------------------
        1            437           6763
 DONE : INIT PLANEWAVE Time : 2.08884 (SEC)

                           occupied bands = 22
                                   NBANDS = 32
                                     npwx = 5490

 Warning_Memory_Consuming allocated:  Psi_PW 75.0586 MB

 SETUP NONLOCAL PSEUDOPOTENTIALS IN PLANE WAVE BASIS
 Al non-local projectors:
 projector 1 L=0
 projector 2 L=0
 projector 3 L=1
 projector 4 L=1
      TOTAL NUMBER OF NONLOCAL PROJECTORS = 32
 DONE : LOCAL POTENTIAL Time : 2.10317 (SEC)


 Init Non-Local PseudoPotential table : 
 Init Non-Local-Pseudopotential done.
 DONE : NON-LOCAL POTENTIAL Time : 2.14054 (SEC)


 Make real space PAO into reciprocal space.
       max mesh points in Pseudopotential = 601
     dq(describe PAO in reciprocal space) = 0.01
                                    max q = 1905

 number of pseudo atomic orbitals for Al is 0
 DONE : INIT BASIS Time : 2.17871 (SEC)


 -------------------------------------------
 STEP OF RELAXATION : 1
 -------------------------------------------
                                 init_chg = atomic
 DONE : INIT SCF Time : 2.24481 (SEC)


 PW ALGORITHM --------------- ION=   1  ELEC=   1--------------------------------
 Notice: Threshold on eigenvalues was too large.
 hsover_error=0.44 > DRHO=0.0656423
 Origin diag_ethr = 0.01
 New    diag_ethr = 0.000149187

 Density error is 0.0661430694898
                          Error Threshold = 0.00014918697528
------------------------------------------------------
  Energy         Rydberg                 eV         
------------------------------------------------------
E_KohnSham      -553.6260195701     -7532.4684272122
E_Harris        -553.6475342875     -7532.7611499599
E_Fermi            0.9758217903        13.2767365807
------------------------------------------------------

 PW ALGORITHM --------------- ION=   1  ELEC=   2--------------------------------

 Density error is 0.0309638710147
                          Error Threshold = 0.000150325157931
------------------------------------------------------
  Energy         Rydberg                 eV         
------------------------------------------------------
E_KohnSham      -553.6072923508     -7532.2136303232
E_Harris        -557.0330735473     -7578.8237746967
E_Fermi            0.9736613812        13.2473427074
------------------------------------------------------

 PW ALGORITHM --------------- ION=   1  ELEC=   3--------------------------------

 Density error is 0.000784783727787
                          Error Threshold = 7.03724341244e-05
------------------------------------------------------
  Energy         Rydberg                 eV         
------------------------------------------------------
E_KohnSham      -553.6132856648     -7532.2951735433
E_Harris        -554.1200117402     -7539.1895354940
E_Fermi            0.9681234114        13.1719947621
------------------------------------------------------

 PW ALGORITHM --------------- ION=   1  ELEC=   4--------------------------------

 Density error is 0.000909718322064
                          Error Threshold = 1.78359938133e-06
------------------------------------------------------
  Energy         Rydberg                 eV         
------------------------------------------------------
E_KohnSham      -553.6131169991     -7532.2928787288
E_Harris        -554.0400714918     -7538.1018926153
E_Fermi            0.9691527779        13.1860000123
------------------------------------------------------

 PW ALGORITHM --------------- ION=   1  ELEC=   5--------------------------------

 Density error is 1.06087327413e-05
                          Error Threshold = 1.78359938133e-06
------------------------------------------------------
  Energy         Rydberg                 eV         
------------------------------------------------------
E_KohnSham      -553.6132111077     -7532.2941591423
E_Harris        -553.7554740794     -7534.2297461710
E_Fermi            0.9681884868        13.1728801583
------------------------------------------------------

 PW ALGORITHM --------------- ION=   1  ELEC=   6--------------------------------

 Density error is 9.85692412156e-06
                          Error Threshold = 2.41107562302e-08
------------------------------------------------------
  Energy         Rydberg                 eV         
------------------------------------------------------
E_KohnSham      -553.6132406558     -7532.2945611640
E_Harris        -553.6256711705     -7532.4636869934
E_Fermi            0.9681475565        13.1723232737
------------------------------------------------------

 PW ALGORITHM --------------- ION=   1  ELEC=   7--------------------------------

 Density error is 1.00092290327e-05
                          Error Threshold = 2.24021002763e-08
------------------------------------------------------
  Energy         Rydberg                 eV         
------------------------------------------------------
E_KohnSham      -553.6132361579     -7532.2944999674
E_Harris        -553.5804492227     -7531.8484108277
E_Fermi            0.9681494141        13.1723485475
------------------------------------------------------

 PW ALGORITHM --------------- ION=   1  ELEC=   8--------------------------------

 Density error is 2.08530054894e-06
                          Error Threshold = 2.24021002763e-08
------------------------------------------------------
  Energy         Rydberg                 eV         
------------------------------------------------------
E_KohnSham      -553.6132360280     -7532.2944981995
E_Harris        -553.5913742380     -7531.9970532879
E_Fermi            0.9681447332        13.1722848607
------------------------------------------------------

 PW ALGORITHM --------------- ION=   1  ELEC=   9--------------------------------

 Density error is 1.21030343516e-06
                          Error Threshold = 4.73931942941e-09
------------------------------------------------------
  Energy         Rydberg                 eV         
------------------------------------------------------
E_KohnSham      -553.6132361486     -7532.2944998409
E_Harris        -553.5970974715     -7532.0749218739
E_Fermi            0.9681487911        13.1723400711
------------------------------------------------------

 PW ALGORITHM --------------- ION=   1  ELEC=  10--------------------------------

 Density error is 1.05033890494e-06
                          Error Threshold = 2.75068962536e-09
------------------------------------------------------
  Energy         Rydberg                 eV         
------------------------------------------------------
E_KohnSham      -553.6132358252     -7532.2944954400
E_Harris        -553.5991096814     -7532.1022993945
E_Fermi            0.9681459112        13.1723008875
------------------------------------------------------

 PW ALGORITHM --------------- ION=   1  ELEC=  11--------------------------------

 Density error is 4.70465357043e-07
                          Error Threshold = 2.38713387487e-09
------------------------------------------------------
  Energy         Rydberg                 eV         
------------------------------------------------------
E_KohnSham      -553.6132356054     -7532.2944924495
E_Harris        -553.6024284644     -7532.1474537528
E_Fermi            0.9681472964        13.1723197347
------------------------------------------------------

 PW ALGORITHM --------------- ION=   1  ELEC=  12--------------------------------

 Density error is 8.2199891197e-08
                          Error Threshold = 1.06923944782e-09
------------------------------------------------------
  Energy         Rydberg                 eV         
------------------------------------------------------
E_KohnSham      -553.6132356231     -7532.2944926909
E_Harris        -553.6076016828     -7532.2178389998
E_Fermi            0.9681518737        13.1723820117
------------------------------------------------------

 PW ALGORITHM --------------- ION=   1  ELEC=  13--------------------------------

 Density error is 2.20275159946e-08
                          Error Threshold = 1.86817934539e-10
------------------------------------------------------
  Energy         Rydberg                 eV         
------------------------------------------------------
E_KohnSham      -553.6132356373     -7532.2944928840
E_Harris        -553.6099722680     -7532.2500924668
E_Fermi            0.9681522526        13.1723871667
------------------------------------------------------

 PW ALGORITHM --------------- ION=   1  ELEC=  14--------------------------------

 Density error is 1.5513904556e-08
                          Error Threshold = 5.00625363513e-11
------------------------------------------------------
  Energy         Rydberg                 eV         
------------------------------------------------------
E_KohnSham      -553.6132356259     -7532.2944927286
E_Harris        -553.6111564911     -7532.2662046492
E_Fermi            0.9681522094        13.1723865798
------------------------------------------------------

 PW ALGORITHM --------------- ION=   1  ELEC=  15--------------------------------

 Density error is 1.77386519642e-09
                          Error Threshold = 3.52588739908e-11
----------------------------------------------------------
    Energy           Rydberg                 eV         
----------------------------------------------------------
E_KohnSham          -553.6132356294     -7532.2944927763
E_KS(sigma->0)      -553.6132115066     -7532.2941645688
E_Harris            -553.6130022003     -7532.2913168108
E_band              -136.4603634693     -1856.6384943336
E_one_elec          -314.0268110421     -4272.5539549419
E_Hartree            129.7702536197      1765.6148801327
E_xc                 -63.0113121111      -857.3128831667
E_Ewald             -306.3453178503     -4168.0418783854
E_entropy(-TS)        -0.0000482456        -0.0006564150
E_descf                0.0000000000         0.0000000000
E_exx                  0.0000000000         0.0000000000
E_Fermi                0.9681543937        13.1724162982
----------------------------------------------------------

 charge density convergence is achieved
 final etot is -7532.2944928 eV
 EFERMI = 13.172416298 eV

 STATE ENERGY(eV) AND OCCUPATIONS    NSPIN == 1
 1/28 kpoint (Cartesian) = 0.0000 0.0000 0.0000 (5449 pws)
       1       -89.9954     0.00150263
       2       -89.9871     0.00150263
       3       -89.9871     0.00150263
       4       -89.9871     0.00150263
       5       -51.5539     0.00150263
       6       -51.5539     0.00150263
       7       -51.5539     0.00150263
       8       -51.5292     0.00150263
       9       -51.5292     0.00150263
      10       -51.5292     0.00150263
      11       -51.5292     0.00150263
      12       -51.5292     0.00150263
      13       -51.5291     0.00150263
      14       -51.5125     0.00150263
      15       -51.5125     0.00150263
      16       -51.5125     0.00150263
      17       0.939792     0.00150263
      18        9.90431     0.00150263
      19        9.90431     0.00150263
      20        9.90431     0.00150263
      21        11.5662     0.00150263
      22        11.5662     0.00150263
      23        11.5662     0.00150263
      24        18.5936        0.00000
      25        18.5936        0.00000
      26        18.5936        0.00000
      27        19.6111        0.00000
      28        19.6111        0.00000
      29        19.6111        0.00000
      30        19.6112        0.00000
      31        19.6112        0.00000
      32        19.6112        0.00000

 2/28 kpoint (Cartesian) = 0.0000 0.022466 0.0000 (5462 pws)
       1       -89.9952     0.00901578
       2       -89.9873     0.00901578
       3       -89.9871     0.00901578
       4       -89.9871     0.00901578
       5       -51.5534     0.00901578
       6       -51.5534     0.00901578
       7       -51.5531     0.00901578
       8       -51.5297     0.00901578
       9       -51.5297     0.00901578
      10       -51.5292     0.00901578
      11       -51.5292     0.00901578
      12       -51.5288     0.00901578
      13       -51.5288     0.00901578
      14       -51.5134     0.00901578
      15       -51.5129     0.00901578
      16       -51.5129     0.00901578
      17        1.02308     0.00901578
      18        8.89297     0.00901578
      19        9.97916     0.00901578
      20        9.97916     0.00901578
      21        11.6412     0.00901578
      22        11.6412     0.00901578
      23        12.7174     0.00901578
      24        17.4201        0.00000
      25        17.4201        0.00000
      26        18.6761        0.00000
      27        19.1227        0.00000
      28        19.1227        0.00000
      29        19.6800        0.00000
      30        19.6800        0.00000
      31        20.9406        0.00000
      32        20.9406        0.00000

 3/28 kpoint (Cartesian) = 0.0000 0.044931 0.0000 (5490 pws)
       1       -89.9947     0.00901578
       2       -89.9878     0.00901578
       3       -89.9871     0.00901578
       4       -89.9871     0.00901578
       5       -51.5519     0.00901578
       6       -51.5519     0.00901578
       7       -51.5507     0.00901578
       8       -51.5311     0.00901578
       9       -51.5311     0.00901578
      10       -51.5293     0.00901578
      11       -51.5292     0.00901578
      12       -51.5279     0.00901578
      13       -51.5279     0.00901578
      14       -51.5159     0.00901578
      15       -51.5138     0.00901578
      16       -51.5138     0.00901578
      17        1.27259     0.00901578
      18        7.47503     0.00901578
      19        10.2038     0.00901578
      20        10.2038     0.00901578
      21        11.8622     0.00901578
      22        11.8622     0.00901578
      23        14.5548        0.00000
      24        16.0062        0.00000
      25        16.0062        0.00000
      26        18.1054        0.00000
      27        18.1054        0.00000
      28        18.9235        0.00000
      29        19.8868        0.00000
      30        19.8868        0.00000
      31        22.8216        0.00000
      32        22.8216        0.00000

 4/28 kpoint (Cartesian) = 0.0000 0.067397 0.0000 (5486 pws)
       1       -89.9939     0.00901578
       2       -89.9885     0.00901578
       3       -89.9871     0.00901578
       4       -89.9871     0.00901578
       5       -51.5496     0.00901578
       6       -51.5496     0.00901578
       7       -51.5469     0.00901578
       8       -51.5334     0.00901578
       9       -51.5334     0.00901578
      10       -51.5293     0.00901578
      11       -51.5293     0.00901578
      12       -51.5263     0.00901578
      13       -51.5263     0.00901578
      14       -51.5198     0.00901578
      15       -51.5154     0.00901578
      16       -51.5154     0.00901578
      17        1.68720     0.00901578
      18        6.14501     0.00901578
      19        10.5787     0.00901578
      20        10.5787     0.00901578
      21        12.2144     0.00901578
      22        12.2145     0.00901578
      23        14.7239        0.00000
      24        14.7239        0.00000
      25        16.5829        0.00000
      26        17.0156        0.00000
      27        17.0157        0.00000
      28        19.3352        0.00000
      29        20.2318        0.00000
      30        20.2318        0.00000
      31        23.7677        0.00000
      32        24.0119        0.00000

 5/28 kpoint (Cartesian) = 0.0000 0.089863 0.0000 (5490 pws)
       1       -89.9930     0.00901578
       2       -89.9895     0.00901578
       3       -89.9871     0.00901578
       4       -89.9871     0.00901578
       5       -51.5467     0.00901578
       6       -51.5467     0.00901578
       7       -51.5420     0.00901578
       8       -51.5364     0.00901578
       9       -51.5364     0.00901578
      10       -51.5294     0.00901578
      11       -51.5293     0.00901578
      12       -51.5248     0.00901578
      13       -51.5243     0.00901578
      14       -51.5243     0.00901578
      15       -51.5174     0.00901578
      16       -51.5174     0.00901578
      17        2.26508     0.00901578
      18        4.94903     0.00901578
      19        11.1042     0.00901578
      20        11.1042     0.00901578
      21        12.6544     0.00901578
      22        12.6544     0.00901578
      23        13.5908        0.00000
      24        13.5908        0.00000
      25        16.0461        0.00000
      26        16.0462        0.00000
      27        18.7537        0.00000
      28        19.9101        0.00000
      29        20.7151        0.00000
      30        20.7151        0.00000
      31        22.5861        0.00000
      32        22.9906        0.00000

 6/28 kpoint (Cartesian) = 0.0000 0.11233 0.0000 (5470 pws)
       1       -89.9918     0.00901578
       2       -89.9906     0.00901578
       3       -89.9871     0.00901578
       4       -89.9871     0.00901578
       5       -51.5433     0.00901578
       6       -51.5433     0.00901578
       7       -51.5398     0.00901578
       8       -51.5398     0.00901578
       9       -51.5364     0.00901578
      10       -51.5305     0.00901578
      11       -51.5294     0.00901578
      12       -51.5294     0.00901578
      13       -51.5220     0.00901578
      14       -51.5220     0.00901578
      15       -51.5197     0.00901578
      16       -51.5197     0.00901578
      17        3.00372     0.00901578
      18        3.89980     0.00901578
      19        11.7810     0.00901578
      20        11.7810     0.00901578
      21        12.6097     0.00901578
      22        12.6097     0.00901578
      23        13.0394     0.00901578
      24        13.0394     0.00901578
      25        15.3883        0.00000
      26        15.3884        0.00000
      27        20.6465        0.00000
      28        21.0489        0.00000
      29        21.3369        0.00000
      30        21.3369        0.00000
      31        21.5407        0.00000
      32        22.0963        0.00000

 7/28 kpoint (Cartesian) = 0.022466 0.0000 0.022466 (5479 pws)
       1       -89.9950      0.0180316
       2       -89.9873      0.0180316
       3       -89.9873      0.0180316
       4       -89.9871      0.0180316
       5       -51.5529      0.0180316
       6       -51.5526      0.0180316
       7       -51.5526      0.0180316
       8       -51.5307      0.0180316
       9       -51.5294      0.0180316
      10       -51.5293      0.0180316
      11       -51.5288      0.0180316
      12       -51.5288      0.0180316
      13       -51.5287      0.0180316
      14       -51.5147      0.0180316
      15       -51.5132      0.0180316
      16       -51.5127      0.0180316
      17        1.10631      0.0180316
      18        8.96969      0.0180316
      19        8.96970      0.0180316
      20        10.0540      0.0180316
      21        11.7138      0.0180316
      22        12.7892      0.0180316
      23        12.7892      0.0180316
      24        16.5056        0.00000
      25        17.4978        0.00000
      26        17.4978        0.00000
      27        19.1953        0.00000
      28        19.1953        0.00000
      29        19.7506        0.00000
      30        20.8419        0.00000
      31        21.0142        0.00000
      32        21.0142        0.00000

 8/28 kpoint (Cartesian) = 0.022466 0.044931 0.0000 (5476 pws)
       1       -89.9946      0.0360631
       2       -89.9877      0.0360631
       3       -89.9873      0.0360631
       4       -89.9871      0.0360631
       5       -51.5514      0.0360631
       6       -51.5513      0.0360631
       7       -51.5504      0.0360631
       8       -51.5324      0.0360631
       9       -51.5308      0.0360631
      10       -51.5288      0.0360631
      11       -51.5284      0.0360631
      12       -51.5283      0.0360631
      13       -51.5278      0.0360631
      14       -51.5174      0.0360631
      15       -51.5142      0.0360631
      16       -51.5134      0.0360631
      17        1.35563      0.0360631
      18        7.55333      0.0360631
      19        9.19951      0.0360631
      20        10.2788      0.0360631
      21        11.9241      0.0360631
      22        12.9999      0.0360631
      23        14.6200        0.00000
      24        15.1844        0.00000
      25        16.0828        0.00000
      26        17.7306        0.00000
      27        18.1865        0.00000
      28        19.0318        0.00000
      29        19.4141        0.00000
      30        21.2352        0.00000
      31        22.2774        0.00000
      32        22.8959        0.00000

 9/28 kpoint (Cartesian) = 0.022466 0.067397 0.0000 (5477 pws)
       1       -89.9938      0.0360631
       2       -89.9885      0.0360631
       3       -89.9872      0.0360631
       4       -89.9871      0.0360631
       5       -51.5493      0.0360631
       6       -51.5491      0.0360631
       7       -51.5469      0.0360631
       8       -51.5347      0.0360631
       9       -51.5331      0.0360631
      10       -51.5288      0.0360631
      11       -51.5283      0.0360631
      12       -51.5268      0.0360631
      13       -51.5261      0.0360631
      14       -51.5213      0.0360631
      15       -51.5158      0.0360631
      16       -51.5148      0.0360631
      17        1.76993      0.0360631
      18        6.22446      0.0360631
      19        9.58118      0.0360631
      20        10.6537      0.0360631
      21        12.2278      0.0360631
      22        13.3299    4.00381e-18
      23        13.9916        0.00000
      24        14.8001        0.00000
      25        16.6333        0.00000
      26        17.1146        0.00000
      27        17.9403        0.00000
      28        18.1181        0.00000
      29        19.7840        0.00000
      30        21.6035        0.00000
      31        22.3189        0.00000
      32        23.5107        0.00000

 10/28 kpoint (Cartesian) = 0.022466 0.089863 0.0000 (5469 pws)
       1       -89.9928      0.0360631
       2       -89.9895      0.0360631
       3       -89.9872      0.0360631
       4       -89.9871      0.0360631
       5       -51.5467      0.0360631
       6       -51.5462      0.0360631
       7       -51.5423      0.0360631
       8       -51.5374      0.0360631
       9       -51.5360      0.0360631
      10       -51.5287      0.0360631
      11       -51.5283      0.0360631
      12       -51.5261      0.0360631
      13       -51.5248      0.0360631
      14       -51.5240      0.0360631
      15       -51.5178      0.0360631
      16       -51.5168      0.0360631
      17        2.34739      0.0360631
      18        5.02940      0.0360631
      19        10.1119      0.0360631
      20        11.1794      0.0360631
      21        12.2851      0.0360631
      22        13.2985    1.00566e-12
      23        13.6667        0.00000
      24        13.7094        0.00000
      25        16.2018        0.00000
      26        16.9230        0.00000
      27        18.6594        0.00000
      28        18.7517        0.00000
      29        20.3337        0.00000
      30        21.1876        0.00000
      31        22.1192        0.00000
      32        22.4794        0.00000

 11/28 kpoint (Cartesian) = 0.022466 0.11233 0.0000 (5473 pws)
       1       -89.9917      0.0360631
       2       -89.9906      0.0360631
       3       -89.9872      0.0360631
       4       -89.9872      0.0360631
       5       -51.5436      0.0360631
       6       -51.5429      0.0360631
       7       -51.5405      0.0360631
       8       -51.5394      0.0360631
       9       -51.5371      0.0360631
      10       -51.5315      0.0360631
      11       -51.5286      0.0360631
      12       -51.5284      0.0360631
      13       -51.5225      0.0360631
      14       -51.5216      0.0360631
      15       -51.5201      0.0360631
      16       -51.5191      0.0360631
      17        3.08549      0.0360631
      18        3.98093      0.0360631
      19        10.7848      0.0360631
      20        11.5741      0.0360631
      21        11.8564      0.0360631
      22        12.6853      0.0360631
      23        13.5723        0.00000
      24        13.8811        0.00000
      25        15.7618        0.00000
      26        16.1094        0.00000
      27        19.3530        0.00000
      28        20.1969        0.00000
      29        20.5813        0.00000
      30        21.4389        0.00000
      31        21.5459        0.00000
      32        22.7811        0.00000

 12/28 kpoint (Cartesian) = 0.044931 0.0000 0.044931 (5467 pws)
       1       -89.9941      0.0180316
       2       -89.9877      0.0180316
       3       -89.9877      0.0180316
       4       -89.9871      0.0180316
       5       -51.5500      0.0180316
       6       -51.5496      0.0180316
       7       -51.5496      0.0180316
       8       -51.5345      0.0180316
       9       -51.5298      0.0180316
      10       -51.5298      0.0180316
      11       -51.5276      0.0180316
      12       -51.5276      0.0180316
      13       -51.5273      0.0180316
      14       -51.5205      0.0180316
      15       -51.5152      0.0180316
      16       -51.5133      0.0180316
      17        1.60439      0.0180316
      18        7.78784      0.0180316
      19        7.78785      0.0180316
      20        10.5037      0.0180316
      21        12.0727      0.0180316
      22        13.9617        0.00000
      23        14.8051        0.00000
      24        14.8051        0.00000
      25        16.3127        0.00000
      26        16.3127        0.00000
      27        18.4361        0.00000
      28        18.4361        0.00000
      29        20.1695        0.00000
      30        21.7576        0.00000
      31        22.1678        0.00000
      32        23.1185        0.00000

 13/28 kpoint (Cartesian) = 0.044931 0.067397 0.0000 (5466 pws)
       1       -89.9934      0.0360631
       2       -89.9884      0.0360631
       3       -89.9876      0.0360631
       4       -89.9872      0.0360631
       5       -51.5483      0.0360631
       6       -51.5478      0.0360631
       7       -51.5468      0.0360631
       8       -51.5370      0.0360631
       9       -51.5320      0.0360631
      10       -51.5282      0.0360631
      11       -51.5273      0.0360631
      12       -51.5267      0.0360631
      13       -51.5257      0.0360631
      14       -51.5245      0.0360631
      15       -51.5168      0.0360631
      16       -51.5142      0.0360631
      17        2.01776      0.0360631
      18        6.46245      0.0360631
      19        8.17736      0.0360631
      20        10.8790      0.0360631
      21        11.9806      0.0360631
      22        13.1832      0.0103855
      23        15.0287        0.00000
      24        15.0537        0.00000
      25        16.6958        0.00000
      26        16.7446        0.00000
      27        17.4445        0.00000
      28        18.8918        0.00000
      29        19.5695        0.00000
      30        20.8878        0.00000
      31        22.4872        0.00000
      32        23.1866        0.00000

 14/28 kpoint (Cartesian) = 0.044931 0.089863 0.0000 (5480 pws)
       1       -89.9925      0.0360631
       2       -89.9893      0.0360631
       3       -89.9876      0.0360631
       4       -89.9873      0.0360631
       5       -51.5465      0.0360631
       6       -51.5449      0.0360631
       7       -51.5431      0.0360631
       8       -51.5395      0.0360631
       9       -51.5349      0.0360631
      10       -51.5291      0.0360631
      11       -51.5269      0.0360631
      12       -51.5263      0.0360631
      13       -51.5261      0.0360631
      14       -51.5233      0.0360631
      15       -51.5189      0.0360631
      16       -51.5158      0.0360631
      17        2.59396      0.0360631
      18        5.27015      0.0360631
      19        8.71948      0.0360631
      20        11.1672      0.0360631
      21        11.4051      0.0360631
      22        13.3902        0.00000
      23        13.8944        0.00000
      24        15.1214        0.00000
      25        16.8360        0.00000
      26        17.2317        0.00000
      27        18.5211        0.00000
      28        18.5844        0.00000
      29        19.7501        0.00000
      30        19.8004        0.00000
      31        21.4460        0.00000
      32        24.0054        0.00000

 15/28 kpoint (Cartesian) = 0.044931 0.11233 0.0000 (5466 pws)
       1       -89.9914      0.0360631
       2       -89.9904      0.0360631
       3       -89.9875      0.0360631
       4       -89.9874      0.0360631
       5       -51.5444      0.0360631
       6       -51.5420      0.0360631
       7       -51.5416      0.0360631
       8       -51.5387      0.0360631
       9       -51.5382      0.0360631
      10       -51.5339      0.0360631
      11       -51.5266      0.0360631
      12       -51.5263      0.0360631
      13       -51.5237      0.0360631
      14       -51.5213      0.0360631
      15       -51.5206      0.0360631
      16       -51.5181      0.0360631
      17        3.33046      0.0360631
      18        4.22398      0.0360631
      19        9.40962      0.0360631
      20        10.2373      0.0360631
      21        12.0827      0.0360631
      22        12.9123      0.0360631
      23        13.9733        0.00000
      24        14.6508        0.00000
      25        17.0219        0.00000
      26        17.6958        0.00000
      27        17.9200        0.00000
      28        18.7599        0.00000
      29        19.6109        0.00000
      30        20.4963        0.00000
      31        21.6657        0.00000
      32        23.9846        0.00000

 16/28 kpoint (Cartesian) = 0.067397 0.0000 0.067397 (5470 pws)
       1       -89.9928      0.0180316
       2       -89.9883      0.0180316
       3       -89.9883      0.0180316
       4       -89.9873      0.0180316
       5       -51.5465      0.0180316
       6       -51.5465      0.0180316
       7       -51.5456      0.0180316
       8       -51.5394      0.0180316
       9       -51.5303      0.0180316
      10       -51.5303      0.0180316
      11       -51.5285      0.0180316
      12       -51.5253      0.0180316
      13       -51.5250      0.0180316
      14       -51.5250      0.0180316
      15       -51.5185      0.0180316
      16       -51.5144      0.0180316
      17        2.42963      0.0180316
      18        6.85788      0.0180316
      19        6.85789      0.0180316
      20        11.0229      0.0180316
      21        11.2548      0.0180316
      22        13.2763    6.05576e-10
      23        15.4098        0.00000
      24        15.4098        0.00000
      25        16.6734        0.00000
      26        16.6734        0.00000
      27        18.2241        0.00000
      28        18.2241        0.00000
      29        19.5988        0.00000
      30        20.8696        0.00000
      31        21.3827        0.00000
      32        22.6942        0.00000

 17/28 kpoint (Cartesian) = 0.067397 0.089863 0.0000 (5477 pws)
       1       -89.9919      0.0360631
       2       -89.9891      0.0360631
       3       -89.9881      0.0360631
       4       -89.9875      0.0360631
       5       -51.5459      0.0360631
       6       -51.5439      0.0360631
       7       -51.5428      0.0360631
       8       -51.5416      0.0360631
       9       -51.5331      0.0360631
      10       -51.5327      0.0360631
      11       -51.5282      0.0360631
      12       -51.5244      0.0360631
      13       -51.5244      0.0360631
      14       -51.5224      0.0360631
      15       -51.5207      0.0360631
      16       -51.5155      0.0360631
      17        3.00374      0.0360631
      18        5.67026      0.0360631
      19        7.40877      0.0360631
      20        9.94441      0.0360631
      21        11.7816      0.0360631
      22        13.7557        0.00000
      23        14.2740        0.00000
      24        15.9434        0.00000
      25        16.0455        0.00000
      26        17.7180        0.00000
      27        18.3073        0.00000
      28        18.4580        0.00000
      29        19.8713        0.00000
      30        20.3332        0.00000
      31        20.4333        0.00000
      32        24.2052        0.00000

 18/28 kpoint (Cartesian) = 0.067397 0.11233 0.0000 (5462 pws)
       1       -89.9910      0.0360631
       2       -89.9900      0.0360631
       3       -89.9879      0.0360631
       4       -89.9877      0.0360631
       5       -51.5449      0.0360631
       6       -51.5434      0.0360631
       7       -51.5407      0.0360631
       8       -51.5396      0.0360631
       9       -51.5368      0.0360631
      10       -51.5363      0.0360631
      11       -51.5257      0.0360631
      12       -51.5240      0.0360631
      13       -51.5240      0.0360631
      14       -51.5231      0.0360631
      15       -51.5197      0.0360631
      16       -51.5173      0.0360631
      17        3.73760      0.0360631
      18        4.62792      0.0360631
      19        8.11180      0.0360631
      20        8.96116      0.0360631
      21        12.4601      0.0360631
      22        13.2907    1.40087e-11
      23        14.4160        0.00000
      24        15.2043        0.00000
      25        16.6294        0.00000
      26        17.4678        0.00000
      27        18.5244        0.00000
      28        18.8484        0.00000
      29        19.3791        0.00000
      30        19.5941        0.00000
      31        22.0235        0.00000
      32        24.3598        0.00000

 19/28 kpoint (Cartesian) = 0.089863 0.0000 0.089863 (5472 pws)
       1       -89.9912      0.0180316
       2       -89.9888      0.0180316
       3       -89.9888      0.0180316
       4       -89.9878      0.0180316
       5       -51.5446      0.0180316
       6       -51.5446      0.0180316
       7       -51.5432      0.0180316
       8       -51.5401      0.0180316
       9       -51.5363      0.0180316
      10       -51.5308      0.0180316
      11       -51.5308      0.0180316
      12       -51.5229      0.0180316
      13       -51.5228      0.0180316
      14       -51.5217      0.0180316
      15       -51.5217      0.0180316
      16       -51.5159      0.0180316
      17        3.57497      0.0180316
      18        6.22789      0.0180316
      19        6.22790      0.0180316
      20        8.80942      0.0180316
      21        12.3095      0.0180316
      22        14.2934        0.00000
      23        14.8059        0.00000
      24        14.8059        0.00000
      25        16.7369        0.00000
      26        16.7369        0.00000
      27        17.3164        0.00000
      28        19.2760        0.00000
      29        20.3017        0.00000
      30        20.3017        0.00000
      31        21.8532        0.00000
      32        23.8541        0.00000

 20/28 kpoint (Cartesian) = 0.089863 0.11233 0.0000 (5470 pws)
       1       -89.9904      0.0360631
       2       -89.9896      0.0360631
       3       -89.9885      0.0360631
       4       -89.9881      0.0360631
       5       -51.5447      0.0360631
       6       -51.5443      0.0360631
       7       -51.5425      0.0360631
       8       -51.5397      0.0360631
       9       -51.5371      0.0360631
      10       -51.5339      0.0360631
      11       -51.5282      0.0360631
      12       -51.5255      0.0360631
      13       -51.5219      0.0360631
      14       -51.5215      0.0360631
      15       -51.5192      0.0360631
      16       -51.5172      0.0360631
      17        4.30517      0.0360631
      18        5.19101      0.0360631
      19        6.94029      0.0360631
      20        7.80318      0.0360631
      21        12.9891      0.0360631
      22        13.8211        0.00000
      23        14.9816        0.00000
      24        15.4901        0.00000
      25        15.8044        0.00000
      26        16.3270        0.00000
      27        17.4742        0.00000
      28        18.3182        0.00000
      29        20.9072        0.00000
      30        21.5915        0.00000
      31        22.5016        0.00000
      32        24.7533        0.00000

 21/28 kpoint (Cartesian) = 0.11233 0.0000 0.11233 (5456 pws)
       1       -89.9898      0.0180316
       2       -89.9891      0.0180316
       3       -89.9891      0.0180316
       4       -89.9886      0.0180316
       5       -51.5444      0.0180316
       6       -51.5438      0.0180316
       7       -51.5438      0.0180316
       8       -51.5421      0.0180316
       9       -51.5342      0.0180316
      10       -51.5311      0.0180316
      11       -51.5311      0.0180316
      12       -51.5283      0.0180316
      13       -51.5203      0.0180316
      14       -51.5194      0.0180316
      15       -51.5194      0.0180316
      16       -51.5179      0.0180316
      17        5.03067      0.0180316
      18        5.91066      0.0180316
      19        5.91067      0.0180316
      20        6.78322      0.0180316
      21        13.6701        0.00000
      22        14.5037        0.00000
      23        14.5037        0.00000
      24        15.3389        0.00000
      25        15.6835        0.00000
      26        16.5186        0.00000
      27        16.5186        0.00000
      28        17.3584        0.00000
      29        23.0342        0.00000
      30        23.0342        0.00000
      31        23.1228        0.00000
      32        24.6796        0.00000

 22/28 kpoint (Cartesian) = -0.022466 0.022466 0.022466 (5467 pws)
       1       -89.9949      0.0120210
       2       -89.9873      0.0120210
       3       -89.9873      0.0120210
       4       -89.9872      0.0120210
       5       -51.5522      0.0120210
       6       -51.5522      0.0120210
       7       -51.5522      0.0120210
       8       -51.5303      0.0120210
       9       -51.5302      0.0120210
      10       -51.5302      0.0120210
      11       -51.5284      0.0120210
      12       -51.5284      0.0120210
      13       -51.5284      0.0120210
      14       -51.5160      0.0120210
      15       -51.5130      0.0120210
      16       -51.5130      0.0120210
      17        1.18948      0.0120210
      18        9.04628      0.0120210
      19        9.04629      0.0120210
      20        9.04629      0.0120210
      21        12.8575      0.0120210
      22        12.8575      0.0120210
      23        12.8575      0.0120210
      24        16.5858        0.00000
      25        16.5858        0.00000
      26        16.5858        0.00000
      27        19.8195        0.00000
      28        19.8195        0.00000
      29        19.8196        0.00000
      30        20.9210        0.00000
      31        20.9210        0.00000
      32        20.9210        0.00000

 23/28 kpoint (Cartesian) = 0.022466 0.044931 0.022466 (5466 pws)
       1       -89.9944      0.0360631
       2       -89.9877      0.0360631
       3       -89.9873      0.0360631
       4       -89.9873      0.0360631
       5       -51.5509      0.0360631
       6       -51.5509      0.0360631
       7       -51.5501      0.0360631
       8       -51.5319      0.0360631
       9       -51.5319      0.0360631
      10       -51.5290      0.0360631
      11       -51.5280      0.0360631
      12       -51.5280      0.0360631
      13       -51.5274      0.0360631
      14       -51.5188      0.0360631
      15       -51.5140      0.0360631
      16       -51.5135      0.0360631
      17        1.43861      0.0360631
      18        7.63153      0.0360631
      19        9.27559      0.0360631
      20        9.27560      0.0360631
      21        13.0491      0.0360631
      22        13.0491      0.0360631
      23        14.6736        0.00000
      24        15.2769        0.00000
      25        15.2770        0.00000
      26        16.8323        0.00000
      27        19.1073        0.00000
      28        19.1073        0.00000
      29        20.0265        0.00000
      30        21.1582        0.00000
      31        22.3537        0.00000
      32        22.3537        0.00000

 24/28 kpoint (Cartesian) = 0.022466 0.022466 0.067397 (5474 pws)
       1       -89.9937      0.0360631
       2       -89.9885      0.0360631
       3       -89.9873      0.0360631
       4       -89.9873      0.0360631
       5       -51.5490      0.0360631
       6       -51.5490      0.0360631
       7       -51.5469      0.0360631
       8       -51.5341      0.0360631
       9       -51.5341      0.0360631
      10       -51.5279      0.0360631
      11       -51.5279      0.0360631
      12       -51.5272      0.0360631
      13       -51.5259      0.0360631
      14       -51.5228      0.0360631
      15       -51.5155      0.0360631
      16       -51.5148      0.0360631
      17        1.85260      0.0360631
      18        6.30384      0.0360631
      19        9.65586      0.0360631
      20        9.65587      0.0360631
      21        13.2355    1.88614e-05
      22        13.2355    1.88055e-05
      23        14.1893        0.00000
      24        14.1894        0.00000
      25        16.5840        0.00000
      26        17.3263        0.00000
      27        18.0252        0.00000
      28        18.0252        0.00000
      29        20.3717        0.00000
      30        21.3093        0.00000
      31        21.5542        0.00000
      32        24.1569        0.00000

 25/28 kpoint (Cartesian) = 0.022466 0.089863 0.022466 (5471 pws)
       1       -89.9927      0.0360631
       2       -89.9894      0.0360631
       3       -89.9873      0.0360631
       4       -89.9873      0.0360631
       5       -51.5465      0.0360631
       6       -51.5465      0.0360631
       7       -51.5427      0.0360631
       8       -51.5367      0.0360631
       9       -51.5367      0.0360631
      10       -51.5278      0.0360631
      11       -51.5278      0.0360631
      12       -51.5275      0.0360631
      13       -51.5248      0.0360631
      14       -51.5240      0.0360631
      15       -51.5174      0.0360631
      16       -51.5169      0.0360631
      17        2.42964      0.0360631
      18        5.10970      0.0360631
      19        10.1818      0.0360631
      20        10.1818      0.0360631
      21        12.6617      0.0360631
      22        12.6617      0.0360631
      23        14.1046        0.00000
      24        14.1046        0.00000
      25        17.0318        0.00000
      26        17.0318        0.00000
      27        17.6325        0.00000
      28        18.9688        0.00000
      29        20.1877        0.00000
      30        20.8554        0.00000
      31        22.1124        0.00000
      32        23.1336        0.00000

 26/28 kpoint (Cartesian) = 0.022466 0.11233 0.022466 (5475 pws)
       1       -89.9916      0.0360631
       2       -89.9905      0.0360631
       3       -89.9873      0.0360631
       4       -89.9873      0.0360631
       5       -51.5440      0.0360631
       6       -51.5440      0.0360631
       7       -51.5392      0.0360631
       8       -51.5392      0.0360631
       9       -51.5378      0.0360631
      10       -51.5326      0.0360631
      11       -51.5278      0.0360631
      12       -51.5278      0.0360631
      13       -51.5221      0.0360631
      14       -51.5218      0.0360631
      15       -51.5196      0.0360631
      16       -51.5194      0.0360631
      17        3.16720      0.0360631
      18        4.06201      0.0360631
      19        10.8203      0.0360631
      20        10.8203      0.0360631
      21        11.7858      0.0360631
      22        11.7858      0.0360631
      23        14.4819        0.00000
      24        14.4819        0.00000
      25        16.3185        0.00000
      26        16.3185        0.00000
      27        18.3574        0.00000
      28        19.2029        0.00000
      29        21.1742        0.00000
      30        21.4778        0.00000
      31        22.2380        0.00000
      32        22.8585        0.00000

 27/28 kpoint (Cartesian) = 0.044931 0.022466 0.044931 (5478 pws)
       1       -89.9940      0.0360631
       2       -89.9877      0.0360631
       3       -89.9877      0.0360631
       4       -89.9873      0.0360631
       5       -51.5498      0.0360631
       6       -51.5494      0.0360631
       7       -51.5494      0.0360631
       8       -51.5338      0.0360631
       9       -51.5305      0.0360631
      10       -51.5305      0.0360631
      11       -51.5271      0.0360631
      12       -51.5270      0.0360631
      13       -51.5270      0.0360631
      14       -51.5220      0.0360631
      15       -51.5148      0.0360631
      16       -51.5136      0.0360631
      17        1.68718      0.0360631
      18        7.86570      0.0360631
      19        7.86571      0.0360631
      20        9.50286      0.0360631
      21        13.0796      0.0360631
      22        14.1719        0.00000
      23        14.7398        0.00000
      24        14.7398        0.00000
      25        15.6367        0.00000
      26        15.6367        0.00000
      27        19.3355        0.00000
      28        19.3355        0.00000
      29        20.2386        0.00000
      30        21.2107        0.00000
      31        21.8393        0.00000
      32        22.5826        0.00000

 28/28 kpoint (Cartesian) = 0.044931 0.067397 0.022466 (5471 pws)
       1       -89.9933      0.0721262
       2       -89.9884      0.0721262
       3       -89.9877      0.0721262
       4       -89.9873      0.0721262
       5       -51.5483      0.0721262
       6       -51.5480      0.0721262
       7       -51.5470      0.0721262
       8       -51.5359      0.0721262
       9       -51.5324      0.0721262
      10       -51.5283      0.0721262
      11       -51.5267      0.0721262
      12       -51.5264      0.0721262
      13       -51.5260      0.0721262
      14       -51.5255      0.0721262
      15       -51.5163      0.0721262
      16       -51.5144      0.0721262
      17        2.10025      0.0721262
      18        6.54160      0.0721262
      19        8.25444      0.0721262
      20        9.87633      0.0721262
      21        12.4103      0.0721262
      22        13.9711        0.00000
      23        14.0352        0.00000
      24        15.4023        0.00000
      25        15.7047        0.00000
      26        17.0509        0.00000
      27        18.2907        0.00000
      28        19.6449        0.00000
      29        19.7255        0.00000
      30        19.9563        0.00000
      31        22.9631        0.00000
      32        23.2631        0.00000



------------------------------------------------------------------------------------------
TOTAL-FORCE (eV/Angstrom)                                                               
------------------------------------------------------------------------------------------
Al1                               0.0000000000         0.0000000000         0.0000000000
Al2                               0.0000000000         0.0000000000         0.0000000000
Al3                               0.0000000000         0.0000000000         0.0000000000
Al4                               0.0000000000         0.0000000000         0.0000000000
------------------------------------------------------------------------------------------
----------------------------------------------------------------
TOTAL-STRESS (KBAR)                                           
----------------------------------------------------------------
      178.8923378917        -0.0000000000         0.0000000000
       -0.0000000000       178.8923378917         0.0000000000
        0.0000000000         0.0000000000       178.8923378917
----------------------------------------------------------------
 TOTAL-PRESSURE: 178.892338 KBAR


 Largest gradient in stress is 0.000000

 Threshold is = 0.100000

 Relaxation is converged!


 --------------------------------------------
 !FINAL_ETOT_IS -7532.2944927763164742 eV
 --------------------------------------------


TIME STATISTICS
-------------------------------------------------------------------------------------
     CLASS_NAME                 NAME             TIME(Sec)  CALLS   AVG(Sec) PER(%)
-------------------------------------------------------------------------------------
                     total                        24.90          17   1.46   100.00
Driver               reading                       0.24           1   0.24     0.95
Input                Init                          0.01           1   0.01     0.04
Input_Conv           Convert                       0.22           1   0.22     0.87
Driver               driver_line                  24.66           1  24.66    99.05
UnitCell             check_tau                     0.00           1   0.00     0.00
PW_Basis_Sup         setuptransform                0.02           1   0.02     0.06
PW_Basis_Sup         distributeg                   0.00           1   0.00     0.00
mymath               heapsort                      0.00         453   0.00     0.02
Symmetry             analy_sys                     0.00           1   0.00     0.00
PW_Basis_K           setuptransform                0.02           1   0.02     0.08
PW_Basis_K           distributeg                   0.00           1   0.00     0.00
PW_Basis             setup_struc_factor            0.00           1   0.00     0.02
ppcell_vnl           init                          0.00           1   0.00     0.01
ppcell_vl            init_vloc                     0.00           1   0.00     0.01
ppcell_vnl           init_vnl                      0.04           1   0.04     0.15
WF_atomic            init_at_1                     0.00           1   0.00     0.00
wavefunc             wfcinit                       0.00           1   0.00     0.01
Ions                 opt_ions                     22.70           1  22.70    91.15
ESolver_KS_PW        run                          21.97           1  21.97    88.24
H_Ewald_pw           compute_ewald                 0.00           1   0.00     0.00
Charge               set_rho_core                  0.00           1   0.00     0.00
Charge               atomic_rho                    0.01           2   0.01     0.05
PW_Basis_Sup         recip2real                    0.19         117   0.00     0.78
PW_Basis_Sup         gathers_scatterp              0.02         117   0.00     0.08
Potential            init_pot                      0.04           1   0.04     0.18
Potential            update_from_charge            0.67          16   0.04     2.69
Potential            cal_fixed_v                   0.00           1   0.00     0.01
PotLocal             cal_fixed_v                   0.00           1   0.00     0.01
Potential            cal_v_eff                     0.66          16   0.04     2.66
H_Hartree_pw         v_hartree                     0.07          16   0.00     0.27
PW_Basis_Sup         real2recip                    0.24         151   0.00     0.97
PW_Basis_Sup         gatherp_scatters              0.01         151   0.00     0.06
PotXC                cal_v_eff                     0.59          16   0.04     2.37
XC_Functional        v_xc                          0.59          16   0.04     2.36
Potential            interpolate_vrs               0.00          16   0.00     0.01
Symmetry             rhog_symmetry                 0.12          17   0.01     0.48
Symmetry             group fft grids               0.03          17   0.00     0.10
Charge_Mixing        init_mixing                   0.00           1   0.00     0.00
ESolver_KS_PW        hamilt2density               20.95          16   1.31    84.15
HSolverPW            solve                        20.75          16   1.30    83.33
Nonlocal             getvnl                        0.21         448   0.00     0.83
pp_cell_vnl          getvnl                        0.23         504   0.00     0.93
Structure_Factor     get_sk                        0.08        1064   0.00     0.31
WF_atomic            atomic_wfc                    0.01          28   0.00     0.05
DiagoIterAssist      diagH_subspace_init           0.16          28   0.01     0.66
Operator             hPsi                          7.27       45473   0.00    29.21
Operator             EkineticPW                    0.46       45473   0.00     1.84
Operator             VeffPW                        5.67       45473   0.00    22.78
PW_Basis_K           recip_to_real gpu             3.39       72829   0.00    13.61
PW_Basis_K           real_to_recip gpu             2.54       58493   0.00    10.22
Operator             NonlocalPW                    1.11       45473   0.00     4.47
Nonlocal             add_nonlocal_pp               0.66       45473   0.00     2.65
DiagoIterAssist      diagH_LAPACK                  0.66         420   0.00     2.65
DiagoCG              diag_once                    12.18         448   0.03    48.90
DiagoCG_New          spsi_func                     0.33       90106   0.00     1.31
DiagoCG_New          hpsi_func                     6.01       45053   0.00    24.16
ElecStatePW          psiToRho                      1.16          16   0.07     4.65
Charge               rho_mpi                       0.01          16   0.00     0.03
Charge               reduce_diff_pools             0.01          16   0.00     0.03
Charge_Mixing        get_drho                      0.05          16   0.00     0.21
Charge_Mixing        inner_product_recip_rho       0.00          16   0.00     0.01
Charge               mix_rho                       0.07          14   0.00     0.27
Charge               Pulay_mixing                  0.01          14   0.00     0.05
Charge_Mixing        inner_product_recip_hartree   0.01          84   0.00     0.05
DiagoIterAssist      diagH_subspace                2.61         392   0.01    10.48
Forces               cal_force_loc                 0.01           1   0.01     0.02
Forces               cal_force_ew                  0.00           1   0.00     0.02
Forces               cal_force_nl                  0.02           1   0.02     0.10
Forces               cal_force_cc                  0.00           1   0.00     0.00
Forces               cal_force_scc                 0.01           1   0.01     0.03
Stress_PW            cal_stress                    0.68           1   0.68     2.74
Stress_Func          stress_kin                    0.04           1   0.04     0.16
Stress_Func          stress_har                    0.00           1   0.00     0.01
Stress_Func          stress_ewa                    0.00           1   0.00     0.01
Stress_Func          stress_gga                    0.02           1   0.02     0.08
Stress_Func          stress_loc                    0.01           1   0.01     0.03
Stress_Func          stress_cc                     0.00           1   0.00     0.00
Stress_Func          stress_nl                     0.61           1   0.61     2.44
ModuleIO             write_istate_info             0.01           1   0.01     0.04
-------------------------------------------------------------------------------------

 NAME-------------------------|MEMORY(MB)--------
                         total       181.3326
                        Psi_PW       150.5273
                  PW_B_K::gcar         7.0560
                     FFT::grid         5.5618
                      VNL::vkb         2.6880
                   PW_B_K::gk2         2.3520
                      Chg::rho         1.3905
                 Chg::rho_save         1.3905
                 Chg::rho_core         1.3905
                 Pot::veff_fix         1.3905
                     Pot::veff         1.3905
              Pot::veff_smooth         1.3905
                  SF::strucFac         1.3372
               PW_B_K::ig2ixyz         1.1760
 -------------   < 1.0 MB has been ignored ----------------
 ----------------------------------------------------------

 Start  Time  : Thu May 23 17:23:20 2024
 Finish Time  : Thu May 23 17:23:45 2024
 Total  Time  : 0 h 0 mins 25 secs 
