                                                                                     
                              ABACUS v3.6.3

               Atomic-orbital Based Ab-initio Computation at UStc                    

                     Website: http://abacus.ustc.edu.cn/                             
               Documentation: https://abacus.deepmodeling.com/                       
                  Repository: https://github.com/abacusmodeling/abacus-develop       
                              https://github.com/deepmodeling/abacus-develop         
                      Commit: f9124675f (Wed May 22 09:49:08 2024 +0800)

    Start Time is Thu May 23 17:27:34 2024
                                                                                     
 ------------------------------------------------------------------------------------

 READING GENERAL INFORMATION
                           global_out_dir = OUT.ABACUS/
                           global_in_card = INPUT
                               pseudo_dir = 
                              orbital_dir = 
                                    DRANK = 1
                                    DSIZE = 2
                                   DCOLOR = 1
                                    GRANK = 1
                                    GSIZE = 1
 The esolver type has been set to : ksdft_pw

 RUNNING WITH DEVICE  : GPU / NVIDIA GeForce RTX 4090




 >>>>>>>>>>>>>>>>>>>>>>>>>>>>>>>>>>>>>>>>>>>>>>>>>>>>>>>>>>>>>>>>>>>>>>
 |                                                                    |
 | Reading atom information in unitcell:                              |
 | From the input file and the structure file we know the number of   |
 | different elments in this unitcell, then we list the detail        |
 | information for each element, especially the zeta and polar atomic |
 | orbital number for each element. The total atom number is counted. |
 | We calculate the nearest atom distance for each atom and show the  |
 | Cartesian and Direct coordinates for each atom. We list the file   |
 | address for atomic orbitals. The volume and the lattice vectors    |
 | in real and reciprocal space is also shown.                        |
 |                                                                    |
 <<<<<<<<<<<<<<<<<<<<<<<<<<<<<<<<<<<<<<<<<<<<<<<<<<<<<<<<<<<<<<<<<<<<<<




 READING UNITCELL INFORMATION
                                    ntype = 1
                  lattice constant (Bohr) = 2.03565
              lattice constant (Angstrom) = 1.07722

 READING ATOM TYPE 1
                               atom label = Al
                      L=0, number of zeta = 1
                      L=1, number of zeta = 1
                      L=2, number of zeta = 1
             number of atom for this type = 4

                        TOTAL ATOM NUMBER = 4
DIRECT COORDINATES
   atom           x                y                z           mag          vx               vy               vz       
taud_Al1       0.0000000000     0.0000000000     0.0000000000 +0.0000     0.0000000000     0.0000000000     0.0000000000
taud_Al2       0.0000000000     0.5000000000     0.5000000000 +0.0000     0.0000000000     0.0000000000     0.0000000000
taud_Al3       0.5000000000     0.0000000000     0.5000000000 +0.0000     0.0000000000     0.0000000000     0.0000000000
taud_Al4       0.5000000000     0.5000000000     0.0000000000 +0.0000     0.0000000000     0.0000000000     0.0000000000


                          Volume (Bohr^3) = 558.949
                             Volume (A^3) = 82.8276

 Lattice vectors: (Cartesian coordinate: in unit of a_0)
             +4.04658                  -0                  +0
                   -0            +4.04658                  -0
                   +0                  -0            +4.04658
 Reciprocal vectors: (Cartesian coordinate: in unit of 2 pi/a_0)
            +0.247122                  -0                  +0
                   -0           +0.247122                  -0
                   +0                  -0           +0.247122




 >>>>>>>>>>>>>>>>>>>>>>>>>>>>>>>>>>>>>>>>>>>>>>>>>>>>>>>>>>>>>>>>>>>>>>
 |                                                                    |
 | Reading pseudopotentials files:                                    |
 | The pseudopotential file is in UPF format. The 'NC' indicates that |
 | the type of pseudopotential is 'norm conserving'. Functional of    |
 | exchange and correlation is decided by 4 given parameters in UPF   |
 | file.  We also read in the 'core correction' if there exists.      |
 | Also we can read the valence electrons number and the maximal      |
 | angular momentum used in this pseudopotential. We also read in the |
 | trail wave function, trail atomic density and local-pseudopotential|
 | on logrithmic grid. The non-local pseudopotential projector is also|
 | read in if there is any.                                           |
 |                                                                    |
 <<<<<<<<<<<<<<<<<<<<<<<<<<<<<<<<<<<<<<<<<<<<<<<<<<<<<<<<<<<<<<<<<<<<<<




                PAO radial cut off (Bohr) = 15

 Read in pseudopotential file is pp_orb/Al_ONCV_PBE-1.0.upf
                     pseudopotential type = NC
          exchange-correlation functional = PBE
                 nonlocal core correction = 0
                        valence electrons = 11
                                     lmax = 1
                           number of zeta = 0
                     number of projectors = 4
                           L of projector = 0
                           L of projector = 0
                           L of projector = 1
                           L of projector = 1
     initial pseudo atomic orbital number = 0
                                   NLOCAL = 36

%%%%%%%%%%%%%%%%%%%%%%%%%%%%%%%%%%%%%%%%%%%%%%%%%%%%%%%%%%%%%%%%%%%%%%%%%%%%%%%%%%%%%%%%%%%%%%%%%%%%%%%%%%
 Warning: the number of valence electrons in pseudopotential > 3 for Al: [Ne] 3s2 3p1
 Pseudopotentials with additional electrons can yield (more) accurate outcomes, but may be less efficient.
 If you're confident that your chosen pseudopotential is appropriate, you can safely ignore this warning.
%%%%%%%%%%%%%%%%%%%%%%%%%%%%%%%%%%%%%%%%%%%%%%%%%%%%%%%%%%%%%%%%%%%%%%%%%%%%%%%%%%%%%%%%%%%%%%%%%%%%%%%%%%
                  




 >>>>>>>>>>>>>>>>>>>>>>>>>>>>>>>>>>>>>>>>>>>>>>>>>>>>>>>>>>>>>>>>>>>>>>
 |                                                                    |
 | Setup plane waves of charge/potential:                             |
 | Use the energy cutoff and the lattice vectors to generate the      |
 | dimensions of FFT grid. The number of FFT grid on each processor   |
 | is 'nrxx'. The number of plane wave basis in reciprocal space is   |
 | different for charege/potential and wave functions. We also set    |
 | the 'sticks' for the parallel of FFT. The number of plane waves    |
 | is 'npw' in each processor.                                        |
 <<<<<<<<<<<<<<<<<<<<<<<<<<<<<<<<<<<<<<<<<<<<<<<<<<<<<<<<<<<<<<<<<<<<<<





 SETUP THE PLANE WAVE BASIS
 energy cutoff for charge/potential (unit:Ry) = 360
            fft grid for charge/potential = [ 50, 50, 50 ]
                        fft grid division = [ 1, 1, 1 ]
        big fft grid for charge/potential = [ 50, 50, 50 ]
                                     nbxx = 125000
                                     nrxx = 125000

 SETUP PLANE WAVES FOR CHARGE/POTENTIAL
                    number of plane waves = 64373
                         number of sticks = 1941

 PARALLEL PW FOR CHARGE/POTENTIAL
     PROC   COLUMNS(POT)             PW
        1           1941          64373
 --------------- sum -------------------
        1           1941          64373
                            number of |g| = 518
                                  max |g| = 37.7408
                                  min |g| = 0

----------- Double Check Mixing Parameters Begin ------------
mixing_type: pulay
mixing_beta: 0.3
mixing_gg0: 1
mixing_gg0_min: 0.1
mixing_ndim: 8
----------- Double Check Mixing Parameters End ------------

 SETUP THE ELECTRONS NUMBER
            electron number of element Al = 11
      total electron number of element Al = 44
            AUTOSET number of electrons:  = 44
 DONE : SETUP UNITCELL Time : 1.96869 (SEC)





 >>>>>>>>>>>>>>>>>>>>>>>>>>>>>>>>>>>>>>>>>>>>>>>>>>>>>>>>>>>>>>>>>>>>>>
 |                                                                    |
 | Doing symmetry analysis:                                           |
 | We calculate the norm of 3 vectors and the angles between them,    |
 | the type of Bravais lattice is given. We can judge if the unticell |
 | is a primitive cell. Finally we give the point group operation for |
 | this unitcell. We use the point group operations to do symmetry |
 | analysis on given k-point mesh and the charge density.             |
 |                                                                    |
 <<<<<<<<<<<<<<<<<<<<<<<<<<<<<<<<<<<<<<<<<<<<<<<<<<<<<<<<<<<<<<<<<<<<<<




 LATTICE VECTORS: (CARTESIAN COORDINATE: IN UNIT OF A0)
             +4.04658                  -0                  +0
                   -0            +4.04658                  -0
                   +0                  -0            +4.04658
                       right hand lattice = 1
                                   NORM_A = 4.04658
                                   NORM_B = 4.04658
                                   NORM_C = 4.04658
                           ALPHA (DEGREE) = 90
                           BETA  (DEGREE) = 90
                           GAMMA (DEGREE) = 90

 The lattice vectors have been changed (STRU_SIMPLE.cif)

(for optimal symmetric configuration:)
                             BRAVAIS TYPE = 1
                     BRAVAIS LATTICE NAME = 01. Cubic P (simple)
                                    ibrav = 1
                                    IBRAV = 1
                                  BRAVAIS = SIMPLE CUBIC
                       LATTICE CONSTANT A = 4.04658
                       right hand lattice = 1
(for primitive cell:)
                                    IBRAV = 3
                                  BRAVAIS = FACE CENTERED CUBIC
                       LATTICE CONSTANT A = 4.04658
optimized lattice volume: 66.2622
optimized primitive cell volume: 16.5655
Original cell was built up by 4 primitive cells.
                        ROTATION MATRICES = 48
              PURE POINT GROUP OPERATIONS = 48
                   SPACE GROUP OPERATIONS = 48
                              POINT GROUP = O_h
               POINT GROUP IN SPACE GROUP = O_h
 DONE : SYMMETRY Time : 2.02368 (SEC)





 >>>>>>>>>>>>>>>>>>>>>>>>>>>>>>>>>>>>>>>>>>>>>>>>>>>>>>>>>>>>>>>>>>>>>>
 |                                                                    |
 | Setup K-points                                                     |
 | We setup the k-points according to input parameters.               |
 | The reduced k-points are set according to symmetry operations.     |
 | We treat the spin as another set of k-points.                      |
 |                                                                    |
 <<<<<<<<<<<<<<<<<<<<<<<<<<<<<<<<<<<<<<<<<<<<<<<<<<<<<<<<<<<<<<<<<<<<<<





 SETUP K-POINTS
                                    nspin = 1
                   Input type of k points = Monkhorst-Pack(Gamma)
                                   nkstot = 1000
                       right hand lattice = 1
(for reciprocal lattice: )
                             BRAVAIS TYPE = 1
                     BRAVAIS LATTICE NAME = 01. Cubic P (simple)
                                    ibrav = 1
                       right hand lattice = 1
(for k-lattice: )
                             BRAVAIS TYPE = 1
                     BRAVAIS LATTICE NAME = 01. Cubic P (simple)
                                    ibrav = 1
                       right hand lattice = 1
                        ROTATION MATRICES = 48
                               nkstot_ibz = 56
K-POINTS REDUCTION ACCORDING TO SYMMETRY
     IBZ     DIRECT_X     DIRECT_Y     DIRECT_Z WEIGHT ibz2bz
       1   0.00000000   0.00000000   0.00000000 0.0010 0     
       2   0.00000000   0.10000000   0.00000000 0.0060 1     
       3   0.00000000   0.20000000   0.00000000 0.0060 2     
       4   0.00000000   0.30000000   0.00000000 0.0060 3     
       5   0.00000000   0.40000000   0.00000000 0.0060 4     
       6   0.00000000   0.00000000   0.50000000 0.0030 5     
       7   0.10000000   0.00000000   0.10000000 0.0120 11    
       8   0.10000000   0.20000000   0.00000000 0.0240 12    
       9   0.10000000   0.30000000   0.00000000 0.0240 13    
      10   0.10000000   0.40000000   0.00000000 0.0240 14    
      11   0.00000000   0.10000000   0.50000000 0.0120 15    
      12   0.20000000   0.00000000   0.20000000 0.0120 22    
      13   0.20000000   0.30000000   0.00000000 0.0240 23    
      14   0.20000000   0.40000000   0.00000000 0.0240 24    
      15   0.00000000   0.20000000   0.50000000 0.0120 25    
      16   0.30000000   0.00000000   0.30000000 0.0120 33    
      17   0.30000000   0.40000000   0.00000000 0.0240 34    
      18   0.00000000   0.30000000   0.50000000 0.0120 35    
      19   0.40000000   0.00000000   0.40000000 0.0120 44    
      20   0.00000000   0.40000000   0.50000000 0.0120 45    
      21   0.00000000   0.50000000   0.50000000 0.0030 55    
      22  -0.10000000   0.10000000   0.10000000 0.0080 111   
      23   0.10000000   0.10000000   0.20000000 0.0240 112   
      24   0.10000000   0.30000000   0.10000000 0.0240 113   
      25   0.10000000   0.40000000   0.10000000 0.0240 114   
      26   0.10000000   0.50000000   0.10000000 0.0120 115   
      27   0.20000000   0.10000000   0.20000000 0.0240 122   
      28   0.20000000   0.30000000   0.10000000 0.0480 123   
      29   0.20000000   0.40000000   0.10000000 0.0480 124   
      30   0.20000000   0.50000000   0.10000000 0.0240 125   
      31   0.30000000   0.10000000   0.30000000 0.0240 133   
      32   0.30000000   0.40000000   0.10000000 0.0480 134   
      33   0.30000000   0.50000000   0.10000000 0.0240 135   
      34   0.40000000   0.10000000   0.40000000 0.0240 144   
      35   0.40000000   0.50000000   0.10000000 0.0240 145   
      36   0.50000000   0.10000000   0.50000000 0.0060 155   
      37  -0.20000000   0.20000000   0.20000000 0.0080 222   
      38   0.20000000   0.30000000   0.20000000 0.0240 223   
      39   0.20000000   0.40000000   0.20000000 0.0240 224   
      40   0.20000000   0.50000000   0.20000000 0.0120 225   
      41   0.30000000   0.20000000   0.30000000 0.0240 233   
      42   0.30000000   0.40000000   0.20000000 0.0480 234   
      43   0.30000000   0.50000000   0.20000000 0.0240 235   
      44   0.40000000   0.20000000   0.40000000 0.0240 244   
      45   0.40000000   0.50000000   0.20000000 0.0240 245   
      46   0.50000000   0.20000000   0.50000000 0.0060 255   
      47  -0.30000000   0.30000000   0.30000000 0.0080 333   
      48   0.30000000   0.40000000   0.30000000 0.0240 334   
      49   0.30000000   0.50000000   0.30000000 0.0120 335   
      50   0.40000000   0.30000000   0.40000000 0.0240 344   
      51   0.40000000   0.50000000   0.30000000 0.0240 345   
      52   0.50000000   0.30000000   0.50000000 0.0060 355   
      53  -0.40000000   0.40000000   0.40000000 0.0080 444   
      54   0.40000000   0.50000000   0.40000000 0.0120 445   
      55   0.50000000   0.40000000   0.50000000 0.0060 455   
      56   0.50000000   0.50000000   0.50000000 0.0010 555   
                               nkstot now = 56
K-POINTS DIRECT COORDINATES
 KPOINTS     DIRECT_X     DIRECT_Y     DIRECT_Z WEIGHT
       1   0.00000000   0.00000000   0.00000000 0.0010
       2   0.00000000   0.10000000   0.00000000 0.0060
       3   0.00000000   0.20000000   0.00000000 0.0060
       4   0.00000000   0.30000000   0.00000000 0.0060
       5   0.00000000   0.40000000   0.00000000 0.0060
       6   0.00000000   0.00000000   0.50000000 0.0030
       7   0.10000000   0.00000000   0.10000000 0.0120
       8   0.10000000   0.20000000   0.00000000 0.0240
       9   0.10000000   0.30000000   0.00000000 0.0240
      10   0.10000000   0.40000000   0.00000000 0.0240
      11   0.00000000   0.10000000   0.50000000 0.0120
      12   0.20000000   0.00000000   0.20000000 0.0120
      13   0.20000000   0.30000000   0.00000000 0.0240
      14   0.20000000   0.40000000   0.00000000 0.0240
      15   0.00000000   0.20000000   0.50000000 0.0120
      16   0.30000000   0.00000000   0.30000000 0.0120
      17   0.30000000   0.40000000   0.00000000 0.0240
      18   0.00000000   0.30000000   0.50000000 0.0120
      19   0.40000000   0.00000000   0.40000000 0.0120
      20   0.00000000   0.40000000   0.50000000 0.0120
      21   0.00000000   0.50000000   0.50000000 0.0030
      22  -0.10000000   0.10000000   0.10000000 0.0080
      23   0.10000000   0.10000000   0.20000000 0.0240
      24   0.10000000   0.30000000   0.10000000 0.0240
      25   0.10000000   0.40000000   0.10000000 0.0240
      26   0.10000000   0.50000000   0.10000000 0.0120
      27   0.20000000   0.10000000   0.20000000 0.0240
      28   0.20000000   0.30000000   0.10000000 0.0480
      29   0.20000000   0.40000000   0.10000000 0.0480
      30   0.20000000   0.50000000   0.10000000 0.0240
      31   0.30000000   0.10000000   0.30000000 0.0240
      32   0.30000000   0.40000000   0.10000000 0.0480
      33   0.30000000   0.50000000   0.10000000 0.0240
      34   0.40000000   0.10000000   0.40000000 0.0240
      35   0.40000000   0.50000000   0.10000000 0.0240
      36   0.50000000   0.10000000   0.50000000 0.0060
      37  -0.20000000   0.20000000   0.20000000 0.0080
      38   0.20000000   0.30000000   0.20000000 0.0240
      39   0.20000000   0.40000000   0.20000000 0.0240
      40   0.20000000   0.50000000   0.20000000 0.0120
      41   0.30000000   0.20000000   0.30000000 0.0240
      42   0.30000000   0.40000000   0.20000000 0.0480
      43   0.30000000   0.50000000   0.20000000 0.0240
      44   0.40000000   0.20000000   0.40000000 0.0240
      45   0.40000000   0.50000000   0.20000000 0.0240
      46   0.50000000   0.20000000   0.50000000 0.0060
      47  -0.30000000   0.30000000   0.30000000 0.0080
      48   0.30000000   0.40000000   0.30000000 0.0240
      49   0.30000000   0.50000000   0.30000000 0.0120
      50   0.40000000   0.30000000   0.40000000 0.0240
      51   0.40000000   0.50000000   0.30000000 0.0240
      52   0.50000000   0.30000000   0.50000000 0.0060
      53  -0.40000000   0.40000000   0.40000000 0.0080
      54   0.40000000   0.50000000   0.40000000 0.0120
      55   0.50000000   0.40000000   0.50000000 0.0060
      56   0.50000000   0.50000000   0.50000000 0.0010

           k-point number in this process = 28
       minimum distributed K point number = 28

K-POINTS CARTESIAN COORDINATES
 KPOINTS  CARTESIAN_X  CARTESIAN_Y  CARTESIAN_Z WEIGHT
       1   0.00000000   0.00000000   0.00000000 0.0020
       2   0.00000000   0.02471220   0.00000000 0.0120
       3   0.00000000   0.04942440   0.00000000 0.0120
       4   0.00000000   0.07413660   0.00000000 0.0120
       5   0.00000000   0.09884880   0.00000000 0.0120
       6   0.00000000   0.00000000   0.12356100 0.0060
       7   0.02471220   0.00000000   0.02471220 0.0240
       8   0.02471220   0.04942440   0.00000000 0.0480
       9   0.02471220   0.07413660   0.00000000 0.0480
      10   0.02471220   0.09884880   0.00000000 0.0480
      11   0.00000000   0.02471220   0.12356100 0.0240
      12   0.04942440   0.00000000   0.04942440 0.0240
      13   0.04942440   0.07413660   0.00000000 0.0480
      14   0.04942440   0.09884880   0.00000000 0.0480
      15   0.00000000   0.04942440   0.12356100 0.0240
      16   0.07413660   0.00000000   0.07413660 0.0240
      17   0.07413660   0.09884880   0.00000000 0.0480
      18   0.00000000   0.07413660   0.12356100 0.0240
      19   0.09884880   0.00000000   0.09884880 0.0240
      20   0.00000000   0.09884880   0.12356100 0.0240
      21   0.00000000   0.12356100   0.12356100 0.0060
      22  -0.02471220   0.02471220   0.02471220 0.0160
      23   0.02471220   0.02471220   0.04942440 0.0480
      24   0.02471220   0.07413660   0.02471220 0.0480
      25   0.02471220   0.09884880   0.02471220 0.0480
      26   0.02471220   0.12356100   0.02471220 0.0240
      27   0.04942440   0.02471220   0.04942440 0.0480
      28   0.04942440   0.07413660   0.02471220 0.0960

K-POINTS DIRECT COORDINATES
 KPOINTS     DIRECT_X     DIRECT_Y     DIRECT_Z WEIGHT
       1   0.00000000   0.00000000   0.00000000 0.0020
       2   0.00000000   0.10000000   0.00000000 0.0120
       3   0.00000000   0.20000000   0.00000000 0.0120
       4   0.00000000   0.30000000   0.00000000 0.0120
       5   0.00000000   0.40000000   0.00000000 0.0120
       6   0.00000000   0.00000000   0.50000000 0.0060
       7   0.10000000   0.00000000   0.10000000 0.0240
       8   0.10000000   0.20000000   0.00000000 0.0480
       9   0.10000000   0.30000000   0.00000000 0.0480
      10   0.10000000   0.40000000   0.00000000 0.0480
      11   0.00000000   0.10000000   0.50000000 0.0240
      12   0.20000000   0.00000000   0.20000000 0.0240
      13   0.20000000   0.30000000   0.00000000 0.0480
      14   0.20000000   0.40000000   0.00000000 0.0480
      15   0.00000000   0.20000000   0.50000000 0.0240
      16   0.30000000   0.00000000   0.30000000 0.0240
      17   0.30000000   0.40000000   0.00000000 0.0480
      18   0.00000000   0.30000000   0.50000000 0.0240
      19   0.40000000   0.00000000   0.40000000 0.0240
      20   0.00000000   0.40000000   0.50000000 0.0240
      21   0.00000000   0.50000000   0.50000000 0.0060
      22  -0.10000000   0.10000000   0.10000000 0.0160
      23   0.10000000   0.10000000   0.20000000 0.0480
      24   0.10000000   0.30000000   0.10000000 0.0480
      25   0.10000000   0.40000000   0.10000000 0.0480
      26   0.10000000   0.50000000   0.10000000 0.0240
      27   0.20000000   0.10000000   0.20000000 0.0480
      28   0.20000000   0.30000000   0.10000000 0.0960
 DONE : INIT K-POINTS Time : 2.11434 (SEC)


 Warning_Memory_Consuming allocated:  PW_B_K::gcar 5.21219 MB




 >>>>>>>>>>>>>>>>>>>>>>>>>>>>>>>>>>>>>>>>>>>>>>>>>>>>>>>>>>>>>>>>>>>>>>
 |                                                                    |
 | Setup plane waves of wave functions:                               |
 | Use the energy cutoff and the lattice vectors to generate the      |
 | dimensions of FFT grid. The number of FFT grid on each processor   |
 | is 'nrxx'. The number of plane wave basis in reciprocal space is   |
 | different for charege/potential and wave functions. We also set    |
 | the 'sticks' for the parallel of FFT. The number of plane wave of  |
 | each k-point is 'npwk[ik]' in each processor                       |
 <<<<<<<<<<<<<<<<<<<<<<<<<<<<<<<<<<<<<<<<<<<<<<<<<<<<<<<<<<<<<<<<<<<<<<





 SETUP PLANE WAVES FOR WAVE FUNCTIONS
     energy cutoff for wavefunc (unit:Ry) = 90
              fft grid for wave functions = [ 50, 50, 50 ]
                    number of plane waves = 9795
                         number of sticks = 553

 PARALLEL PW FOR WAVE FUNCTIONS
     PROC   COLUMNS(POT)             PW
        1            553           9795
 --------------- sum -------------------
        1            553           9795
 DONE : INIT PLANEWAVE Time : 2.13788 (SEC)

                           occupied bands = 22
                                   NBANDS = 32
                                     npwx = 8133

 Warning_Memory_Consuming allocated:  Psi_PW 111.193 MB

 SETUP NONLOCAL PSEUDOPOTENTIALS IN PLANE WAVE BASIS
 Al non-local projectors:
 projector 1 L=0
 projector 2 L=0
 projector 3 L=1
 projector 4 L=1
      TOTAL NUMBER OF NONLOCAL PROJECTORS = 32
 DONE : LOCAL POTENTIAL Time : 2.1574 (SEC)


 Init Non-Local PseudoPotential table : 
 Init Non-Local-Pseudopotential done.
 DONE : NON-LOCAL POTENTIAL Time : 2.19448 (SEC)


 Make real space PAO into reciprocal space.
       max mesh points in Pseudopotential = 601
     dq(describe PAO in reciprocal space) = 0.01
                                    max q = 1905

 number of pseudo atomic orbitals for Al is 0
 DONE : INIT BASIS Time : 2.32984 (SEC)


 -------------------------------------------
 STEP OF RELAXATION : 1
 -------------------------------------------
                                 init_chg = atomic
 DONE : INIT SCF Time : 2.41824 (SEC)


 PW ALGORITHM --------------- ION=   1  ELEC=   1--------------------------------
 Notice: Threshold on eigenvalues was too large.
 hsover_error=0.44 > DRHO=0.064932
 Origin diag_ethr = 0.01
 New    diag_ethr = 0.000147573

 Density error is 0.0675982403255
                          Error Threshold = 0.000147572840555
------------------------------------------------------
  Energy         Rydberg                 eV         
------------------------------------------------------
E_KohnSham      -553.6125509540     -7532.2851772892
E_Harris        -553.6338427716     -7532.5748673292
E_Fermi            0.6118502572         8.3246498201
------------------------------------------------------

 PW ALGORITHM --------------- ION=   1  ELEC=   2--------------------------------

 Density error is 0.0315606184097
                          Error Threshold = 0.000153632364376
------------------------------------------------------
  Energy         Rydberg                 eV         
------------------------------------------------------
E_KohnSham      -553.5936378226     -7532.0278509362
E_Harris        -557.3958803007     -7583.7600138158
E_Fermi            0.6077147370         8.2683831820
------------------------------------------------------

 PW ALGORITHM --------------- ION=   1  ELEC=   3--------------------------------

 Density error is 0.00039975004103
                          Error Threshold = 7.17286782038e-05
------------------------------------------------------
  Energy         Rydberg                 eV         
------------------------------------------------------
E_KohnSham      -553.5994445315     -7532.1068552632
E_Harris        -554.2381779114     -7540.7972687328
E_Fermi            0.5984975669         8.1429771495
------------------------------------------------------

 PW ALGORITHM --------------- ION=   1  ELEC=   4--------------------------------

 Density error is 0.000321186691844
                          Error Threshold = 9.08522820523e-07
------------------------------------------------------
  Energy         Rydberg                 eV         
------------------------------------------------------
E_KohnSham      -553.6001981947     -7532.1171093770
E_Harris        -553.7801987710     -7534.5661428578
E_Fermi            0.5993883232         8.1550965100
------------------------------------------------------

 PW ALGORITHM --------------- ION=   1  ELEC=   5--------------------------------

 Density error is 0.000182261642614
                          Error Threshold = 7.29969754191e-07
------------------------------------------------------
  Energy         Rydberg                 eV         
------------------------------------------------------
E_KohnSham      -553.6001314257     -7532.1162009377
E_Harris        -553.7683987282     -7534.4055950391
E_Fermi            0.5994753666         8.1562807959
------------------------------------------------------

 PW ALGORITHM --------------- ION=   1  ELEC=   6--------------------------------

 Density error is 2.90701375361e-05
                          Error Threshold = 4.14231005942e-07
------------------------------------------------------
  Energy         Rydberg                 eV         
------------------------------------------------------
E_KohnSham      -553.6001371788     -7532.1162792127
E_Harris        -553.5720255787     -7531.7338012723
E_Fermi            0.5986901698         8.1455976465
------------------------------------------------------

 PW ALGORITHM --------------- ION=   1  ELEC=   7--------------------------------

 Density error is 1.54834638281e-05
                          Error Threshold = 6.60684944002e-08
------------------------------------------------------
  Energy         Rydberg                 eV         
------------------------------------------------------
E_KohnSham      -553.6001314853     -7532.1162017486
E_Harris        -553.5426142374     -7531.3336394452
E_Fermi            0.5986634221         8.1452337241
------------------------------------------------------

 PW ALGORITHM --------------- ION=   1  ELEC=   8--------------------------------

 Density error is 5.59916624544e-06
                          Error Threshold = 3.51896905183e-08
------------------------------------------------------
  Energy         Rydberg                 eV         
------------------------------------------------------
E_KohnSham      -553.6001317180     -7532.1162049154
E_Harris        -553.5583960292     -7531.5483617371
E_Fermi            0.5986875295         8.1455617233
------------------------------------------------------

 PW ALGORITHM --------------- ION=   1  ELEC=   9--------------------------------

 Density error is 4.75436484625e-06
                          Error Threshold = 1.27253778305e-08
------------------------------------------------------
  Energy         Rydberg                 eV         
------------------------------------------------------
E_KohnSham      -553.6001319732     -7532.1162083870
E_Harris        -553.5628493878     -7531.6089527896
E_Fermi            0.5986889003         8.1455803740
------------------------------------------------------

 PW ALGORITHM --------------- ION=   1  ELEC=  10--------------------------------

 Density error is 4.65658288737e-06
                          Error Threshold = 1.08053746506e-08
------------------------------------------------------
  Energy         Rydberg                 eV         
------------------------------------------------------
E_KohnSham      -553.6001285408     -7532.1161616879
E_Harris        -553.5636438022     -7531.6197613522
E_Fermi            0.5986819524         8.1454858426
------------------------------------------------------

 PW ALGORITHM --------------- ION=   1  ELEC=  11--------------------------------

 Density error is 8.9625121622e-08
                          Error Threshold = 1.05831429258e-08
------------------------------------------------------
  Energy         Rydberg                 eV         
------------------------------------------------------
E_KohnSham      -553.6001294997     -7532.1161747337
E_Harris        -553.5911521795     -7531.9940320265
E_Fermi            0.5987317767         8.1461637361
------------------------------------------------------

 PW ALGORITHM --------------- ION=   1  ELEC=  12--------------------------------

 Density error is 2.82244018993e-08
                          Error Threshold = 2.03693458232e-10
------------------------------------------------------
  Energy         Rydberg                 eV         
------------------------------------------------------
E_KohnSham      -553.6001295303     -7532.1161751502
E_Harris        -553.6025208423     -7532.1487106191
E_Fermi            0.5987354058         8.1462131135
------------------------------------------------------

 PW ALGORITHM --------------- ION=   1  ELEC=  13--------------------------------

 Density error is 1.61425673113e-08
                          Error Threshold = 6.41463679531e-11
------------------------------------------------------
  Energy         Rydberg                 eV         
------------------------------------------------------
E_KohnSham      -553.6001295218     -7532.1161750346
E_Harris        -553.6019319644     -7532.1406985240
E_Fermi            0.5987346081         8.1462022605
------------------------------------------------------

 PW ALGORITHM --------------- ION=   1  ELEC=  14--------------------------------

 Density error is 6.54657591277e-10
                          Error Threshold = 3.66876529802e-11
----------------------------------------------------------
    Energy           Rydberg                 eV         
----------------------------------------------------------
E_KohnSham          -553.6001295232     -7532.1161750539
E_KS(sigma->0)      -553.6000947512     -7532.1157019557
E_Harris            -553.6008172135     -7532.1255315605
E_band              -152.9423791484     -2080.8878220951
E_one_elec          -372.0239845489     -5061.6459825293
E_Hartree            149.9462379539      2040.1232298362
E_xc                 -62.1326766938      -845.3584350280
E_Ewald             -269.3896366902     -3665.2340411364
E_entropy(-TS)        -0.0000695441        -0.0009461964
E_descf                0.0000000000         0.0000000000
E_exx                  0.0000000000         0.0000000000
E_Fermi                0.5987324087         8.1461723353
----------------------------------------------------------

 charge density convergence is achieved
 final etot is -7532.1161751 eV
 EFERMI = 8.1461723353 eV

 STATE ENERGY(eV) AND OCCUPATIONS    NSPIN == 1
 1/28 kpoint (Cartesian) = 0.0000 0.0000 0.0000 (8121 pws)
       1       -95.5688     0.00200000
       2       -95.5678     0.00200000
       3       -95.5678     0.00200000
       4       -95.5677     0.00200000
       5       -57.0164     0.00200000
       6       -57.0164     0.00200000
       7       -57.0164     0.00200000
       8       -57.0119     0.00200000
       9       -57.0119     0.00200000
      10       -57.0119     0.00200000
      11       -57.0119     0.00200000
      12       -57.0119     0.00200000
      13       -57.0118     0.00200000
      14       -57.0087     0.00200000
      15       -57.0087     0.00200000
      16       -57.0087     0.00200000
      17       -1.48543     0.00200000
      18        5.79447     0.00200000
      19        5.79447     0.00200000
      20        5.79447     0.00200000
      21        6.52705     0.00200000
      22        6.52705     0.00200000
      23        6.52706     0.00200000
      24        12.8161        0.00000
      25        12.8161        0.00000
      26        12.8161        0.00000
      27        12.8161        0.00000
      28        12.8161        0.00000
      29        12.8161        0.00000
      30        13.4176        0.00000
      31        13.4176        0.00000
      32        13.4176        0.00000

 2/28 kpoint (Cartesian) = 0.0000 0.024712 0.0000 (8133 pws)
       1       -95.5688      0.0120000
       2       -95.5678      0.0120000
       3       -95.5678      0.0120000
       4       -95.5677      0.0120000
       5       -57.0163      0.0120000
       6       -57.0163      0.0120000
       7       -57.0162      0.0120000
       8       -57.0120      0.0120000
       9       -57.0120      0.0120000
      10       -57.0119      0.0120000
      11       -57.0119      0.0120000
      12       -57.0118      0.0120000
      13       -57.0118      0.0120000
      14       -57.0088      0.0120000
      15       -57.0087      0.0120000
      16       -57.0087      0.0120000
      17       -1.40756      0.0120000
      18        4.68844      0.0120000
      19        5.86743      0.0120000
      20        5.86743      0.0120000
      21        6.60249      0.0120000
      22        6.60249      0.0120000
      23        7.77028      0.0120000
      24        11.6954        0.00000
      25        11.6954        0.00000
      26        12.2440        0.00000
      27        12.2440        0.00000
      28        12.8851        0.00000
      29        12.8851        0.00000
      30        13.4944        0.00000
      31        14.6830        0.00000
      32        14.6830        0.00000

 3/28 kpoint (Cartesian) = 0.0000 0.049424 0.0000 (8101 pws)
       1       -95.5687      0.0120000
       2       -95.5679      0.0120000
       3       -95.5678      0.0120000
       4       -95.5677      0.0120000
       5       -57.0160      0.0120000
       6       -57.0160      0.0120000
       7       -57.0157      0.0120000
       8       -57.0123      0.0120000
       9       -57.0123      0.0120000
      10       -57.0119      0.0120000
      11       -57.0119      0.0120000
      12       -57.0116      0.0120000
      13       -57.0116      0.0120000
      14       -57.0094      0.0120000
      15       -57.0090      0.0120000
      16       -57.0090      0.0120000
      17       -1.17416      0.0120000
      18        3.42318      0.0120000
      19        6.08632      0.0120000
      20        6.08632      0.0120000
      21        6.82781      0.0120000
      22        6.82781      0.0120000
      23        9.44554        0.00000
      24        10.4655        0.00000
      25        10.4655        0.00000
      26        11.2190        0.00000
      27        11.2190        0.00000
      28        13.0919        0.00000
      29        13.0919        0.00000
      30        13.7244        0.00000
      31        15.7614        0.00000
      32        16.3460        0.00000

 4/28 kpoint (Cartesian) = 0.0000 0.074137 0.0000 (8081 pws)
       1       -95.5686      0.0120000
       2       -95.5680      0.0120000
       3       -95.5678      0.0120000
       4       -95.5677      0.0120000
       5       -57.0155      0.0120000
       6       -57.0155      0.0120000
       7       -57.0148      0.0120000
       8       -57.0128      0.0120000
       9       -57.0128      0.0120000
      10       -57.0119      0.0120000
      11       -57.0119      0.0120000
      12       -57.0112      0.0120000
      13       -57.0112      0.0120000
      14       -57.0103      0.0120000
      15       -57.0093      0.0120000
      16       -57.0093      0.0120000
      17      -0.785890      0.0120000
      18        2.28769      0.0120000
      19        6.45123      0.0120000
      20        6.45123      0.0120000
      21        7.19905      0.0120000
      22        7.19905      0.0120000
      23        9.37214        0.00000
      24        9.37214        0.00000
      25        10.1980        0.00000
      26        10.1980        0.00000
      27        11.2578        0.00000
      28        13.4366        0.00000
      29        13.4366        0.00000
      30        14.1070        0.00000
      31        16.1226        0.00000
      32        16.1865        0.00000

 5/28 kpoint (Cartesian) = 0.0000 0.098849 0.0000 (8021 pws)
       1       -95.5685      0.0120000
       2       -95.5681      0.0120000
       3       -95.5678      0.0120000
       4       -95.5677      0.0120000
       5       -57.0148      0.0120000
       6       -57.0148      0.0120000
       7       -57.0137      0.0120000
       8       -57.0134      0.0120000
       9       -57.0134      0.0120000
      10       -57.0119      0.0120000
      11       -57.0119      0.0120000
      12       -57.0113      0.0120000
      13       -57.0108      0.0120000
      14       -57.0108      0.0120000
      15       -57.0098      0.0120000
      16       -57.0098      0.0120000
      17      -0.243801      0.0120000
      18        1.29534      0.0120000
      19        6.96227      0.0120000
      20        6.96227      0.0120000
      21        7.70112      0.0120000
      22        7.70113      0.0120000
      23        8.42295        0.00000
      24        8.42295        0.00000
      25        9.29023        0.00000
      26        9.29023        0.00000
      27        13.1769        0.00000
      28        13.9189        0.00000
      29        13.9189        0.00000
      30        14.6406        0.00000
      31        15.2949        0.00000
      32        15.2949        0.00000

 6/28 kpoint (Cartesian) = 0.0000 0.0000 0.12356 (8008 pws)
       1       -95.5683     0.00600000
       2       -95.5683     0.00600000
       3       -95.5678     0.00600000
       4       -95.5677     0.00600000
       5       -57.0141     0.00600000
       6       -57.0141     0.00600000
       7       -57.0141     0.00600000
       8       -57.0141     0.00600000
       9       -57.0126     0.00600000
      10       -57.0125     0.00600000
      11       -57.0119     0.00600000
      12       -57.0119     0.00600000
      13       -57.0103     0.00600000
      14       -57.0103     0.00600000
      15       -57.0103     0.00600000
      16       -57.0103     0.00600000
      17       0.450603     0.00600000
      18       0.450606     0.00600000
      19        7.61952     0.00600000
      20        7.61952     0.00600000
      21        7.61952     0.00600000
      22        7.61952     0.00600000
      23        8.13922     0.00384673
      24        8.13922     0.00384627
      25        8.71503        0.00000
      26        8.71503        0.00000
      27        14.5386        0.00000
      28        14.5386        0.00000
      29        14.5386        0.00000
      30        14.5386        0.00000
      31        15.1408        0.00000
      32        15.1408        0.00000

 7/28 kpoint (Cartesian) = 0.024712 0.0000 0.024712 (8099 pws)
       1       -95.5688      0.0240000
       2       -95.5678      0.0240000
       3       -95.5678      0.0240000
       4       -95.5677      0.0240000
       5       -57.0162      0.0240000
       6       -57.0161      0.0240000
       7       -57.0161      0.0240000
       8       -57.0122      0.0240000
       9       -57.0119      0.0240000
      10       -57.0119      0.0240000
      11       -57.0118      0.0240000
      12       -57.0118      0.0240000
      13       -57.0118      0.0240000
      14       -57.0091      0.0240000
      15       -57.0088      0.0240000
      16       -57.0087      0.0240000
      17       -1.32973      0.0240000
      18        4.76307      0.0240000
      19        4.76307      0.0240000
      20        5.94038      0.0240000
      21        6.67749      0.0240000
      22        7.84374      0.0240000
      23        7.84375      0.0240000
      24        10.6358        0.00000
      25        11.7676        0.00000
      26        11.7676        0.00000
      27        12.3147        0.00000
      28        12.3147        0.00000
      29        12.9537        0.00000
      30        14.4317        0.00000
      31        14.7564        0.00000
      32        14.7564        0.00000

 8/28 kpoint (Cartesian) = 0.024712 0.049424 0.0000 (8078 pws)
       1       -95.5687      0.0480000
       2       -95.5679      0.0480000
       3       -95.5678      0.0480000
       4       -95.5677      0.0480000
       5       -57.0159      0.0480000
       6       -57.0158      0.0480000
       7       -57.0156      0.0480000
       8       -57.0126      0.0480000
       9       -57.0122      0.0480000
      10       -57.0118      0.0480000
      11       -57.0117      0.0480000
      12       -57.0117      0.0480000
      13       -57.0115      0.0480000
      14       -57.0097      0.0480000
      15       -57.0090      0.0480000
      16       -57.0089      0.0480000
      17       -1.09646      0.0480000
      18        3.49858      0.0480000
      19        4.98674      0.0480000
      20        6.15928      0.0480000
      21        6.90074      0.0480000
      22        8.06303      0.0479996
      23        9.43012        0.00000
      24        9.51694        0.00000
      25        10.5383        0.00000
      26        11.2924        0.00000
      27        11.9842        0.00000
      28        12.3285        0.00000
      29        12.5273        0.00000
      30        14.9763        0.00000
      31        15.5674        0.00000
      32        16.2585        0.00000

 9/28 kpoint (Cartesian) = 0.024712 0.074137 0.0000 (8057 pws)
       1       -95.5686      0.0480000
       2       -95.5680      0.0480000
       3       -95.5678      0.0480000
       4       -95.5677      0.0480000
       5       -57.0154      0.0480000
       6       -57.0154      0.0480000
       7       -57.0148      0.0480000
       8       -57.0131      0.0480000
       9       -57.0127      0.0480000
      10       -57.0118      0.0480000
      11       -57.0117      0.0480000
      12       -57.0113      0.0480000
      13       -57.0112      0.0480000
      14       -57.0106      0.0480000
      15       -57.0094      0.0480000
      16       -57.0092      0.0480000
      17      -0.708382      0.0480000
      18        2.36368      0.0480000
      19        5.35875      0.0480000
      20        6.52420      0.0480000
      21        7.26010      0.0480000
      22        8.35539        0.00000
      23        8.42226        0.00000
      24        9.44502        0.00000
      25        10.2770        0.00000
      26        11.3231        0.00000
      27        11.3472        0.00000
      28        12.3448        0.00000
      29        12.8854        0.00000
      30        15.2049        0.00000
      31        15.3423        0.00000
      32        15.6046        0.00000

 10/28 kpoint (Cartesian) = 0.024712 0.098849 0.0000 (8050 pws)
       1       -95.5684      0.0480000
       2       -95.5681      0.0480000
       3       -95.5678      0.0480000
       4       -95.5678      0.0480000
       5       -57.0149      0.0480000
       6       -57.0147      0.0480000
       7       -57.0138      0.0480000
       8       -57.0136      0.0480000
       9       -57.0133      0.0480000
      10       -57.0118      0.0480000
      11       -57.0117      0.0480000
      12       -57.0116      0.0480000
      13       -57.0109      0.0480000
      14       -57.0107      0.0480000
      15       -57.0099      0.0480000
      16       -57.0096      0.0480000
      17      -0.166568      0.0480000
      18        1.37181      0.0480000
      19        5.87756      0.0480000
      20        7.03525      0.0480000
      21        7.30575      0.0480000
      22        7.87471      0.0480000
      23        8.49590        0.00000
      24        8.85801        0.00000
      25        9.42767        0.00000
      26        10.4384        0.00000
      27        12.8486        0.00000
      28        13.1362        0.00000
      29        13.4869        0.00000
      30        14.2813        0.00000
      31        14.7207        0.00000
      32        15.8531        0.00000

 11/28 kpoint (Cartesian) = 0.0000 0.024712 0.12356 (8052 pws)
       1       -95.5683      0.0240000
       2       -95.5683      0.0240000
       3       -95.5678      0.0240000
       4       -95.5678      0.0240000
       5       -57.0143      0.0240000
       6       -57.0142      0.0240000
       7       -57.0141      0.0240000
       8       -57.0140      0.0240000
       9       -57.0127      0.0240000
      10       -57.0127      0.0240000
      11       -57.0117      0.0240000
      12       -57.0117      0.0240000
      13       -57.0104      0.0240000
      14       -57.0104      0.0240000
      15       -57.0102      0.0240000
      16       -57.0102      0.0240000
      17       0.527490      0.0240000
      18       0.527493      0.0240000
      19        6.53898      0.0240000
      20        6.53898      0.0240000
      21        7.69250      0.0240000
      22        7.69250      0.0240000
      23        8.47515        0.00000
      24        8.47515        0.00000
      25        9.66798        0.00000
      26        9.66798        0.00000
      27        13.4948        0.00000
      28        13.4948        0.00000
      29        13.9547        0.00000
      30        13.9547        0.00000
      31        15.2871        0.00000
      32        15.2871        0.00000

 12/28 kpoint (Cartesian) = 0.049424 0.0000 0.049424 (8097 pws)
       1       -95.5686      0.0240000
       2       -95.5679      0.0240000
       3       -95.5678      0.0240000
       4       -95.5677      0.0240000
       5       -57.0155      0.0240000
       6       -57.0155      0.0240000
       7       -57.0155      0.0240000
       8       -57.0130      0.0240000
       9       -57.0120      0.0240000
      10       -57.0120      0.0240000
      11       -57.0115      0.0240000
      12       -57.0115      0.0240000
      13       -57.0115      0.0240000
      14       -57.0104      0.0240000
      15       -57.0093      0.0240000
      16       -57.0089      0.0240000
      17      -0.863547      0.0240000
      18        3.72458      0.0240000
      19        3.72458      0.0240000
      20        6.37820      0.0240000
      21        7.10921      0.0240000
      22        8.22873    2.13583e-07
      23        9.72733        0.00000
      24        9.72733        0.00000
      25        10.7563        0.00000
      26        10.7563        0.00000
      27        11.5159        0.00000
      28        11.5159        0.00000
      29        13.3660        0.00000
      30        15.0152        0.00000
      31        15.0780        0.00000
      32        15.5906        0.00000

 13/28 kpoint (Cartesian) = 0.049424 0.074137 0.0000 (8062 pws)
       1       -95.5685      0.0480000
       2       -95.5680      0.0480000
       3       -95.5678      0.0480000
       4       -95.5678      0.0480000
       5       -57.0152      0.0480000
       6       -57.0151      0.0480000
       7       -57.0149      0.0480000
       8       -57.0135      0.0480000
       9       -57.0125      0.0480000
      10       -57.0116      0.0480000
      11       -57.0114      0.0480000
      12       -57.0113      0.0480000
      13       -57.0113      0.0480000
      14       -57.0110      0.0480000
      15       -57.0096      0.0480000
      16       -57.0091      0.0480000
      17      -0.476068      0.0480000
      18        2.59143      0.0480000
      19        4.10052      0.0480000
      20        6.74315      0.0480000
      21        7.01680      0.0480000
      22        7.59718      0.0480000
      23        9.66364        0.00000
      24        10.0202        0.00000
      25        10.5646        0.00000
      26        11.1195        0.00000
      27        11.4599        0.00000
      28        11.9527        0.00000
      29        12.8871        0.00000
      30        14.0091        0.00000
      31        14.6096        0.00000
      32        16.2194        0.00000

 14/28 kpoint (Cartesian) = 0.049424 0.098849 0.0000 (8046 pws)
       1       -95.5684      0.0480000
       2       -95.5681      0.0480000
       3       -95.5678      0.0480000
       4       -95.5678      0.0480000
       5       -57.0149      0.0480000
       6       -57.0144      0.0480000
       7       -57.0141      0.0480000
       8       -57.0140      0.0480000
       9       -57.0131      0.0480000
      10       -57.0122      0.0480000
      11       -57.0113      0.0480000
      12       -57.0113      0.0480000
      13       -57.0112      0.0480000
      14       -57.0105      0.0480000
      15       -57.0101      0.0480000
      16       -57.0094      0.0480000
      17      0.0649268      0.0480000
      18        1.60103      0.0480000
      19        4.62519      0.0480000
      20        6.10861      0.0480000
      21        7.25422      0.0480000
      22        8.06493      0.0479994
      23        8.71476        0.00000
      24        9.50073        0.00000
      25        10.6636        0.00000
      26        11.6275        0.00000
      27        12.0489        0.00000
      28        12.3084        0.00000
      29        13.0743        0.00000
      30        13.5283        0.00000
      31        13.7250        0.00000
      32        17.4996        0.00000

 15/28 kpoint (Cartesian) = 0.0000 0.049424 0.12356 (8064 pws)
       1       -95.5683      0.0240000
       2       -95.5682      0.0240000
       3       -95.5678      0.0240000
       4       -95.5678      0.0240000
       5       -57.0145      0.0240000
       6       -57.0145      0.0240000
       7       -57.0138      0.0240000
       8       -57.0138      0.0240000
       9       -57.0132      0.0240000
      10       -57.0132      0.0240000
      11       -57.0113      0.0240000
      12       -57.0113      0.0240000
      13       -57.0106      0.0240000
      14       -57.0106      0.0240000
      15       -57.0100      0.0240000
      16       -57.0099      0.0240000
      17       0.757951      0.0240000
      18       0.757955      0.0240000
      19        5.29638      0.0240000
      20        5.29638      0.0240000
      21        7.91145      0.0240000
      22        7.91145      0.0240000
      23        8.71978        0.00000
      24        8.71978        0.00000
      25        11.2866        0.00000
      26        11.2866        0.00000
      27        12.2795        0.00000
      28        12.2795        0.00000
      29        12.9579        0.00000
      30        12.9579        0.00000
      31        15.5198        0.00000
      32        15.5198        0.00000

 16/28 kpoint (Cartesian) = 0.074137 0.0000 0.074137 (8066 pws)
       1       -95.5684      0.0240000
       2       -95.5680      0.0240000
       3       -95.5679      0.0240000
       4       -95.5678      0.0240000
       5       -57.0149      0.0240000
       6       -57.0149      0.0240000
       7       -57.0146      0.0240000
       8       -57.0140      0.0240000
       9       -57.0121      0.0240000
      10       -57.0121      0.0240000
      11       -57.0121      0.0240000
      12       -57.0110      0.0240000
      13       -57.0109      0.0240000
      14       -57.0109      0.0240000
      15       -57.0100      0.0240000
      16       -57.0091      0.0240000
      17     -0.0895703      0.0240000
      18        2.97034      0.0240000
      19        2.97034      0.0240000
      20        5.96187      0.0240000
      21        7.10813      0.0240000
      22        7.91959      0.0240000
      23        10.0279        0.00000
      24        10.0279        0.00000
      25        10.7917        0.00000
      26        10.7917        0.00000
      27        11.9614        0.00000
      28        11.9614        0.00000
      29        12.9313        0.00000
      30        13.6250        0.00000
      31        14.0513        0.00000
      32        15.7929        0.00000

 17/28 kpoint (Cartesian) = 0.074137 0.098849 0.0000 (8048 pws)
       1       -95.5683      0.0480000
       2       -95.5681      0.0480000
       3       -95.5679      0.0480000
       4       -95.5678      0.0480000
       5       -57.0148      0.0480000
       6       -57.0144      0.0480000
       7       -57.0143      0.0480000
       8       -57.0140      0.0480000
       9       -57.0129      0.0480000
      10       -57.0127      0.0480000
      11       -57.0116      0.0480000
      12       -57.0108      0.0480000
      13       -57.0108      0.0480000
      14       -57.0105      0.0480000
      15       -57.0103      0.0480000
      16       -57.0094      0.0480000
      17       0.450071      0.0480000
      18        1.98240      0.0480000
      19        3.49933      0.0480000
      20        4.99971      0.0480000
      21        7.61920      0.0480000
      22        8.43363        0.00000
      23        9.07947        0.00000
      24        9.88810        0.00000
      25        10.5375        0.00000
      26        11.3145        0.00000
      27        11.9906        0.00000
      28        12.4356        0.00000
      29        12.7333        0.00000
      30        13.7313        0.00000
      31        13.8598        0.00000
      32        17.1025        0.00000

 18/28 kpoint (Cartesian) = 0.0000 0.074137 0.12356 (8050 pws)
       1       -95.5682      0.0240000
       2       -95.5682      0.0240000
       3       -95.5679      0.0240000
       4       -95.5678      0.0240000
       5       -57.0146      0.0240000
       6       -57.0146      0.0240000
       7       -57.0137      0.0240000
       8       -57.0137      0.0240000
       9       -57.0133      0.0240000
      10       -57.0133      0.0240000
      11       -57.0111      0.0240000
      12       -57.0111      0.0240000
      13       -57.0108      0.0240000
      14       -57.0108      0.0240000
      15       -57.0098      0.0240000
      16       -57.0098      0.0240000
      17        1.14138      0.0240000
      18        1.14139      0.0240000
      19        4.17672      0.0240000
      20        4.17672      0.0240000
      21        8.27636    1.58658e-13
      22        8.27637    1.58457e-13
      23        9.09387        0.00000
      24        9.09387        0.00000
      25        11.1921        0.00000
      26        11.1921        0.00000
      27        11.9599        0.00000
      28        11.9599        0.00000
      29        13.0470        0.00000
      30        13.0470        0.00000
      31        15.8438        0.00000
      32        15.8438        0.00000

 19/28 kpoint (Cartesian) = 0.098849 0.0000 0.098849 (8042 pws)
       1       -95.5682      0.0240000
       2       -95.5680      0.0240000
       3       -95.5680      0.0240000
       4       -95.5679      0.0240000
       5       -57.0146      0.0240000
       6       -57.0146      0.0240000
       7       -57.0145      0.0240000
       8       -57.0136      0.0240000
       9       -57.0134      0.0240000
      10       -57.0122      0.0240000
      11       -57.0122      0.0240000
      12       -57.0110      0.0240000
      13       -57.0105      0.0240000
      14       -57.0103      0.0240000
      15       -57.0102      0.0240000
      16       -57.0095      0.0240000
      17       0.987840      0.0240000
      18        2.51488      0.0240000
      19        2.51488      0.0240000
      20        4.02645      0.0240000
      21        8.13022      0.0191168
      22        8.95070        0.00000
      23        9.58991        0.00000
      24        9.58991        0.00000
      25        10.4023        0.00000
      26        10.4023        0.00000
      27        11.0465        0.00000
      28        11.8332        0.00000
      29        14.3208        0.00000
      30        14.3208        0.00000
      31        15.0053        0.00000
      32        16.8377        0.00000

 20/28 kpoint (Cartesian) = 0.0000 0.098849 0.12356 (8052 pws)
       1       -95.5682      0.0240000
       2       -95.5681      0.0240000
       3       -95.5679      0.0240000
       4       -95.5679      0.0240000
       5       -57.0146      0.0240000
       6       -57.0146      0.0240000
       7       -57.0141      0.0240000
       8       -57.0141      0.0240000
       9       -57.0128      0.0240000
      10       -57.0128      0.0240000
      11       -57.0116      0.0240000
      12       -57.0116      0.0240000
      13       -57.0103      0.0240000
      14       -57.0103      0.0240000
      15       -57.0098      0.0240000
      16       -57.0098      0.0240000
      17        1.67677      0.0240000
      18        1.67678      0.0240000
      19        3.19697      0.0240000
      20        3.19697      0.0240000
      21        8.78721        0.00000
      22        8.78721        0.00000
      23        9.60958        0.00000
      24        9.60958        0.00000
      25        10.2458        0.00000
      26        10.2458        0.00000
      27        11.0523        0.00000
      28        11.0523        0.00000
      29        14.8480        0.00000
      30        14.8480        0.00000
      31        16.2170        0.00000
      32        16.2170        0.00000

 21/28 kpoint (Cartesian) = 0.0000 0.12356 0.12356 (8068 pws)
       1       -95.5681     0.00600000
       2       -95.5681     0.00600000
       3       -95.5680     0.00600000
       4       -95.5680     0.00600000
       5       -57.0145     0.00600000
       6       -57.0145     0.00600000
       7       -57.0144     0.00600000
       8       -57.0144     0.00600000
       9       -57.0123     0.00600000
      10       -57.0122     0.00600000
      11       -57.0122     0.00600000
      12       -57.0122     0.00600000
      13       -57.0100     0.00600000
      14       -57.0100     0.00600000
      15       -57.0099     0.00600000
      16       -57.0099     0.00600000
      17        2.36265     0.00600000
      18        2.36265     0.00600000
      19        2.36265     0.00600000
      20        2.36265     0.00600000
      21        9.44382        0.00000
      22        9.44383        0.00000
      23        9.44383        0.00000
      24        9.44383        0.00000
      25        10.2646        0.00000
      26        10.2646        0.00000
      27        10.2646        0.00000
      28        10.2646        0.00000
      29        16.2143        0.00000
      30        16.2143        0.00000
      31        16.2143        0.00000
      32        16.2143        0.00000

 22/28 kpoint (Cartesian) = -0.024712 0.024712 0.024712 (8100 pws)
       1       -95.5687      0.0160000
       2       -95.5679      0.0160000
       3       -95.5678      0.0160000
       4       -95.5677      0.0160000
       5       -57.0160      0.0160000
       6       -57.0160      0.0160000
       7       -57.0160      0.0160000
       8       -57.0121      0.0160000
       9       -57.0121      0.0160000
      10       -57.0121      0.0160000
      11       -57.0117      0.0160000
      12       -57.0117      0.0160000
      13       -57.0117      0.0160000
      14       -57.0094      0.0160000
      15       -57.0088      0.0160000
      16       -57.0088      0.0160000
      17       -1.25194      0.0160000
      18        4.83762      0.0160000
      19        4.83762      0.0160000
      20        4.83762      0.0160000
      21        7.91662      0.0160000
      22        7.91662      0.0160000
      23        7.91663      0.0160000
      24        10.7091        0.00000
      25        10.7091        0.00000
      26        10.7091        0.00000
      27        13.0226        0.00000
      28        13.0226        0.00000
      29        13.0226        0.00000
      30        14.5068        0.00000
      31        14.5068        0.00000
      32        14.5068        0.00000

 23/28 kpoint (Cartesian) = 0.024712 0.024712 0.049424 (8078 pws)
       1       -95.5687      0.0480000
       2       -95.5679      0.0480000
       3       -95.5678      0.0480000
       4       -95.5677      0.0480000
       5       -57.0158      0.0480000
       6       -57.0158      0.0480000
       7       -57.0156      0.0480000
       8       -57.0125      0.0480000
       9       -57.0124      0.0480000
      10       -57.0118      0.0480000
      11       -57.0116      0.0480000
      12       -57.0116      0.0480000
      13       -57.0115      0.0480000
      14       -57.0101      0.0480000
      15       -57.0090      0.0480000
      16       -57.0089      0.0480000
      17       -1.01879      0.0480000
      18        3.57392      0.0480000
      19        5.06101      0.0480000
      20        5.06101      0.0480000
      21        8.13187      0.0370282
      22        8.13187      0.0370276
      23        9.50706        0.00000
      24        9.50706        0.00000
      25        9.58567        0.00000
      26        10.9312        0.00000
      27        12.3998        0.00000
      28        12.3998        0.00000
      29        13.2294        0.00000
      30        14.7319        0.00000
      31        15.1830        0.00000
      32        15.6400        0.00000

 24/28 kpoint (Cartesian) = 0.024712 0.074137 0.024712 (8053 pws)
       1       -95.5686      0.0480000
       2       -95.5680      0.0480000
       3       -95.5678      0.0480000
       4       -95.5678      0.0480000
       5       -57.0153      0.0480000
       6       -57.0153      0.0480000
       7       -57.0149      0.0480000
       8       -57.0129      0.0480000
       9       -57.0129      0.0480000
      10       -57.0116      0.0480000
      11       -57.0116      0.0480000
      12       -57.0114      0.0480000
      13       -57.0111      0.0480000
      14       -57.0109      0.0480000
      15       -57.0093      0.0480000
      16       -57.0092      0.0480000
      17      -0.630917      0.0480000
      18        2.43961      0.0480000
      19        5.43226      0.0480000
      20        5.43227      0.0480000
      21        8.31252        0.00000
      22        8.31253        0.00000
      23        8.60365        0.00000
      24        8.60365        0.00000
      25        11.2136        0.00000
      26        11.4207        0.00000
      27        11.4207        0.00000
      28        11.4762        0.00000
      29        13.5740        0.00000
      30        14.1370        0.00000
      31        15.1067        0.00000
      32        16.3207        0.00000

 25/28 kpoint (Cartesian) = 0.024712 0.098849 0.024712 (8056 pws)
       1       -95.5684      0.0480000
       2       -95.5681      0.0480000
       3       -95.5678      0.0480000
       4       -95.5678      0.0480000
       5       -57.0149      0.0480000
       6       -57.0149      0.0480000
       7       -57.0140      0.0480000
       8       -57.0134      0.0480000
       9       -57.0134      0.0480000
      10       -57.0119      0.0480000
      11       -57.0116      0.0480000
      12       -57.0116      0.0480000
      13       -57.0108      0.0480000
      14       -57.0107      0.0480000
      15       -57.0098      0.0480000
      16       -57.0097      0.0480000
      17     -0.0893783      0.0480000
      18        1.44824      0.0480000
      19        5.94809      0.0480000
      20        5.94809      0.0480000
      21        7.44117      0.0480000
      22        7.44117      0.0480000
      23        9.02983        0.00000
      24        9.02983        0.00000
      25        10.5173        0.00000
      26        10.5173        0.00000
      27        11.7786        0.00000
      28        13.2161        0.00000
      29        13.3346        0.00000
      30        14.0562        0.00000
      31        15.4309        0.00000
      32        15.6348        0.00000

 26/28 kpoint (Cartesian) = 0.024712 0.12356 0.024712 (8062 pws)
       1       -95.5683      0.0240000
       2       -95.5683      0.0240000
       3       -95.5678      0.0240000
       4       -95.5678      0.0240000
       5       -57.0145      0.0240000
       6       -57.0145      0.0240000
       7       -57.0137      0.0240000
       8       -57.0137      0.0240000
       9       -57.0129      0.0240000
      10       -57.0129      0.0240000
      11       -57.0116      0.0240000
      12       -57.0116      0.0240000
      13       -57.0102      0.0240000
      14       -57.0102      0.0240000
      15       -57.0102      0.0240000
      16       -57.0102      0.0240000
      17       0.604332      0.0240000
      18       0.604335      0.0240000
      19        6.50582      0.0240000
      20        6.50583      0.0240000
      21        6.74193      0.0240000
      22        6.74193      0.0240000
      23        9.52674        0.00000
      24        9.52675        0.00000
      25        9.88113        0.00000
      26        9.88113        0.00000
      27        12.4291        0.00000
      28        12.4291        0.00000
      29        14.6755        0.00000
      30        14.6755        0.00000
      31        15.2804        0.00000
      32        15.2804        0.00000

 27/28 kpoint (Cartesian) = 0.049424 0.024712 0.049424 (8084 pws)
       1       -95.5686      0.0480000
       2       -95.5679      0.0480000
       3       -95.5678      0.0480000
       4       -95.5677      0.0480000
       5       -57.0155      0.0480000
       6       -57.0154      0.0480000
       7       -57.0154      0.0480000
       8       -57.0128      0.0480000
       9       -57.0121      0.0480000
      10       -57.0121      0.0480000
      11       -57.0114      0.0480000
      12       -57.0114      0.0480000
      13       -57.0114      0.0480000
      14       -57.0107      0.0480000
      15       -57.0092      0.0480000
      16       -57.0089      0.0480000
      17      -0.786004      0.0480000
      18        3.79970      0.0480000
      19        3.79970      0.0480000
      20        5.28327      0.0480000
      21        8.17008     0.00513521
      22        8.47298        0.00000
      23        9.63102        0.00000
      24        9.63102        0.00000
      25        9.89641        0.00000
      26        9.89641        0.00000
      27        12.6141        0.00000
      28        12.6141        0.00000
      29        13.4349        0.00000
      30        14.0161        0.00000
      31        15.0896        0.00000
      32        15.8577        0.00000

 28/28 kpoint (Cartesian) = 0.049424 0.074137 0.024712 (8066 pws)
       1       -95.5685      0.0960000
       2       -95.5680      0.0960000
       3       -95.5678      0.0960000
       4       -95.5678      0.0960000
       5       -57.0153      0.0960000
       6       -57.0152      0.0960000
       7       -57.0149      0.0960000
       8       -57.0132      0.0960000
       9       -57.0125      0.0960000
      10       -57.0116      0.0960000
      11       -57.0116      0.0960000
      12       -57.0113      0.0960000
      13       -57.0113      0.0960000
      14       -57.0110      0.0960000
      15       -57.0095      0.0960000
      16       -57.0091      0.0960000
      17      -0.398727      0.0960000
      18        2.66719      0.0960000
      19        4.17519      0.0960000
      20        5.65027      0.0960000
      21        7.16493      0.0960000
      22        8.61386        0.00000
      23        8.75173        0.00000
      24        10.0683        0.00000
      25        10.1801        0.00000
      26        11.6259        0.00000
      27        11.6447        0.00000
      28        12.9581        0.00000
      29        12.9581        0.00000
      30        12.9752        0.00000
      31        15.7110        0.00000
      32        16.2193        0.00000



------------------------------------------------------------------------------------------
TOTAL-FORCE (eV/Angstrom)                                                               
------------------------------------------------------------------------------------------
Al1                               0.0000000000         0.0000000000         0.0000000000
Al2                               0.0000000000         0.0000000000         0.0000000000
Al3                               0.0000000000         0.0000000000         0.0000000000
Al4                               0.0000000000         0.0000000000         0.0000000000
------------------------------------------------------------------------------------------
----------------------------------------------------------------
TOTAL-STRESS (KBAR)                                           
----------------------------------------------------------------
     -100.5140331977         0.0000000000        -0.0000000000
        0.0000000000      -100.5140331977        -0.0000000000
       -0.0000000000        -0.0000000000      -100.5140331977
----------------------------------------------------------------
 TOTAL-PRESSURE: -100.514033 KBAR


 Largest gradient in stress is 0.000000

 Threshold is = 0.100000

 Relaxation is converged!


 --------------------------------------------
 !FINAL_ETOT_IS -7532.1161750539076820 eV
 --------------------------------------------


TIME STATISTICS
-------------------------------------------------------------------------------------
     CLASS_NAME                 NAME             TIME(Sec)  CALLS   AVG(Sec) PER(%)
-------------------------------------------------------------------------------------
                     total                        27.30          17   1.61   100.00
Driver               reading                       0.31           1   0.31     1.12
Input                Init                          0.01           1   0.01     0.03
Input_Conv           Convert                       0.30           1   0.30     1.09
Driver               driver_line                  26.99           1  26.99    98.88
UnitCell             check_tau                     0.00           1   0.00     0.00
PW_Basis_Sup         setuptransform                0.01           1   0.01     0.05
PW_Basis_Sup         distributeg                   0.00           1   0.00     0.00
mymath               heapsort                      0.01         453   0.00     0.03
Symmetry             analy_sys                     0.00           1   0.00     0.00
PW_Basis_K           setuptransform                0.01           1   0.01     0.05
PW_Basis_K           distributeg                   0.00           1   0.00     0.00
PW_Basis             setup_struc_factor            0.01           1   0.01     0.02
ppcell_vnl           init                          0.00           1   0.00     0.01
ppcell_vl            init_vloc                     0.00           1   0.00     0.01
ppcell_vnl           init_vnl                      0.04           1   0.04     0.14
WF_atomic            init_at_1                     0.00           1   0.00     0.00
wavefunc             wfcinit                       0.00           1   0.00     0.01
Ions                 opt_ions                     24.95           1  24.95    91.41
ESolver_KS_PW        run                          24.00           1  24.00    87.93
H_Ewald_pw           compute_ewald                 0.00           1   0.00     0.00
Charge               set_rho_core                  0.00           1   0.00     0.00
Charge               atomic_rho                    0.02           2   0.01     0.06
PW_Basis_Sup         recip2real                    0.25         110   0.00     0.92
PW_Basis_Sup         gathers_scatterp              0.03         110   0.00     0.10
Potential            init_pot                      0.06           1   0.06     0.22
Potential            update_from_charge            0.87          15   0.06     3.20
Potential            cal_fixed_v                   0.00           1   0.00     0.01
PotLocal             cal_fixed_v                   0.00           1   0.00     0.01
Potential            cal_v_eff                     0.86          15   0.06     3.16
H_Hartree_pw         v_hartree                     0.09          15   0.01     0.33
PW_Basis_Sup         real2recip                    0.30         142   0.00     1.10
PW_Basis_Sup         gatherp_scatters              0.02         142   0.00     0.08
PotXC                cal_v_eff                     0.77          15   0.05     2.81
XC_Functional        v_xc                          0.76          15   0.05     2.80
Potential            interpolate_vrs               0.00          15   0.00     0.02
Symmetry             rhog_symmetry                 0.15          16   0.01     0.57
Symmetry             group fft grids               0.03          16   0.00     0.12
Charge_Mixing        init_mixing                   0.00           1   0.00     0.00
ESolver_KS_PW        hamilt2density               22.65          15   1.51    82.98
HSolverPW            solve                        22.39          15   1.49    82.02
Nonlocal             getvnl                        0.33         420   0.00     1.20
pp_cell_vnl          getvnl                        0.36         476   0.00     1.30
Structure_Factor     get_sk                        0.10        1036   0.00     0.37
WF_atomic            atomic_wfc                    0.02          28   0.00     0.07
DiagoIterAssist      diagH_subspace_init           0.29          28   0.01     1.07
Operator             hPsi                          8.42       42968   0.00    30.86
Operator             EkineticPW                    0.51       42968   0.00     1.86
Operator             VeffPW                        6.83       42968   0.00    25.01
PW_Basis_K           recip_to_real gpu             4.10       68560   0.00    15.01
PW_Basis_K           real_to_recip gpu             3.13       55120   0.00    11.46
Operator             NonlocalPW                    1.06       42968   0.00     3.88
Nonlocal             add_nonlocal_pp               0.64       42968   0.00     2.33
DiagoIterAssist      diagH_LAPACK                  0.57         392   0.00     2.10
DiagoCG              diag_once                    12.71         420   0.03    46.58
DiagoCG_New          spsi_func                     0.31       85152   0.00     1.12
DiagoCG_New          hpsi_func                     6.90       42576   0.00    25.27
ElecStatePW          psiToRho                      1.11          15   0.07     4.07
Charge               rho_mpi                       0.01          15   0.00     0.02
Charge               reduce_diff_pools             0.01          15   0.00     0.02
Charge_Mixing        get_drho                      0.07          15   0.00     0.25
Charge_Mixing        inner_product_recip_rho       0.00          15   0.00     0.01
Charge               mix_rho                       0.09          13   0.01     0.32
Charge               Pulay_mixing                  0.02          13   0.00     0.06
Charge_Mixing        inner_product_recip_hartree   0.02          76   0.00     0.06
DiagoIterAssist      diagH_subspace                3.30         364   0.01    12.08
Forces               cal_force_loc                 0.01           1   0.01     0.03
Forces               cal_force_ew                  0.01           1   0.01     0.02
Forces               cal_force_nl                  0.03           1   0.03     0.10
Forces               cal_force_cc                  0.00           1   0.00     0.00
Forces               cal_force_scc                 0.01           1   0.01     0.04
Stress_PW            cal_stress                    0.90           1   0.90     3.28
Stress_Func          stress_kin                    0.06           1   0.06     0.21
Stress_Func          stress_har                    0.00           1   0.00     0.01
Stress_Func          stress_ewa                    0.01           1   0.01     0.02
Stress_Func          stress_gga                    0.03           1   0.03     0.11
Stress_Func          stress_loc                    0.01           1   0.01     0.04
Stress_Func          stress_cc                     0.00           1   0.00     0.00
Stress_Func          stress_nl                     0.79           1   0.79     2.89
ModuleIO             write_istate_info             0.00           1   0.00     0.01
-------------------------------------------------------------------------------------

 NAME-------------------------|MEMORY(MB)--------
                         total       265.4254
                        Psi_PW       221.5664
                  PW_B_K::gcar        10.3859
                     FFT::grid         7.6294
                      VNL::vkb         3.9565
                   PW_B_K::gk2         3.4620
                  SF::strucFac         1.9645
                      Chg::rho         1.9073
                 Chg::rho_save         1.9073
                 Chg::rho_core         1.9073
                 Pot::veff_fix         1.9073
                     Pot::veff         1.9073
              Pot::veff_smooth         1.9073
               PW_B_K::ig2ixyz         1.7310
 -------------   < 1.0 MB has been ignored ----------------
 ----------------------------------------------------------

 Start  Time  : Thu May 23 17:27:34 2024
 Finish Time  : Thu May 23 17:28:02 2024
 Total  Time  : 0 h 0 mins 28 secs 
