                                                                                     
                              ABACUS v3.6.3

               Atomic-orbital Based Ab-initio Computation at UStc                    

                     Website: http://abacus.ustc.edu.cn/                             
               Documentation: https://abacus.deepmodeling.com/                       
                  Repository: https://github.com/abacusmodeling/abacus-develop       
                              https://github.com/deepmodeling/abacus-develop         
                      Commit: f9124675f (Wed May 22 09:49:08 2024 +0800)

    Start Time is Thu May 23 17:28:05 2024
                                                                                     
 ------------------------------------------------------------------------------------

 READING GENERAL INFORMATION
                           global_out_dir = OUT.ABACUS/
                           global_in_card = INPUT
                               pseudo_dir = 
                              orbital_dir = 
                                    DRANK = 1
                                    DSIZE = 2
                                   DCOLOR = 1
                                    GRANK = 1
                                    GSIZE = 1
 The esolver type has been set to : ksdft_pw

 RUNNING WITH DEVICE  : GPU / NVIDIA GeForce RTX 4090




 >>>>>>>>>>>>>>>>>>>>>>>>>>>>>>>>>>>>>>>>>>>>>>>>>>>>>>>>>>>>>>>>>>>>>>
 |                                                                    |
 | Reading atom information in unitcell:                              |
 | From the input file and the structure file we know the number of   |
 | different elments in this unitcell, then we list the detail        |
 | information for each element, especially the zeta and polar atomic |
 | orbital number for each element. The total atom number is counted. |
 | We calculate the nearest atom distance for each atom and show the  |
 | Cartesian and Direct coordinates for each atom. We list the file   |
 | address for atomic orbitals. The volume and the lattice vectors    |
 | in real and reciprocal space is also shown.                        |
 |                                                                    |
 <<<<<<<<<<<<<<<<<<<<<<<<<<<<<<<<<<<<<<<<<<<<<<<<<<<<<<<<<<<<<<<<<<<<<<




 READING UNITCELL INFORMATION
                                    ntype = 1
                  lattice constant (Bohr) = 2.06243
              lattice constant (Angstrom) = 1.09139

 READING ATOM TYPE 1
                               atom label = Al
                      L=0, number of zeta = 1
                      L=1, number of zeta = 1
                      L=2, number of zeta = 1
             number of atom for this type = 4

                        TOTAL ATOM NUMBER = 4
DIRECT COORDINATES
   atom           x                y                z           mag          vx               vy               vz       
taud_Al1       0.0000000000     0.0000000000     0.0000000000 +0.0000     0.0000000000     0.0000000000     0.0000000000
taud_Al2       0.0000000000     0.5000000000     0.5000000000 +0.0000     0.0000000000     0.0000000000     0.0000000000
taud_Al3       0.5000000000     0.0000000000     0.5000000000 +0.0000     0.0000000000     0.0000000000     0.0000000000
taud_Al4       0.5000000000     0.5000000000     0.0000000000 +0.0000     0.0000000000     0.0000000000     0.0000000000


                          Volume (Bohr^3) = 581.307
                             Volume (A^3) = 86.1407

 Lattice vectors: (Cartesian coordinate: in unit of a_0)
             +4.04658                  -0                  +0
                   -0            +4.04658                  -0
                   +0                  -0            +4.04658
 Reciprocal vectors: (Cartesian coordinate: in unit of 2 pi/a_0)
            +0.247122                  -0                  +0
                   -0           +0.247122                  -0
                   +0                  -0           +0.247122




 >>>>>>>>>>>>>>>>>>>>>>>>>>>>>>>>>>>>>>>>>>>>>>>>>>>>>>>>>>>>>>>>>>>>>>
 |                                                                    |
 | Reading pseudopotentials files:                                    |
 | The pseudopotential file is in UPF format. The 'NC' indicates that |
 | the type of pseudopotential is 'norm conserving'. Functional of    |
 | exchange and correlation is decided by 4 given parameters in UPF   |
 | file.  We also read in the 'core correction' if there exists.      |
 | Also we can read the valence electrons number and the maximal      |
 | angular momentum used in this pseudopotential. We also read in the |
 | trail wave function, trail atomic density and local-pseudopotential|
 | on logrithmic grid. The non-local pseudopotential projector is also|
 | read in if there is any.                                           |
 |                                                                    |
 <<<<<<<<<<<<<<<<<<<<<<<<<<<<<<<<<<<<<<<<<<<<<<<<<<<<<<<<<<<<<<<<<<<<<<




                PAO radial cut off (Bohr) = 15

 Read in pseudopotential file is pp_orb/Al_ONCV_PBE-1.0.upf
                     pseudopotential type = NC
          exchange-correlation functional = PBE
                 nonlocal core correction = 0
                        valence electrons = 11
                                     lmax = 1
                           number of zeta = 0
                     number of projectors = 4
                           L of projector = 0
                           L of projector = 0
                           L of projector = 1
                           L of projector = 1
     initial pseudo atomic orbital number = 0
                                   NLOCAL = 36

%%%%%%%%%%%%%%%%%%%%%%%%%%%%%%%%%%%%%%%%%%%%%%%%%%%%%%%%%%%%%%%%%%%%%%%%%%%%%%%%%%%%%%%%%%%%%%%%%%%%%%%%%%
 Warning: the number of valence electrons in pseudopotential > 3 for Al: [Ne] 3s2 3p1
 Pseudopotentials with additional electrons can yield (more) accurate outcomes, but may be less efficient.
 If you're confident that your chosen pseudopotential is appropriate, you can safely ignore this warning.
%%%%%%%%%%%%%%%%%%%%%%%%%%%%%%%%%%%%%%%%%%%%%%%%%%%%%%%%%%%%%%%%%%%%%%%%%%%%%%%%%%%%%%%%%%%%%%%%%%%%%%%%%%
                  




 >>>>>>>>>>>>>>>>>>>>>>>>>>>>>>>>>>>>>>>>>>>>>>>>>>>>>>>>>>>>>>>>>>>>>>
 |                                                                    |
 | Setup plane waves of charge/potential:                             |
 | Use the energy cutoff and the lattice vectors to generate the      |
 | dimensions of FFT grid. The number of FFT grid on each processor   |
 | is 'nrxx'. The number of plane wave basis in reciprocal space is   |
 | different for charege/potential and wave functions. We also set    |
 | the 'sticks' for the parallel of FFT. The number of plane waves    |
 | is 'npw' in each processor.                                        |
 <<<<<<<<<<<<<<<<<<<<<<<<<<<<<<<<<<<<<<<<<<<<<<<<<<<<<<<<<<<<<<<<<<<<<<





 SETUP THE PLANE WAVE BASIS
 energy cutoff for charge/potential (unit:Ry) = 360
            fft grid for charge/potential = [ 54, 54, 54 ]
                        fft grid division = [ 1, 1, 1 ]
        big fft grid for charge/potential = [ 54, 54, 54 ]
                                     nbxx = 157464
                                     nrxx = 157464

 SETUP PLANE WAVES FOR CHARGE/POTENTIAL
                    number of plane waves = 67283
                         number of sticks = 2001

 PARALLEL PW FOR CHARGE/POTENTIAL
     PROC   COLUMNS(POT)             PW
        1           2001          67283
 --------------- sum -------------------
        1           2001          67283
                            number of |g| = 532
                                  max |g| = 38.779
                                  min |g| = 0

----------- Double Check Mixing Parameters Begin ------------
mixing_type: pulay
mixing_beta: 0.3
mixing_gg0: 1
mixing_gg0_min: 0.1
mixing_ndim: 8
----------- Double Check Mixing Parameters End ------------

 SETUP THE ELECTRONS NUMBER
            electron number of element Al = 11
      total electron number of element Al = 44
            AUTOSET number of electrons:  = 44
 DONE : SETUP UNITCELL Time : 1.98813 (SEC)





 >>>>>>>>>>>>>>>>>>>>>>>>>>>>>>>>>>>>>>>>>>>>>>>>>>>>>>>>>>>>>>>>>>>>>>
 |                                                                    |
 | Doing symmetry analysis:                                           |
 | We calculate the norm of 3 vectors and the angles between them,    |
 | the type of Bravais lattice is given. We can judge if the unticell |
 | is a primitive cell. Finally we give the point group operation for |
 | this unitcell. We use the point group operations to do symmetry |
 | analysis on given k-point mesh and the charge density.             |
 |                                                                    |
 <<<<<<<<<<<<<<<<<<<<<<<<<<<<<<<<<<<<<<<<<<<<<<<<<<<<<<<<<<<<<<<<<<<<<<




 LATTICE VECTORS: (CARTESIAN COORDINATE: IN UNIT OF A0)
             +4.04658                  -0                  +0
                   -0            +4.04658                  -0
                   +0                  -0            +4.04658
                       right hand lattice = 1
                                   NORM_A = 4.04658
                                   NORM_B = 4.04658
                                   NORM_C = 4.04658
                           ALPHA (DEGREE) = 90
                           BETA  (DEGREE) = 90
                           GAMMA (DEGREE) = 90

 The lattice vectors have been changed (STRU_SIMPLE.cif)

(for optimal symmetric configuration:)
                             BRAVAIS TYPE = 1
                     BRAVAIS LATTICE NAME = 01. Cubic P (simple)
                                    ibrav = 1
                                    IBRAV = 1
                                  BRAVAIS = SIMPLE CUBIC
                       LATTICE CONSTANT A = 4.04658
                       right hand lattice = 1
(for primitive cell:)
                                    IBRAV = 3
                                  BRAVAIS = FACE CENTERED CUBIC
                       LATTICE CONSTANT A = 4.04658
optimized lattice volume: 66.2622
optimized primitive cell volume: 16.5655
Original cell was built up by 4 primitive cells.
                        ROTATION MATRICES = 48
              PURE POINT GROUP OPERATIONS = 48
                   SPACE GROUP OPERATIONS = 48
                              POINT GROUP = O_h
               POINT GROUP IN SPACE GROUP = O_h
 DONE : SYMMETRY Time : 2.04101 (SEC)





 >>>>>>>>>>>>>>>>>>>>>>>>>>>>>>>>>>>>>>>>>>>>>>>>>>>>>>>>>>>>>>>>>>>>>>
 |                                                                    |
 | Setup K-points                                                     |
 | We setup the k-points according to input parameters.               |
 | The reduced k-points are set according to symmetry operations.     |
 | We treat the spin as another set of k-points.                      |
 |                                                                    |
 <<<<<<<<<<<<<<<<<<<<<<<<<<<<<<<<<<<<<<<<<<<<<<<<<<<<<<<<<<<<<<<<<<<<<<





 SETUP K-POINTS
                                    nspin = 1
                   Input type of k points = Monkhorst-Pack(Gamma)
                                   nkstot = 1000
                       right hand lattice = 1
(for reciprocal lattice: )
                             BRAVAIS TYPE = 1
                     BRAVAIS LATTICE NAME = 01. Cubic P (simple)
                                    ibrav = 1
                       right hand lattice = 1
(for k-lattice: )
                             BRAVAIS TYPE = 1
                     BRAVAIS LATTICE NAME = 01. Cubic P (simple)
                                    ibrav = 1
                       right hand lattice = 1
                        ROTATION MATRICES = 48
                               nkstot_ibz = 56
K-POINTS REDUCTION ACCORDING TO SYMMETRY
     IBZ     DIRECT_X     DIRECT_Y     DIRECT_Z WEIGHT ibz2bz
       1   0.00000000   0.00000000   0.00000000 0.0010 0     
       2   0.00000000   0.10000000   0.00000000 0.0060 1     
       3   0.00000000   0.20000000   0.00000000 0.0060 2     
       4   0.00000000   0.30000000   0.00000000 0.0060 3     
       5   0.00000000   0.40000000   0.00000000 0.0060 4     
       6   0.00000000   0.00000000   0.50000000 0.0030 5     
       7   0.10000000   0.00000000   0.10000000 0.0120 11    
       8   0.10000000   0.20000000   0.00000000 0.0240 12    
       9   0.10000000   0.30000000   0.00000000 0.0240 13    
      10   0.10000000   0.40000000   0.00000000 0.0240 14    
      11   0.00000000   0.10000000   0.50000000 0.0120 15    
      12   0.20000000   0.00000000   0.20000000 0.0120 22    
      13   0.20000000   0.30000000   0.00000000 0.0240 23    
      14   0.20000000   0.40000000   0.00000000 0.0240 24    
      15   0.00000000   0.20000000   0.50000000 0.0120 25    
      16   0.30000000   0.00000000   0.30000000 0.0120 33    
      17   0.30000000   0.40000000   0.00000000 0.0240 34    
      18   0.00000000   0.30000000   0.50000000 0.0120 35    
      19   0.40000000   0.00000000   0.40000000 0.0120 44    
      20   0.00000000   0.40000000   0.50000000 0.0120 45    
      21   0.00000000   0.50000000   0.50000000 0.0030 55    
      22  -0.10000000   0.10000000   0.10000000 0.0080 111   
      23   0.10000000   0.10000000   0.20000000 0.0240 112   
      24   0.10000000   0.30000000   0.10000000 0.0240 113   
      25   0.10000000   0.40000000   0.10000000 0.0240 114   
      26   0.10000000   0.50000000   0.10000000 0.0120 115   
      27   0.20000000   0.10000000   0.20000000 0.0240 122   
      28   0.20000000   0.30000000   0.10000000 0.0480 123   
      29   0.20000000   0.40000000   0.10000000 0.0480 124   
      30   0.20000000   0.50000000   0.10000000 0.0240 125   
      31   0.30000000   0.10000000   0.30000000 0.0240 133   
      32   0.30000000   0.40000000   0.10000000 0.0480 134   
      33   0.30000000   0.50000000   0.10000000 0.0240 135   
      34   0.40000000   0.10000000   0.40000000 0.0240 144   
      35   0.40000000   0.50000000   0.10000000 0.0240 145   
      36   0.50000000   0.10000000   0.50000000 0.0060 155   
      37  -0.20000000   0.20000000   0.20000000 0.0080 222   
      38   0.20000000   0.30000000   0.20000000 0.0240 223   
      39   0.20000000   0.40000000   0.20000000 0.0240 224   
      40   0.20000000   0.50000000   0.20000000 0.0120 225   
      41   0.30000000   0.20000000   0.30000000 0.0240 233   
      42   0.30000000   0.40000000   0.20000000 0.0480 234   
      43   0.30000000   0.50000000   0.20000000 0.0240 235   
      44   0.40000000   0.20000000   0.40000000 0.0240 244   
      45   0.40000000   0.50000000   0.20000000 0.0240 245   
      46   0.50000000   0.20000000   0.50000000 0.0060 255   
      47  -0.30000000   0.30000000   0.30000000 0.0080 333   
      48   0.30000000   0.40000000   0.30000000 0.0240 334   
      49   0.30000000   0.50000000   0.30000000 0.0120 335   
      50   0.40000000   0.30000000   0.40000000 0.0240 344   
      51   0.40000000   0.50000000   0.30000000 0.0240 345   
      52   0.50000000   0.30000000   0.50000000 0.0060 355   
      53  -0.40000000   0.40000000   0.40000000 0.0080 444   
      54   0.40000000   0.50000000   0.40000000 0.0120 445   
      55   0.50000000   0.40000000   0.50000000 0.0060 455   
      56   0.50000000   0.50000000   0.50000000 0.0010 555   
                               nkstot now = 56
K-POINTS DIRECT COORDINATES
 KPOINTS     DIRECT_X     DIRECT_Y     DIRECT_Z WEIGHT
       1   0.00000000   0.00000000   0.00000000 0.0010
       2   0.00000000   0.10000000   0.00000000 0.0060
       3   0.00000000   0.20000000   0.00000000 0.0060
       4   0.00000000   0.30000000   0.00000000 0.0060
       5   0.00000000   0.40000000   0.00000000 0.0060
       6   0.00000000   0.00000000   0.50000000 0.0030
       7   0.10000000   0.00000000   0.10000000 0.0120
       8   0.10000000   0.20000000   0.00000000 0.0240
       9   0.10000000   0.30000000   0.00000000 0.0240
      10   0.10000000   0.40000000   0.00000000 0.0240
      11   0.00000000   0.10000000   0.50000000 0.0120
      12   0.20000000   0.00000000   0.20000000 0.0120
      13   0.20000000   0.30000000   0.00000000 0.0240
      14   0.20000000   0.40000000   0.00000000 0.0240
      15   0.00000000   0.20000000   0.50000000 0.0120
      16   0.30000000   0.00000000   0.30000000 0.0120
      17   0.30000000   0.40000000   0.00000000 0.0240
      18   0.00000000   0.30000000   0.50000000 0.0120
      19   0.40000000   0.00000000   0.40000000 0.0120
      20   0.00000000   0.40000000   0.50000000 0.0120
      21   0.00000000   0.50000000   0.50000000 0.0030
      22  -0.10000000   0.10000000   0.10000000 0.0080
      23   0.10000000   0.10000000   0.20000000 0.0240
      24   0.10000000   0.30000000   0.10000000 0.0240
      25   0.10000000   0.40000000   0.10000000 0.0240
      26   0.10000000   0.50000000   0.10000000 0.0120
      27   0.20000000   0.10000000   0.20000000 0.0240
      28   0.20000000   0.30000000   0.10000000 0.0480
      29   0.20000000   0.40000000   0.10000000 0.0480
      30   0.20000000   0.50000000   0.10000000 0.0240
      31   0.30000000   0.10000000   0.30000000 0.0240
      32   0.30000000   0.40000000   0.10000000 0.0480
      33   0.30000000   0.50000000   0.10000000 0.0240
      34   0.40000000   0.10000000   0.40000000 0.0240
      35   0.40000000   0.50000000   0.10000000 0.0240
      36   0.50000000   0.10000000   0.50000000 0.0060
      37  -0.20000000   0.20000000   0.20000000 0.0080
      38   0.20000000   0.30000000   0.20000000 0.0240
      39   0.20000000   0.40000000   0.20000000 0.0240
      40   0.20000000   0.50000000   0.20000000 0.0120
      41   0.30000000   0.20000000   0.30000000 0.0240
      42   0.30000000   0.40000000   0.20000000 0.0480
      43   0.30000000   0.50000000   0.20000000 0.0240
      44   0.40000000   0.20000000   0.40000000 0.0240
      45   0.40000000   0.50000000   0.20000000 0.0240
      46   0.50000000   0.20000000   0.50000000 0.0060
      47  -0.30000000   0.30000000   0.30000000 0.0080
      48   0.30000000   0.40000000   0.30000000 0.0240
      49   0.30000000   0.50000000   0.30000000 0.0120
      50   0.40000000   0.30000000   0.40000000 0.0240
      51   0.40000000   0.50000000   0.30000000 0.0240
      52   0.50000000   0.30000000   0.50000000 0.0060
      53  -0.40000000   0.40000000   0.40000000 0.0080
      54   0.40000000   0.50000000   0.40000000 0.0120
      55   0.50000000   0.40000000   0.50000000 0.0060
      56   0.50000000   0.50000000   0.50000000 0.0010

           k-point number in this process = 28
       minimum distributed K point number = 28

K-POINTS CARTESIAN COORDINATES
 KPOINTS  CARTESIAN_X  CARTESIAN_Y  CARTESIAN_Z WEIGHT
       1   0.00000000   0.00000000   0.00000000 0.0020
       2   0.00000000   0.02471220   0.00000000 0.0120
       3   0.00000000   0.04942440   0.00000000 0.0120
       4   0.00000000   0.07413660   0.00000000 0.0120
       5   0.00000000   0.09884880   0.00000000 0.0120
       6   0.00000000   0.00000000   0.12356100 0.0060
       7   0.02471220   0.00000000   0.02471220 0.0240
       8   0.02471220   0.04942440   0.00000000 0.0480
       9   0.02471220   0.07413660   0.00000000 0.0480
      10   0.02471220   0.09884880   0.00000000 0.0480
      11   0.00000000   0.02471220   0.12356100 0.0240
      12   0.04942440   0.00000000   0.04942440 0.0240
      13   0.04942440   0.07413660   0.00000000 0.0480
      14   0.04942440   0.09884880   0.00000000 0.0480
      15   0.00000000   0.04942440   0.12356100 0.0240
      16   0.07413660   0.00000000   0.07413660 0.0240
      17   0.07413660   0.09884880   0.00000000 0.0480
      18   0.00000000   0.07413660   0.12356100 0.0240
      19   0.09884880   0.00000000   0.09884880 0.0240
      20   0.00000000   0.09884880   0.12356100 0.0240
      21   0.00000000   0.12356100   0.12356100 0.0060
      22  -0.02471220   0.02471220   0.02471220 0.0160
      23   0.02471220   0.02471220   0.04942440 0.0480
      24   0.02471220   0.07413660   0.02471220 0.0480
      25   0.02471220   0.09884880   0.02471220 0.0480
      26   0.02471220   0.12356100   0.02471220 0.0240
      27   0.04942440   0.02471220   0.04942440 0.0480
      28   0.04942440   0.07413660   0.02471220 0.0960

K-POINTS DIRECT COORDINATES
 KPOINTS     DIRECT_X     DIRECT_Y     DIRECT_Z WEIGHT
       1   0.00000000   0.00000000   0.00000000 0.0020
       2   0.00000000   0.10000000   0.00000000 0.0120
       3   0.00000000   0.20000000   0.00000000 0.0120
       4   0.00000000   0.30000000   0.00000000 0.0120
       5   0.00000000   0.40000000   0.00000000 0.0120
       6   0.00000000   0.00000000   0.50000000 0.0060
       7   0.10000000   0.00000000   0.10000000 0.0240
       8   0.10000000   0.20000000   0.00000000 0.0480
       9   0.10000000   0.30000000   0.00000000 0.0480
      10   0.10000000   0.40000000   0.00000000 0.0480
      11   0.00000000   0.10000000   0.50000000 0.0240
      12   0.20000000   0.00000000   0.20000000 0.0240
      13   0.20000000   0.30000000   0.00000000 0.0480
      14   0.20000000   0.40000000   0.00000000 0.0480
      15   0.00000000   0.20000000   0.50000000 0.0240
      16   0.30000000   0.00000000   0.30000000 0.0240
      17   0.30000000   0.40000000   0.00000000 0.0480
      18   0.00000000   0.30000000   0.50000000 0.0240
      19   0.40000000   0.00000000   0.40000000 0.0240
      20   0.00000000   0.40000000   0.50000000 0.0240
      21   0.00000000   0.50000000   0.50000000 0.0060
      22  -0.10000000   0.10000000   0.10000000 0.0160
      23   0.10000000   0.10000000   0.20000000 0.0480
      24   0.10000000   0.30000000   0.10000000 0.0480
      25   0.10000000   0.40000000   0.10000000 0.0480
      26   0.10000000   0.50000000   0.10000000 0.0240
      27   0.20000000   0.10000000   0.20000000 0.0480
      28   0.20000000   0.30000000   0.10000000 0.0960
 DONE : INIT K-POINTS Time : 2.13109 (SEC)


 Warning_Memory_Consuming allocated:  PW_B_K::gcar 5.39099 MB




 >>>>>>>>>>>>>>>>>>>>>>>>>>>>>>>>>>>>>>>>>>>>>>>>>>>>>>>>>>>>>>>>>>>>>>
 |                                                                    |
 | Setup plane waves of wave functions:                               |
 | Use the energy cutoff and the lattice vectors to generate the      |
 | dimensions of FFT grid. The number of FFT grid on each processor   |
 | is 'nrxx'. The number of plane wave basis in reciprocal space is   |
 | different for charege/potential and wave functions. We also set    |
 | the 'sticks' for the parallel of FFT. The number of plane wave of  |
 | each k-point is 'npwk[ik]' in each processor                       |
 <<<<<<<<<<<<<<<<<<<<<<<<<<<<<<<<<<<<<<<<<<<<<<<<<<<<<<<<<<<<<<<<<<<<<<





 SETUP PLANE WAVES FOR WAVE FUNCTIONS
     energy cutoff for wavefunc (unit:Ry) = 90
              fft grid for wave functions = [ 54, 54, 54 ]
                    number of plane waves = 10251
                         number of sticks = 577

 PARALLEL PW FOR WAVE FUNCTIONS
     PROC   COLUMNS(POT)             PW
        1            577          10251
 --------------- sum -------------------
        1            577          10251
 DONE : INIT PLANEWAVE Time : 2.15775 (SEC)

                           occupied bands = 22
                                   NBANDS = 32
                                     npwx = 8412

 Warning_Memory_Consuming allocated:  Psi_PW 115.008 MB

 SETUP NONLOCAL PSEUDOPOTENTIALS IN PLANE WAVE BASIS
 Al non-local projectors:
 projector 1 L=0
 projector 2 L=0
 projector 3 L=1
 projector 4 L=1
      TOTAL NUMBER OF NONLOCAL PROJECTORS = 32
 DONE : LOCAL POTENTIAL Time : 2.26331 (SEC)


 Init Non-Local PseudoPotential table : 
 Init Non-Local-Pseudopotential done.
 DONE : NON-LOCAL POTENTIAL Time : 2.30073 (SEC)


 Make real space PAO into reciprocal space.
       max mesh points in Pseudopotential = 601
     dq(describe PAO in reciprocal space) = 0.01
                                    max q = 1905

 number of pseudo atomic orbitals for Al is 0
 DONE : INIT BASIS Time : 2.36133 (SEC)


 -------------------------------------------
 STEP OF RELAXATION : 1
 -------------------------------------------
                                 init_chg = atomic
 DONE : INIT SCF Time : 2.4753 (SEC)


 PW ALGORITHM --------------- ION=   1  ELEC=   1--------------------------------
 Notice: Threshold on eigenvalues was too large.
 hsover_error=0.44 > DRHO=0.064838
 Origin diag_ethr = 0.01
 New    diag_ethr = 0.000147359

 Density error is 0.0672402206048
                          Error Threshold = 0.00014735900356
------------------------------------------------------
  Energy         Rydberg                 eV         
------------------------------------------------------
E_KohnSham      -553.5964835089     -7532.0665684844
E_Harris        -553.6175710537     -7532.3534792496
E_Fermi            0.5782366945         7.8673138379
------------------------------------------------------

 PW ALGORITHM --------------- ION=   1  ELEC=   2--------------------------------

 Density error is 0.0312628392594
                          Error Threshold = 0.000152818683193
------------------------------------------------------
  Energy         Rydberg                 eV         
------------------------------------------------------
E_KohnSham      -553.5778721824     -7531.8133483959
E_Harris        -557.4033344886     -7583.8614332449
E_Fermi            0.5736687205         7.8051633627
------------------------------------------------------

 PW ALGORITHM --------------- ION=   1  ELEC=   3--------------------------------

 Density error is 0.000394754366064
                          Error Threshold = 7.10519074077e-05
------------------------------------------------------
  Energy         Rydberg                 eV         
------------------------------------------------------
E_KohnSham      -553.5836792554     -7531.8923576773
E_Harris        -554.2433895418     -7540.8681766020
E_Fermi            0.5638311675         7.6713165882
------------------------------------------------------

 PW ALGORITHM --------------- ION=   1  ELEC=   4--------------------------------

 Density error is 0.000307146398991
                          Error Threshold = 8.97169013782e-07
------------------------------------------------------
  Energy         Rydberg                 eV         
------------------------------------------------------
E_KohnSham      -553.5844369183     -7531.9026662110
E_Harris        -553.7524771306     -7534.1889705914
E_Fermi            0.5646889005         7.6829866446
------------------------------------------------------

 PW ALGORITHM --------------- ION=   1  ELEC=   5--------------------------------

 Density error is 0.000154303144806
                          Error Threshold = 6.98059997707e-07
------------------------------------------------------
  Energy         Rydberg                 eV         
------------------------------------------------------
E_KohnSham      -553.5843815004     -7531.9019122114
E_Harris        -553.7645057892     -7534.3526288875
E_Fermi            0.5648268734         7.6848638618
------------------------------------------------------

 PW ALGORITHM --------------- ION=   1  ELEC=   6--------------------------------

 Density error is 3.20440909193e-05
                          Error Threshold = 3.50688965468e-07
------------------------------------------------------
  Energy         Rydberg                 eV         
------------------------------------------------------
E_KohnSham      -553.5843887225     -7531.9020104728
E_Harris        -553.5569111216     -7531.5281585337
E_Fermi            0.5640187390         7.6738686294
------------------------------------------------------

 PW ALGORITHM --------------- ION=   1  ELEC=   7--------------------------------

 Density error is 1.99696440871e-05
                          Error Threshold = 7.28274793621e-08
------------------------------------------------------
  Energy         Rydberg                 eV         
------------------------------------------------------
E_KohnSham      -553.5843835790     -7531.9019404923
E_Harris        -553.5217505719     -7531.0497747125
E_Fermi            0.5639698103         7.6732029197
------------------------------------------------------

 PW ALGORITHM --------------- ION=   1  ELEC=   8--------------------------------

 Density error is 1.09310631961e-05
                          Error Threshold = 4.53855547435e-08
------------------------------------------------------
  Energy         Rydberg                 eV         
------------------------------------------------------
E_KohnSham      -553.5843836581     -7531.9019415687
E_Harris        -553.5341019385     -7531.2178236761
E_Fermi            0.5640044991         7.6736748849
------------------------------------------------------

 PW ALGORITHM --------------- ION=   1  ELEC=   9--------------------------------

 Density error is 1.01040206276e-05
                          Error Threshold = 2.48433254457e-08
------------------------------------------------------
  Energy         Rydberg                 eV         
------------------------------------------------------
E_KohnSham      -553.5843769296     -7531.9018500226
E_Harris        -553.5344774820     -7531.2229332079
E_Fermi            0.5639946985         7.6735415416
------------------------------------------------------

 PW ALGORITHM --------------- ION=   1  ELEC=  10--------------------------------

 Density error is 2.69519895588e-07
                          Error Threshold = 2.29636832446e-08
------------------------------------------------------
  Energy         Rydberg                 eV         
------------------------------------------------------
E_KohnSham      -553.5843778744     -7531.9018628764
E_Harris        -553.5667125472     -7531.6615137706
E_Fermi            0.5640485654         7.6742744388
------------------------------------------------------

 PW ALGORITHM --------------- ION=   1  ELEC=  11--------------------------------

 Density error is 4.05538944692e-08
                          Error Threshold = 6.12545217246e-10
------------------------------------------------------
  Energy         Rydberg                 eV         
------------------------------------------------------
E_KohnSham      -553.5843783719     -7531.9018696455
E_Harris        -553.5810428771     -7531.8564879112
E_Fermi            0.5640621880         7.6744597831
------------------------------------------------------

 PW ALGORITHM --------------- ION=   1  ELEC=  12--------------------------------

 Density error is 2.56738375435e-08
                          Error Threshold = 9.21679419755e-11
------------------------------------------------------
  Energy         Rydberg                 eV         
------------------------------------------------------
E_KohnSham      -553.5843783588     -7531.9018694675
E_Harris        -553.5872469825     -7531.9408990952
E_Fermi            0.5640594484         7.6744225096
------------------------------------------------------

 PW ALGORITHM --------------- ION=   1  ELEC=  13--------------------------------

 Density error is 3.31031716378e-09
                          Error Threshold = 5.83496307806e-11
----------------------------------------------------------
    Energy           Rydberg                 eV         
----------------------------------------------------------
E_KohnSham          -553.5843783582     -7531.9018694601
E_KS(sigma->0)      -553.5843423825     -7531.9013799851
E_Harris            -553.5857668795     -7531.9207612609
E_band              -154.3418224202     -2099.9282246186
E_one_elec          -377.6395932836     -5138.0502590590
E_Hartree            152.0058182871      2068.1452578567
E_xc                 -62.0598574705      -844.3676786664
E_Ewald             -265.8906739398     -3617.6282106414
E_entropy(-TS)        -0.0000719515        -0.0009789500
E_descf                0.0000000000         0.0000000000
E_exx                  0.0000000000         0.0000000000
E_Fermi                0.5640568592         7.6743872818
----------------------------------------------------------

 charge density convergence is achieved
 final etot is -7531.9018695 eV
 EFERMI = 7.6743872818 eV

 STATE ENERGY(eV) AND OCCUPATIONS    NSPIN == 1
 1/28 kpoint (Cartesian) = 0.0000 0.0000 0.0000 (8385 pws)
       1       -96.0388     0.00200000
       2       -96.0380     0.00200000
       3       -96.0380     0.00200000
       4       -96.0379     0.00200000
       5       -57.4818     0.00200000
       6       -57.4818     0.00200000
       7       -57.4818     0.00200000
       8       -57.4780     0.00200000
       9       -57.4780     0.00200000
      10       -57.4780     0.00200000
      11       -57.4780     0.00200000
      12       -57.4780     0.00200000
      13       -57.4780     0.00200000
      14       -57.4753     0.00200000
      15       -57.4753     0.00200000
      16       -57.4753     0.00200000
      17       -1.67852     0.00200000
      18        5.45810     0.00200000
      19        5.45810     0.00200000
      20        5.45810     0.00200000
      21        6.07049     0.00200000
      22        6.07050     0.00200000
      23        6.07051     0.00200000
      24        12.2436        0.00000
      25        12.2436        0.00000
      26        12.2436        0.00000
      27        12.2436        0.00000
      28        12.2436        0.00000
      29        12.2436        0.00000
      30        12.9730        0.00000
      31        12.9730        0.00000
      32        12.9730        0.00000

 2/28 kpoint (Cartesian) = 0.0000 0.024712 0.0000 (8353 pws)
       1       -96.0388      0.0120000
       2       -96.0381      0.0120000
       3       -96.0380      0.0120000
       4       -96.0379      0.0120000
       5       -57.4817      0.0120000
       6       -57.4817      0.0120000
       7       -57.4816      0.0120000
       8       -57.4781      0.0120000
       9       -57.4781      0.0120000
      10       -57.4780      0.0120000
      11       -57.4780      0.0120000
      12       -57.4779      0.0120000
      13       -57.4779      0.0120000
      14       -57.4755      0.0120000
      15       -57.4754      0.0120000
      16       -57.4754      0.0120000
      17       -1.60271      0.0120000
      18        4.34199      0.0120000
      19        5.52933      0.0120000
      20        5.52933      0.0120000
      21        6.14298      0.0120000
      22        6.14299      0.0120000
      23        7.31958      0.0120000
      24        11.2054        0.00000
      25        11.2054        0.00000
      26        11.6811        0.00000
      27        11.6812        0.00000
      28        12.3109        0.00000
      29        12.3109        0.00000
      30        13.0478        0.00000
      31        14.1520        0.00000
      32        14.1520        0.00000

 3/28 kpoint (Cartesian) = 0.0000 0.049424 0.0000 (8393 pws)
       1       -96.0387      0.0120000
       2       -96.0381      0.0120000
       3       -96.0380      0.0120000
       4       -96.0379      0.0120000
       5       -57.4814      0.0120000
       6       -57.4814      0.0120000
       7       -57.4811      0.0120000
       8       -57.4784      0.0120000
       9       -57.4784      0.0120000
      10       -57.4780      0.0120000
      11       -57.4780      0.0120000
      12       -57.4777      0.0120000
      13       -57.4777      0.0120000
      14       -57.4759      0.0120000
      15       -57.4756      0.0120000
      16       -57.4756      0.0120000
      17       -1.37549      0.0120000
      18        3.10446      0.0120000
      19        5.74304      0.0120000
      20        5.74304      0.0120000
      21        6.35897      0.0120000
      22        6.35898      0.0120000
      23        8.95402        0.00000
      24        10.0130        0.00000
      25        10.0130        0.00000
      26        10.6814        0.00000
      27        10.6814        0.00000
      28        12.5130        0.00000
      29        12.5130        0.00000
      30        13.2717        0.00000
      31        15.0797        0.00000
      32        15.7659        0.00000

 4/28 kpoint (Cartesian) = 0.0000 0.074137 0.0000 (8389 pws)
       1       -96.0387      0.0120000
       2       -96.0382      0.0120000
       3       -96.0380      0.0120000
       4       -96.0379      0.0120000
       5       -57.4810      0.0120000
       6       -57.4810      0.0120000
       7       -57.4804      0.0120000
       8       -57.4788      0.0120000
       9       -57.4788      0.0120000
      10       -57.4780      0.0120000
      11       -57.4780      0.0120000
      12       -57.4774      0.0120000
      13       -57.4774      0.0120000
      14       -57.4766      0.0120000
      15       -57.4759      0.0120000
      16       -57.4759      0.0120000
      17      -0.997459      0.0120000
      18        1.99690      0.0120000
      19        6.09927      0.0120000
      20        6.09927      0.0120000
      21        6.71233      0.0120000
      22        6.71234      0.0120000
      23        8.94847        0.00000
      24        8.94847        0.00000
      25        9.69297        0.00000
      26        9.69298        0.00000
      27        10.7147        0.00000
      28        12.8497        0.00000
      29        12.8497        0.00000
      30        13.6442        0.00000
      31        15.4403        0.00000
      32        15.5327        0.00000

 5/28 kpoint (Cartesian) = 0.0000 0.098849 0.0000 (8390 pws)
       1       -96.0385      0.0120000
       2       -96.0383      0.0120000
       3       -96.0380      0.0120000
       4       -96.0379      0.0120000
       5       -57.4805      0.0120000
       6       -57.4805      0.0120000
       7       -57.4795      0.0120000
       8       -57.4793      0.0120000
       9       -57.4793      0.0120000
      10       -57.4781      0.0120000
      11       -57.4780      0.0120000
      12       -57.4775      0.0120000
      13       -57.4771      0.0120000
      14       -57.4771      0.0120000
      15       -57.4762      0.0120000
      16       -57.4762      0.0120000
      17      -0.469588      0.0120000
      18        1.02971      0.0120000
      19        6.59808      0.0120000
      20        6.59808      0.0120000
      21        7.17807      0.0120000
      22        7.17809      0.0120000
      23        8.02314        0.00000
      24        8.02314        0.00000
      25        8.83104        0.00000
      26        8.83105        0.00000
      27        12.5696        0.00000
      28        13.3207        0.00000
      29        13.3207        0.00000
      30        14.1636        0.00000
      31        14.6636        0.00000
      32        14.6636        0.00000

 6/28 kpoint (Cartesian) = 0.0000 0.0000 0.12356 (8410 pws)
       1       -96.0384     0.00600000
       2       -96.0384     0.00600000
       3       -96.0380     0.00600000
       4       -96.0380     0.00600000
       5       -57.4799     0.00600000
       6       -57.4799     0.00600000
       7       -57.4799     0.00600000
       8       -57.4799     0.00600000
       9       -57.4786     0.00600000
      10       -57.4785     0.00600000
      11       -57.4780     0.00600000
      12       -57.4780     0.00600000
      13       -57.4767     0.00600000
      14       -57.4767     0.00600000
      15       -57.4766     0.00600000
      16       -57.4766     0.00600000
      17       0.206741     0.00600000
      18       0.206743     0.00600000
      19        7.23943     0.00600000
      20        7.23944     0.00600000
      21        7.23944     0.00600000
      22        7.23944     0.00600000
      23        7.53542     0.00600000
      24        7.53542     0.00600000
      25        8.33987        0.00000
      26        8.33987        0.00000
      27        13.9257        0.00000
      28        13.9257        0.00000
      29        13.9257        0.00000
      30        13.9257        0.00000
      31        14.4436        0.00000
      32        14.4436        0.00000

 7/28 kpoint (Cartesian) = 0.024712 0.0000 0.024712 (8364 pws)
       1       -96.0388      0.0240000
       2       -96.0381      0.0240000
       3       -96.0380      0.0240000
       4       -96.0379      0.0240000
       5       -57.4816      0.0240000
       6       -57.4815      0.0240000
       7       -57.4815      0.0240000
       8       -57.4783      0.0240000
       9       -57.4781      0.0240000
      10       -57.4780      0.0240000
      11       -57.4779      0.0240000
      12       -57.4779      0.0240000
      13       -57.4779      0.0240000
      14       -57.4757      0.0240000
      15       -57.4754      0.0240000
      16       -57.4753      0.0240000
      17       -1.52695      0.0240000
      18        4.41461      0.0240000
      19        4.41461      0.0240000
      20        5.60056      0.0240000
      21        6.21473      0.0240000
      22        7.39017      0.0240000
      23        7.39018      0.0240000
      24        10.1572        0.00000
      25        11.2757        0.00000
      26        11.2757        0.00000
      27        11.7507        0.00000
      28        11.7507        0.00000
      29        12.3777        0.00000
      30        13.8929        0.00000
      31        14.2237        0.00000
      32        14.2237        0.00000

 8/28 kpoint (Cartesian) = 0.024712 0.049424 0.0000 (8393 pws)
       1       -96.0387      0.0480000
       2       -96.0381      0.0480000
       3       -96.0380      0.0480000
       4       -96.0379      0.0480000
       5       -57.4813      0.0480000
       6       -57.4813      0.0480000
       7       -57.4811      0.0480000
       8       -57.4786      0.0480000
       9       -57.4783      0.0480000
      10       -57.4779      0.0480000
      11       -57.4778      0.0480000
      12       -57.4778      0.0480000
      13       -57.4777      0.0480000
      14       -57.4762      0.0480000
      15       -57.4756      0.0480000
      16       -57.4755      0.0480000
      17       -1.29984      0.0480000
      18        3.17784      0.0480000
      19        4.63217      0.0480000
      20        5.81428      0.0480000
      21        6.42717      0.0480000
      22        7.60010      0.0479973
      23        8.98546        0.00000
      24        9.02160        0.00000
      25        10.0839        0.00000
      26        10.7548        0.00000
      27        11.4865        0.00000
      28        11.7799        0.00000
      29        11.9604        0.00000
      30        14.4385        0.00000
      31        14.9790        0.00000
      32        15.6436        0.00000

 9/28 kpoint (Cartesian) = 0.024712 0.074137 0.0000 (8389 pws)
       1       -96.0386      0.0480000
       2       -96.0382      0.0480000
       3       -96.0380      0.0480000
       4       -96.0379      0.0480000
       5       -57.4809      0.0480000
       6       -57.4809      0.0480000
       7       -57.4805      0.0480000
       8       -57.4790      0.0480000
       9       -57.4787      0.0480000
      10       -57.4779      0.0480000
      11       -57.4778      0.0480000
      12       -57.4775      0.0480000
      13       -57.4774      0.0480000
      14       -57.4769      0.0480000
      15       -57.4759      0.0480000
      16       -57.4758      0.0480000
      17      -0.922001      0.0480000
      18        2.07086      0.0480000
      19        4.99371      0.0480000
      20        6.17051      0.0480000
      21        6.76090      0.0480000
      22        7.93901        0.00000
      23        7.95126        0.00000
      24        9.01954        0.00000
      25        9.77615        0.00000
      26        10.7719        0.00000
      27        10.8288        0.00000
      28        11.8375        0.00000
      29        12.3166        0.00000
      30        14.6201        0.00000
      31        14.7960        0.00000
      32        14.9463        0.00000

 10/28 kpoint (Cartesian) = 0.024712 0.098849 0.0000 (8401 pws)
       1       -96.0385      0.0480000
       2       -96.0383      0.0480000
       3       -96.0380      0.0480000
       4       -96.0379      0.0480000
       5       -57.4805      0.0480000
       6       -57.4804      0.0480000
       7       -57.4796      0.0480000
       8       -57.4795      0.0480000
       9       -57.4792      0.0480000
      10       -57.4779      0.0480000
      11       -57.4778      0.0480000
      12       -57.4778      0.0480000
      13       -57.4772      0.0480000
      14       -57.4770      0.0480000
      15       -57.4763      0.0480000
      16       -57.4761      0.0480000
      17      -0.394395      0.0480000
      18        1.10416      0.0480000
      19        5.49690      0.0480000
      20        6.66931      0.0480000
      21        6.83242      0.0480000
      22        7.44874      0.0480000
      23        8.09431        0.00000
      24        8.30862        0.00000
      25        9.00582        0.00000
      26        9.94989        0.00000
      27        12.3279        0.00000
      28        12.4885        0.00000
      29        12.9441        0.00000
      30        13.7219        0.00000
      31        14.0822        0.00000
      32        15.2949        0.00000

 11/28 kpoint (Cartesian) = 0.0000 0.024712 0.12356 (8400 pws)
       1       -96.0384      0.0240000
       2       -96.0384      0.0240000
       3       -96.0380      0.0240000
       4       -96.0380      0.0240000
       5       -57.4800      0.0240000
       6       -57.4800      0.0240000
       7       -57.4798      0.0240000
       8       -57.4798      0.0240000
       9       -57.4787      0.0240000
      10       -57.4787      0.0240000
      11       -57.4779      0.0240000
      12       -57.4779      0.0240000
      13       -57.4767      0.0240000
      14       -57.4767      0.0240000
      15       -57.4766      0.0240000
      16       -57.4766      0.0240000
      17       0.281597      0.0240000
      18       0.281600      0.0240000
      19        6.13411      0.0240000
      20        6.13411      0.0240000
      21        7.31065      0.0240000
      22        7.31066      0.0240000
      23        7.96412        0.00000
      24        7.96412        0.00000
      25        9.21922        0.00000
      26        9.21923        0.00000
      27        12.9567        0.00000
      28        12.9567        0.00000
      29        13.3270        0.00000
      30        13.3270        0.00000
      31        14.6329        0.00000
      32        14.6329        0.00000

 12/28 kpoint (Cartesian) = 0.049424 0.0000 0.049424 (8378 pws)
       1       -96.0387      0.0240000
       2       -96.0381      0.0240000
       3       -96.0380      0.0240000
       4       -96.0380      0.0240000
       5       -57.4811      0.0240000
       6       -57.4810      0.0240000
       7       -57.4810      0.0240000
       8       -57.4790      0.0240000
       9       -57.4781      0.0240000
      10       -57.4781      0.0240000
      11       -57.4777      0.0240000
      12       -57.4777      0.0240000
      13       -57.4777      0.0240000
      14       -57.4768      0.0240000
      15       -57.4758      0.0240000
      16       -57.4755      0.0240000
      17       -1.07309      0.0240000
      18        3.39773      0.0240000
      19        3.39773      0.0240000
      20        6.02800      0.0240000
      21        6.61518      0.0240000
      22        7.82675    2.93099e-17
      23        9.21729        0.00000
      24        9.21729        0.00000
      25        10.2964        0.00000
      26        10.2964        0.00000
      27        10.9811        0.00000
      28        10.9811        0.00000
      29        12.7797        0.00000
      30        14.4456        0.00000
      31        14.5026        0.00000
      32        14.9261        0.00000

 13/28 kpoint (Cartesian) = 0.049424 0.074137 0.0000 (8390 pws)
       1       -96.0386      0.0480000
       2       -96.0381      0.0480000
       3       -96.0381      0.0480000
       4       -96.0380      0.0480000
       5       -57.4808      0.0480000
       6       -57.4806      0.0480000
       7       -57.4805      0.0480000
       8       -57.4794      0.0480000
       9       -57.4785      0.0480000
      10       -57.4778      0.0480000
      11       -57.4776      0.0480000
      12       -57.4775      0.0480000
      13       -57.4775      0.0480000
      14       -57.4773      0.0480000
      15       -57.4761      0.0480000
      16       -57.4756      0.0480000
      17      -0.695821      0.0480000
      18        2.29254      0.0480000
      19        3.76339      0.0480000
      20        6.38423      0.0480000
      21        6.54192      0.0480000
      22        7.19224      0.0480000
      23        9.23272        0.00000
      24        9.44968        0.00000
      25        10.1066        0.00000
      26        10.6504        0.00000
      27        10.8538        0.00000
      28        11.4578        0.00000
      29        12.3254        0.00000
      30        13.4641        0.00000
      31        13.9674        0.00000
      32        15.6045        0.00000

 14/28 kpoint (Cartesian) = 0.049424 0.098849 0.0000 (8391 pws)
       1       -96.0385      0.0480000
       2       -96.0382      0.0480000
       3       -96.0381      0.0480000
       4       -96.0380      0.0480000
       5       -57.4805      0.0480000
       6       -57.4801      0.0480000
       7       -57.4798      0.0480000
       8       -57.4798      0.0480000
       9       -57.4790      0.0480000
      10       -57.4783      0.0480000
      11       -57.4775      0.0480000
      12       -57.4775      0.0480000
      13       -57.4774      0.0480000
      14       -57.4769      0.0480000
      15       -57.4765      0.0480000
      16       -57.4760      0.0480000
      17      -0.169008      0.0480000
      18        1.32731      0.0480000
      19        4.27332      0.0480000
      20        5.70763      0.0480000
      21        6.88302      0.0480000
      22        7.59405      0.0479993
      23        8.30781        0.00000
      24        8.95773        0.00000
      25        10.1900        0.00000
      26        11.1453        0.00000
      27        11.5152        0.00000
      28        11.7025        0.00000
      29        12.5544        0.00000
      30        12.9663        0.00000
      31        13.1026        0.00000
      32        16.7721        0.00000

 15/28 kpoint (Cartesian) = 0.0000 0.049424 0.12356 (8386 pws)
       1       -96.0384      0.0240000
       2       -96.0384      0.0240000
       3       -96.0380      0.0240000
       4       -96.0380      0.0240000
       5       -57.4802      0.0240000
       6       -57.4802      0.0240000
       7       -57.4796      0.0240000
       8       -57.4796      0.0240000
       9       -57.4791      0.0240000
      10       -57.4791      0.0240000
      11       -57.4775      0.0240000
      12       -57.4775      0.0240000
      13       -57.4770      0.0240000
      14       -57.4770      0.0240000
      15       -57.4764      0.0240000
      16       -57.4764      0.0240000
      17       0.505976      0.0240000
      18       0.505978      0.0240000
      19        4.92446      0.0240000
      20        4.92446      0.0240000
      21        7.52430      0.0240000
      22        7.52430      0.0240000
      23        8.21773        0.00000
      24        8.21774        0.00000
      25        10.7790        0.00000
      26        10.7790        0.00000
      27        11.7805        0.00000
      28        11.7805        0.00000
      29        12.3501        0.00000
      30        12.3501        0.00000
      31        14.8787        0.00000
      32        14.8787        0.00000

 16/28 kpoint (Cartesian) = 0.074137 0.0000 0.074137 (8406 pws)
       1       -96.0385      0.0240000
       2       -96.0382      0.0240000
       3       -96.0381      0.0240000
       4       -96.0380      0.0240000
       5       -57.4805      0.0240000
       6       -57.4805      0.0240000
       7       -57.4803      0.0240000
       8       -57.4797      0.0240000
       9       -57.4782      0.0240000
      10       -57.4782      0.0240000
      11       -57.4781      0.0240000
      12       -57.4773      0.0240000
      13       -57.4772      0.0240000
      14       -57.4772      0.0240000
      15       -57.4765      0.0240000
      16       -57.4757      0.0240000
      17      -0.319498      0.0240000
      18        2.66129      0.0240000
      19        2.66130      0.0240000
      20        5.56320      0.0240000
      21        6.74046      0.0240000
      22        7.45597      0.0240000
      23        9.58787        0.00000
      24        9.58788        0.00000
      25        10.2174        0.00000
      26        10.2174        0.00000
      27        11.4513        0.00000
      28        11.4513        0.00000
      29        12.4164        0.00000
      30        13.0048        0.00000
      31        13.4473        0.00000
      32        15.1991        0.00000

 17/28 kpoint (Cartesian) = 0.074137 0.098849 0.0000 (8378 pws)
       1       -96.0384      0.0480000
       2       -96.0382      0.0480000
       3       -96.0381      0.0480000
       4       -96.0380      0.0480000
       5       -57.4804      0.0480000
       6       -57.4801      0.0480000
       7       -57.4801      0.0480000
       8       -57.4798      0.0480000
       9       -57.4788      0.0480000
      10       -57.4787      0.0480000
      11       -57.4778      0.0480000
      12       -57.4771      0.0480000
      13       -57.4771      0.0480000
      14       -57.4769      0.0480000
      15       -57.4767      0.0480000
      16       -57.4759      0.0480000
      17       0.205998      0.0480000
      18        1.69857      0.0480000
      19        3.17597      0.0480000
      20        4.63370      0.0480000
      21        7.23919      0.0480000
      22        7.94721        0.00000
      23        8.66355        0.00000
      24        9.35269        0.00000
      25        10.0847        0.00000
      26        10.7435        0.00000
      27        11.5007        0.00000
      28        11.8978        0.00000
      29        12.1338        0.00000
      30        13.1475        0.00000
      31        13.2806        0.00000
      32        16.4618        0.00000

 18/28 kpoint (Cartesian) = 0.0000 0.074137 0.12356 (8372 pws)
       1       -96.0384      0.0240000
       2       -96.0383      0.0240000
       3       -96.0381      0.0240000
       4       -96.0381      0.0240000
       5       -57.4803      0.0240000
       6       -57.4803      0.0240000
       7       -57.4795      0.0240000
       8       -57.4795      0.0240000
       9       -57.4792      0.0240000
      10       -57.4792      0.0240000
      11       -57.4773      0.0240000
      12       -57.4773      0.0240000
      13       -57.4771      0.0240000
      14       -57.4771      0.0240000
      15       -57.4763      0.0240000
      16       -57.4763      0.0240000
      17       0.879299      0.0240000
      18       0.879302      0.0240000
      19        3.83464      0.0240000
      20        3.83464      0.0240000
      21        7.88033        0.00000
      22        7.88033        0.00000
      23        8.58512        0.00000
      24        8.58512        0.00000
      25        10.7227        0.00000
      26        10.7227        0.00000
      27        11.3776        0.00000
      28        11.3776        0.00000
      29        12.4874        0.00000
      30        12.4874        0.00000
      31        15.1984        0.00000
      32        15.1984        0.00000

 19/28 kpoint (Cartesian) = 0.098849 0.0000 0.098849 (8382 pws)
       1       -96.0384      0.0240000
       2       -96.0382      0.0240000
       3       -96.0381      0.0240000
       4       -96.0381      0.0240000
       5       -57.4803      0.0240000
       6       -57.4802      0.0240000
       7       -57.4802      0.0240000
       8       -57.4794      0.0240000
       9       -57.4793      0.0240000
      10       -57.4783      0.0240000
      11       -57.4782      0.0240000
      12       -57.4773      0.0240000
      13       -57.4769      0.0240000
      14       -57.4767      0.0240000
      15       -57.4766      0.0240000
      16       -57.4760      0.0240000
      17       0.729658      0.0240000
      18        2.21691      0.0240000
      19        2.21692      0.0240000
      20        3.68778      0.0240000
      21        7.73780    1.17942e-05
      22        8.44835        0.00000
      23        9.16135        0.00000
      24        9.16135        0.00000
      25        9.85846        0.00000
      26        9.85846        0.00000
      27        10.5812        0.00000
      28        11.2557        0.00000
      29        13.7256        0.00000
      30        13.7256        0.00000
      31        14.3750        0.00000
      32        16.2156        0.00000

 20/28 kpoint (Cartesian) = 0.0000 0.098849 0.12356 (8378 pws)
       1       -96.0383      0.0240000
       2       -96.0383      0.0240000
       3       -96.0381      0.0240000
       4       -96.0381      0.0240000
       5       -57.4803      0.0240000
       6       -57.4803      0.0240000
       7       -57.4799      0.0240000
       8       -57.4799      0.0240000
       9       -57.4788      0.0240000
      10       -57.4788      0.0240000
      11       -57.4778      0.0240000
      12       -57.4778      0.0240000
      13       -57.4767      0.0240000
      14       -57.4767      0.0240000
      15       -57.4763      0.0240000
      16       -57.4763      0.0240000
      17        1.40059      0.0240000
      18        1.40059      0.0240000
      19        2.88078      0.0240000
      20        2.88078      0.0240000
      21        8.37866        0.00000
      22        8.37866        0.00000
      23        9.08830        0.00000
      24        9.08830        0.00000
      25        9.80084        0.00000
      26        9.80084        0.00000
      27        10.4937        0.00000
      28        10.4937        0.00000
      29        14.2329        0.00000
      30        14.2329        0.00000
      31        15.5583        0.00000
      32        15.5583        0.00000

 21/28 kpoint (Cartesian) = 0.0000 0.12356 0.12356 (8396 pws)
       1       -96.0383     0.00600000
       2       -96.0382     0.00600000
       3       -96.0382     0.00600000
       4       -96.0381     0.00600000
       5       -57.4802     0.00600000
       6       -57.4802     0.00600000
       7       -57.4801     0.00600000
       8       -57.4801     0.00600000
       9       -57.4783     0.00600000
      10       -57.4783     0.00600000
      11       -57.4783     0.00600000
      12       -57.4782     0.00600000
      13       -57.4764     0.00600000
      14       -57.4764     0.00600000
      15       -57.4764     0.00600000
      16       -57.4764     0.00600000
      17        2.06841     0.00600000
      18        2.06842     0.00600000
      19        2.06843     0.00600000
      20        2.06843     0.00600000
      21        9.01902        0.00000
      22        9.01903        0.00000
      23        9.01903        0.00000
      24        9.01903        0.00000
      25        9.72648        0.00000
      26        9.72648        0.00000
      27        9.72649        0.00000
      28        9.72649        0.00000
      29        15.5468        0.00000
      30        15.5468        0.00000
      31        15.5468        0.00000
      32        15.5468        0.00000

 22/28 kpoint (Cartesian) = -0.024712 0.024712 0.024712 (8376 pws)
       1       -96.0388      0.0160000
       2       -96.0381      0.0160000
       3       -96.0380      0.0160000
       4       -96.0379      0.0160000
       5       -57.4815      0.0160000
       6       -57.4814      0.0160000
       7       -57.4814      0.0160000
       8       -57.4782      0.0160000
       9       -57.4782      0.0160000
      10       -57.4782      0.0160000
      11       -57.4779      0.0160000
      12       -57.4779      0.0160000
      13       -57.4778      0.0160000
      14       -57.4759      0.0160000
      15       -57.4754      0.0160000
      16       -57.4754      0.0160000
      17       -1.45122      0.0160000
      18        4.48710      0.0160000
      19        4.48710      0.0160000
      20        4.48710      0.0160000
      21        7.45970      0.0160000
      22        7.45970      0.0160000
      23        7.45971      0.0160000
      24        10.2295        0.00000
      25        10.2295        0.00000
      26        10.2295        0.00000
      27        12.4451        0.00000
      28        12.4451        0.00000
      29        12.4451        0.00000
      30        13.9665        0.00000
      31        13.9665        0.00000
      32        13.9665        0.00000

 23/28 kpoint (Cartesian) = 0.024712 0.024712 0.049424 (8392 pws)
       1       -96.0387      0.0480000
       2       -96.0381      0.0480000
       3       -96.0380      0.0480000
       4       -96.0380      0.0480000
       5       -57.4812      0.0480000
       6       -57.4812      0.0480000
       7       -57.4811      0.0480000
       8       -57.4785      0.0480000
       9       -57.4785      0.0480000
      10       -57.4780      0.0480000
      11       -57.4778      0.0480000
      12       -57.4778      0.0480000
      13       -57.4777      0.0480000
      14       -57.4765      0.0480000
      15       -57.4756      0.0480000
      16       -57.4755      0.0480000
      17       -1.22424      0.0480000
      18        3.25113      0.0480000
      19        4.70421      0.0480000
      20        4.70421      0.0480000
      21        7.66231      0.0352761
      22        7.66231      0.0352750
      23        9.06416        0.00000
      24        9.06416        0.00000
      25        9.08418        0.00000
      26        10.4503        0.00000
      27        11.8498        0.00000
      28        11.8498        0.00000
      29        12.6471        0.00000
      30        14.1874        0.00000
      31        14.5761        0.00000
      32        15.0502        0.00000

 24/28 kpoint (Cartesian) = 0.024712 0.074137 0.024712 (8396 pws)
       1       -96.0386      0.0480000
       2       -96.0382      0.0480000
       3       -96.0380      0.0480000
       4       -96.0380      0.0480000
       5       -57.4809      0.0480000
       6       -57.4809      0.0480000
       7       -57.4805      0.0480000
       8       -57.4789      0.0480000
       9       -57.4788      0.0480000
      10       -57.4778      0.0480000
      11       -57.4777      0.0480000
      12       -57.4776      0.0480000
      13       -57.4774      0.0480000
      14       -57.4772      0.0480000
      15       -57.4759      0.0480000
      16       -57.4758      0.0480000
      17      -0.846584      0.0480000
      18        2.14475      0.0480000
      19        5.06444      0.0480000
      20        5.06445      0.0480000
      21        7.81790    2.10232e-15
      22        7.81790    2.09965e-15
      23        8.20225        0.00000
      24        8.20225        0.00000
      25        10.6563        0.00000
      26        10.9019        0.00000
      27        10.9019        0.00000
      28        10.9916        0.00000
      29        12.9836        0.00000
      30        13.5584        0.00000
      31        14.5564        0.00000
      32        15.6620        0.00000

 25/28 kpoint (Cartesian) = 0.024712 0.098849 0.024712 (8404 pws)
       1       -96.0385      0.0480000
       2       -96.0383      0.0480000
       3       -96.0381      0.0480000
       4       -96.0380      0.0480000
       5       -57.4805      0.0480000
       6       -57.4805      0.0480000
       7       -57.4797      0.0480000
       8       -57.4793      0.0480000
       9       -57.4793      0.0480000
      10       -57.4780      0.0480000
      11       -57.4778      0.0480000
      12       -57.4777      0.0480000
      13       -57.4771      0.0480000
      14       -57.4770      0.0480000
      15       -57.4762      0.0480000
      16       -57.4762      0.0480000
      17      -0.319245      0.0480000
      18        1.17856      0.0480000
      19        5.56207      0.0480000
      20        5.56208      0.0480000
      21        7.03012      0.0480000
      22        7.03012      0.0480000
      23        8.55076        0.00000
      24        8.55077        0.00000
      25        10.0324        0.00000
      26        10.0324        0.00000
      27        11.2559        0.00000
      28        12.6615        0.00000
      29        12.7406        0.00000
      30        13.4543        0.00000
      31        14.7953        0.00000
      32        15.0797        0.00000

 26/28 kpoint (Cartesian) = 0.024712 0.12356 0.024712 (8412 pws)
       1       -96.0384      0.0240000
       2       -96.0383      0.0240000
       3       -96.0381      0.0240000
       4       -96.0380      0.0240000
       5       -57.4802      0.0240000
       6       -57.4802      0.0240000
       7       -57.4796      0.0240000
       8       -57.4795      0.0240000
       9       -57.4789      0.0240000
      10       -57.4789      0.0240000
      11       -57.4778      0.0240000
      12       -57.4777      0.0240000
      13       -57.4767      0.0240000
      14       -57.4767      0.0240000
      15       -57.4766      0.0240000
      16       -57.4766      0.0240000
      17       0.356402      0.0240000
      18       0.356413      0.0240000
      19        6.06360      0.0240000
      20        6.06361      0.0240000
      21        6.39460      0.0240000
      22        6.39461      0.0240000
      23        8.97891        0.00000
      24        8.97892        0.00000
      25        9.46461        0.00000
      26        9.46462        0.00000
      27        11.8938        0.00000
      28        11.8938        0.00000
      29        14.0586        0.00000
      30        14.0586        0.00000
      31        14.5972        0.00000
      32        14.5972        0.00000

 27/28 kpoint (Cartesian) = 0.049424 0.024712 0.049424 (8401 pws)
       1       -96.0387      0.0480000
       2       -96.0381      0.0480000
       3       -96.0380      0.0480000
       4       -96.0380      0.0480000
       5       -57.4810      0.0480000
       6       -57.4810      0.0480000
       7       -57.4810      0.0480000
       8       -57.4788      0.0480000
       9       -57.4782      0.0480000
      10       -57.4782      0.0480000
      11       -57.4776      0.0480000
      12       -57.4776      0.0480000
      13       -57.4776      0.0480000
      14       -57.4770      0.0480000
      15       -57.4757      0.0480000
      16       -57.4755      0.0480000
      17      -0.997601      0.0480000
      18        3.47072      0.0480000
      19        3.47073      0.0480000
      20        4.91941      0.0480000
      21        7.67488      0.0235064
      22        8.07996        0.00000
      23        9.10718        0.00000
      24        9.10718        0.00000
      25        9.46123        0.00000
      26        9.46124        0.00000
      27        12.0605        0.00000
      28        12.0605        0.00000
      29        12.8469        0.00000
      30        13.4403        0.00000
      31        14.5186        0.00000
      32        15.2634        0.00000

 28/28 kpoint (Cartesian) = 0.049424 0.074137 0.024712 (8388 pws)
       1       -96.0386      0.0960000
       2       -96.0381      0.0960000
       3       -96.0381      0.0960000
       4       -96.0380      0.0960000
       5       -57.4808      0.0960000
       6       -57.4808      0.0960000
       7       -57.4805      0.0960000
       8       -57.4791      0.0960000
       9       -57.4785      0.0960000
      10       -57.4778      0.0960000
      11       -57.4777      0.0960000
      12       -57.4775      0.0960000
      13       -57.4775      0.0960000
      14       -57.4773      0.0960000
      15       -57.4760      0.0960000
      16       -57.4757      0.0960000
      17      -0.620528      0.0960000
      18        2.36622      0.0960000
      19        3.83572      0.0960000
      20        5.27200      0.0960000
      21        6.75614      0.0960000
      22        8.16966        0.00000
      23        8.29402        0.00000
      24        9.58753        0.00000
      25        9.67624        0.00000
      26        11.0843        0.00000
      27        11.1275        0.00000
      28        12.3951        0.00000
      29        12.4102        0.00000
      30        12.4187        0.00000
      31        15.0673        0.00000
      32        15.6183        0.00000



------------------------------------------------------------------------------------------
TOTAL-FORCE (eV/Angstrom)                                                               
------------------------------------------------------------------------------------------
Al1                               0.0000000000         0.0000000000         0.0000000000
Al2                               0.0000000000         0.0000000000         0.0000000000
Al3                               0.0000000000         0.0000000000         0.0000000000
Al4                               0.0000000000         0.0000000000         0.0000000000
------------------------------------------------------------------------------------------
----------------------------------------------------------------
TOTAL-STRESS (KBAR)                                           
----------------------------------------------------------------
     -107.1482383643        -0.0000000000        -0.0000000000
       -0.0000000000      -107.1482383643         0.0000000000
       -0.0000000000         0.0000000000      -107.1482383643
----------------------------------------------------------------
 TOTAL-PRESSURE: -107.148238 KBAR


 Largest gradient in stress is 0.000000

 Threshold is = 0.100000

 Relaxation is converged!


 --------------------------------------------
 !FINAL_ETOT_IS -7531.9018694600699746 eV
 --------------------------------------------


TIME STATISTICS
-------------------------------------------------------------------------------------
     CLASS_NAME                 NAME             TIME(Sec)  CALLS   AVG(Sec) PER(%)
-------------------------------------------------------------------------------------
                     total                        27.05          17   1.59   100.00
Driver               reading                       0.31           1   0.31     1.16
Input                Init                          0.01           1   0.01     0.03
Input_Conv           Convert                       0.29           1   0.29     1.07
Driver               driver_line                  26.74           1  26.74    98.84
UnitCell             check_tau                     0.00           1   0.00     0.00
PW_Basis_Sup         setuptransform                0.02           1   0.02     0.07
PW_Basis_Sup         distributeg                   0.00           1   0.00     0.00
mymath               heapsort                      0.01         453   0.00     0.03
Symmetry             analy_sys                     0.00           1   0.00     0.00
PW_Basis_K           setuptransform                0.02           1   0.02     0.06
PW_Basis_K           distributeg                   0.00           1   0.00     0.00
PW_Basis             setup_struc_factor            0.01           1   0.01     0.02
ppcell_vnl           init                          0.00           1   0.00     0.01
ppcell_vl            init_vloc                     0.00           1   0.00     0.01
ppcell_vnl           init_vnl                      0.04           1   0.04     0.14
WF_atomic            init_at_1                     0.00           1   0.00     0.00
wavefunc             wfcinit                       0.00           1   0.00     0.01
Ions                 opt_ions                     24.68           1  24.68    91.22
ESolver_KS_PW        run                          23.65           1  23.65    87.44
H_Ewald_pw           compute_ewald                 0.00           1   0.00     0.00
Charge               set_rho_core                  0.00           1   0.00     0.00
Charge               atomic_rho                    0.02           2   0.01     0.07
PW_Basis_Sup         recip2real                    0.32         103   0.00     1.18
PW_Basis_Sup         gathers_scatterp              0.03         103   0.00     0.12
Potential            init_pot                      0.08           1   0.08     0.30
Potential            update_from_charge            1.06          14   0.08     3.93
Potential            cal_fixed_v                   0.00           1   0.00     0.01
PotLocal             cal_fixed_v                   0.00           1   0.00     0.01
Potential            cal_v_eff                     1.05          14   0.07     3.88
H_Hartree_pw         v_hartree                     0.12          14   0.01     0.43
PW_Basis_Sup         real2recip                    0.39         133   0.00     1.45
PW_Basis_Sup         gatherp_scatters              0.02         133   0.00     0.09
PotXC                cal_v_eff                     0.92          14   0.07     3.42
XC_Functional        v_xc                          0.92          14   0.07     3.41
Potential            interpolate_vrs               0.00          14   0.00     0.02
Symmetry             rhog_symmetry                 0.15          15   0.01     0.57
Symmetry             group fft grids               0.03          15   0.00     0.12
Charge_Mixing        init_mixing                   0.00           1   0.00     0.00
ESolver_KS_PW        hamilt2density               22.05          14   1.57    81.51
HSolverPW            solve                        21.76          14   1.55    80.45
Nonlocal             getvnl                        0.20         392   0.00     0.74
pp_cell_vnl          getvnl                        0.23         448   0.00     0.85
Structure_Factor     get_sk                        0.10        1008   0.00     0.38
WF_atomic            atomic_wfc                    0.02          28   0.00     0.07
DiagoIterAssist      diagH_subspace_init           0.91          28   0.03     3.37
Operator             hPsi                          7.90       41407   0.00    29.22
Operator             EkineticPW                    0.50       41407   0.00     1.83
Operator             VeffPW                        6.36       41407   0.00    23.51
PW_Basis_K           recip_to_real gpu             3.80       65235   0.00    14.03
PW_Basis_K           real_to_recip gpu             2.89       52691   0.00    10.67
Operator             NonlocalPW                    1.02       41407   0.00     3.78
Nonlocal             add_nonlocal_pp               0.61       41407   0.00     2.25
DiagoIterAssist      diagH_LAPACK                  0.60         364   0.00     2.24
DiagoCG              diag_once                    12.35         392   0.03    45.66
DiagoCG_New          spsi_func                     0.29       82086   0.00     1.08
DiagoCG_New          hpsi_func                     6.53       41043   0.00    24.13
ElecStatePW          psiToRho                      0.85          14   0.06     3.14
Charge               rho_mpi                       0.01          14   0.00     0.05
Charge               reduce_diff_pools             0.01          14   0.00     0.05
Charge_Mixing        get_drho                      0.09          14   0.01     0.33
Charge_Mixing        inner_product_recip_rho       0.00          14   0.00     0.01
Charge               mix_rho                       0.10          12   0.01     0.38
Charge               Pulay_mixing                  0.02          12   0.00     0.06
Charge_Mixing        inner_product_recip_hartree   0.02          68   0.00     0.06
DiagoIterAssist      diagH_subspace                2.83         336   0.01    10.47
Forces               cal_force_loc                 0.01           1   0.01     0.03
Forces               cal_force_ew                  0.01           1   0.01     0.02
Forces               cal_force_nl                  0.03           1   0.03     0.11
Forces               cal_force_cc                  0.00           1   0.00     0.00
Forces               cal_force_scc                 0.01           1   0.01     0.04
Stress_PW            cal_stress                    0.97           1   0.97     3.57
Stress_Func          stress_kin                    0.06           1   0.06     0.22
Stress_Func          stress_har                    0.00           1   0.00     0.02
Stress_Func          stress_ewa                    0.01           1   0.01     0.02
Stress_Func          stress_gga                    0.04           1   0.04     0.14
Stress_Func          stress_loc                    0.01           1   0.01     0.04
Stress_Func          stress_cc                     0.00           1   0.00     0.00
Stress_Func          stress_nl                     0.84           1   0.84     3.12
ModuleIO             write_istate_info             0.00           1   0.00     0.01
-------------------------------------------------------------------------------------

 NAME-------------------------|MEMORY(MB)--------
                         total       280.8163
                        Psi_PW       230.9453
                  PW_B_K::gcar        10.8256
                     FFT::grid         9.6108
                      VNL::vkb         4.1240
                   PW_B_K::gk2         3.6085
                      Chg::rho         2.4027
                 Chg::rho_save         2.4027
                 Chg::rho_core         2.4027
                 Pot::veff_fix         2.4027
                     Pot::veff         2.4027
              Pot::veff_smooth         2.4027
                  SF::strucFac         2.0533
               PW_B_K::ig2ixyz         1.8043
                     Chg::rhog         1.0267
                Chg::rhog_save         1.0267
                Chg::rhog_core         1.0267
 -------------   < 1.0 MB has been ignored ----------------
 ----------------------------------------------------------

 Start  Time  : Thu May 23 17:28:05 2024
 Finish Time  : Thu May 23 17:28:33 2024
 Total  Time  : 0 h 0 mins 28 secs 
