                                                                                     
                              ABACUS v3.6.3

               Atomic-orbital Based Ab-initio Computation at UStc                    

                     Website: http://abacus.ustc.edu.cn/                             
               Documentation: https://abacus.deepmodeling.com/                       
                  Repository: https://github.com/abacusmodeling/abacus-develop       
                              https://github.com/deepmodeling/abacus-develop         
                      Commit: f9124675f (Wed May 22 09:49:08 2024 +0800)

    Start Time is Thu May 23 17:24:55 2024
                                                                                     
 ------------------------------------------------------------------------------------

 READING GENERAL INFORMATION
                           global_out_dir = OUT.ABACUS/
                           global_in_card = INPUT
                               pseudo_dir = 
                              orbital_dir = 
                                    DRANK = 1
                                    DSIZE = 2
                                   DCOLOR = 1
                                    GRANK = 1
                                    GSIZE = 1
 The esolver type has been set to : ksdft_pw

 RUNNING WITH DEVICE  : GPU / NVIDIA GeForce RTX 4090




 >>>>>>>>>>>>>>>>>>>>>>>>>>>>>>>>>>>>>>>>>>>>>>>>>>>>>>>>>>>>>>>>>>>>>>
 |                                                                    |
 | Reading atom information in unitcell:                              |
 | From the input file and the structure file we know the number of   |
 | different elments in this unitcell, then we list the detail        |
 | information for each element, especially the zeta and polar atomic |
 | orbital number for each element. The total atom number is counted. |
 | We calculate the nearest atom distance for each atom and show the  |
 | Cartesian and Direct coordinates for each atom. We list the file   |
 | address for atomic orbitals. The volume and the lattice vectors    |
 | in real and reciprocal space is also shown.                        |
 |                                                                    |
 <<<<<<<<<<<<<<<<<<<<<<<<<<<<<<<<<<<<<<<<<<<<<<<<<<<<<<<<<<<<<<<<<<<<<<




 READING UNITCELL INFORMATION
                                    ntype = 1
                  lattice constant (Bohr) = 1.88973
              lattice constant (Angstrom) = 1

 READING ATOM TYPE 1
                               atom label = Al
                      L=0, number of zeta = 1
                      L=1, number of zeta = 1
                      L=2, number of zeta = 1
             number of atom for this type = 4

                        TOTAL ATOM NUMBER = 4
DIRECT COORDINATES
   atom           x                y                z           mag          vx               vy               vz       
taud_Al1       0.0000000000     0.0000000000     0.0000000000 +0.0000     0.0000000000     0.0000000000     0.0000000000
taud_Al2       0.0000000000     0.5000000000     0.5000000000 +0.0000     0.0000000000     0.0000000000     0.0000000000
taud_Al3       0.5000000000     0.0000000000     0.5000000000 +0.0000     0.0000000000     0.0000000000     0.0000000000
taud_Al4       0.5000000000     0.5000000000     0.0000000000 +0.0000     0.0000000000     0.0000000000     0.0000000000


                          Volume (Bohr^3) = 447.159
                             Volume (A^3) = 66.2621

 Lattice vectors: (Cartesian coordinate: in unit of a_0)
             +4.04658                  -0                  +0
                   -0            +4.04658                  -0
                   +0                  -0            +4.04658
 Reciprocal vectors: (Cartesian coordinate: in unit of 2 pi/a_0)
            +0.247122                  -0                  +0
                   -0           +0.247122                  -0
                   +0                  -0           +0.247122




 >>>>>>>>>>>>>>>>>>>>>>>>>>>>>>>>>>>>>>>>>>>>>>>>>>>>>>>>>>>>>>>>>>>>>>
 |                                                                    |
 | Reading pseudopotentials files:                                    |
 | The pseudopotential file is in UPF format. The 'NC' indicates that |
 | the type of pseudopotential is 'norm conserving'. Functional of    |
 | exchange and correlation is decided by 4 given parameters in UPF   |
 | file.  We also read in the 'core correction' if there exists.      |
 | Also we can read the valence electrons number and the maximal      |
 | angular momentum used in this pseudopotential. We also read in the |
 | trail wave function, trail atomic density and local-pseudopotential|
 | on logrithmic grid. The non-local pseudopotential projector is also|
 | read in if there is any.                                           |
 |                                                                    |
 <<<<<<<<<<<<<<<<<<<<<<<<<<<<<<<<<<<<<<<<<<<<<<<<<<<<<<<<<<<<<<<<<<<<<<




                PAO radial cut off (Bohr) = 15

 Read in pseudopotential file is pp_orb/Al_ONCV_PBE-1.0.upf
                     pseudopotential type = NC
          exchange-correlation functional = PBE
                 nonlocal core correction = 0
                        valence electrons = 11
                                     lmax = 1
                           number of zeta = 0
                     number of projectors = 4
                           L of projector = 0
                           L of projector = 0
                           L of projector = 1
                           L of projector = 1
     initial pseudo atomic orbital number = 0
                                   NLOCAL = 36

%%%%%%%%%%%%%%%%%%%%%%%%%%%%%%%%%%%%%%%%%%%%%%%%%%%%%%%%%%%%%%%%%%%%%%%%%%%%%%%%%%%%%%%%%%%%%%%%%%%%%%%%%%
 Warning: the number of valence electrons in pseudopotential > 3 for Al: [Ne] 3s2 3p1
 Pseudopotentials with additional electrons can yield (more) accurate outcomes, but may be less efficient.
 If you're confident that your chosen pseudopotential is appropriate, you can safely ignore this warning.
%%%%%%%%%%%%%%%%%%%%%%%%%%%%%%%%%%%%%%%%%%%%%%%%%%%%%%%%%%%%%%%%%%%%%%%%%%%%%%%%%%%%%%%%%%%%%%%%%%%%%%%%%%
                  




 >>>>>>>>>>>>>>>>>>>>>>>>>>>>>>>>>>>>>>>>>>>>>>>>>>>>>>>>>>>>>>>>>>>>>>
 |                                                                    |
 | Setup plane waves of charge/potential:                             |
 | Use the energy cutoff and the lattice vectors to generate the      |
 | dimensions of FFT grid. The number of FFT grid on each processor   |
 | is 'nrxx'. The number of plane wave basis in reciprocal space is   |
 | different for charege/potential and wave functions. We also set    |
 | the 'sticks' for the parallel of FFT. The number of plane waves    |
 | is 'npw' in each processor.                                        |
 <<<<<<<<<<<<<<<<<<<<<<<<<<<<<<<<<<<<<<<<<<<<<<<<<<<<<<<<<<<<<<<<<<<<<<





 SETUP THE PLANE WAVE BASIS
 energy cutoff for charge/potential (unit:Ry) = 360
            fft grid for charge/potential = [ 48, 48, 48 ]
                        fft grid division = [ 1, 1, 1 ]
        big fft grid for charge/potential = [ 48, 48, 48 ]
                                     nbxx = 110592
                                     nrxx = 110592

 SETUP PLANE WAVES FOR CHARGE/POTENTIAL
                    number of plane waves = 51627
                         number of sticks = 1685

 PARALLEL PW FOR CHARGE/POTENTIAL
     PROC   COLUMNS(POT)             PW
        1           1685          51627
 --------------- sum -------------------
        1           1685          51627
                            number of |g| = 447
                                  max |g| = 32.5499
                                  min |g| = 0

----------- Double Check Mixing Parameters Begin ------------
mixing_type: pulay
mixing_beta: 0.3
mixing_gg0: 1
mixing_gg0_min: 0.1
mixing_ndim: 8
----------- Double Check Mixing Parameters End ------------

 SETUP THE ELECTRONS NUMBER
            electron number of element Al = 11
      total electron number of element Al = 44
            AUTOSET number of electrons:  = 44
 DONE : SETUP UNITCELL Time : 2.01287 (SEC)





 >>>>>>>>>>>>>>>>>>>>>>>>>>>>>>>>>>>>>>>>>>>>>>>>>>>>>>>>>>>>>>>>>>>>>>
 |                                                                    |
 | Doing symmetry analysis:                                           |
 | We calculate the norm of 3 vectors and the angles between them,    |
 | the type of Bravais lattice is given. We can judge if the unticell |
 | is a primitive cell. Finally we give the point group operation for |
 | this unitcell. We use the point group operations to do symmetry |
 | analysis on given k-point mesh and the charge density.             |
 |                                                                    |
 <<<<<<<<<<<<<<<<<<<<<<<<<<<<<<<<<<<<<<<<<<<<<<<<<<<<<<<<<<<<<<<<<<<<<<




 LATTICE VECTORS: (CARTESIAN COORDINATE: IN UNIT OF A0)
             +4.04658                  -0                  +0
                   -0            +4.04658                  -0
                   +0                  -0            +4.04658
                       right hand lattice = 1
                                   NORM_A = 4.04658
                                   NORM_B = 4.04658
                                   NORM_C = 4.04658
                           ALPHA (DEGREE) = 90
                           BETA  (DEGREE) = 90
                           GAMMA (DEGREE) = 90

 The lattice vectors have been changed (STRU_SIMPLE.cif)

(for optimal symmetric configuration:)
                             BRAVAIS TYPE = 1
                     BRAVAIS LATTICE NAME = 01. Cubic P (simple)
                                    ibrav = 1
                                    IBRAV = 1
                                  BRAVAIS = SIMPLE CUBIC
                       LATTICE CONSTANT A = 4.04658
                       right hand lattice = 1
(for primitive cell:)
                                    IBRAV = 3
                                  BRAVAIS = FACE CENTERED CUBIC
                       LATTICE CONSTANT A = 4.04658
optimized lattice volume: 66.2622
optimized primitive cell volume: 16.5655
Original cell was built up by 4 primitive cells.
                        ROTATION MATRICES = 48
              PURE POINT GROUP OPERATIONS = 48
                   SPACE GROUP OPERATIONS = 48
                              POINT GROUP = O_h
               POINT GROUP IN SPACE GROUP = O_h
 DONE : SYMMETRY Time : 2.06529 (SEC)





 >>>>>>>>>>>>>>>>>>>>>>>>>>>>>>>>>>>>>>>>>>>>>>>>>>>>>>>>>>>>>>>>>>>>>>
 |                                                                    |
 | Setup K-points                                                     |
 | We setup the k-points according to input parameters.               |
 | The reduced k-points are set according to symmetry operations.     |
 | We treat the spin as another set of k-points.                      |
 |                                                                    |
 <<<<<<<<<<<<<<<<<<<<<<<<<<<<<<<<<<<<<<<<<<<<<<<<<<<<<<<<<<<<<<<<<<<<<<





 SETUP K-POINTS
                                    nspin = 1
                   Input type of k points = Monkhorst-Pack(Gamma)
                                   nkstot = 1331
                       right hand lattice = 1
(for reciprocal lattice: )
                             BRAVAIS TYPE = 1
                     BRAVAIS LATTICE NAME = 01. Cubic P (simple)
                                    ibrav = 1
                       right hand lattice = 1
(for k-lattice: )
                             BRAVAIS TYPE = 1
                     BRAVAIS LATTICE NAME = 01. Cubic P (simple)
                                    ibrav = 1
                       right hand lattice = 1
                        ROTATION MATRICES = 48
                               nkstot_ibz = 56
K-POINTS REDUCTION ACCORDING TO SYMMETRY
     IBZ     DIRECT_X     DIRECT_Y     DIRECT_Z WEIGHT ibz2bz
       1   0.00000000   0.00000000   0.00000000 0.0008 0     
       2   0.00000000   0.09090909   0.00000000 0.0045 1     
       3   0.00000000   0.18181818   0.00000000 0.0045 2     
       4   0.00000000   0.27272727   0.00000000 0.0045 3     
       5   0.00000000   0.36363636   0.00000000 0.0045 4     
       6   0.00000000   0.45454545   0.00000000 0.0045 5     
       7   0.09090909   0.00000000   0.09090909 0.0090 12    
       8   0.09090909   0.18181818   0.00000000 0.0180 13    
       9   0.09090909   0.27272727   0.00000000 0.0180 14    
      10   0.09090909   0.36363636   0.00000000 0.0180 15    
      11   0.09090909   0.45454545   0.00000000 0.0180 16    
      12   0.18181818   0.00000000   0.18181818 0.0090 24    
      13   0.18181818   0.27272727   0.00000000 0.0180 25    
      14   0.18181818   0.36363636   0.00000000 0.0180 26    
      15   0.18181818   0.45454545   0.00000000 0.0180 27    
      16   0.27272727   0.00000000   0.27272727 0.0090 36    
      17   0.27272727   0.36363636   0.00000000 0.0180 37    
      18   0.27272727   0.45454545   0.00000000 0.0180 38    
      19   0.36363636   0.00000000   0.36363636 0.0090 48    
      20   0.36363636   0.45454545   0.00000000 0.0180 49    
      21   0.45454545   0.00000000   0.45454545 0.0090 60    
      22  -0.09090909   0.09090909   0.09090909 0.0060 133   
      23   0.09090909   0.18181818   0.09090909 0.0180 134   
      24   0.09090909   0.09090909   0.27272727 0.0180 135   
      25   0.09090909   0.36363636   0.09090909 0.0180 136   
      26   0.09090909   0.45454545   0.09090909 0.0180 137   
      27   0.18181818   0.09090909   0.18181818 0.0180 145   
      28   0.18181818   0.27272727   0.09090909 0.0361 146   
      29   0.18181818   0.36363636   0.09090909 0.0361 147   
      30   0.18181818   0.45454545   0.09090909 0.0361 148   
      31   0.27272727   0.09090909   0.27272727 0.0180 157   
      32   0.27272727   0.36363636   0.09090909 0.0361 158   
      33   0.27272727   0.45454545   0.09090909 0.0361 159   
      34   0.36363636   0.09090909   0.36363636 0.0180 169   
      35   0.36363636   0.45454545   0.09090909 0.0361 170   
      36   0.45454545   0.09090909   0.45454545 0.0180 181   
      37  -0.18181818   0.18181818   0.18181818 0.0060 266   
      38   0.18181818   0.27272727   0.18181818 0.0180 267   
      39   0.18181818   0.36363636   0.18181818 0.0180 268   
      40   0.18181818   0.45454545   0.18181818 0.0180 269   
      41   0.27272727   0.18181818   0.27272727 0.0180 278   
      42   0.27272727   0.36363636   0.18181818 0.0361 279   
      43   0.27272727   0.45454545   0.18181818 0.0361 280   
      44   0.36363636   0.18181818   0.36363636 0.0180 290   
      45   0.36363636   0.45454545   0.18181818 0.0361 291   
      46   0.45454545   0.18181818   0.45454545 0.0180 302   
      47  -0.27272727   0.27272727   0.27272727 0.0060 399   
      48   0.27272727   0.36363636   0.27272727 0.0180 400   
      49   0.27272727   0.45454545   0.27272727 0.0180 401   
      50   0.36363636   0.27272727   0.36363636 0.0180 411   
      51   0.36363636   0.45454545   0.27272727 0.0361 412   
      52   0.45454545   0.27272727   0.45454545 0.0180 423   
      53  -0.36363636   0.36363636   0.36363636 0.0060 532   
      54   0.36363636   0.45454545   0.36363636 0.0180 533   
      55   0.45454545   0.36363636   0.45454545 0.0180 544   
      56  -0.45454545   0.45454545   0.45454545 0.0060 665   
                               nkstot now = 56
K-POINTS DIRECT COORDINATES
 KPOINTS     DIRECT_X     DIRECT_Y     DIRECT_Z WEIGHT
       1   0.00000000   0.00000000   0.00000000 0.0008
       2   0.00000000   0.09090909   0.00000000 0.0045
       3   0.00000000   0.18181818   0.00000000 0.0045
       4   0.00000000   0.27272727   0.00000000 0.0045
       5   0.00000000   0.36363636   0.00000000 0.0045
       6   0.00000000   0.45454545   0.00000000 0.0045
       7   0.09090909   0.00000000   0.09090909 0.0090
       8   0.09090909   0.18181818   0.00000000 0.0180
       9   0.09090909   0.27272727   0.00000000 0.0180
      10   0.09090909   0.36363636   0.00000000 0.0180
      11   0.09090909   0.45454545   0.00000000 0.0180
      12   0.18181818   0.00000000   0.18181818 0.0090
      13   0.18181818   0.27272727   0.00000000 0.0180
      14   0.18181818   0.36363636   0.00000000 0.0180
      15   0.18181818   0.45454545   0.00000000 0.0180
      16   0.27272727   0.00000000   0.27272727 0.0090
      17   0.27272727   0.36363636   0.00000000 0.0180
      18   0.27272727   0.45454545   0.00000000 0.0180
      19   0.36363636   0.00000000   0.36363636 0.0090
      20   0.36363636   0.45454545   0.00000000 0.0180
      21   0.45454545   0.00000000   0.45454545 0.0090
      22  -0.09090909   0.09090909   0.09090909 0.0060
      23   0.09090909   0.18181818   0.09090909 0.0180
      24   0.09090909   0.09090909   0.27272727 0.0180
      25   0.09090909   0.36363636   0.09090909 0.0180
      26   0.09090909   0.45454545   0.09090909 0.0180
      27   0.18181818   0.09090909   0.18181818 0.0180
      28   0.18181818   0.27272727   0.09090909 0.0361
      29   0.18181818   0.36363636   0.09090909 0.0361
      30   0.18181818   0.45454545   0.09090909 0.0361
      31   0.27272727   0.09090909   0.27272727 0.0180
      32   0.27272727   0.36363636   0.09090909 0.0361
      33   0.27272727   0.45454545   0.09090909 0.0361
      34   0.36363636   0.09090909   0.36363636 0.0180
      35   0.36363636   0.45454545   0.09090909 0.0361
      36   0.45454545   0.09090909   0.45454545 0.0180
      37  -0.18181818   0.18181818   0.18181818 0.0060
      38   0.18181818   0.27272727   0.18181818 0.0180
      39   0.18181818   0.36363636   0.18181818 0.0180
      40   0.18181818   0.45454545   0.18181818 0.0180
      41   0.27272727   0.18181818   0.27272727 0.0180
      42   0.27272727   0.36363636   0.18181818 0.0361
      43   0.27272727   0.45454545   0.18181818 0.0361
      44   0.36363636   0.18181818   0.36363636 0.0180
      45   0.36363636   0.45454545   0.18181818 0.0361
      46   0.45454545   0.18181818   0.45454545 0.0180
      47  -0.27272727   0.27272727   0.27272727 0.0060
      48   0.27272727   0.36363636   0.27272727 0.0180
      49   0.27272727   0.45454545   0.27272727 0.0180
      50   0.36363636   0.27272727   0.36363636 0.0180
      51   0.36363636   0.45454545   0.27272727 0.0361
      52   0.45454545   0.27272727   0.45454545 0.0180
      53  -0.36363636   0.36363636   0.36363636 0.0060
      54   0.36363636   0.45454545   0.36363636 0.0180
      55   0.45454545   0.36363636   0.45454545 0.0180
      56  -0.45454545   0.45454545   0.45454545 0.0060

           k-point number in this process = 28
       minimum distributed K point number = 28

K-POINTS CARTESIAN COORDINATES
 KPOINTS  CARTESIAN_X  CARTESIAN_Y  CARTESIAN_Z WEIGHT
       1   0.00000000   0.00000000   0.00000000 0.0015
       2   0.00000000   0.02246564   0.00000000 0.0090
       3   0.00000000   0.04493127   0.00000000 0.0090
       4   0.00000000   0.06739691   0.00000000 0.0090
       5   0.00000000   0.08986255   0.00000000 0.0090
       6   0.00000000   0.11232819   0.00000000 0.0090
       7   0.02246564   0.00000000   0.02246564 0.0180
       8   0.02246564   0.04493127   0.00000000 0.0361
       9   0.02246564   0.06739691   0.00000000 0.0361
      10   0.02246564   0.08986255   0.00000000 0.0361
      11   0.02246564   0.11232819   0.00000000 0.0361
      12   0.04493127   0.00000000   0.04493127 0.0180
      13   0.04493127   0.06739691   0.00000000 0.0361
      14   0.04493127   0.08986255   0.00000000 0.0361
      15   0.04493127   0.11232819   0.00000000 0.0361
      16   0.06739691   0.00000000   0.06739691 0.0180
      17   0.06739691   0.08986255   0.00000000 0.0361
      18   0.06739691   0.11232819   0.00000000 0.0361
      19   0.08986255   0.00000000   0.08986255 0.0180
      20   0.08986255   0.11232819   0.00000000 0.0361
      21   0.11232819   0.00000000   0.11232819 0.0180
      22  -0.02246564   0.02246564   0.02246564 0.0120
      23   0.02246564   0.04493127   0.02246564 0.0361
      24   0.02246564   0.02246564   0.06739691 0.0361
      25   0.02246564   0.08986255   0.02246564 0.0361
      26   0.02246564   0.11232819   0.02246564 0.0361
      27   0.04493127   0.02246564   0.04493127 0.0361
      28   0.04493127   0.06739691   0.02246564 0.0721

K-POINTS DIRECT COORDINATES
 KPOINTS     DIRECT_X     DIRECT_Y     DIRECT_Z WEIGHT
       1   0.00000000   0.00000000   0.00000000 0.0015
       2   0.00000000   0.09090909   0.00000000 0.0090
       3   0.00000000   0.18181818   0.00000000 0.0090
       4   0.00000000   0.27272727   0.00000000 0.0090
       5   0.00000000   0.36363636   0.00000000 0.0090
       6   0.00000000   0.45454545   0.00000000 0.0090
       7   0.09090909   0.00000000   0.09090909 0.0180
       8   0.09090909   0.18181818   0.00000000 0.0361
       9   0.09090909   0.27272727   0.00000000 0.0361
      10   0.09090909   0.36363636   0.00000000 0.0361
      11   0.09090909   0.45454545   0.00000000 0.0361
      12   0.18181818   0.00000000   0.18181818 0.0180
      13   0.18181818   0.27272727   0.00000000 0.0361
      14   0.18181818   0.36363636   0.00000000 0.0361
      15   0.18181818   0.45454545   0.00000000 0.0361
      16   0.27272727   0.00000000   0.27272727 0.0180
      17   0.27272727   0.36363636   0.00000000 0.0361
      18   0.27272727   0.45454545   0.00000000 0.0361
      19   0.36363636   0.00000000   0.36363636 0.0180
      20   0.36363636   0.45454545   0.00000000 0.0361
      21   0.45454545   0.00000000   0.45454545 0.0180
      22  -0.09090909   0.09090909   0.09090909 0.0120
      23   0.09090909   0.18181818   0.09090909 0.0361
      24   0.09090909   0.09090909   0.27272727 0.0361
      25   0.09090909   0.36363636   0.09090909 0.0361
      26   0.09090909   0.45454545   0.09090909 0.0361
      27   0.18181818   0.09090909   0.18181818 0.0361
      28   0.18181818   0.27272727   0.09090909 0.0721
 DONE : INIT K-POINTS Time : 2.15939 (SEC)





 >>>>>>>>>>>>>>>>>>>>>>>>>>>>>>>>>>>>>>>>>>>>>>>>>>>>>>>>>>>>>>>>>>>>>>
 |                                                                    |
 | Setup plane waves of wave functions:                               |
 | Use the energy cutoff and the lattice vectors to generate the      |
 | dimensions of FFT grid. The number of FFT grid on each processor   |
 | is 'nrxx'. The number of plane wave basis in reciprocal space is   |
 | different for charege/potential and wave functions. We also set    |
 | the 'sticks' for the parallel of FFT. The number of plane wave of  |
 | each k-point is 'npwk[ik]' in each processor                       |
 <<<<<<<<<<<<<<<<<<<<<<<<<<<<<<<<<<<<<<<<<<<<<<<<<<<<<<<<<<<<<<<<<<<<<<





 SETUP PLANE WAVES FOR WAVE FUNCTIONS
     energy cutoff for wavefunc (unit:Ry) = 90
              fft grid for wave functions = [ 48, 48, 48 ]
                    number of plane waves = 7881
                         number of sticks = 481

 PARALLEL PW FOR WAVE FUNCTIONS
     PROC   COLUMNS(POT)             PW
        1            481           7881
 --------------- sum -------------------
        1            481           7881
 DONE : INIT PLANEWAVE Time : 2.18086 (SEC)

                           occupied bands = 22
                                   NBANDS = 32
                                     npwx = 6475

 Warning_Memory_Consuming allocated:  Psi_PW 88.5254 MB

 SETUP NONLOCAL PSEUDOPOTENTIALS IN PLANE WAVE BASIS
 Al non-local projectors:
 projector 1 L=0
 projector 2 L=0
 projector 3 L=1
 projector 4 L=1
      TOTAL NUMBER OF NONLOCAL PROJECTORS = 32
 DONE : LOCAL POTENTIAL Time : 2.29658 (SEC)


 Init Non-Local PseudoPotential table : 
 Init Non-Local-Pseudopotential done.
 DONE : NON-LOCAL POTENTIAL Time : 2.33378 (SEC)


 Make real space PAO into reciprocal space.
       max mesh points in Pseudopotential = 601
     dq(describe PAO in reciprocal space) = 0.01
                                    max q = 1905

 number of pseudo atomic orbitals for Al is 0
 DONE : INIT BASIS Time : 2.38122 (SEC)


 -------------------------------------------
 STEP OF RELAXATION : 1
 -------------------------------------------
                                 init_chg = atomic
 DONE : INIT SCF Time : 2.45358 (SEC)


 PW ALGORITHM --------------- ION=   1  ELEC=   1--------------------------------
 Notice: Threshold on eigenvalues was too large.
 hsover_error=0.44 > DRHO=0.0673491
 Origin diag_ethr = 0.01
 New    diag_ethr = 0.000153066

 Density error is 0.067323446458
                          Error Threshold = 0.000153066068525
------------------------------------------------------
  Energy         Rydberg                 eV         
------------------------------------------------------
E_KohnSham      -553.6613949054     -7532.9497333416
E_Harris        -553.6830390447     -7533.2442169642
E_Fermi            0.8060956183        10.9674935413
------------------------------------------------------

 PW ALGORITHM --------------- ION=   1  ELEC=   2--------------------------------

 Density error is 0.0315203456358
                          Error Threshold = 0.000153007832859
------------------------------------------------------
  Energy         Rydberg                 eV         
------------------------------------------------------
E_KohnSham      -553.6422905928     -7532.6898058344
E_Harris        -557.2403347404     -7581.6437078971
E_Fermi            0.8029703368        10.9249719054
------------------------------------------------------

 PW ALGORITHM --------------- ION=   1  ELEC=   3--------------------------------

 Density error is 0.000653076245423
                          Error Threshold = 7.16371491722e-05
------------------------------------------------------
  Energy         Rydberg                 eV         
------------------------------------------------------
E_KohnSham      -553.6482995973     -7532.7715625346
E_Harris        -554.2041057311     -7540.3336929379
E_Fermi            0.7965128676        10.8371135303
------------------------------------------------------

 PW ALGORITHM --------------- ION=   1  ELEC=   4--------------------------------

 Density error is 0.000578807802189
                          Error Threshold = 1.48426419414e-06
------------------------------------------------------
  Energy         Rydberg                 eV         
------------------------------------------------------
E_KohnSham      -553.6484684141     -7532.7738594048
E_Harris        -554.0114936076     -7537.7130705535
E_Fermi            0.7974298596        10.8495898458
------------------------------------------------------

 PW ALGORITHM --------------- ION=   1  ELEC=   5--------------------------------

 Density error is 2.38917844732e-05
                          Error Threshold = 1.3154722777e-06
------------------------------------------------------
  Energy         Rydberg                 eV         
------------------------------------------------------
E_KohnSham      -553.6484945499     -7532.7742150009
E_Harris        -553.7842687119     -7534.6215172446
E_Fermi            0.7966170000        10.8385303238
------------------------------------------------------

 PW ALGORITHM --------------- ION=   1  ELEC=   6--------------------------------

 Density error is 1.47006539376e-05
                          Error Threshold = 5.42995101664e-08
------------------------------------------------------
  Energy         Rydberg                 eV         
------------------------------------------------------
E_KohnSham      -553.6485171018     -7532.7745218355
E_Harris        -553.6480408811     -7532.7680425202
E_Fermi            0.7965371255        10.8374435757
------------------------------------------------------

 PW ALGORITHM --------------- ION=   1  ELEC=   7--------------------------------

 Density error is 1.36250607189e-05
                          Error Threshold = 3.34105771309e-08
------------------------------------------------------
  Energy         Rydberg                 eV         
------------------------------------------------------
E_KohnSham      -553.6485127965     -7532.7744632588
E_Harris        -553.6004562607     -7532.1206205450
E_Fermi            0.7965376006        10.8374500398
------------------------------------------------------

 PW ALGORITHM --------------- ION=   1  ELEC=   8--------------------------------

 Density error is 6.42165588544e-06
                          Error Threshold = 3.09660470884e-08
------------------------------------------------------
  Energy         Rydberg                 eV         
------------------------------------------------------
E_KohnSham      -553.6485091549     -7532.7744137124
E_Harris        -553.6121278833     -7532.2794211178
E_Fermi            0.7965437171        10.8375332585
------------------------------------------------------

 PW ALGORITHM --------------- ION=   1  ELEC=   9--------------------------------

 Density error is 4.55337886545e-07
                          Error Threshold = 1.45946724669e-08
------------------------------------------------------
  Energy         Rydberg                 eV         
------------------------------------------------------
E_KohnSham      -553.6485100283     -7532.7744255946
E_Harris        -553.6320979390     -7532.5511276644
E_Fermi            0.7965566499        10.8377092179
------------------------------------------------------

 PW ALGORITHM --------------- ION=   1  ELEC=  10--------------------------------

 Density error is 5.51772397112e-07
                          Error Threshold = 1.03485883306e-09
------------------------------------------------------
  Energy         Rydberg                 eV         
------------------------------------------------------
E_KohnSham      -553.6485101974     -7532.7744278964
E_Harris        -553.6361349716     -7532.6060543106
E_Fermi            0.7965541485        10.8376751858
------------------------------------------------------

 PW ALGORITHM --------------- ION=   1  ELEC=  11--------------------------------

 Density error is 6.09421029766e-07
                          Error Threshold = 1.03485883306e-09
------------------------------------------------------
  Energy         Rydberg                 eV         
------------------------------------------------------
E_KohnSham      -553.6485099186     -7532.7744241020
E_Harris        -553.6372454281     -7532.6211628470
E_Fermi            0.7965527291        10.8376558730
------------------------------------------------------

 PW ALGORITHM --------------- ION=   1  ELEC=  12--------------------------------

 Density error is 1.76308777034e-07
                          Error Threshold = 1.03485883306e-09
------------------------------------------------------
  Energy         Rydberg                 eV         
------------------------------------------------------
E_KohnSham      -553.6485099176     -7532.7744240895
E_Harris        -553.6409925292     -7532.6721447727
E_Fermi            0.7965547131        10.8376828673
------------------------------------------------------

 PW ALGORITHM --------------- ION=   1  ELEC=  13--------------------------------

 Density error is 1.28241453071e-07
                          Error Threshold = 4.00701765986e-10
------------------------------------------------------
  Energy         Rydberg                 eV         
------------------------------------------------------
E_KohnSham      -553.6485098799     -7532.7744235758
E_Harris        -553.6424738554     -7532.6922992493
E_Fermi            0.7965553746        10.8376918676
------------------------------------------------------

 PW ALGORITHM --------------- ION=   1  ELEC=  14--------------------------------

 Density error is 5.50759072422e-08
                          Error Threshold = 2.91457847889e-10
------------------------------------------------------
  Energy         Rydberg                 eV         
------------------------------------------------------
E_KohnSham      -553.6485098566     -7532.7744232589
E_Harris        -553.6443741571     -7532.7181541801
E_Fermi            0.7965566354        10.8377090214
------------------------------------------------------

 PW ALGORITHM --------------- ION=   1  ELEC=  15--------------------------------

 Density error is 6.55410912407e-09
                          Error Threshold = 1.2517251646e-10
----------------------------------------------------------
    Energy           Rydberg                 eV         
----------------------------------------------------------
E_KohnSham          -553.6485098595     -7532.7744232978
E_KS(sigma->0)      -553.6484847471     -7532.7740816260
E_Harris            -553.6464762252     -7532.7467542845
E_band              -144.0185597411     -1959.4730302328
E_one_elec          -339.1227277809     -4614.0014191232
E_Hartree            138.2712050707      1881.2762582879
E_xc                 -62.6057477142      -851.7948964639
E_Ewald             -290.1911892102     -3948.2536826549
E_entropy(-TS)        -0.0000502248        -0.0006833436
E_descf                0.0000000000         0.0000000000
E_exx                  0.0000000000         0.0000000000
E_Fermi                0.7965585133        10.8377345710
----------------------------------------------------------

 charge density convergence is achieved
 final etot is -7532.7744233 eV
 EFERMI = 10.837734571 eV

 STATE ENERGY(eV) AND OCCUPATIONS    NSPIN == 1
 1/28 kpoint (Cartesian) = 0.0000 0.0000 0.0000 (6451 pws)
       1       -92.5545     0.00150263
       2       -92.5510     0.00150263
       3       -92.5510     0.00150263
       4       -92.5509     0.00150263
       5       -54.0501     0.00150263
       6       -54.0501     0.00150263
       7       -54.0501     0.00150263
       8       -54.0377     0.00150263
       9       -54.0377     0.00150263
      10       -54.0377     0.00150263
      11       -54.0377     0.00150263
      12       -54.0377     0.00150263
      13       -54.0377     0.00150263
      14       -54.0291     0.00150263
      15       -54.0291     0.00150263
      16       -54.0291     0.00150263
      17      -0.209949     0.00150263
      18        7.98079     0.00150263
      19        7.98079     0.00150263
      20        7.98079     0.00150263
      21        9.31431     0.00150263
      22        9.31431     0.00150263
      23        9.31432     0.00150263
      24        16.2254        0.00000
      25        16.2254        0.00000
      26        16.2254        0.00000
      27        16.4727        0.00000
      28        16.4727        0.00000
      29        16.4727        0.00000
      30        16.4727        0.00000
      31        16.4727        0.00000
      32        16.4727        0.00000

 2/28 kpoint (Cartesian) = 0.0000 0.022466 0.0000 (6467 pws)
       1       -92.5544     0.00901578
       2       -92.5510     0.00901578
       3       -92.5510     0.00901578
       4       -92.5509     0.00901578
       5       -54.0498     0.00901578
       6       -54.0498     0.00901578
       7       -54.0496     0.00901578
       8       -54.0380     0.00901578
       9       -54.0380     0.00901578
      10       -54.0377     0.00901578
      11       -54.0377     0.00901578
      12       -54.0375     0.00901578
      13       -54.0375     0.00901578
      14       -54.0296     0.00901578
      15       -54.0293     0.00901578
      16       -54.0293     0.00901578
      17      -0.135157     0.00901578
      18        7.00809     0.00901578
      19        8.04944     0.00901578
      20        8.04944     0.00901578
      21        9.38648     0.00901578
      22        9.38649     0.00901578
      23        10.4174     0.00901578
      24        14.8860        0.00000
      25        14.8860        0.00000
      26        15.9684        0.00000
      27        15.9684        0.00000
      28        16.2992        0.00000
      29        16.5369        0.00000
      30        16.5369        0.00000
      31        17.9515        0.00000
      32        17.9515        0.00000

 3/28 kpoint (Cartesian) = 0.0000 0.044931 0.0000 (6471 pws)
       1       -92.5542     0.00901578
       2       -92.5512     0.00901578
       3       -92.5510     0.00901578
       4       -92.5509     0.00901578
       5       -54.0491     0.00901578
       6       -54.0491     0.00901578
       7       -54.0484     0.00901578
       8       -54.0387     0.00901578
       9       -54.0387     0.00901578
      10       -54.0377     0.00901578
      11       -54.0377     0.00901578
      12       -54.0370     0.00901578
      13       -54.0370     0.00901578
      14       -54.0308     0.00901578
      15       -54.0298     0.00901578
      16       -54.0298     0.00901578
      17      0.0889680     0.00901578
      18        5.70318     0.00901578
      19        8.25543     0.00901578
      20        8.25543     0.00901578
      21        9.60179     0.00901578
      22        9.60179     0.00901578
      23        12.1132        0.00000
      24        13.5705        0.00000
      25        13.5705        0.00000
      26        14.9675        0.00000
      27        14.9675        0.00000
      28        16.5207        0.00000
      29        16.7294        0.00000
      30        16.7294        0.00000
      31        19.6845        0.00000
      32        19.6845        0.00000

 4/28 kpoint (Cartesian) = 0.0000 0.067397 0.0000 (6467 pws)
       1       -92.5539     0.00901578
       2       -92.5515     0.00901578
       3       -92.5510     0.00901578
       4       -92.5509     0.00901578
       5       -54.0479     0.00901578
       6       -54.0479     0.00901578
       7       -54.0465     0.00901578
       8       -54.0398     0.00901578
       9       -54.0398     0.00901578
      10       -54.0378     0.00901578
      11       -54.0377     0.00901578
      12       -54.0362     0.00901578
      13       -54.0362     0.00901578
      14       -54.0328     0.00901578
      15       -54.0306     0.00901578
      16       -54.0306     0.00901578
      17       0.461682     0.00901578
      18        4.49122     0.00901578
      19        8.59898     0.00901578
      20        8.59898     0.00901578
      21        9.95562     0.00901578
      22        9.95562     0.00901578
      23        12.3936        0.00000
      24        12.3936        0.00000
      25        13.9105        0.00000
      26        13.9105        0.00000
      27        13.9760        0.00000
      28        16.8892        0.00000
      29        17.0505        0.00000
      30        17.0505        0.00000
      31        20.5744        0.00000
      32        20.5790        0.00000

 5/28 kpoint (Cartesian) = 0.0000 0.089863 0.0000 (6475 pws)
       1       -92.5535     0.00901578
       2       -92.5520     0.00901578
       3       -92.5510     0.00901578
       4       -92.5509     0.00901578
       5       -54.0464     0.00901578
       6       -54.0464     0.00901578
       7       -54.0440     0.00901578
       8       -54.0413     0.00901578
       9       -54.0413     0.00901578
      10       -54.0378     0.00901578
      11       -54.0378     0.00901578
      12       -54.0353     0.00901578
      13       -54.0352     0.00901578
      14       -54.0352     0.00901578
      15       -54.0316     0.00901578
      16       -54.0316     0.00901578
      17       0.981754     0.00901578
      18        3.40597     0.00901578
      19        9.08041     0.00901578
      20        9.08041     0.00901578
      21        10.4338     0.00901578
      22        10.4338     0.00901578
      23        11.3563        0.00000
      24        11.3563        0.00000
      25        12.9350        0.00000
      26        12.9350        0.00000
      27        15.9703        0.00000
      28        17.4037        0.00000
      29        17.5003        0.00000
      30        17.5003        0.00000
      31        19.6203        0.00000
      32        19.6203        0.00000

 6/28 kpoint (Cartesian) = 0.0000 0.11233 0.0000 (6460 pws)
       1       -92.5530     0.00901578
       2       -92.5525     0.00901578
       3       -92.5510     0.00901578
       4       -92.5509     0.00901578
       5       -54.0448     0.00901578
       6       -54.0448     0.00901578
       7       -54.0430     0.00901578
       8       -54.0430     0.00901578
       9       -54.0412     0.00901578
      10       -54.0382     0.00901578
      11       -54.0378     0.00901578
      12       -54.0378     0.00901578
      13       -54.0340     0.00901578
      14       -54.0340     0.00901578
      15       -54.0328     0.00901578
      16       -54.0328     0.00901578
      17        1.64746     0.00901578
      18        2.45654     0.00901578
      19        9.70013     0.00901578
      20        9.70013     0.00901578
      21        10.4586     0.00901578
      22        10.4586     0.00901578
      23        10.9605    8.03832e-13
      24        10.9605    8.03525e-13
      25        12.1537        0.00000
      26        12.1537        0.00000
      27        18.0624        0.00000
      28        18.0789        0.00000
      29        18.0789        0.00000
      30        18.0838        0.00000
      31        18.7859        0.00000
      32        18.7859        0.00000

 7/28 kpoint (Cartesian) = 0.022466 0.0000 0.022466 (6471 pws)
       1       -92.5544      0.0180316
       2       -92.5510      0.0180316
       3       -92.5510      0.0180316
       4       -92.5509      0.0180316
       5       -54.0496      0.0180316
       6       -54.0494      0.0180316
       7       -54.0494      0.0180316
       8       -54.0384      0.0180316
       9       -54.0378      0.0180316
      10       -54.0378      0.0180316
      11       -54.0375      0.0180316
      12       -54.0375      0.0180316
      13       -54.0375      0.0180316
      14       -54.0302      0.0180316
      15       -54.0295      0.0180316
      16       -54.0293      0.0180316
      17     -0.0604083      0.0180316
      18        7.07859      0.0180316
      19        7.07859      0.0180316
      20        8.11809      0.0180316
      21        9.45817      0.0180316
      22        10.4874      0.0180316
      23        10.4874      0.0180316
      24        13.9308        0.00000
      25        14.9555        0.00000
      26        14.9555        0.00000
      27        16.0343        0.00000
      28        16.0343        0.00000
      29        16.6019        0.00000
      30        17.8261        0.00000
      31        18.0199        0.00000
      32        18.0199        0.00000

 8/28 kpoint (Cartesian) = 0.022466 0.044931 0.0000 (6458 pws)
       1       -92.5541      0.0360631
       2       -92.5512      0.0360631
       3       -92.5510      0.0360631
       4       -92.5509      0.0360631
       5       -54.0488      0.0360631
       6       -54.0488      0.0360631
       7       -54.0483      0.0360631
       8       -54.0393      0.0360631
       9       -54.0385      0.0360631
      10       -54.0375      0.0360631
      11       -54.0373      0.0360631
      12       -54.0373      0.0360631
      13       -54.0370      0.0360631
      14       -54.0316      0.0360631
      15       -54.0300      0.0360631
      16       -54.0296      0.0360631
      17       0.163590      0.0360631
      18        5.77473      0.0360631
      19        7.28994      0.0360631
      20        8.32411      0.0360631
      21        9.67122      0.0360631
      22        10.6959      0.0360631
      23        12.1808        0.00000
      24        12.6778        0.00000
      25        13.6398        0.00000
      26        15.0365        0.00000
      27        15.1638        0.00000
      28        15.9345        0.00000
      29        16.2321        0.00000
      30        18.2254        0.00000
      31        19.0870        0.00000
      32        19.7529        0.00000

 9/28 kpoint (Cartesian) = 0.022466 0.067397 0.0000 (6460 pws)
       1       -92.5538      0.0360631
       2       -92.5515      0.0360631
       3       -92.5510      0.0360631
       4       -92.5509      0.0360631
       5       -54.0478      0.0360631
       6       -54.0477      0.0360631
       7       -54.0465      0.0360631
       8       -54.0405      0.0360631
       9       -54.0396      0.0360631
      10       -54.0375      0.0360631
      11       -54.0372      0.0360631
      12       -54.0365      0.0360631
      13       -54.0361      0.0360631
      14       -54.0336      0.0360631
      15       -54.0308      0.0360631
      16       -54.0303      0.0360631
      17       0.536095      0.0360631
      18        4.56349      0.0360631
      19        7.64157      0.0360631
      20        8.66772      0.0360631
      21        10.0143      0.0360631
      22        11.0372        0.00000
      23        11.5300        0.00000
      24        12.4628        0.00000
      25        13.9852        0.00000
      26        14.0392        0.00000
      27        14.9005        0.00000
      28        15.5106        0.00000
      29        16.5625        0.00000
      30        18.5676        0.00000
      31        19.2829        0.00000
      32        20.0858        0.00000

 10/28 kpoint (Cartesian) = 0.022466 0.089863 0.0000 (6463 pws)
       1       -92.5534      0.0360631
       2       -92.5520      0.0360631
       3       -92.5510      0.0360631
       4       -92.5509      0.0360631
       5       -54.0464      0.0360631
       6       -54.0462      0.0360631
       7       -54.0442      0.0360631
       8       -54.0418      0.0360631
       9       -54.0411      0.0360631
      10       -54.0374      0.0360631
      11       -54.0373      0.0360631
      12       -54.0360      0.0360631
      13       -54.0354      0.0360631
      14       -54.0350      0.0360631
      15       -54.0318      0.0360631
      16       -54.0313      0.0360631
      17        1.05588      0.0360631
      18        3.47882      0.0360631
      19        8.13240      0.0360631
      20        9.14922      0.0360631
      21        10.2691      0.0360631
      22        10.7307      0.0360631
      23        11.4254        0.00000
      24        11.4840        0.00000
      25        13.0322        0.00000
      26        13.9202        0.00000
      27        15.9952        0.00000
      28        16.0176        0.00000
      29        17.0341        0.00000
      30        18.2638        0.00000
      31        19.0462        0.00000
      32        19.1347        0.00000

 11/28 kpoint (Cartesian) = 0.022466 0.11233 0.0000 (6452 pws)
       1       -92.5529      0.0360631
       2       -92.5524      0.0360631
       3       -92.5510      0.0360631
       4       -92.5509      0.0360631
       5       -54.0449      0.0360631
       6       -54.0445      0.0360631
       7       -54.0434      0.0360631
       8       -54.0428      0.0360631
       9       -54.0415      0.0360631
      10       -54.0387      0.0360631
      11       -54.0374      0.0360631
      12       -54.0373      0.0360631
      13       -54.0342      0.0360631
      14       -54.0338      0.0360631
      15       -54.0330      0.0360631
      16       -54.0325      0.0360631
      17        1.72123      0.0360631
      18        2.52989      0.0360631
      19        8.76007      0.0360631
      20        9.51639      0.0360631
      21        9.76903      0.0360631
      22        10.5276      0.0360631
      23        11.1872        0.00000
      24        11.7327        0.00000
      25        12.5209        0.00000
      26        13.0675        0.00000
      27        16.6168        0.00000
      28        17.3738        0.00000
      29        17.5543        0.00000
      30        18.1941        0.00000
      31        18.2952        0.00000
      32        19.6601        0.00000

 12/28 kpoint (Cartesian) = 0.044931 0.0000 0.044931 (6444 pws)
       1       -92.5540      0.0180316
       2       -92.5512      0.0180316
       3       -92.5512      0.0180316
       4       -92.5509      0.0180316
       5       -54.0481      0.0180316
       6       -54.0479      0.0180316
       7       -54.0479      0.0180316
       8       -54.0404      0.0180316
       9       -54.0380      0.0180316
      10       -54.0380      0.0180316
      11       -54.0369      0.0180316
      12       -54.0369      0.0180316
      13       -54.0368      0.0180316
      14       -54.0332      0.0180316
      15       -54.0305      0.0180316
      16       -54.0296      0.0180316
      17       0.387210      0.0180316
      18        5.98919      0.0180316
      19        5.98919      0.0180316
      20        8.53024      0.0180316
      21        9.87073      0.0180316
      22        11.4488        0.00000
      23        12.3804        0.00000
      24        12.3804        0.00000
      25        13.8476        0.00000
      26        13.8476        0.00000
      27        15.2450        0.00000
      28        15.2450        0.00000
      29        16.9897        0.00000
      30        18.5607        0.00000
      31        19.1439        0.00000
      32        19.9578        0.00000

 13/28 kpoint (Cartesian) = 0.044931 0.067397 0.0000 (6461 pws)
       1       -92.5536      0.0360631
       2       -92.5515      0.0360631
       3       -92.5512      0.0360631
       4       -92.5510      0.0360631
       5       -54.0472      0.0360631
       6       -54.0470      0.0360631
       7       -54.0464      0.0360631
       8       -54.0416      0.0360631
       9       -54.0391      0.0360631
      10       -54.0372      0.0360631
      11       -54.0367      0.0360631
      12       -54.0364      0.0360631
      13       -54.0359      0.0360631
      14       -54.0352      0.0360631
      15       -54.0314      0.0360631
      16       -54.0300      0.0360631
      17       0.759096      0.0360631
      18        4.78010      0.0360631
      19        6.34593      0.0360631
      20        8.87400      0.0360631
      21        10.0007      0.0360631
      22        10.5131      0.0360631
      23        12.6703        0.00000
      24        12.6910        0.00000
      25        14.1938        0.00000
      26        14.2139        0.00000
      27        14.2224        0.00000
      28        15.6054        0.00000
      29        16.4454        0.00000
      30        17.9847        0.00000
      31        19.1183        0.00000
      32        19.8289        0.00000

 14/28 kpoint (Cartesian) = 0.044931 0.089863 0.0000 (6452 pws)
       1       -92.5533      0.0360631
       2       -92.5519      0.0360631
       3       -92.5511      0.0360631
       4       -92.5510      0.0360631
       5       -54.0463      0.0360631
       6       -54.0456      0.0360631
       7       -54.0446      0.0360631
       8       -54.0429      0.0360631
       9       -54.0405      0.0360631
      10       -54.0375      0.0360631
      11       -54.0365      0.0360631
      12       -54.0363      0.0360631
      13       -54.0361      0.0360631
      14       -54.0347      0.0360631
      15       -54.0324      0.0360631
      16       -54.0309      0.0360631
      17        1.27803      0.0360631
      18        3.69716      0.0360631
      19        6.84384      0.0360631
      20        9.15003      0.0360631
      21        9.35571      0.0360631
      22        10.8183      0.0304187
      23        11.6327        0.00000
      24        12.8455        0.00000
      25        13.5562        0.00000
      26        14.6783        0.00000
      27        15.5270        0.00000
      28        15.8566        0.00000
      29        16.4186        0.00000
      30        16.9554        0.00000
      31        18.1686        0.00000
      32        20.7742        0.00000

 15/28 kpoint (Cartesian) = 0.044931 0.11233 0.0000 (6437 pws)
       1       -92.5528      0.0360631
       2       -92.5523      0.0360631
       3       -92.5511      0.0360631
       4       -92.5510      0.0360631
       5       -54.0453      0.0360631
       6       -54.0441      0.0360631
       7       -54.0439      0.0360631
       8       -54.0423      0.0360631
       9       -54.0422      0.0360631
      10       -54.0399      0.0360631
      11       -54.0364      0.0360631
      12       -54.0363      0.0360631
      13       -54.0349      0.0360631
      14       -54.0336      0.0360631
      15       -54.0333      0.0360631
      16       -54.0320      0.0360631
      17        1.94232      0.0360631
      18        2.74971      0.0360631
      19        7.48101      0.0360631
      20        8.25372      0.0360631
      21        9.97576      0.0360631
      22        10.7346      0.0360631
      23        11.4326        0.00000
      24        12.1702        0.00000
      25        13.9585        0.00000
      26        14.6758        0.00000
      27        15.3005        0.00000
      28        16.0599        0.00000
      29        16.5824        0.00000
      30        17.3213        0.00000
      31        18.3930        0.00000
      32        20.5762        0.00000

 16/28 kpoint (Cartesian) = 0.067397 0.0000 0.067397 (6452 pws)
       1       -92.5534      0.0180316
       2       -92.5515      0.0180316
       3       -92.5514      0.0180316
       4       -92.5510      0.0180316
       5       -54.0463      0.0180316
       6       -54.0463      0.0180316
       7       -54.0459      0.0180316
       8       -54.0428      0.0180316
       9       -54.0383      0.0180316
      10       -54.0382      0.0180316
      11       -54.0372      0.0180316
      12       -54.0357      0.0180316
      13       -54.0356      0.0180316
      14       -54.0356      0.0180316
      15       -54.0322      0.0180316
      16       -54.0301      0.0180316
      17        1.12997      0.0180316
      18        5.14041      0.0180316
      19        5.14041      0.0180316
      20        9.01963      0.0180316
      21        9.21801      0.0180316
      22        10.6825      0.0180316
      23        13.0162        0.00000
      24        13.0162        0.00000
      25        14.2323        0.00000
      26        14.2323        0.00000
      27        14.8757        0.00000
      28        14.8757        0.00000
      29        16.8159        0.00000
      30        17.6369        0.00000
      31        18.0985        0.00000
      32        19.3609        0.00000

 17/28 kpoint (Cartesian) = 0.067397 0.089863 0.0000 (6453 pws)
       1       -92.5530      0.0360631
       2       -92.5518      0.0360631
       3       -92.5514      0.0360631
       4       -92.5511      0.0360631
       5       -54.0460      0.0360631
       6       -54.0450      0.0360631
       7       -54.0445      0.0360631
       8       -54.0439      0.0360631
       9       -54.0396      0.0360631
      10       -54.0393      0.0360631
      11       -54.0371      0.0360631
      12       -54.0353      0.0360631
      13       -54.0353      0.0360631
      14       -54.0342      0.0360631
      15       -54.0333      0.0360631
      16       -54.0307      0.0360631
      17        1.64751      0.0360631
      18        4.06035      0.0360631
      19        5.64333      0.0360631
      20        7.98495      0.0360631
      21        9.70005      0.0360631
      22        11.1656        0.00000
      23        11.9782        0.00000
      24        13.4215        0.00000
      25        13.5004        0.00000
      26        14.9101        0.00000
      27        15.1706        0.00000
      28        15.7814        0.00000
      29        16.6542        0.00000
      30        17.1426        0.00000
      31        17.2424        0.00000
      32        20.7166        0.00000

 18/28 kpoint (Cartesian) = 0.067397 0.11233 0.0000 (6439 pws)
       1       -92.5526      0.0360631
       2       -92.5522      0.0360631
       3       -92.5513      0.0360631
       4       -92.5512      0.0360631
       5       -54.0455      0.0360631
       6       -54.0448      0.0360631
       7       -54.0433      0.0360631
       8       -54.0429      0.0360631
       9       -54.0414      0.0360631
      10       -54.0412      0.0360631
      11       -54.0359      0.0360631
      12       -54.0351      0.0360631
      13       -54.0351      0.0360631
      14       -54.0346      0.0360631
      15       -54.0329      0.0360631
      16       -54.0316      0.0360631
      17        2.31005      0.0360631
      18        3.11535      0.0360631
      19        6.28719      0.0360631
      20        7.06936      0.0360631
      21        10.3205      0.0360631
      22        11.0797        0.00000
      23        11.7962        0.00000
      24        12.5561        0.00000
      25        14.1229        0.00000
      26        14.8834        0.00000
      27        15.5441        0.00000
      28        15.7517        0.00000
      29        16.2868        0.00000
      30        16.4641        0.00000
      31        18.7155        0.00000
      32        20.8712        0.00000

 19/28 kpoint (Cartesian) = 0.089863 0.0000 0.089863 (6438 pws)
       1       -92.5527      0.0180316
       2       -92.5517      0.0180316
       3       -92.5516      0.0180316
       4       -92.5512      0.0180316
       5       -54.0453      0.0180316
       6       -54.0453      0.0180316
       7       -54.0447      0.0180316
       8       -54.0432      0.0180316
       9       -54.0411      0.0180316
      10       -54.0385      0.0180316
      11       -54.0385      0.0180316
      12       -54.0345      0.0180316
      13       -54.0345      0.0180316
      14       -54.0339      0.0180316
      15       -54.0339      0.0180316
      16       -54.0309      0.0180316
      17        2.16314      0.0180316
      18        4.56730      0.0180316
      19        4.56730      0.0180316
      20        6.93041      0.0180316
      21        10.1825      0.0180316
      22        11.6611        0.00000
      23        12.4621        0.00000
      24        12.4621        0.00000
      25        13.9373        0.00000
      26        13.9373        0.00000
      27        14.7444        0.00000
      28        16.1778        0.00000
      29        17.1034        0.00000
      30        17.1034        0.00000
      31        18.5439        0.00000
      32        20.3870        0.00000

 20/28 kpoint (Cartesian) = 0.089863 0.11233 0.0000 (6416 pws)
       1       -92.5524      0.0360631
       2       -92.5520      0.0360631
       3       -92.5515      0.0360631
       4       -92.5514      0.0360631
       5       -54.0454      0.0360631
       6       -54.0452      0.0360631
       7       -54.0443      0.0360631
       8       -54.0428      0.0360631
       9       -54.0416      0.0360631
      10       -54.0400      0.0360631
      11       -54.0372      0.0360631
      12       -54.0358      0.0360631
      13       -54.0340      0.0360631
      14       -54.0338      0.0360631
      15       -54.0326      0.0360631
      16       -54.0316      0.0360631
      17        2.82328      0.0360631
      18        3.62568      0.0360631
      19        5.21639      0.0360631
      20        6.00529      0.0360631
      21        10.8034      0.0347174
      22        11.5632        0.00000
      23        12.2942        0.00000
      24        13.0569        0.00000
      25        13.0844        0.00000
      26        13.8452        0.00000
      27        14.5645        0.00000
      28        15.3132        0.00000
      29        17.6755        0.00000
      30        18.3069        0.00000
      31        19.1484        0.00000
      32        21.2072        0.00000

 21/28 kpoint (Cartesian) = 0.11233 0.0000 0.11233 (6438 pws)
       1       -92.5521      0.0180316
       2       -92.5518      0.0180316
       3       -92.5518      0.0180316
       4       -92.5516      0.0180316
       5       -54.0453      0.0180316
       6       -54.0450      0.0180316
       7       -54.0449      0.0180316
       8       -54.0441      0.0180316
       9       -54.0402      0.0180316
      10       -54.0386      0.0180316
      11       -54.0386      0.0180316
      12       -54.0372      0.0180316
      13       -54.0332      0.0180316
      14       -54.0328      0.0180316
      15       -54.0327      0.0180316
      16       -54.0320      0.0180316
      17        3.48037      0.0180316
      18        4.27912      0.0180316
      19        4.27912      0.0180316
      20        5.07341      0.0180316
      21        11.4249        0.00000
      22        12.1851        0.00000
      23        12.1851        0.00000
      24        12.9258        0.00000
      25        12.9458        0.00000
      26        13.6857        0.00000
      27        13.6857        0.00000
      28        14.4406        0.00000
      29        19.6316        0.00000
      30        19.6316        0.00000
      31        19.7104        0.00000
      32        21.1326        0.00000

 22/28 kpoint (Cartesian) = -0.022466 0.022466 0.022466 (6472 pws)
       1       -92.5543      0.0120210
       2       -92.5510      0.0120210
       3       -92.5510      0.0120210
       4       -92.5510      0.0120210
       5       -54.0492      0.0120210
       6       -54.0492      0.0120210
       7       -54.0492      0.0120210
       8       -54.0382      0.0120210
       9       -54.0382      0.0120210
      10       -54.0382      0.0120210
      11       -54.0373      0.0120210
      12       -54.0373      0.0120210
      13       -54.0373      0.0120210
      14       -54.0309      0.0120210
      15       -54.0294      0.0120210
      16       -54.0294      0.0120210
      17      0.0142980      0.0120210
      18        7.14906      0.0120210
      19        7.14906      0.0120210
      20        7.14906      0.0120210
      21        10.5566      0.0120210
      22        10.5566      0.0120210
      23        10.5566      0.0120210
      24        14.0008        0.00000
      25        14.0008        0.00000
      26        14.0008        0.00000
      27        16.6661        0.00000
      28        16.6661        0.00000
      29        16.6661        0.00000
      30        17.8971        0.00000
      31        17.8971        0.00000
      32        17.8971        0.00000

 23/28 kpoint (Cartesian) = 0.022466 0.044931 0.022466 (6462 pws)
       1       -92.5541      0.0360631
       2       -92.5512      0.0360631
       3       -92.5510      0.0360631
       4       -92.5510      0.0360631
       5       -54.0486      0.0360631
       6       -54.0486      0.0360631
       7       -54.0482      0.0360631
       8       -54.0391      0.0360631
       9       -54.0390      0.0360631
      10       -54.0376      0.0360631
      11       -54.0371      0.0360631
      12       -54.0371      0.0360631
      13       -54.0368      0.0360631
      14       -54.0323      0.0360631
      15       -54.0299      0.0360631
      16       -54.0297      0.0360631
      17       0.238169      0.0360631
      18        5.84625      0.0360631
      19        7.36026      0.0360631
      20        7.36026      0.0360631
      21        10.7610      0.0360619
      22        10.7610      0.0360619
      23        12.2458        0.00000
      24        12.7511        0.00000
      25        12.7511        0.00000
      26        14.2120        0.00000
      27        16.0016        0.00000
      28        16.0016        0.00000
      29        16.8588        0.00000
      30        18.1096        0.00000
      31        19.1559        0.00000
      32        19.1559        0.00000

 24/28 kpoint (Cartesian) = 0.022466 0.022466 0.067397 (6463 pws)
       1       -92.5538      0.0360631
       2       -92.5515      0.0360631
       3       -92.5510      0.0360631
       4       -92.5510      0.0360631
       5       -54.0476      0.0360631
       6       -54.0476      0.0360631
       7       -54.0465      0.0360631
       8       -54.0402      0.0360631
       9       -54.0401      0.0360631
      10       -54.0371      0.0360631
      11       -54.0370      0.0360631
      12       -54.0367      0.0360631
      13       -54.0360      0.0360631
      14       -54.0343      0.0360631
      15       -54.0307      0.0360631
      16       -54.0303      0.0360631
      17       0.610468      0.0360631
      18        4.63573      0.0360631
      19        7.71156      0.0360631
      20        7.71156      0.0360631
      21        11.0571        0.00000
      22        11.0571        0.00000
      23        11.6411        0.00000
      24        11.6411        0.00000
      25        14.0739        0.00000
      26        14.5890        0.00000
      27        14.9704        0.00000
      28        14.9704        0.00000
      29        17.1801        0.00000
      30        18.2929        0.00000
      31        18.4625        0.00000
      32        20.7112        0.00000

 25/28 kpoint (Cartesian) = 0.022466 0.089863 0.022466 (6446 pws)
       1       -92.5534      0.0360631
       2       -92.5519      0.0360631
       3       -92.5510      0.0360631
       4       -92.5510      0.0360631
       5       -54.0464      0.0360631
       6       -54.0463      0.0360631
       7       -54.0444      0.0360631
       8       -54.0414      0.0360631
       9       -54.0414      0.0360631
      10       -54.0370      0.0360631
      11       -54.0370      0.0360631
      12       -54.0367      0.0360631
      13       -54.0354      0.0360631
      14       -54.0351      0.0360631
      15       -54.0316      0.0360631
      16       -54.0314      0.0360631
      17        1.12997      0.0360631
      18        3.55164      0.0360631
      19        8.20131      0.0360631
      20        8.20131      0.0360631
      21        10.4966      0.0360631
      22        10.4966      0.0360631
      23        11.6432        0.00000
      24        11.6432        0.00000
      25        13.9964        0.00000
      26        13.9964        0.00000
      27        15.0106        0.00000
      28        16.1244        0.00000
      29        17.2809        0.00000
      30        17.6302        0.00000
      31        18.9537        0.00000
      32        19.7517        0.00000

 26/28 kpoint (Cartesian) = 0.022466 0.11233 0.022466 (6445 pws)
       1       -92.5529      0.0360631
       2       -92.5524      0.0360631
       3       -92.5510      0.0360631
       4       -92.5510      0.0360631
       5       -54.0451      0.0360631
       6       -54.0451      0.0360631
       7       -54.0427      0.0360631
       8       -54.0427      0.0360631
       9       -54.0419      0.0360631
      10       -54.0393      0.0360631
      11       -54.0370      0.0360631
      12       -54.0370      0.0360631
      13       -54.0341      0.0360631
      14       -54.0339      0.0360631
      15       -54.0328      0.0360631
      16       -54.0327      0.0360631
      17        1.79497      0.0360631
      18        2.60320      0.0360631
      19        8.82085      0.0360631
      20        8.82085      0.0360631
      21        9.61923      0.0360631
      22        9.61923      0.0360631
      23        12.1835        0.00000
      24        12.1835        0.00000
      25        13.1847        0.00000
      26        13.1847        0.00000
      27        15.6394        0.00000
      28        16.3951        0.00000
      29        18.2091        0.00000
      30        18.2173        0.00000
      31        18.9167        0.00000
      32        19.5814        0.00000

 27/28 kpoint (Cartesian) = 0.044931 0.022466 0.044931 (6452 pws)
       1       -92.5539      0.0360631
       2       -92.5512      0.0360631
       3       -92.5512      0.0360631
       4       -92.5510      0.0360631
       5       -54.0480      0.0360631
       6       -54.0478      0.0360631
       7       -54.0478      0.0360631
       8       -54.0400      0.0360631
       9       -54.0383      0.0360631
      10       -54.0383      0.0360631
      11       -54.0366      0.0360631
      12       -54.0366      0.0360631
      13       -54.0366      0.0360631
      14       -54.0339      0.0360631
      15       -54.0303      0.0360631
      16       -54.0297      0.0360631
      17       0.461665      0.0360631
      18        6.06059      0.0360631
      19        6.06059      0.0360631
      20        7.57095      0.0360631
      21        10.9158    8.97247e-07
      22        11.5627        0.00000
      23        12.4097        0.00000
      24        12.4097        0.00000
      25        12.9986        0.00000
      26        12.9986        0.00000
      27        16.2030        0.00000
      28        16.2030        0.00000
      29        17.0541        0.00000
      30        18.1916        0.00000
      31        18.6318        0.00000
      32        19.3624        0.00000

 28/28 kpoint (Cartesian) = 0.044931 0.067397 0.022466 (6468 pws)
       1       -92.5536      0.0721262
       2       -92.5515      0.0721262
       3       -92.5512      0.0721262
       4       -92.5510      0.0721262
       5       -54.0472      0.0721262
       6       -54.0471      0.0721262
       7       -54.0465      0.0721262
       8       -54.0410      0.0721262
       9       -54.0393      0.0721262
      10       -54.0372      0.0721262
      11       -54.0364      0.0721262
      12       -54.0363      0.0721262
      13       -54.0359      0.0721262
      14       -54.0358      0.0721262
      15       -54.0311      0.0721262
      16       -54.0301      0.0721262
      17       0.833346      0.0721262
      18        4.85223      0.0721262
      19        6.41711      0.0721262
      20        7.92071      0.0721262
      21        10.2702      0.0721262
      22        11.3963        0.00000
      23        11.7458        0.00000
      24        12.8366        0.00000
      25        13.2608        0.00000
      26        14.3462        0.00000
      27        15.1826        0.00000
      28        16.5124        0.00000
      29        16.5401        0.00000
      30        17.0538        0.00000
      31        19.7048        0.00000
      32        19.8970        0.00000



------------------------------------------------------------------------------------------
TOTAL-FORCE (eV/Angstrom)                                                               
------------------------------------------------------------------------------------------
Al1                               0.0000000000         0.0000000000         0.0000000000
Al2                               0.0000000000         0.0000000000         0.0000000000
Al3                               0.0000000000         0.0000000000         0.0000000000
Al4                               0.0000000000         0.0000000000         0.0000000000
------------------------------------------------------------------------------------------
----------------------------------------------------------------
TOTAL-STRESS (KBAR)                                           
----------------------------------------------------------------
        0.3485930141         0.0000000000         0.0000000000
        0.0000000000         0.3485930141         0.0000000000
        0.0000000000         0.0000000000         0.3485930141
----------------------------------------------------------------
 TOTAL-PRESSURE: 0.348593 KBAR


 Largest gradient in stress is 0.000000

 Threshold is = 0.100000

 Relaxation is converged!


 --------------------------------------------
 !FINAL_ETOT_IS -7532.7744232977811407 eV
 --------------------------------------------


TIME STATISTICS
-------------------------------------------------------------------------------------
     CLASS_NAME                 NAME             TIME(Sec)  CALLS   AVG(Sec) PER(%)
-------------------------------------------------------------------------------------
                     total                        25.50          17   1.50   100.00
Driver               reading                       0.31           1   0.31     1.23
Input                Init                          0.01           1   0.01     0.04
Input_Conv           Convert                       0.29           1   0.29     1.14
Driver               driver_line                  25.19           1  25.19    98.77
UnitCell             check_tau                     0.00           1   0.00     0.00
PW_Basis_Sup         setuptransform                0.02           1   0.02     0.07
PW_Basis_Sup         distributeg                   0.00           1   0.00     0.00
mymath               heapsort                      0.01         453   0.00     0.02
Symmetry             analy_sys                     0.00           1   0.00     0.00
PW_Basis_K           setuptransform                0.01           1   0.01     0.05
PW_Basis_K           distributeg                   0.00           1   0.00     0.00
PW_Basis             setup_struc_factor            0.00           1   0.00     0.02
ppcell_vnl           init                          0.00           1   0.00     0.01
ppcell_vl            init_vloc                     0.00           1   0.00     0.01
ppcell_vnl           init_vnl                      0.04           1   0.04     0.15
WF_atomic            init_at_1                     0.00           1   0.00     0.00
wavefunc             wfcinit                       0.00           1   0.00     0.01
Ions                 opt_ions                     23.11           1  23.11    90.62
ESolver_KS_PW        run                          22.27           1  22.27    87.30
H_Ewald_pw           compute_ewald                 0.00           1   0.00     0.00
Charge               set_rho_core                  0.00           1   0.00     0.00
Charge               atomic_rho                    0.02           2   0.01     0.06
PW_Basis_Sup         recip2real                    0.20         117   0.00     0.77
PW_Basis_Sup         gathers_scatterp              0.02         117   0.00     0.10
Potential            init_pot                      0.05           1   0.05     0.20
Potential            update_from_charge            0.76          16   0.05     2.96
Potential            cal_fixed_v                   0.00           1   0.00     0.01
PotLocal             cal_fixed_v                   0.00           1   0.00     0.01
Potential            cal_v_eff                     0.75          16   0.05     2.93
H_Hartree_pw         v_hartree                     0.07          16   0.00     0.29
PW_Basis_Sup         real2recip                    0.24         151   0.00     0.93
PW_Basis_Sup         gatherp_scatters              0.02         151   0.00     0.08
PotXC                cal_v_eff                     0.67          16   0.04     2.62
XC_Functional        v_xc                          0.66          16   0.04     2.61
Potential            interpolate_vrs               0.00          16   0.00     0.01
Symmetry             rhog_symmetry                 0.14          17   0.01     0.53
Symmetry             group fft grids               0.03          17   0.00     0.11
Charge_Mixing        init_mixing                   0.00           1   0.00     0.00
ESolver_KS_PW        hamilt2density               21.11          16   1.32    82.77
HSolverPW            solve                        20.88          16   1.31    81.88
Nonlocal             getvnl                        0.21         448   0.00     0.82
pp_cell_vnl          getvnl                        0.24         504   0.00     0.92
Structure_Factor     get_sk                        0.08        1064   0.00     0.33
WF_atomic            atomic_wfc                    0.01          28   0.00     0.06
DiagoIterAssist      diagH_subspace_init           0.36          28   0.01     1.43
Operator             hPsi                          7.32       44899   0.00    28.68
Operator             EkineticPW                    0.48       44899   0.00     1.89
Operator             VeffPW                        5.67       44899   0.00    22.25
PW_Basis_K           recip_to_real gpu             3.45       72255   0.00    13.54
PW_Basis_K           real_to_recip gpu             2.49       57919   0.00     9.75
Operator             NonlocalPW                    1.13       44899   0.00     4.43
Nonlocal             add_nonlocal_pp               0.67       44899   0.00     2.64
DiagoIterAssist      diagH_LAPACK                  0.87         420   0.00     3.41
DiagoCG              diag_once                    12.14         448   0.03    47.61
DiagoCG_New          spsi_func                     0.32       88958   0.00     1.25
DiagoCG_New          hpsi_func                     6.04       44479   0.00    23.69
ElecStatePW          psiToRho                      0.87          16   0.05     3.39
Charge               rho_mpi                       0.00          16   0.00     0.02
Charge               reduce_diff_pools             0.00          16   0.00     0.02
Charge_Mixing        get_drho                      0.05          16   0.00     0.21
Charge_Mixing        inner_product_recip_rho       0.00          16   0.00     0.01
Charge               mix_rho                       0.08          14   0.01     0.32
Charge               Pulay_mixing                  0.02          14   0.00     0.06
Charge_Mixing        inner_product_recip_hartree   0.02          84   0.00     0.06
DiagoIterAssist      diagH_subspace                3.31         392   0.01    12.98
Forces               cal_force_loc                 0.01           1   0.01     0.02
Forces               cal_force_ew                  0.00           1   0.00     0.02
Forces               cal_force_nl                  0.05           1   0.05     0.21
Forces               cal_force_cc                  0.00           1   0.00     0.00
Forces               cal_force_scc                 0.01           1   0.01     0.03
Stress_PW            cal_stress                    0.77           1   0.77     3.02
Stress_Func          stress_kin                    0.05           1   0.05     0.18
Stress_Func          stress_har                    0.00           1   0.00     0.01
Stress_Func          stress_ewa                    0.00           1   0.00     0.02
Stress_Func          stress_gga                    0.02           1   0.02     0.09
Stress_Func          stress_loc                    0.01           1   0.01     0.03
Stress_Func          stress_cc                     0.00           1   0.00     0.00
Stress_Func          stress_nl                     0.68           1   0.68     2.68
ModuleIO             write_istate_info             0.00           1   0.00     0.01
-------------------------------------------------------------------------------------

 NAME-------------------------|MEMORY(MB)--------
                         total       213.7218
                        Psi_PW       176.9961
                  PW_B_K::gcar         8.2967
                     FFT::grid         6.7500
                      VNL::vkb         3.1606
                   PW_B_K::gk2         2.7656
                      Chg::rho         1.6875
                 Chg::rho_save         1.6875
                 Chg::rho_core         1.6875
                 Pot::veff_fix         1.6875
                     Pot::veff         1.6875
              Pot::veff_smooth         1.6875
                  SF::strucFac         1.5755
               PW_B_K::ig2ixyz         1.3828
 -------------   < 1.0 MB has been ignored ----------------
 ----------------------------------------------------------

 Start  Time  : Thu May 23 17:24:55 2024
 Finish Time  : Thu May 23 17:25:21 2024
 Total  Time  : 0 h 0 mins 26 secs 
