                                                                                     
                              ABACUS v3.6.3

               Atomic-orbital Based Ab-initio Computation at UStc                    

                     Website: http://abacus.ustc.edu.cn/                             
               Documentation: https://abacus.deepmodeling.com/                       
                  Repository: https://github.com/abacusmodeling/abacus-develop       
                              https://github.com/deepmodeling/abacus-develop         
                      Commit: f9124675f (Wed May 22 09:49:08 2024 +0800)

    Start Time is Thu May 23 17:25:58 2024
                                                                                     
 ------------------------------------------------------------------------------------

 READING GENERAL INFORMATION
                           global_out_dir = OUT.ABACUS/
                           global_in_card = INPUT
                               pseudo_dir = 
                              orbital_dir = 
                                    DRANK = 1
                                    DSIZE = 2
                                   DCOLOR = 1
                                    GRANK = 1
                                    GSIZE = 1
 The esolver type has been set to : ksdft_pw

 RUNNING WITH DEVICE  : GPU / NVIDIA GeForce RTX 4090




 >>>>>>>>>>>>>>>>>>>>>>>>>>>>>>>>>>>>>>>>>>>>>>>>>>>>>>>>>>>>>>>>>>>>>>
 |                                                                    |
 | Reading atom information in unitcell:                              |
 | From the input file and the structure file we know the number of   |
 | different elments in this unitcell, then we list the detail        |
 | information for each element, especially the zeta and polar atomic |
 | orbital number for each element. The total atom number is counted. |
 | We calculate the nearest atom distance for each atom and show the  |
 | Cartesian and Direct coordinates for each atom. We list the file   |
 | address for atomic orbitals. The volume and the lattice vectors    |
 | in real and reciprocal space is also shown.                        |
 |                                                                    |
 <<<<<<<<<<<<<<<<<<<<<<<<<<<<<<<<<<<<<<<<<<<<<<<<<<<<<<<<<<<<<<<<<<<<<<




 READING UNITCELL INFORMATION
                                    ntype = 1
                  lattice constant (Bohr) = 1.95073
              lattice constant (Angstrom) = 1.03228

 READING ATOM TYPE 1
                               atom label = Al
                      L=0, number of zeta = 1
                      L=1, number of zeta = 1
                      L=2, number of zeta = 1
             number of atom for this type = 4

                        TOTAL ATOM NUMBER = 4
DIRECT COORDINATES
   atom           x                y                z           mag          vx               vy               vz       
taud_Al1       0.0000000000     0.0000000000     0.0000000000 +0.0000     0.0000000000     0.0000000000     0.0000000000
taud_Al2       0.0000000000     0.5000000000     0.5000000000 +0.0000     0.0000000000     0.0000000000     0.0000000000
taud_Al3       0.5000000000     0.0000000000     0.5000000000 +0.0000     0.0000000000     0.0000000000     0.0000000000
taud_Al4       0.5000000000     0.5000000000     0.0000000000 +0.0000     0.0000000000     0.0000000000     0.0000000000


                          Volume (Bohr^3) = 491.875
                             Volume (A^3) = 72.8883

 Lattice vectors: (Cartesian coordinate: in unit of a_0)
             +4.04658                  -0                  +0
                   -0            +4.04658                  -0
                   +0                  -0            +4.04658
 Reciprocal vectors: (Cartesian coordinate: in unit of 2 pi/a_0)
            +0.247122                  -0                  +0
                   -0           +0.247122                  -0
                   +0                  -0           +0.247122




 >>>>>>>>>>>>>>>>>>>>>>>>>>>>>>>>>>>>>>>>>>>>>>>>>>>>>>>>>>>>>>>>>>>>>>
 |                                                                    |
 | Reading pseudopotentials files:                                    |
 | The pseudopotential file is in UPF format. The 'NC' indicates that |
 | the type of pseudopotential is 'norm conserving'. Functional of    |
 | exchange and correlation is decided by 4 given parameters in UPF   |
 | file.  We also read in the 'core correction' if there exists.      |
 | Also we can read the valence electrons number and the maximal      |
 | angular momentum used in this pseudopotential. We also read in the |
 | trail wave function, trail atomic density and local-pseudopotential|
 | on logrithmic grid. The non-local pseudopotential projector is also|
 | read in if there is any.                                           |
 |                                                                    |
 <<<<<<<<<<<<<<<<<<<<<<<<<<<<<<<<<<<<<<<<<<<<<<<<<<<<<<<<<<<<<<<<<<<<<<




                PAO radial cut off (Bohr) = 15

 Read in pseudopotential file is pp_orb/Al_ONCV_PBE-1.0.upf
                     pseudopotential type = NC
          exchange-correlation functional = PBE
                 nonlocal core correction = 0
                        valence electrons = 11
                                     lmax = 1
                           number of zeta = 0
                     number of projectors = 4
                           L of projector = 0
                           L of projector = 0
                           L of projector = 1
                           L of projector = 1
     initial pseudo atomic orbital number = 0
                                   NLOCAL = 36

%%%%%%%%%%%%%%%%%%%%%%%%%%%%%%%%%%%%%%%%%%%%%%%%%%%%%%%%%%%%%%%%%%%%%%%%%%%%%%%%%%%%%%%%%%%%%%%%%%%%%%%%%%
 Warning: the number of valence electrons in pseudopotential > 3 for Al: [Ne] 3s2 3p1
 Pseudopotentials with additional electrons can yield (more) accurate outcomes, but may be less efficient.
 If you're confident that your chosen pseudopotential is appropriate, you can safely ignore this warning.
%%%%%%%%%%%%%%%%%%%%%%%%%%%%%%%%%%%%%%%%%%%%%%%%%%%%%%%%%%%%%%%%%%%%%%%%%%%%%%%%%%%%%%%%%%%%%%%%%%%%%%%%%%
                  




 >>>>>>>>>>>>>>>>>>>>>>>>>>>>>>>>>>>>>>>>>>>>>>>>>>>>>>>>>>>>>>>>>>>>>>
 |                                                                    |
 | Setup plane waves of charge/potential:                             |
 | Use the energy cutoff and the lattice vectors to generate the      |
 | dimensions of FFT grid. The number of FFT grid on each processor   |
 | is 'nrxx'. The number of plane wave basis in reciprocal space is   |
 | different for charege/potential and wave functions. We also set    |
 | the 'sticks' for the parallel of FFT. The number of plane waves    |
 | is 'npw' in each processor.                                        |
 <<<<<<<<<<<<<<<<<<<<<<<<<<<<<<<<<<<<<<<<<<<<<<<<<<<<<<<<<<<<<<<<<<<<<<





 SETUP THE PLANE WAVE BASIS
 energy cutoff for charge/potential (unit:Ry) = 360
            fft grid for charge/potential = [ 48, 48, 48 ]
                        fft grid division = [ 1, 1, 1 ]
        big fft grid for charge/potential = [ 48, 48, 48 ]
                                     nbxx = 110592
                                     nrxx = 110592

 SETUP PLANE WAVES FOR CHARGE/POTENTIAL
                    number of plane waves = 56667
                         number of sticks = 1781

 PARALLEL PW FOR CHARGE/POTENTIAL
     PROC   COLUMNS(POT)             PW
        1           1781          56667
 --------------- sum -------------------
        1           1781          56667
                            number of |g| = 476
                                  max |g| = 34.6874
                                  min |g| = 0

----------- Double Check Mixing Parameters Begin ------------
mixing_type: pulay
mixing_beta: 0.3
mixing_gg0: 1
mixing_gg0_min: 0.1
mixing_ndim: 8
----------- Double Check Mixing Parameters End ------------

 SETUP THE ELECTRONS NUMBER
            electron number of element Al = 11
      total electron number of element Al = 44
            AUTOSET number of electrons:  = 44
 DONE : SETUP UNITCELL Time : 1.88652 (SEC)





 >>>>>>>>>>>>>>>>>>>>>>>>>>>>>>>>>>>>>>>>>>>>>>>>>>>>>>>>>>>>>>>>>>>>>>
 |                                                                    |
 | Doing symmetry analysis:                                           |
 | We calculate the norm of 3 vectors and the angles between them,    |
 | the type of Bravais lattice is given. We can judge if the unticell |
 | is a primitive cell. Finally we give the point group operation for |
 | this unitcell. We use the point group operations to do symmetry |
 | analysis on given k-point mesh and the charge density.             |
 |                                                                    |
 <<<<<<<<<<<<<<<<<<<<<<<<<<<<<<<<<<<<<<<<<<<<<<<<<<<<<<<<<<<<<<<<<<<<<<




 LATTICE VECTORS: (CARTESIAN COORDINATE: IN UNIT OF A0)
             +4.04658                  -0                  +0
                   -0            +4.04658                  -0
                   +0                  -0            +4.04658
                       right hand lattice = 1
                                   NORM_A = 4.04658
                                   NORM_B = 4.04658
                                   NORM_C = 4.04658
                           ALPHA (DEGREE) = 90
                           BETA  (DEGREE) = 90
                           GAMMA (DEGREE) = 90

 The lattice vectors have been changed (STRU_SIMPLE.cif)

(for optimal symmetric configuration:)
                             BRAVAIS TYPE = 1
                     BRAVAIS LATTICE NAME = 01. Cubic P (simple)
                                    ibrav = 1
                                    IBRAV = 1
                                  BRAVAIS = SIMPLE CUBIC
                       LATTICE CONSTANT A = 4.04658
                       right hand lattice = 1
(for primitive cell:)
                                    IBRAV = 3
                                  BRAVAIS = FACE CENTERED CUBIC
                       LATTICE CONSTANT A = 4.04658
optimized lattice volume: 66.2622
optimized primitive cell volume: 16.5655
Original cell was built up by 4 primitive cells.
                        ROTATION MATRICES = 48
              PURE POINT GROUP OPERATIONS = 48
                   SPACE GROUP OPERATIONS = 48
                              POINT GROUP = O_h
               POINT GROUP IN SPACE GROUP = O_h
 DONE : SYMMETRY Time : 1.93948 (SEC)





 >>>>>>>>>>>>>>>>>>>>>>>>>>>>>>>>>>>>>>>>>>>>>>>>>>>>>>>>>>>>>>>>>>>>>>
 |                                                                    |
 | Setup K-points                                                     |
 | We setup the k-points according to input parameters.               |
 | The reduced k-points are set according to symmetry operations.     |
 | We treat the spin as another set of k-points.                      |
 |                                                                    |
 <<<<<<<<<<<<<<<<<<<<<<<<<<<<<<<<<<<<<<<<<<<<<<<<<<<<<<<<<<<<<<<<<<<<<<





 SETUP K-POINTS
                                    nspin = 1
                   Input type of k points = Monkhorst-Pack(Gamma)
                                   nkstot = 1000
                       right hand lattice = 1
(for reciprocal lattice: )
                             BRAVAIS TYPE = 1
                     BRAVAIS LATTICE NAME = 01. Cubic P (simple)
                                    ibrav = 1
                       right hand lattice = 1
(for k-lattice: )
                             BRAVAIS TYPE = 1
                     BRAVAIS LATTICE NAME = 01. Cubic P (simple)
                                    ibrav = 1
                       right hand lattice = 1
                        ROTATION MATRICES = 48
                               nkstot_ibz = 56
K-POINTS REDUCTION ACCORDING TO SYMMETRY
     IBZ     DIRECT_X     DIRECT_Y     DIRECT_Z WEIGHT ibz2bz
       1   0.00000000   0.00000000   0.00000000 0.0010 0     
       2   0.00000000   0.10000000   0.00000000 0.0060 1     
       3   0.00000000   0.20000000   0.00000000 0.0060 2     
       4   0.00000000   0.30000000   0.00000000 0.0060 3     
       5   0.00000000   0.40000000   0.00000000 0.0060 4     
       6   0.00000000   0.00000000   0.50000000 0.0030 5     
       7   0.10000000   0.00000000   0.10000000 0.0120 11    
       8   0.10000000   0.20000000   0.00000000 0.0240 12    
       9   0.10000000   0.30000000   0.00000000 0.0240 13    
      10   0.10000000   0.40000000   0.00000000 0.0240 14    
      11   0.00000000   0.10000000   0.50000000 0.0120 15    
      12   0.20000000   0.00000000   0.20000000 0.0120 22    
      13   0.20000000   0.30000000   0.00000000 0.0240 23    
      14   0.20000000   0.40000000   0.00000000 0.0240 24    
      15   0.00000000   0.20000000   0.50000000 0.0120 25    
      16   0.30000000   0.00000000   0.30000000 0.0120 33    
      17   0.30000000   0.40000000   0.00000000 0.0240 34    
      18   0.00000000   0.30000000   0.50000000 0.0120 35    
      19   0.40000000   0.00000000   0.40000000 0.0120 44    
      20   0.00000000   0.40000000   0.50000000 0.0120 45    
      21   0.00000000   0.50000000   0.50000000 0.0030 55    
      22  -0.10000000   0.10000000   0.10000000 0.0080 111   
      23   0.10000000   0.10000000   0.20000000 0.0240 112   
      24   0.10000000   0.30000000   0.10000000 0.0240 113   
      25   0.10000000   0.40000000   0.10000000 0.0240 114   
      26   0.10000000   0.50000000   0.10000000 0.0120 115   
      27   0.20000000   0.10000000   0.20000000 0.0240 122   
      28   0.20000000   0.30000000   0.10000000 0.0480 123   
      29   0.20000000   0.40000000   0.10000000 0.0480 124   
      30   0.20000000   0.50000000   0.10000000 0.0240 125   
      31   0.30000000   0.10000000   0.30000000 0.0240 133   
      32   0.30000000   0.40000000   0.10000000 0.0480 134   
      33   0.30000000   0.50000000   0.10000000 0.0240 135   
      34   0.40000000   0.10000000   0.40000000 0.0240 144   
      35   0.40000000   0.50000000   0.10000000 0.0240 145   
      36   0.50000000   0.10000000   0.50000000 0.0060 155   
      37  -0.20000000   0.20000000   0.20000000 0.0080 222   
      38   0.20000000   0.30000000   0.20000000 0.0240 223   
      39   0.20000000   0.40000000   0.20000000 0.0240 224   
      40   0.20000000   0.50000000   0.20000000 0.0120 225   
      41   0.30000000   0.20000000   0.30000000 0.0240 233   
      42   0.30000000   0.40000000   0.20000000 0.0480 234   
      43   0.30000000   0.50000000   0.20000000 0.0240 235   
      44   0.40000000   0.20000000   0.40000000 0.0240 244   
      45   0.40000000   0.50000000   0.20000000 0.0240 245   
      46   0.50000000   0.20000000   0.50000000 0.0060 255   
      47  -0.30000000   0.30000000   0.30000000 0.0080 333   
      48   0.30000000   0.40000000   0.30000000 0.0240 334   
      49   0.30000000   0.50000000   0.30000000 0.0120 335   
      50   0.40000000   0.30000000   0.40000000 0.0240 344   
      51   0.40000000   0.50000000   0.30000000 0.0240 345   
      52   0.50000000   0.30000000   0.50000000 0.0060 355   
      53  -0.40000000   0.40000000   0.40000000 0.0080 444   
      54   0.40000000   0.50000000   0.40000000 0.0120 445   
      55   0.50000000   0.40000000   0.50000000 0.0060 455   
      56   0.50000000   0.50000000   0.50000000 0.0010 555   
                               nkstot now = 56
K-POINTS DIRECT COORDINATES
 KPOINTS     DIRECT_X     DIRECT_Y     DIRECT_Z WEIGHT
       1   0.00000000   0.00000000   0.00000000 0.0010
       2   0.00000000   0.10000000   0.00000000 0.0060
       3   0.00000000   0.20000000   0.00000000 0.0060
       4   0.00000000   0.30000000   0.00000000 0.0060
       5   0.00000000   0.40000000   0.00000000 0.0060
       6   0.00000000   0.00000000   0.50000000 0.0030
       7   0.10000000   0.00000000   0.10000000 0.0120
       8   0.10000000   0.20000000   0.00000000 0.0240
       9   0.10000000   0.30000000   0.00000000 0.0240
      10   0.10000000   0.40000000   0.00000000 0.0240
      11   0.00000000   0.10000000   0.50000000 0.0120
      12   0.20000000   0.00000000   0.20000000 0.0120
      13   0.20000000   0.30000000   0.00000000 0.0240
      14   0.20000000   0.40000000   0.00000000 0.0240
      15   0.00000000   0.20000000   0.50000000 0.0120
      16   0.30000000   0.00000000   0.30000000 0.0120
      17   0.30000000   0.40000000   0.00000000 0.0240
      18   0.00000000   0.30000000   0.50000000 0.0120
      19   0.40000000   0.00000000   0.40000000 0.0120
      20   0.00000000   0.40000000   0.50000000 0.0120
      21   0.00000000   0.50000000   0.50000000 0.0030
      22  -0.10000000   0.10000000   0.10000000 0.0080
      23   0.10000000   0.10000000   0.20000000 0.0240
      24   0.10000000   0.30000000   0.10000000 0.0240
      25   0.10000000   0.40000000   0.10000000 0.0240
      26   0.10000000   0.50000000   0.10000000 0.0120
      27   0.20000000   0.10000000   0.20000000 0.0240
      28   0.20000000   0.30000000   0.10000000 0.0480
      29   0.20000000   0.40000000   0.10000000 0.0480
      30   0.20000000   0.50000000   0.10000000 0.0240
      31   0.30000000   0.10000000   0.30000000 0.0240
      32   0.30000000   0.40000000   0.10000000 0.0480
      33   0.30000000   0.50000000   0.10000000 0.0240
      34   0.40000000   0.10000000   0.40000000 0.0240
      35   0.40000000   0.50000000   0.10000000 0.0240
      36   0.50000000   0.10000000   0.50000000 0.0060
      37  -0.20000000   0.20000000   0.20000000 0.0080
      38   0.20000000   0.30000000   0.20000000 0.0240
      39   0.20000000   0.40000000   0.20000000 0.0240
      40   0.20000000   0.50000000   0.20000000 0.0120
      41   0.30000000   0.20000000   0.30000000 0.0240
      42   0.30000000   0.40000000   0.20000000 0.0480
      43   0.30000000   0.50000000   0.20000000 0.0240
      44   0.40000000   0.20000000   0.40000000 0.0240
      45   0.40000000   0.50000000   0.20000000 0.0240
      46   0.50000000   0.20000000   0.50000000 0.0060
      47  -0.30000000   0.30000000   0.30000000 0.0080
      48   0.30000000   0.40000000   0.30000000 0.0240
      49   0.30000000   0.50000000   0.30000000 0.0120
      50   0.40000000   0.30000000   0.40000000 0.0240
      51   0.40000000   0.50000000   0.30000000 0.0240
      52   0.50000000   0.30000000   0.50000000 0.0060
      53  -0.40000000   0.40000000   0.40000000 0.0080
      54   0.40000000   0.50000000   0.40000000 0.0120
      55   0.50000000   0.40000000   0.50000000 0.0060
      56   0.50000000   0.50000000   0.50000000 0.0010

           k-point number in this process = 28
       minimum distributed K point number = 28

K-POINTS CARTESIAN COORDINATES
 KPOINTS  CARTESIAN_X  CARTESIAN_Y  CARTESIAN_Z WEIGHT
       1   0.00000000   0.00000000   0.00000000 0.0020
       2   0.00000000   0.02471220   0.00000000 0.0120
       3   0.00000000   0.04942440   0.00000000 0.0120
       4   0.00000000   0.07413660   0.00000000 0.0120
       5   0.00000000   0.09884880   0.00000000 0.0120
       6   0.00000000   0.00000000   0.12356100 0.0060
       7   0.02471220   0.00000000   0.02471220 0.0240
       8   0.02471220   0.04942440   0.00000000 0.0480
       9   0.02471220   0.07413660   0.00000000 0.0480
      10   0.02471220   0.09884880   0.00000000 0.0480
      11   0.00000000   0.02471220   0.12356100 0.0240
      12   0.04942440   0.00000000   0.04942440 0.0240
      13   0.04942440   0.07413660   0.00000000 0.0480
      14   0.04942440   0.09884880   0.00000000 0.0480
      15   0.00000000   0.04942440   0.12356100 0.0240
      16   0.07413660   0.00000000   0.07413660 0.0240
      17   0.07413660   0.09884880   0.00000000 0.0480
      18   0.00000000   0.07413660   0.12356100 0.0240
      19   0.09884880   0.00000000   0.09884880 0.0240
      20   0.00000000   0.09884880   0.12356100 0.0240
      21   0.00000000   0.12356100   0.12356100 0.0060
      22  -0.02471220   0.02471220   0.02471220 0.0160
      23   0.02471220   0.02471220   0.04942440 0.0480
      24   0.02471220   0.07413660   0.02471220 0.0480
      25   0.02471220   0.09884880   0.02471220 0.0480
      26   0.02471220   0.12356100   0.02471220 0.0240
      27   0.04942440   0.02471220   0.04942440 0.0480
      28   0.04942440   0.07413660   0.02471220 0.0960

K-POINTS DIRECT COORDINATES
 KPOINTS     DIRECT_X     DIRECT_Y     DIRECT_Z WEIGHT
       1   0.00000000   0.00000000   0.00000000 0.0020
       2   0.00000000   0.10000000   0.00000000 0.0120
       3   0.00000000   0.20000000   0.00000000 0.0120
       4   0.00000000   0.30000000   0.00000000 0.0120
       5   0.00000000   0.40000000   0.00000000 0.0120
       6   0.00000000   0.00000000   0.50000000 0.0060
       7   0.10000000   0.00000000   0.10000000 0.0240
       8   0.10000000   0.20000000   0.00000000 0.0480
       9   0.10000000   0.30000000   0.00000000 0.0480
      10   0.10000000   0.40000000   0.00000000 0.0480
      11   0.00000000   0.10000000   0.50000000 0.0240
      12   0.20000000   0.00000000   0.20000000 0.0240
      13   0.20000000   0.30000000   0.00000000 0.0480
      14   0.20000000   0.40000000   0.00000000 0.0480
      15   0.00000000   0.20000000   0.50000000 0.0240
      16   0.30000000   0.00000000   0.30000000 0.0240
      17   0.30000000   0.40000000   0.00000000 0.0480
      18   0.00000000   0.30000000   0.50000000 0.0240
      19   0.40000000   0.00000000   0.40000000 0.0240
      20   0.00000000   0.40000000   0.50000000 0.0240
      21   0.00000000   0.50000000   0.50000000 0.0060
      22  -0.10000000   0.10000000   0.10000000 0.0160
      23   0.10000000   0.10000000   0.20000000 0.0480
      24   0.10000000   0.30000000   0.10000000 0.0480
      25   0.10000000   0.40000000   0.10000000 0.0480
      26   0.10000000   0.50000000   0.10000000 0.0240
      27   0.20000000   0.10000000   0.20000000 0.0480
      28   0.20000000   0.30000000   0.10000000 0.0960
 DONE : INIT K-POINTS Time : 2.03243 (SEC)





 >>>>>>>>>>>>>>>>>>>>>>>>>>>>>>>>>>>>>>>>>>>>>>>>>>>>>>>>>>>>>>>>>>>>>>
 |                                                                    |
 | Setup plane waves of wave functions:                               |
 | Use the energy cutoff and the lattice vectors to generate the      |
 | dimensions of FFT grid. The number of FFT grid on each processor   |
 | is 'nrxx'. The number of plane wave basis in reciprocal space is   |
 | different for charege/potential and wave functions. We also set    |
 | the 'sticks' for the parallel of FFT. The number of plane wave of  |
 | each k-point is 'npwk[ik]' in each processor                       |
 <<<<<<<<<<<<<<<<<<<<<<<<<<<<<<<<<<<<<<<<<<<<<<<<<<<<<<<<<<<<<<<<<<<<<<





 SETUP PLANE WAVES FOR WAVE FUNCTIONS
     energy cutoff for wavefunc (unit:Ry) = 90
              fft grid for wave functions = [ 48, 48, 48 ]
                    number of plane waves = 8733
                         number of sticks = 509

 PARALLEL PW FOR WAVE FUNCTIONS
     PROC   COLUMNS(POT)             PW
        1            509           8733
 --------------- sum -------------------
        1            509           8733
 DONE : INIT PLANEWAVE Time : 2.05961 (SEC)

                           occupied bands = 22
                                   NBANDS = 32
                                     npwx = 7123

 Warning_Memory_Consuming allocated:  Psi_PW 97.3848 MB

 SETUP NONLOCAL PSEUDOPOTENTIALS IN PLANE WAVE BASIS
 Al non-local projectors:
 projector 1 L=0
 projector 2 L=0
 projector 3 L=1
 projector 4 L=1
      TOTAL NUMBER OF NONLOCAL PROJECTORS = 32
 DONE : LOCAL POTENTIAL Time : 2.07684 (SEC)


 Init Non-Local PseudoPotential table : 
 Init Non-Local-Pseudopotential done.
 DONE : NON-LOCAL POTENTIAL Time : 2.11371 (SEC)


 Make real space PAO into reciprocal space.
       max mesh points in Pseudopotential = 601
     dq(describe PAO in reciprocal space) = 0.01
                                    max q = 1905

 number of pseudo atomic orbitals for Al is 0
 DONE : INIT BASIS Time : 2.16242 (SEC)


 -------------------------------------------
 STEP OF RELAXATION : 1
 -------------------------------------------
                                 init_chg = atomic
 DONE : INIT SCF Time : 2.2372 (SEC)


 PW ALGORITHM --------------- ION=   1  ELEC=   1--------------------------------
 Notice: Threshold on eigenvalues was too large.
 hsover_error=0.44 > DRHO=0.0669855
 Origin diag_ethr = 0.01
 New    diag_ethr = 0.00015224

 Density error is 0.0681383274081
                          Error Threshold = 0.000152239869285
------------------------------------------------------
  Energy         Rydberg                 eV         
------------------------------------------------------
E_KohnSham      -553.6506085149     -7532.8029769700
E_Harris        -553.6723577622     -7533.0988906608
E_Fermi            0.7246834995         9.8598248395
------------------------------------------------------

 PW ALGORITHM --------------- ION=   1  ELEC=   2--------------------------------

 Density error is 0.031737792584
                          Error Threshold = 0.000154859835018
------------------------------------------------------
  Energy         Rydberg                 eV         
------------------------------------------------------
E_KohnSham      -553.6314508721     -7532.5423238682
E_Harris        -557.3378322351     -7582.9702293656
E_Fermi            0.7216274179         9.8182447161
------------------------------------------------------

 PW ALGORITHM --------------- ION=   1  ELEC=   3--------------------------------

 Density error is 0.000524210134049
                          Error Threshold = 7.21313467818e-05
------------------------------------------------------
  Energy         Rydberg                 eV         
------------------------------------------------------
E_KohnSham      -553.6373701569     -7532.6228598696
E_Harris        -554.2415615727     -7540.8433058071
E_Fermi            0.7148597093         9.7261653169
------------------------------------------------------

 PW ALGORITHM --------------- ION=   1  ELEC=   4--------------------------------

 Density error is 0.000315890500593
                          Error Threshold = 1.19138666829e-06
------------------------------------------------------
  Energy         Rydberg                 eV         
------------------------------------------------------
E_KohnSham      -553.6379071232     -7532.6301656708
E_Harris        -553.8928154940     -7536.0983719808
E_Fermi            0.7156493153         9.7369084581
------------------------------------------------------

 PW ALGORITHM --------------- ION=   1  ELEC=   5--------------------------------

 Density error is 0.000120068924233
                          Error Threshold = 7.17932955893e-07
------------------------------------------------------
  Energy         Rydberg                 eV         
------------------------------------------------------
E_KohnSham      -553.6378288674     -7532.6291009458
E_Harris        -553.8286476023     -7535.2253230248
E_Fermi            0.7152103207         9.7309356293
------------------------------------------------------

 PW ALGORITHM --------------- ION=   1  ELEC=   6--------------------------------

 Density error is 2.52002309691e-05
                          Error Threshold = 2.72883918712e-07
------------------------------------------------------
  Energy         Rydberg                 eV         
------------------------------------------------------
E_KohnSham      -553.6378504286     -7532.6293943009
E_Harris        -553.6316798579     -7532.5454393798
E_Fermi            0.7149151298         9.7269193519
------------------------------------------------------

 PW ALGORITHM --------------- ION=   1  ELEC=   7--------------------------------

 Density error is 1.31684642081e-05
                          Error Threshold = 5.72732522026e-08
------------------------------------------------------
  Energy         Rydberg                 eV         
------------------------------------------------------
E_KohnSham      -553.6378439303     -7532.6293058866
E_Harris        -553.5828595331     -7531.8812047835
E_Fermi            0.7149195893         9.7269800258
------------------------------------------------------

 PW ALGORITHM --------------- ION=   1  ELEC=   8--------------------------------

 Density error is 2.14686081123e-06
                          Error Threshold = 2.99283277456e-08
------------------------------------------------------
  Energy         Rydberg                 eV         
------------------------------------------------------
E_KohnSham      -553.6378442105     -7532.6293096986
E_Harris        -553.6113959977     -7532.2694633030
E_Fermi            0.7149507702         9.7274042643
------------------------------------------------------

 PW ALGORITHM --------------- ION=   1  ELEC=   9--------------------------------

 Density error is 1.04284254093e-06
                          Error Threshold = 4.87922911643e-09
------------------------------------------------------
  Energy         Rydberg                 eV         
------------------------------------------------------
E_KohnSham      -553.6378443033     -7532.6293109619
E_Harris        -553.6218916661     -7532.4122641977
E_Fermi            0.7149545783         9.7274560756
------------------------------------------------------

 PW ALGORITHM --------------- ION=   1  ELEC=  10--------------------------------

 Density error is 6.5188848999e-07
                          Error Threshold = 2.37009668394e-09
------------------------------------------------------
  Energy         Rydberg                 eV         
------------------------------------------------------
E_KohnSham      -553.6378440933     -7532.6293081051
E_Harris        -553.6262208701     -7532.4711660405
E_Fermi            0.7149554674         9.7274681729
------------------------------------------------------

 PW ALGORITHM --------------- ION=   1  ELEC=  11--------------------------------

 Density error is 1.35395502976e-07
                          Error Threshold = 1.48156474998e-09
------------------------------------------------------
  Energy         Rydberg                 eV         
------------------------------------------------------
E_KohnSham      -553.6378440685     -7532.6293077676
E_Harris        -553.6306646899     -7532.5316273096
E_Fermi            0.7149536778         9.7274438236
------------------------------------------------------

 PW ALGORITHM --------------- ION=   1  ELEC=  12--------------------------------

 Density error is 3.21326651081e-09
                          Error Threshold = 3.07717052219e-10
----------------------------------------------------------
    Energy           Rydberg                 eV         
----------------------------------------------------------
E_KohnSham          -553.6378441162     -7532.6293084164
E_KS(sigma->0)      -553.6377993032     -7532.6286987044
E_Harris            -553.6347072610     -7532.5866293118
E_band              -148.0334873669     -2014.0989230015
E_one_elec          -353.3799558986     -4807.9809592103
E_Hartree            143.2503237522      1949.0206433750
E_xc                 -62.3914129690      -848.8787226488
E_Ewald             -281.1167093749     -3824.7890505084
E_entropy(-TS)        -0.0000896260        -0.0012194239
E_descf                0.0000000000         0.0000000000
E_exx                  0.0000000000         0.0000000000
E_Fermi                0.7149572877         9.7274929399
----------------------------------------------------------

 charge density convergence is achieved
 final etot is -7532.6293084 eV
 EFERMI = 9.7274929399 eV

 STATE ENERGY(eV) AND OCCUPATIONS    NSPIN == 1
 1/28 kpoint (Cartesian) = 0.0000 0.0000 0.0000 (7123 pws)
       1       -93.9135     0.00200000
       2       -93.9114     0.00200000
       3       -93.9113     0.00200000
       4       -93.9112     0.00200000
       5       -55.3837     0.00200000
       6       -55.3837     0.00200000
       7       -55.3837     0.00200000
       8       -55.3757     0.00200000
       9       -55.3756     0.00200000
      10       -55.3756     0.00200000
      11       -55.3756     0.00200000
      12       -55.3756     0.00200000
      13       -55.3755     0.00200000
      14       -55.3699     0.00200000
      15       -55.3699     0.00200000
      16       -55.3699     0.00200000
      17      -0.793768     0.00200000
      18        6.98737     0.00200000
      19        6.98737     0.00200000
      20        6.98737     0.00200000
      21        8.08332     0.00200000
      22        8.08333     0.00200000
      23        8.08334     0.00200000
      24        14.8243        0.00000
      25        14.8243        0.00000
      26        14.8243        0.00000
      27        14.8243        0.00000
      28        14.8244        0.00000
      29        14.8244        0.00000
      30        14.9661        0.00000
      31        14.9661        0.00000
      32        14.9661        0.00000

 2/28 kpoint (Cartesian) = 0.0000 0.024712 0.0000 (7084 pws)
       1       -93.9134      0.0120000
       2       -93.9114      0.0120000
       3       -93.9113      0.0120000
       4       -93.9112      0.0120000
       5       -55.3835      0.0120000
       6       -55.3835      0.0120000
       7       -55.3834      0.0120000
       8       -55.3758      0.0120000
       9       -55.3758      0.0120000
      10       -55.3756      0.0120000
      11       -55.3756      0.0120000
      12       -55.3755      0.0120000
      13       -55.3754      0.0120000
      14       -55.3702      0.0120000
      15       -55.3700      0.0120000
      16       -55.3700      0.0120000
      17      -0.708860      0.0120000
      18        5.89298      0.0120000
      19        7.06606      0.0120000
      20        7.06606      0.0120000
      21        8.16666      0.0120000
      22        8.16667      0.0120000
      23        9.32743      0.0120000
      24        13.3879        0.00000
      25        13.3879        0.00000
      26        14.2330        0.00000
      27        14.2330        0.00000
      28        14.8984        0.00000
      29        14.8984        0.00000
      30        15.0499        0.00000
      31        16.5606        0.00000
      32        16.5606        0.00000

 3/28 kpoint (Cartesian) = 0.0000 0.049424 0.0000 (7068 pws)
       1       -93.9133      0.0120000
       2       -93.9116      0.0120000
       3       -93.9113      0.0120000
       4       -93.9112      0.0120000
       5       -55.3829      0.0120000
       6       -55.3829      0.0120000
       7       -55.3824      0.0120000
       8       -55.3764      0.0120000
       9       -55.3764      0.0120000
      10       -55.3756      0.0120000
      11       -55.3756      0.0120000
      12       -55.3750      0.0120000
      13       -55.3750      0.0120000
      14       -55.3712      0.0120000
      15       -55.3704      0.0120000
      16       -55.3704      0.0120000
      17      -0.454427      0.0120000
      18        4.53743      0.0120000
      19        7.30219      0.0120000
      20        7.30219      0.0120000
      21        8.41597      0.0120000
      22        8.41598      0.0120000
      23        11.1315        0.00000
      24        12.0418        0.00000
      25        12.0418        0.00000
      26        13.1410        0.00000
      27        13.1410        0.00000
      28        15.1204        0.00000
      29        15.1204        0.00000
      30        15.3009        0.00000
      31        18.2173        0.00000
      32        18.3796        0.00000

 4/28 kpoint (Cartesian) = 0.0000 0.074137 0.0000 (7084 pws)
       1       -93.9130      0.0120000
       2       -93.9118      0.0120000
       3       -93.9114      0.0120000
       4       -93.9113      0.0120000
       5       -55.3820      0.0120000
       6       -55.3820      0.0120000
       7       -55.3809      0.0120000
       8       -55.3773      0.0120000
       9       -55.3773      0.0120000
      10       -55.3757      0.0120000
      11       -55.3756      0.0120000
      12       -55.3744      0.0120000
      13       -55.3744      0.0120000
      14       -55.3728      0.0120000
      15       -55.3711      0.0120000
      16       -55.3711      0.0120000
      17     -0.0313305      0.0120000
      18        3.30925      0.0120000
      19        7.69598      0.0120000
      20        7.69598      0.0120000
      21        8.82899      0.0120000
      22        8.82900      0.0120000
      23        10.8546        0.00000
      24        10.8546        0.00000
      25        12.0339        0.00000
      26        12.0339        0.00000
      27        13.1049        0.00000
      28        15.4907        0.00000
      29        15.4907        0.00000
      30        15.7185        0.00000
      31        18.4507        0.00000
      32        18.4507        0.00000

 5/28 kpoint (Cartesian) = 0.0000 0.098849 0.0000 (7072 pws)
       1       -93.9127      0.0120000
       2       -93.9121      0.0120000
       3       -93.9114      0.0120000
       4       -93.9113      0.0120000
       5       -55.3809      0.0120000
       6       -55.3809      0.0120000
       7       -55.3790      0.0120000
       8       -55.3784      0.0120000
       9       -55.3784      0.0120000
      10       -55.3757      0.0120000
      11       -55.3756      0.0120000
      12       -55.3747      0.0120000
      13       -55.3736      0.0120000
      14       -55.3736      0.0120000
      15       -55.3719      0.0120000
      16       -55.3719      0.0120000
      17       0.558998      0.0120000
      18        2.23259      0.0120000
      19        8.24773      0.0120000
      20        8.24773      0.0120000
      21        9.40032      0.0120000
      22        9.40034      0.0120000
      23        9.82668    1.52116e-09
      24        9.82668    1.52110e-09
      25        11.0271        0.00000
      26        11.0271        0.00000
      27        15.2178        0.00000
      28        16.0092        0.00000
      29        16.0092        0.00000
      30        16.3009        0.00000
      31        17.4902        0.00000
      32        17.4902        0.00000

 6/28 kpoint (Cartesian) = 0.0000 0.0000 0.12356 (7032 pws)
       1       -93.9124     0.00600000
       2       -93.9124     0.00600000
       3       -93.9113     0.00600000
       4       -93.9113     0.00600000
       5       -55.3797     0.00600000
       6       -55.3797     0.00600000
       7       -55.3796     0.00600000
       8       -55.3796     0.00600000
       9       -55.3769     0.00600000
      10       -55.3768     0.00600000
      11       -55.3756     0.00600000
      12       -55.3756     0.00600000
      13       -55.3728     0.00600000
      14       -55.3728     0.00600000
      15       -55.3727     0.00600000
      16       -55.3727     0.00600000
      17        1.31454     0.00600000
      18        1.31455     0.00600000
      19        8.95783     0.00600000
      20        8.95783     0.00600000
      21        8.95784     0.00600000
      22        8.95784     0.00600000
      23        10.0236        0.00000
      24        10.0236        0.00000
      25        10.2564        0.00000
      26        10.2564        0.00000
      27        16.6758        0.00000
      28        16.6758        0.00000
      29        16.6758        0.00000
      30        16.6758        0.00000
      31        17.0454        0.00000
      32        17.0454        0.00000

 7/28 kpoint (Cartesian) = 0.024712 0.0000 0.024712 (7065 pws)
       1       -93.9134      0.0240000
       2       -93.9115      0.0240000
       3       -93.9113      0.0240000
       4       -93.9112      0.0240000
       5       -55.3833      0.0240000
       6       -55.3832      0.0240000
       7       -55.3832      0.0240000
       8       -55.3762      0.0240000
       9       -55.3757      0.0240000
      10       -55.3756      0.0240000
      11       -55.3755      0.0240000
      12       -55.3754      0.0240000
      13       -55.3754      0.0240000
      14       -55.3708      0.0240000
      15       -55.3702      0.0240000
      16       -55.3700      0.0240000
      17      -0.624004      0.0240000
      18        5.97391      0.0240000
      19        5.97391      0.0240000
      20        7.14475      0.0240000
      21        8.24987      0.0240000
      22        9.40838      0.0240000
      23        9.40839      0.0240000
      24        12.3110        0.00000
      25        13.4666        0.00000
      26        13.4666        0.00000
      27        14.3086        0.00000
      28        14.3086        0.00000
      29        14.9728        0.00000
      30        16.3345        0.00000
      31        16.6395        0.00000
      32        16.6395        0.00000

 8/28 kpoint (Cartesian) = 0.024712 0.049424 0.0000 (7074 pws)
       1       -93.9132      0.0480000
       2       -93.9116      0.0480000
       3       -93.9114      0.0480000
       4       -93.9113      0.0480000
       5       -55.3827      0.0480000
       6       -55.3827      0.0480000
       7       -55.3823      0.0480000
       8       -55.3768      0.0480000
       9       -55.3762      0.0480000
      10       -55.3754      0.0480000
      11       -55.3753      0.0480000
      12       -55.3752      0.0480000
      13       -55.3750      0.0480000
      14       -55.3718      0.0480000
      15       -55.3706      0.0480000
      16       -55.3703      0.0480000
      17      -0.369721      0.0480000
      18        4.61936      0.0480000
      19        6.21654      0.0480000
      20        7.38092      0.0480000
      21        8.49873      0.0480000
      22        9.65072      0.0479984
      23        11.0065        0.00000
      24        11.2110        0.00000
      25        12.1207        0.00000
      26        13.2186        0.00000
      27        13.7029        0.00000
      28        14.2654        0.00000
      29        14.5350        0.00000
      30        16.8759        0.00000
      31        17.6333        0.00000
      32        18.3677        0.00000

 9/28 kpoint (Cartesian) = 0.024712 0.074137 0.0000 (7073 pws)
       1       -93.9130      0.0480000
       2       -93.9118      0.0480000
       3       -93.9114      0.0480000
       4       -93.9113      0.0480000
       5       -55.3819      0.0480000
       6       -55.3818      0.0480000
       7       -55.3809      0.0480000
       8       -55.3777      0.0480000
       9       -55.3771      0.0480000
      10       -55.3754      0.0480000
      11       -55.3752      0.0480000
      12       -55.3746      0.0480000
      13       -55.3743      0.0480000
      14       -55.3733      0.0480000
      15       -55.3712      0.0480000
      16       -55.3708      0.0480000
      17      0.0531294      0.0480000
      18        3.39188      0.0480000
      19        6.62031      0.0480000
      20        7.77475      0.0480000
      21        8.90971      0.0480000
      22        9.82719    5.28130e-09
      23        10.0524        0.00000
      24        10.9336        0.00000
      25        12.1137        0.00000
      26        13.1827        0.00000
      27        13.1944        0.00000
      28        14.0961        0.00000
      29        14.9117        0.00000
      30        17.2167        0.00000
      31        17.2696        0.00000
      32        17.8767        0.00000

 10/28 kpoint (Cartesian) = 0.024712 0.098849 0.0000 (7079 pws)
       1       -93.9127      0.0480000
       2       -93.9120      0.0480000
       3       -93.9114      0.0480000
       4       -93.9113      0.0480000
       5       -55.3809      0.0480000
       6       -55.3807      0.0480000
       7       -55.3791      0.0480000
       8       -55.3787      0.0480000
       9       -55.3782      0.0480000
      10       -55.3754      0.0480000
      11       -55.3752      0.0480000
      12       -55.3752      0.0480000
      13       -55.3738      0.0480000
      14       -55.3735      0.0480000
      15       -55.3720      0.0480000
      16       -55.3716      0.0480000
      17       0.643122      0.0480000
      18        2.31580      0.0480000
      19        7.18432      0.0480000
      20        8.32656      0.0480000
      21        8.78422      0.0480000
      22        9.49167      0.0480000
      23        9.90562        0.00000
      24        10.5996        0.00000
      25        11.1190        0.00000
      26        12.2019        0.00000
      27        14.6458        0.00000
      28        15.2913        0.00000
      29        15.4395        0.00000
      30        16.2087        0.00000
      31        16.9252        0.00000
      32        17.8195        0.00000

 11/28 kpoint (Cartesian) = 0.0000 0.024712 0.12356 (7094 pws)
       1       -93.9124      0.0240000
       2       -93.9123      0.0240000
       3       -93.9113      0.0240000
       4       -93.9113      0.0240000
       5       -55.3799      0.0240000
       6       -55.3798      0.0240000
       7       -55.3795      0.0240000
       8       -55.3795      0.0240000
       9       -55.3772      0.0240000
      10       -55.3772      0.0240000
      11       -55.3753      0.0240000
      12       -55.3753      0.0240000
      13       -55.3729      0.0240000
      14       -55.3729      0.0240000
      15       -55.3726      0.0240000
      16       -55.3725      0.0240000
      17        1.39825      0.0240000
      18        1.39825      0.0240000
      19        7.90705      0.0240000
      20        7.90705      0.0240000
      21        9.03671      0.0240000
      22        9.03672      0.0240000
      23        10.2137        0.00000
      24        10.2137        0.00000
      25        11.3439        0.00000
      26        11.3439        0.00000
      27        15.3506        0.00000
      28        15.3506        0.00000
      29        16.1094        0.00000
      30        16.1094        0.00000
      31        17.5207        0.00000
      32        17.5207        0.00000

 12/28 kpoint (Cartesian) = 0.049424 0.0000 0.049424 (7071 pws)
       1       -93.9131      0.0240000
       2       -93.9116      0.0240000
       3       -93.9115      0.0240000
       4       -93.9113      0.0240000
       5       -55.3822      0.0240000
       6       -55.3820      0.0240000
       7       -55.3820      0.0240000
       8       -55.3776      0.0240000
       9       -55.3758      0.0240000
      10       -55.3758      0.0240000
      11       -55.3749      0.0240000
      12       -55.3749      0.0240000
      13       -55.3748      0.0240000
      14       -55.3730      0.0240000
      15       -55.3710      0.0240000
      16       -55.3702      0.0240000
      17      -0.115885      0.0240000
      18        4.86493      0.0240000
      19        4.86494      0.0240000
      20        7.61717      0.0240000
      21        8.74502      0.0240000
      22        9.70082      0.0220118
      23        11.4485        0.00000
      24        11.4485        0.00000
      25        12.3575        0.00000
      26        12.3575        0.00000
      27        13.4511        0.00000
      28        13.4511        0.00000
      29        15.4183        0.00000
      30        17.0316        0.00000
      31        17.0630        0.00000
      32        17.8842        0.00000

 13/28 kpoint (Cartesian) = 0.049424 0.074137 0.0000 (7085 pws)
       1       -93.9129      0.0480000
       2       -93.9117      0.0480000
       3       -93.9115      0.0480000
       4       -93.9113      0.0480000
       5       -55.3816      0.0480000
       6       -55.3813      0.0480000
       7       -55.3810      0.0480000
       8       -55.3785      0.0480000
       9       -55.3767      0.0480000
      10       -55.3751      0.0480000
      11       -55.3748      0.0480000
      12       -55.3746      0.0480000
      13       -55.3745      0.0480000
      14       -55.3741      0.0480000
      15       -55.3717      0.0480000
      16       -55.3706      0.0480000
      17       0.306233      0.0480000
      18        3.63953      0.0480000
      19        5.27351      0.0480000
      20        8.01113      0.0480000
      21        8.50200      0.0480000
      22        9.16663      0.0480000
      23        11.1705        0.00000
      24        11.8339        0.00000
      25        12.3600        0.00000
      26        12.7519        0.00000
      27        13.4095        0.00000
      28        13.8423        0.00000
      29        14.8637        0.00000
      30        15.8951        0.00000
      31        16.8303        0.00000
      32        18.3839        0.00000

 14/28 kpoint (Cartesian) = 0.049424 0.098849 0.0000 (7101 pws)
       1       -93.9126      0.0480000
       2       -93.9120      0.0480000
       3       -93.9115      0.0480000
       4       -93.9113      0.0480000
       5       -55.3810      0.0480000
       6       -55.3802      0.0480000
       7       -55.3796      0.0480000
       8       -55.3794      0.0480000
       9       -55.3778      0.0480000
      10       -55.3762      0.0480000
      11       -55.3746      0.0480000
      12       -55.3745      0.0480000
      13       -55.3743      0.0480000
      14       -55.3732      0.0480000
      15       -55.3725      0.0480000
      16       -55.3713      0.0480000
      17       0.895227      0.0480000
      18        2.56518      0.0480000
      19        5.84396      0.0480000
      20        7.46285      0.0480000
      21        8.56309      0.0480000
      22        9.73505      0.0166711
      23        10.1424        0.00000
      24        11.3313        0.00000
      25        12.4084        0.00000
      26        13.3038        0.00000
      27        13.9410        0.00000
      28        14.3679        0.00000
      29        14.8768        0.00000
      30        15.5237        0.00000
      31        15.8772        0.00000
      32        19.6254        0.00000

 15/28 kpoint (Cartesian) = 0.0000 0.049424 0.12356 (7088 pws)
       1       -93.9123      0.0240000
       2       -93.9123      0.0240000
       3       -93.9114      0.0240000
       4       -93.9114      0.0240000
       5       -55.3803      0.0240000
       6       -55.3802      0.0240000
       7       -55.3790      0.0240000
       8       -55.3790      0.0240000
       9       -55.3780      0.0240000
      10       -55.3780      0.0240000
      11       -55.3745      0.0240000
      12       -55.3745      0.0240000
      13       -55.3734      0.0240000
      14       -55.3734      0.0240000
      15       -55.3722      0.0240000
      16       -55.3722      0.0240000
      17        1.64911      0.0240000
      18        1.64911      0.0240000
      19        6.57460      0.0240000
      20        6.57461      0.0240000
      21        9.27340      0.0240000
      22        9.27341      0.0240000
      23        10.4612        0.00000
      24        10.4613        0.00000
      25        13.1051        0.00000
      26        13.1052        0.00000
      27        14.0124        0.00000
      28        14.0124        0.00000
      29        15.0527        0.00000
      30        15.0527        0.00000
      31        17.7377        0.00000
      32        17.7377        0.00000

 16/28 kpoint (Cartesian) = 0.074137 0.0000 0.074137 (7093 pws)
       1       -93.9127      0.0240000
       2       -93.9117      0.0240000
       3       -93.9116      0.0240000
       4       -93.9114      0.0240000
       5       -55.3810      0.0240000
       6       -55.3809      0.0240000
       7       -55.3805      0.0240000
       8       -55.3793      0.0240000
       9       -55.3760      0.0240000
      10       -55.3760      0.0240000
      11       -55.3759      0.0240000
      12       -55.3741      0.0240000
      13       -55.3739      0.0240000
      14       -55.3738      0.0240000
      15       -55.3723      0.0240000
      16       -55.3707      0.0240000
      17       0.727152      0.0240000
      18        4.05151      0.0240000
      19        4.05152      0.0240000
      20        7.30835      0.0240000
      21        8.40528      0.0240000
      22        9.57283      0.0240000
      23        11.5652        0.00000
      24        11.5652        0.00000
      25        12.7320        0.00000
      26        12.7320        0.00000
      27        13.8128        0.00000
      28        13.8128        0.00000
      29        14.7185        0.00000
      30        15.7734        0.00000
      31        16.1606        0.00000
      32        17.8957        0.00000

 17/28 kpoint (Cartesian) = 0.074137 0.098849 0.0000 (7101 pws)
       1       -93.9124      0.0480000
       2       -93.9119      0.0480000
       3       -93.9116      0.0480000
       4       -93.9114      0.0480000
       5       -55.3808      0.0480000
       6       -55.3801      0.0480000
       7       -55.3800      0.0480000
       8       -55.3794      0.0480000
       9       -55.3775      0.0480000
      10       -55.3770      0.0480000
      11       -55.3751      0.0480000
      12       -55.3737      0.0480000
      13       -55.3736      0.0480000
      14       -55.3732      0.0480000
      15       -55.3729      0.0480000
      16       -55.3712      0.0480000
      17        1.31451      0.0480000
      18        2.97999      0.0480000
      19        4.62662      0.0480000
      20        6.25843      0.0480000
      21        8.95747      0.0480000
      22        10.1417        0.00000
      23        10.5372        0.00000
      24        11.7341        0.00000
      25        12.1178        0.00000
      26        13.2810        0.00000
      27        13.6952        0.00000
      28        14.3482        0.00000
      29        14.8111        0.00000
      30        15.7794        0.00000
      31        15.8989        0.00000
      32        19.3574        0.00000

 18/28 kpoint (Cartesian) = 0.0000 0.074137 0.12356 (7094 pws)
       1       -93.9122      0.0240000
       2       -93.9121      0.0240000
       3       -93.9115      0.0240000
       4       -93.9115      0.0240000
       5       -55.3805      0.0240000
       6       -55.3805      0.0240000
       7       -55.3789      0.0240000
       8       -55.3789      0.0240000
       9       -55.3782      0.0240000
      10       -55.3782      0.0240000
      11       -55.3742      0.0240000
      12       -55.3741      0.0240000
      13       -55.3736      0.0240000
      14       -55.3736      0.0240000
      15       -55.3719      0.0240000
      16       -55.3719      0.0240000
      17        2.06635      0.0240000
      18        2.06636      0.0240000
      19        5.36311      0.0240000
      20        5.36312      0.0240000
      21        9.66801      0.0239761
      22        9.66801      0.0239761
      23        10.8650        0.00000
      24        10.8650        0.00000
      25        12.8280        0.00000
      26        12.8280        0.00000
      27        13.9757        0.00000
      28        13.9758        0.00000
      29        15.0214        0.00000
      30        15.0214        0.00000
      31        18.0842        0.00000
      32        18.0842        0.00000

 19/28 kpoint (Cartesian) = 0.098849 0.0000 0.098849 (7097 pws)
       1       -93.9123      0.0240000
       2       -93.9119      0.0240000
       3       -93.9117      0.0240000
       4       -93.9115      0.0240000
       5       -55.3805      0.0240000
       6       -55.3804      0.0240000
       7       -55.3804      0.0240000
       8       -55.3787      0.0240000
       9       -55.3784      0.0240000
      10       -55.3762      0.0240000
      11       -55.3761      0.0240000
      12       -55.3741      0.0240000
      13       -55.3731      0.0240000
      14       -55.3727      0.0240000
      15       -55.3727      0.0240000
      16       -55.3714      0.0240000
      17        1.89964      0.0240000
      18        3.55899      0.0240000
      19        3.55900      0.0240000
      20        5.20153      0.0240000
      21        9.50992      0.0240000
      22        10.7068        0.00000
      23        11.0900        0.00000
      24        11.0900        0.00000
      25        12.2883        0.00000
      26        12.2883        0.00000
      27        12.6693        0.00000
      28        13.8380        0.00000
      29        16.4082        0.00000
      30        16.4082        0.00000
      31        17.1984        0.00000
      32        19.0384        0.00000

 20/28 kpoint (Cartesian) = 0.0000 0.098849 0.12356 (7110 pws)
       1       -93.9121      0.0240000
       2       -93.9120      0.0240000
       3       -93.9117      0.0240000
       4       -93.9116      0.0240000
       5       -55.3806      0.0240000
       6       -55.3806      0.0240000
       7       -55.3797      0.0240000
       8       -55.3797      0.0240000
       9       -55.3773      0.0240000
      10       -55.3772      0.0240000
      11       -55.3751      0.0240000
      12       -55.3751      0.0240000
      13       -55.3728      0.0240000
      14       -55.3728      0.0240000
      15       -55.3719      0.0240000
      16       -55.3719      0.0240000
      17        2.64868      0.0240000
      18        2.64869      0.0240000
      19        4.30037      0.0240000
      20        4.30038      0.0240000
      21        10.2207        0.00000
      22        10.2207        0.00000
      23        11.4251        0.00000
      24        11.4251        0.00000
      25        11.8007        0.00000
      26        11.8007        0.00000
      27        12.9921        0.00000
      28        12.9921        0.00000
      29        16.9964        0.00000
      30        16.9964        0.00000
      31        18.5018        0.00000
      32        18.5018        0.00000

 21/28 kpoint (Cartesian) = 0.0000 0.12356 0.12356 (7120 pws)
       1       -93.9120     0.00600000
       2       -93.9119     0.00600000
       3       -93.9118     0.00600000
       4       -93.9117     0.00600000
       5       -55.3803     0.00600000
       6       -55.3803     0.00600000
       7       -55.3802     0.00600000
       8       -55.3802     0.00600000
       9       -55.3763     0.00600000
      10       -55.3762     0.00600000
      11       -55.3761     0.00600000
      12       -55.3761     0.00600000
      13       -55.3723     0.00600000
      14       -55.3723     0.00600000
      15       -55.3721     0.00600000
      16       -55.3721     0.00600000
      17        3.39421     0.00600000
      18        3.39423     0.00600000
      19        3.39423     0.00600000
      20        3.39424     0.00600000
      21        10.9316        0.00000
      22        10.9316        0.00000
      23        10.9316        0.00000
      24        10.9316        0.00000
      25        12.1368        0.00000
      26        12.1369        0.00000
      27        12.1369        0.00000
      28        12.1369        0.00000
      29        18.5257        0.00000
      30        18.5257        0.00000
      31        18.5258        0.00000
      32        18.5258        0.00000

 22/28 kpoint (Cartesian) = -0.024712 0.024712 0.024712 (7069 pws)
       1       -93.9133      0.0160000
       2       -93.9115      0.0160000
       3       -93.9114      0.0160000
       4       -93.9113      0.0160000
       5       -55.3830      0.0160000
       6       -55.3830      0.0160000
       7       -55.3830      0.0160000
       8       -55.3760      0.0160000
       9       -55.3760      0.0160000
      10       -55.3759      0.0160000
      11       -55.3753      0.0160000
      12       -55.3753      0.0160000
      13       -55.3752      0.0160000
      14       -55.3713      0.0160000
      15       -55.3701      0.0160000
      16       -55.3701      0.0160000
      17      -0.539197      0.0160000
      18        6.05481      0.0160000
      19        6.05482      0.0160000
      20        6.05482      0.0160000
      21        9.48919      0.0160000
      22        9.48920      0.0160000
      23        9.48921      0.0160000
      24        12.3899        0.00000
      25        12.3899        0.00000
      26        12.3899        0.00000
      27        15.0468        0.00000
      28        15.0469        0.00000
      29        15.0469        0.00000
      30        16.4154        0.00000
      31        16.4154        0.00000
      32        16.4154        0.00000

 23/28 kpoint (Cartesian) = 0.024712 0.024712 0.049424 (7080 pws)
       1       -93.9132      0.0480000
       2       -93.9116      0.0480000
       3       -93.9114      0.0480000
       4       -93.9113      0.0480000
       5       -55.3825      0.0480000
       6       -55.3825      0.0480000
       7       -55.3822      0.0480000
       8       -55.3766      0.0480000
       9       -55.3766      0.0480000
      10       -55.3755      0.0480000
      11       -55.3751      0.0480000
      12       -55.3751      0.0480000
      13       -55.3749      0.0480000
      14       -55.3724      0.0480000
      15       -55.3705      0.0480000
      16       -55.3703      0.0480000
      17      -0.285065      0.0480000
      18        4.70125      0.0480000
      19        6.29735      0.0480000
      20        6.29735      0.0480000
      21        9.73074      0.0207844
      22        9.73074      0.0207836
      23        11.0865        0.00000
      24        11.0865        0.00000
      25        11.2900        0.00000
      26        12.6267        0.00000
      27        14.3419        0.00000
      28        14.3419        0.00000
      29        15.2690        0.00000
      30        16.6572        0.00000
      31        17.2684        0.00000
      32        17.7116        0.00000

 24/28 kpoint (Cartesian) = 0.024712 0.074137 0.024712 (7074 pws)
       1       -93.9129      0.0480000
       2       -93.9118      0.0480000
       3       -93.9114      0.0480000
       4       -93.9113      0.0480000
       5       -55.3818      0.0480000
       6       -55.3818      0.0480000
       7       -55.3810      0.0480000
       8       -55.3775      0.0480000
       9       -55.3774      0.0480000
      10       -55.3751      0.0480000
      11       -55.3750      0.0480000
      12       -55.3747      0.0480000
      13       -55.3743      0.0480000
      14       -55.3739      0.0480000
      15       -55.3711      0.0480000
      16       -55.3709      0.0480000
      17       0.137540      0.0480000
      18        3.47447      0.0480000
      19        6.70098      0.0480000
      20        6.70099      0.0480000
      21        9.89198        0.00000
      22        9.89199        0.00000
      23        10.1467        0.00000
      24        10.1467        0.00000
      25        13.0125        0.00000
      26        13.2675        0.00000
      27        13.2725        0.00000
      28        13.2726        0.00000
      29        15.6395        0.00000
      30        16.1283        0.00000
      31        17.0579        0.00000
      32        18.6001        0.00000

 25/28 kpoint (Cartesian) = 0.024712 0.098849 0.024712 (7090 pws)
       1       -93.9127      0.0480000
       2       -93.9120      0.0480000
       3       -93.9114      0.0480000
       4       -93.9113      0.0480000
       5       -55.3810      0.0480000
       6       -55.3809      0.0480000
       7       -55.3794      0.0480000
       8       -55.3784      0.0480000
       9       -55.3783      0.0480000
      10       -55.3757      0.0480000
      11       -55.3751      0.0480000
      12       -55.3750      0.0480000
      13       -55.3737      0.0480000
      14       -55.3735      0.0480000
      15       -55.3719      0.0480000
      16       -55.3717      0.0480000
      17       0.727199      0.0480000
      18        2.39896      0.0480000
      19        7.26474      0.0480000
      20        7.26475      0.0480000
      21        8.86776      0.0480000
      22        8.86776      0.0480000
      23        10.6964        0.00000
      24        10.6964        0.00000
      25        12.2818        0.00000
      26        12.2818        0.00000
      27        13.5668        0.00000
      28        15.1259        0.00000
      29        15.3710        0.00000
      30        16.1582        0.00000
      31        17.6136        0.00000
      32        17.6396        0.00000

 26/28 kpoint (Cartesian) = 0.024712 0.12356 0.024712 (7098 pws)
       1       -93.9124      0.0240000
       2       -93.9123      0.0240000
       3       -93.9114      0.0240000
       4       -93.9113      0.0240000
       5       -55.3804      0.0240000
       6       -55.3803      0.0240000
       7       -55.3790      0.0240000
       8       -55.3789      0.0240000
       9       -55.3776      0.0240000
      10       -55.3775      0.0240000
      11       -55.3751      0.0240000
      12       -55.3750      0.0240000
      13       -55.3727      0.0240000
      14       -55.3727      0.0240000
      15       -55.3727      0.0240000
      16       -55.3726      0.0240000
      17        1.48190      0.0240000
      18        1.48192      0.0240000
      19        7.96464      0.0240000
      20        7.96465      0.0240000
      21        8.01117      0.0240000
      22        8.01119      0.0240000
      23        11.3340        0.00000
      24        11.3340        0.00000
      25        11.4970        0.00000
      26        11.4970        0.00000
      27        14.2706        0.00000
      28        14.2706        0.00000
      29        16.8251        0.00000
      30        16.8251        0.00000
      31        17.5916        0.00000
      32        17.5916        0.00000

 27/28 kpoint (Cartesian) = 0.049424 0.024712 0.049424 (7069 pws)
       1       -93.9130      0.0480000
       2       -93.9116      0.0480000
       3       -93.9115      0.0480000
       4       -93.9113      0.0480000
       5       -55.3821      0.0480000
       6       -55.3820      0.0480000
       7       -55.3820      0.0480000
       8       -55.3773      0.0480000
       9       -55.3760      0.0480000
      10       -55.3760      0.0480000
      11       -55.3748      0.0480000
      12       -55.3747      0.0480000
      13       -55.3747      0.0480000
      14       -55.3736      0.0480000
      15       -55.3708      0.0480000
      16       -55.3704      0.0480000
      17     -0.0313778      0.0480000
      18        4.94672      0.0480000
      19        4.94672      0.0480000
      20        6.53963      0.0480000
      21        9.76218     0.00171410
      22        9.98990        0.00000
      23        11.3106        0.00000
      24        11.3106        0.00000
      25        11.5415        0.00000
      26        11.5415        0.00000
      27        14.5712        0.00000
      28        14.5712        0.00000
      29        15.4924        0.00000
      30        16.0005        0.00000
      31        17.1116        0.00000
      32        17.9459        0.00000

 28/28 kpoint (Cartesian) = 0.049424 0.074137 0.024712 (7088 pws)
       1       -93.9128      0.0960000
       2       -93.9117      0.0960000
       3       -93.9115      0.0960000
       4       -93.9114      0.0960000
       5       -55.3817      0.0960000
       6       -55.3815      0.0960000
       7       -55.3811      0.0960000
       8       -55.3780      0.0960000
       9       -55.3767      0.0960000
      10       -55.3752      0.0960000
      11       -55.3751      0.0960000
      12       -55.3746      0.0960000
      13       -55.3745      0.0960000
      14       -55.3741      0.0960000
      15       -55.3714      0.0960000
      16       -55.3707      0.0960000
      17       0.390497      0.0960000
      18        3.72200      0.0960000
      19        5.35512      0.0960000
      20        6.94280      0.0960000
      21        8.58622      0.0960000
      22        10.1404        0.00000
      23        10.3793        0.00000
      24        11.7162        0.00000
      25        11.9267        0.00000
      26        13.4970        0.00000
      27        13.5068        0.00000
      28        14.8496        0.00000
      29        14.9401        0.00000
      30        14.9526        0.00000
      31        17.9397        0.00000
      32        18.3339        0.00000



------------------------------------------------------------------------------------------
TOTAL-FORCE (eV/Angstrom)                                                               
------------------------------------------------------------------------------------------
Al1                               0.0000000000         0.0000000000         0.0000000000
Al2                               0.0000000000         0.0000000000         0.0000000000
Al3                               0.0000000000         0.0000000000         0.0000000000
Al4                               0.0000000000         0.0000000000         0.0000000000
------------------------------------------------------------------------------------------
----------------------------------------------------------------
TOTAL-STRESS (KBAR)                                           
----------------------------------------------------------------
      -58.3398203752         0.0000000000         0.0000000000
        0.0000000000       -58.3398203752        -0.0000000000
        0.0000000000        -0.0000000000       -58.3398203752
----------------------------------------------------------------
 TOTAL-PRESSURE: -58.339820 KBAR


 Largest gradient in stress is 0.000000

 Threshold is = 0.100000

 Relaxation is converged!


 --------------------------------------------
 !FINAL_ETOT_IS -7532.6293084163780804 eV
 --------------------------------------------


TIME STATISTICS
-------------------------------------------------------------------------------------
     CLASS_NAME                 NAME             TIME(Sec)  CALLS   AVG(Sec) PER(%)
-------------------------------------------------------------------------------------
                     total                        22.43          17   1.32   100.00
Driver               reading                       0.24           1   0.24     1.05
Input                Init                          0.01           1   0.01     0.04
Input_Conv           Convert                       0.23           1   0.23     1.01
Driver               driver_line                  22.19           1  22.19    98.95
UnitCell             check_tau                     0.00           1   0.00     0.00
PW_Basis_Sup         setuptransform                0.02           1   0.02     0.07
PW_Basis_Sup         distributeg                   0.00           1   0.00     0.00
mymath               heapsort                      0.01         453   0.00     0.03
Symmetry             analy_sys                     0.00           1   0.00     0.00
PW_Basis_K           setuptransform                0.02           1   0.02     0.08
PW_Basis_K           distributeg                   0.00           1   0.00     0.00
PW_Basis             setup_struc_factor            0.00           1   0.00     0.02
ppcell_vnl           init                          0.00           1   0.00     0.01
ppcell_vl            init_vloc                     0.00           1   0.00     0.02
ppcell_vnl           init_vnl                      0.04           1   0.04     0.16
WF_atomic            init_at_1                     0.00           1   0.00     0.00
wavefunc             wfcinit                       0.00           1   0.00     0.01
Ions                 opt_ions                     20.25           1  20.25    90.30
ESolver_KS_PW        run                          19.30           1  19.30    86.07
H_Ewald_pw           compute_ewald                 0.00           1   0.00     0.01
Charge               set_rho_core                  0.00           1   0.00     0.00
Charge               atomic_rho                    0.01           2   0.01     0.07
PW_Basis_Sup         recip2real                    0.17          96   0.00     0.74
PW_Basis_Sup         gathers_scatterp              0.02          96   0.00     0.09
Potential            init_pot                      0.05           1   0.05     0.22
Potential            update_from_charge            0.62          13   0.05     2.78
Potential            cal_fixed_v                   0.00           1   0.00     0.01
PotLocal             cal_fixed_v                   0.00           1   0.00     0.01
Potential            cal_v_eff                     0.61          13   0.05     2.74
H_Hartree_pw         v_hartree                     0.05          13   0.00     0.24
PW_Basis_Sup         real2recip                    0.20         124   0.00     0.89
PW_Basis_Sup         gatherp_scatters              0.02         124   0.00     0.08
PotXC                cal_v_eff                     0.56          13   0.04     2.47
XC_Functional        v_xc                          0.55          13   0.04     2.47
Potential            interpolate_vrs               0.00          13   0.00     0.01
Symmetry             rhog_symmetry                 0.12          14   0.01     0.55
Symmetry             group fft grids               0.02          14   0.00     0.11
Charge_Mixing        init_mixing                   0.00           1   0.00     0.00
ESolver_KS_PW        hamilt2density               18.28          13   1.41    81.51
HSolverPW            solve                        18.09          13   1.39    80.64
Nonlocal             getvnl                        0.18         364   0.00     0.79
pp_cell_vnl          getvnl                        0.21         420   0.00     0.92
Structure_Factor     get_sk                        0.09         980   0.00     0.41
WF_atomic            atomic_wfc                    0.02          28   0.00     0.08
DiagoIterAssist      diagH_subspace_init           0.30          28   0.01     1.34
Operator             hPsi                          6.24       38889   0.00    27.84
Operator             EkineticPW                    0.43       38889   0.00     1.93
Operator             VeffPW                        4.82       38889   0.00    21.50
PW_Basis_K           recip_to_real gpu             2.91       60953   0.00    12.97
PW_Basis_K           real_to_recip gpu             2.11       49305   0.00     9.43
Operator             NonlocalPW                    0.96       38889   0.00     4.29
Nonlocal             add_nonlocal_pp               0.57       38889   0.00     2.55
DiagoIterAssist      diagH_LAPACK                  0.49         336   0.00     2.21
DiagoCG              diag_once                    10.61         364   0.03    47.31
DiagoCG_New          spsi_func                     0.28       77106   0.00     1.23
DiagoCG_New          hpsi_func                     5.23       38553   0.00    23.31
ElecStatePW          psiToRho                      0.99          13   0.08     4.42
Charge               rho_mpi                       0.01          13   0.00     0.02
Charge               reduce_diff_pools             0.01          13   0.00     0.02
Charge_Mixing        get_drho                      0.05          13   0.00     0.21
Charge_Mixing        inner_product_recip_rho       0.00          13   0.00     0.01
Charge               mix_rho                       0.07          11   0.01     0.31
Charge               Pulay_mixing                  0.01          11   0.00     0.06
Charge_Mixing        inner_product_recip_hartree   0.01          60   0.00     0.05
DiagoIterAssist      diagH_subspace                2.35         308   0.01    10.48
Forces               cal_force_loc                 0.01           1   0.01     0.03
Forces               cal_force_ew                  0.01           1   0.01     0.02
Forces               cal_force_nl                  0.11           1   0.11     0.51
Forces               cal_force_cc                  0.00           1   0.00     0.00
Forces               cal_force_scc                 0.01           1   0.01     0.04
Stress_PW            cal_stress                    0.81           1   0.81     3.63
Stress_Func          stress_kin                    0.05           1   0.05     0.23
Stress_Func          stress_har                    0.00           1   0.00     0.01
Stress_Func          stress_ewa                    0.00           1   0.00     0.02
Stress_Func          stress_gga                    0.02           1   0.02     0.11
Stress_Func          stress_loc                    0.01           1   0.01     0.04
Stress_Func          stress_cc                     0.00           1   0.00     0.00
Stress_Func          stress_nl                     0.72           1   0.72     3.22
ModuleIO             write_istate_info             0.00           1   0.00     0.02
-------------------------------------------------------------------------------------

 NAME-------------------------|MEMORY(MB)--------
                         total       233.3848
                        Psi_PW       194.7012
                  PW_B_K::gcar         9.1266
                     FFT::grid         6.7500
                      VNL::vkb         3.4768
                   PW_B_K::gk2         3.0422
                  SF::strucFac         1.7293
                      Chg::rho         1.6875
                 Chg::rho_save         1.6875
                 Chg::rho_core         1.6875
                 Pot::veff_fix         1.6875
                     Pot::veff         1.6875
              Pot::veff_smooth         1.6875
               PW_B_K::ig2ixyz         1.5211
 -------------   < 1.0 MB has been ignored ----------------
 ----------------------------------------------------------

 Start  Time  : Thu May 23 17:25:58 2024
 Finish Time  : Thu May 23 17:26:21 2024
 Total  Time  : 0 h 0 mins 23 secs 
