                                                                                     
                              ABACUS v3.6.3

               Atomic-orbital Based Ab-initio Computation at UStc                    

                     Website: http://abacus.ustc.edu.cn/                             
               Documentation: https://abacus.deepmodeling.com/                       
                  Repository: https://github.com/abacusmodeling/abacus-develop       
                              https://github.com/deepmodeling/abacus-develop         
                      Commit: f9124675f (Wed May 22 09:49:08 2024 +0800)

    Start Time is Thu May 23 17:28:38 2024
                                                                                     
 ------------------------------------------------------------------------------------

 READING GENERAL INFORMATION
                           global_out_dir = OUT.ABACUS/
                           global_in_card = INPUT
                               pseudo_dir = 
                              orbital_dir = 
                                    DRANK = 1
                                    DSIZE = 2
                                   DCOLOR = 1
                                    GRANK = 1
                                    GSIZE = 1
 The esolver type has been set to : ksdft_pw

 RUNNING WITH DEVICE  : GPU / NVIDIA GeForce RTX 4090




 >>>>>>>>>>>>>>>>>>>>>>>>>>>>>>>>>>>>>>>>>>>>>>>>>>>>>>>>>>>>>>>>>>>>>>
 |                                                                    |
 | Reading atom information in unitcell:                              |
 | From the input file and the structure file we know the number of   |
 | different elments in this unitcell, then we list the detail        |
 | information for each element, especially the zeta and polar atomic |
 | orbital number for each element. The total atom number is counted. |
 | We calculate the nearest atom distance for each atom and show the  |
 | Cartesian and Direct coordinates for each atom. We list the file   |
 | address for atomic orbitals. The volume and the lattice vectors    |
 | in real and reciprocal space is also shown.                        |
 |                                                                    |
 <<<<<<<<<<<<<<<<<<<<<<<<<<<<<<<<<<<<<<<<<<<<<<<<<<<<<<<<<<<<<<<<<<<<<<




 READING UNITCELL INFORMATION
                                    ntype = 1
                  lattice constant (Bohr) = 2.08854
              lattice constant (Angstrom) = 1.10521

 READING ATOM TYPE 1
                               atom label = Al
                      L=0, number of zeta = 1
                      L=1, number of zeta = 1
                      L=2, number of zeta = 1
             number of atom for this type = 4

                        TOTAL ATOM NUMBER = 4
DIRECT COORDINATES
   atom           x                y                z           mag          vx               vy               vz       
taud_Al1       0.0000000000     0.0000000000     0.0000000000 +0.0000     0.0000000000     0.0000000000     0.0000000000
taud_Al2       0.0000000000     0.5000000000     0.5000000000 +0.0000     0.0000000000     0.0000000000     0.0000000000
taud_Al3       0.5000000000     0.0000000000     0.5000000000 +0.0000     0.0000000000     0.0000000000     0.0000000000
taud_Al4       0.5000000000     0.5000000000     0.0000000000 +0.0000     0.0000000000     0.0000000000     0.0000000000


                          Volume (Bohr^3) = 603.665
                             Volume (A^3) = 89.4538

 Lattice vectors: (Cartesian coordinate: in unit of a_0)
             +4.04658                  -0                  +0
                   -0            +4.04658                  -0
                   +0                  -0            +4.04658
 Reciprocal vectors: (Cartesian coordinate: in unit of 2 pi/a_0)
            +0.247122                  -0                  +0
                   -0           +0.247122                  -0
                   +0                  -0           +0.247122




 >>>>>>>>>>>>>>>>>>>>>>>>>>>>>>>>>>>>>>>>>>>>>>>>>>>>>>>>>>>>>>>>>>>>>>
 |                                                                    |
 | Reading pseudopotentials files:                                    |
 | The pseudopotential file is in UPF format. The 'NC' indicates that |
 | the type of pseudopotential is 'norm conserving'. Functional of    |
 | exchange and correlation is decided by 4 given parameters in UPF   |
 | file.  We also read in the 'core correction' if there exists.      |
 | Also we can read the valence electrons number and the maximal      |
 | angular momentum used in this pseudopotential. We also read in the |
 | trail wave function, trail atomic density and local-pseudopotential|
 | on logrithmic grid. The non-local pseudopotential projector is also|
 | read in if there is any.                                           |
 |                                                                    |
 <<<<<<<<<<<<<<<<<<<<<<<<<<<<<<<<<<<<<<<<<<<<<<<<<<<<<<<<<<<<<<<<<<<<<<




                PAO radial cut off (Bohr) = 15

 Read in pseudopotential file is pp_orb/Al_ONCV_PBE-1.0.upf
                     pseudopotential type = NC
          exchange-correlation functional = PBE
                 nonlocal core correction = 0
                        valence electrons = 11
                                     lmax = 1
                           number of zeta = 0
                     number of projectors = 4
                           L of projector = 0
                           L of projector = 0
                           L of projector = 1
                           L of projector = 1
     initial pseudo atomic orbital number = 0
                                   NLOCAL = 36

%%%%%%%%%%%%%%%%%%%%%%%%%%%%%%%%%%%%%%%%%%%%%%%%%%%%%%%%%%%%%%%%%%%%%%%%%%%%%%%%%%%%%%%%%%%%%%%%%%%%%%%%%%
 Warning: the number of valence electrons in pseudopotential > 3 for Al: [Ne] 3s2 3p1
 Pseudopotentials with additional electrons can yield (more) accurate outcomes, but may be less efficient.
 If you're confident that your chosen pseudopotential is appropriate, you can safely ignore this warning.
%%%%%%%%%%%%%%%%%%%%%%%%%%%%%%%%%%%%%%%%%%%%%%%%%%%%%%%%%%%%%%%%%%%%%%%%%%%%%%%%%%%%%%%%%%%%%%%%%%%%%%%%%%
                  




 >>>>>>>>>>>>>>>>>>>>>>>>>>>>>>>>>>>>>>>>>>>>>>>>>>>>>>>>>>>>>>>>>>>>>>
 |                                                                    |
 | Setup plane waves of charge/potential:                             |
 | Use the energy cutoff and the lattice vectors to generate the      |
 | dimensions of FFT grid. The number of FFT grid on each processor   |
 | is 'nrxx'. The number of plane wave basis in reciprocal space is   |
 | different for charege/potential and wave functions. We also set    |
 | the 'sticks' for the parallel of FFT. The number of plane waves    |
 | is 'npw' in each processor.                                        |
 <<<<<<<<<<<<<<<<<<<<<<<<<<<<<<<<<<<<<<<<<<<<<<<<<<<<<<<<<<<<<<<<<<<<<<





 SETUP THE PLANE WAVE BASIS
 energy cutoff for charge/potential (unit:Ry) = 360
            fft grid for charge/potential = [ 54, 54, 54 ]
                        fft grid division = [ 1, 1, 1 ]
        big fft grid for charge/potential = [ 54, 54, 54 ]
                                     nbxx = 157464
                                     nrxx = 157464

 SETUP PLANE WAVES FOR CHARGE/POTENTIAL
                    number of plane waves = 69791
                         number of sticks = 2053

 PARALLEL PW FOR CHARGE/POTENTIAL
     PROC   COLUMNS(POT)             PW
        1           2053          69791
 --------------- sum -------------------
        1           2053          69791
                            number of |g| = 545
                                  max |g| = 39.7561
                                  min |g| = 0

----------- Double Check Mixing Parameters Begin ------------
mixing_type: pulay
mixing_beta: 0.3
mixing_gg0: 1
mixing_gg0_min: 0.1
mixing_ndim: 8
----------- Double Check Mixing Parameters End ------------

 SETUP THE ELECTRONS NUMBER
            electron number of element Al = 11
      total electron number of element Al = 44
            AUTOSET number of electrons:  = 44
 DONE : SETUP UNITCELL Time : 1.91704 (SEC)





 >>>>>>>>>>>>>>>>>>>>>>>>>>>>>>>>>>>>>>>>>>>>>>>>>>>>>>>>>>>>>>>>>>>>>>
 |                                                                    |
 | Doing symmetry analysis:                                           |
 | We calculate the norm of 3 vectors and the angles between them,    |
 | the type of Bravais lattice is given. We can judge if the unticell |
 | is a primitive cell. Finally we give the point group operation for |
 | this unitcell. We use the point group operations to do symmetry |
 | analysis on given k-point mesh and the charge density.             |
 |                                                                    |
 <<<<<<<<<<<<<<<<<<<<<<<<<<<<<<<<<<<<<<<<<<<<<<<<<<<<<<<<<<<<<<<<<<<<<<




 LATTICE VECTORS: (CARTESIAN COORDINATE: IN UNIT OF A0)
             +4.04658                  -0                  +0
                   -0            +4.04658                  -0
                   +0                  -0            +4.04658
                       right hand lattice = 1
                                   NORM_A = 4.04658
                                   NORM_B = 4.04658
                                   NORM_C = 4.04658
                           ALPHA (DEGREE) = 90
                           BETA  (DEGREE) = 90
                           GAMMA (DEGREE) = 90

 The lattice vectors have been changed (STRU_SIMPLE.cif)

(for optimal symmetric configuration:)
                             BRAVAIS TYPE = 1
                     BRAVAIS LATTICE NAME = 01. Cubic P (simple)
                                    ibrav = 1
                                    IBRAV = 1
                                  BRAVAIS = SIMPLE CUBIC
                       LATTICE CONSTANT A = 4.04658
                       right hand lattice = 1
(for primitive cell:)
                                    IBRAV = 3
                                  BRAVAIS = FACE CENTERED CUBIC
                       LATTICE CONSTANT A = 4.04658
optimized lattice volume: 66.2622
optimized primitive cell volume: 16.5655
Original cell was built up by 4 primitive cells.
                        ROTATION MATRICES = 48
              PURE POINT GROUP OPERATIONS = 48
                   SPACE GROUP OPERATIONS = 48
                              POINT GROUP = O_h
               POINT GROUP IN SPACE GROUP = O_h
 DONE : SYMMETRY Time : 1.97141 (SEC)





 >>>>>>>>>>>>>>>>>>>>>>>>>>>>>>>>>>>>>>>>>>>>>>>>>>>>>>>>>>>>>>>>>>>>>>
 |                                                                    |
 | Setup K-points                                                     |
 | We setup the k-points according to input parameters.               |
 | The reduced k-points are set according to symmetry operations.     |
 | We treat the spin as another set of k-points.                      |
 |                                                                    |
 <<<<<<<<<<<<<<<<<<<<<<<<<<<<<<<<<<<<<<<<<<<<<<<<<<<<<<<<<<<<<<<<<<<<<<





 SETUP K-POINTS
                                    nspin = 1
                   Input type of k points = Monkhorst-Pack(Gamma)
                                   nkstot = 1000
                       right hand lattice = 1
(for reciprocal lattice: )
                             BRAVAIS TYPE = 1
                     BRAVAIS LATTICE NAME = 01. Cubic P (simple)
                                    ibrav = 1
                       right hand lattice = 1
(for k-lattice: )
                             BRAVAIS TYPE = 1
                     BRAVAIS LATTICE NAME = 01. Cubic P (simple)
                                    ibrav = 1
                       right hand lattice = 1
                        ROTATION MATRICES = 48
                               nkstot_ibz = 56
K-POINTS REDUCTION ACCORDING TO SYMMETRY
     IBZ     DIRECT_X     DIRECT_Y     DIRECT_Z WEIGHT ibz2bz
       1   0.00000000   0.00000000   0.00000000 0.0010 0     
       2   0.00000000   0.10000000   0.00000000 0.0060 1     
       3   0.00000000   0.20000000   0.00000000 0.0060 2     
       4   0.00000000   0.30000000   0.00000000 0.0060 3     
       5   0.00000000   0.40000000   0.00000000 0.0060 4     
       6   0.00000000   0.00000000   0.50000000 0.0030 5     
       7   0.10000000   0.00000000   0.10000000 0.0120 11    
       8   0.10000000   0.20000000   0.00000000 0.0240 12    
       9   0.10000000   0.30000000   0.00000000 0.0240 13    
      10   0.10000000   0.40000000   0.00000000 0.0240 14    
      11   0.00000000   0.10000000   0.50000000 0.0120 15    
      12   0.20000000   0.00000000   0.20000000 0.0120 22    
      13   0.20000000   0.30000000   0.00000000 0.0240 23    
      14   0.20000000   0.40000000   0.00000000 0.0240 24    
      15   0.00000000   0.20000000   0.50000000 0.0120 25    
      16   0.30000000   0.00000000   0.30000000 0.0120 33    
      17   0.30000000   0.40000000   0.00000000 0.0240 34    
      18   0.00000000   0.30000000   0.50000000 0.0120 35    
      19   0.40000000   0.00000000   0.40000000 0.0120 44    
      20   0.00000000   0.40000000   0.50000000 0.0120 45    
      21   0.00000000   0.50000000   0.50000000 0.0030 55    
      22  -0.10000000   0.10000000   0.10000000 0.0080 111   
      23   0.10000000   0.10000000   0.20000000 0.0240 112   
      24   0.10000000   0.30000000   0.10000000 0.0240 113   
      25   0.10000000   0.40000000   0.10000000 0.0240 114   
      26   0.10000000   0.50000000   0.10000000 0.0120 115   
      27   0.20000000   0.10000000   0.20000000 0.0240 122   
      28   0.20000000   0.30000000   0.10000000 0.0480 123   
      29   0.20000000   0.40000000   0.10000000 0.0480 124   
      30   0.20000000   0.50000000   0.10000000 0.0240 125   
      31   0.30000000   0.10000000   0.30000000 0.0240 133   
      32   0.30000000   0.40000000   0.10000000 0.0480 134   
      33   0.30000000   0.50000000   0.10000000 0.0240 135   
      34   0.40000000   0.10000000   0.40000000 0.0240 144   
      35   0.40000000   0.50000000   0.10000000 0.0240 145   
      36   0.50000000   0.10000000   0.50000000 0.0060 155   
      37  -0.20000000   0.20000000   0.20000000 0.0080 222   
      38   0.20000000   0.30000000   0.20000000 0.0240 223   
      39   0.20000000   0.40000000   0.20000000 0.0240 224   
      40   0.20000000   0.50000000   0.20000000 0.0120 225   
      41   0.30000000   0.20000000   0.30000000 0.0240 233   
      42   0.30000000   0.40000000   0.20000000 0.0480 234   
      43   0.30000000   0.50000000   0.20000000 0.0240 235   
      44   0.40000000   0.20000000   0.40000000 0.0240 244   
      45   0.40000000   0.50000000   0.20000000 0.0240 245   
      46   0.50000000   0.20000000   0.50000000 0.0060 255   
      47  -0.30000000   0.30000000   0.30000000 0.0080 333   
      48   0.30000000   0.40000000   0.30000000 0.0240 334   
      49   0.30000000   0.50000000   0.30000000 0.0120 335   
      50   0.40000000   0.30000000   0.40000000 0.0240 344   
      51   0.40000000   0.50000000   0.30000000 0.0240 345   
      52   0.50000000   0.30000000   0.50000000 0.0060 355   
      53  -0.40000000   0.40000000   0.40000000 0.0080 444   
      54   0.40000000   0.50000000   0.40000000 0.0120 445   
      55   0.50000000   0.40000000   0.50000000 0.0060 455   
      56   0.50000000   0.50000000   0.50000000 0.0010 555   
                               nkstot now = 56
K-POINTS DIRECT COORDINATES
 KPOINTS     DIRECT_X     DIRECT_Y     DIRECT_Z WEIGHT
       1   0.00000000   0.00000000   0.00000000 0.0010
       2   0.00000000   0.10000000   0.00000000 0.0060
       3   0.00000000   0.20000000   0.00000000 0.0060
       4   0.00000000   0.30000000   0.00000000 0.0060
       5   0.00000000   0.40000000   0.00000000 0.0060
       6   0.00000000   0.00000000   0.50000000 0.0030
       7   0.10000000   0.00000000   0.10000000 0.0120
       8   0.10000000   0.20000000   0.00000000 0.0240
       9   0.10000000   0.30000000   0.00000000 0.0240
      10   0.10000000   0.40000000   0.00000000 0.0240
      11   0.00000000   0.10000000   0.50000000 0.0120
      12   0.20000000   0.00000000   0.20000000 0.0120
      13   0.20000000   0.30000000   0.00000000 0.0240
      14   0.20000000   0.40000000   0.00000000 0.0240
      15   0.00000000   0.20000000   0.50000000 0.0120
      16   0.30000000   0.00000000   0.30000000 0.0120
      17   0.30000000   0.40000000   0.00000000 0.0240
      18   0.00000000   0.30000000   0.50000000 0.0120
      19   0.40000000   0.00000000   0.40000000 0.0120
      20   0.00000000   0.40000000   0.50000000 0.0120
      21   0.00000000   0.50000000   0.50000000 0.0030
      22  -0.10000000   0.10000000   0.10000000 0.0080
      23   0.10000000   0.10000000   0.20000000 0.0240
      24   0.10000000   0.30000000   0.10000000 0.0240
      25   0.10000000   0.40000000   0.10000000 0.0240
      26   0.10000000   0.50000000   0.10000000 0.0120
      27   0.20000000   0.10000000   0.20000000 0.0240
      28   0.20000000   0.30000000   0.10000000 0.0480
      29   0.20000000   0.40000000   0.10000000 0.0480
      30   0.20000000   0.50000000   0.10000000 0.0240
      31   0.30000000   0.10000000   0.30000000 0.0240
      32   0.30000000   0.40000000   0.10000000 0.0480
      33   0.30000000   0.50000000   0.10000000 0.0240
      34   0.40000000   0.10000000   0.40000000 0.0240
      35   0.40000000   0.50000000   0.10000000 0.0240
      36   0.50000000   0.10000000   0.50000000 0.0060
      37  -0.20000000   0.20000000   0.20000000 0.0080
      38   0.20000000   0.30000000   0.20000000 0.0240
      39   0.20000000   0.40000000   0.20000000 0.0240
      40   0.20000000   0.50000000   0.20000000 0.0120
      41   0.30000000   0.20000000   0.30000000 0.0240
      42   0.30000000   0.40000000   0.20000000 0.0480
      43   0.30000000   0.50000000   0.20000000 0.0240
      44   0.40000000   0.20000000   0.40000000 0.0240
      45   0.40000000   0.50000000   0.20000000 0.0240
      46   0.50000000   0.20000000   0.50000000 0.0060
      47  -0.30000000   0.30000000   0.30000000 0.0080
      48   0.30000000   0.40000000   0.30000000 0.0240
      49   0.30000000   0.50000000   0.30000000 0.0120
      50   0.40000000   0.30000000   0.40000000 0.0240
      51   0.40000000   0.50000000   0.30000000 0.0240
      52   0.50000000   0.30000000   0.50000000 0.0060
      53  -0.40000000   0.40000000   0.40000000 0.0080
      54   0.40000000   0.50000000   0.40000000 0.0120
      55   0.50000000   0.40000000   0.50000000 0.0060
      56   0.50000000   0.50000000   0.50000000 0.0010

           k-point number in this process = 28
       minimum distributed K point number = 28

K-POINTS CARTESIAN COORDINATES
 KPOINTS  CARTESIAN_X  CARTESIAN_Y  CARTESIAN_Z WEIGHT
       1   0.00000000   0.00000000   0.00000000 0.0020
       2   0.00000000   0.02471220   0.00000000 0.0120
       3   0.00000000   0.04942440   0.00000000 0.0120
       4   0.00000000   0.07413660   0.00000000 0.0120
       5   0.00000000   0.09884880   0.00000000 0.0120
       6   0.00000000   0.00000000   0.12356100 0.0060
       7   0.02471220   0.00000000   0.02471220 0.0240
       8   0.02471220   0.04942440   0.00000000 0.0480
       9   0.02471220   0.07413660   0.00000000 0.0480
      10   0.02471220   0.09884880   0.00000000 0.0480
      11   0.00000000   0.02471220   0.12356100 0.0240
      12   0.04942440   0.00000000   0.04942440 0.0240
      13   0.04942440   0.07413660   0.00000000 0.0480
      14   0.04942440   0.09884880   0.00000000 0.0480
      15   0.00000000   0.04942440   0.12356100 0.0240
      16   0.07413660   0.00000000   0.07413660 0.0240
      17   0.07413660   0.09884880   0.00000000 0.0480
      18   0.00000000   0.07413660   0.12356100 0.0240
      19   0.09884880   0.00000000   0.09884880 0.0240
      20   0.00000000   0.09884880   0.12356100 0.0240
      21   0.00000000   0.12356100   0.12356100 0.0060
      22  -0.02471220   0.02471220   0.02471220 0.0160
      23   0.02471220   0.02471220   0.04942440 0.0480
      24   0.02471220   0.07413660   0.02471220 0.0480
      25   0.02471220   0.09884880   0.02471220 0.0480
      26   0.02471220   0.12356100   0.02471220 0.0240
      27   0.04942440   0.02471220   0.04942440 0.0480
      28   0.04942440   0.07413660   0.02471220 0.0960

K-POINTS DIRECT COORDINATES
 KPOINTS     DIRECT_X     DIRECT_Y     DIRECT_Z WEIGHT
       1   0.00000000   0.00000000   0.00000000 0.0020
       2   0.00000000   0.10000000   0.00000000 0.0120
       3   0.00000000   0.20000000   0.00000000 0.0120
       4   0.00000000   0.30000000   0.00000000 0.0120
       5   0.00000000   0.40000000   0.00000000 0.0120
       6   0.00000000   0.00000000   0.50000000 0.0060
       7   0.10000000   0.00000000   0.10000000 0.0240
       8   0.10000000   0.20000000   0.00000000 0.0480
       9   0.10000000   0.30000000   0.00000000 0.0480
      10   0.10000000   0.40000000   0.00000000 0.0480
      11   0.00000000   0.10000000   0.50000000 0.0240
      12   0.20000000   0.00000000   0.20000000 0.0240
      13   0.20000000   0.30000000   0.00000000 0.0480
      14   0.20000000   0.40000000   0.00000000 0.0480
      15   0.00000000   0.20000000   0.50000000 0.0240
      16   0.30000000   0.00000000   0.30000000 0.0240
      17   0.30000000   0.40000000   0.00000000 0.0480
      18   0.00000000   0.30000000   0.50000000 0.0240
      19   0.40000000   0.00000000   0.40000000 0.0240
      20   0.00000000   0.40000000   0.50000000 0.0240
      21   0.00000000   0.50000000   0.50000000 0.0060
      22  -0.10000000   0.10000000   0.10000000 0.0160
      23   0.10000000   0.10000000   0.20000000 0.0480
      24   0.10000000   0.30000000   0.10000000 0.0480
      25   0.10000000   0.40000000   0.10000000 0.0480
      26   0.10000000   0.50000000   0.10000000 0.0240
      27   0.20000000   0.10000000   0.20000000 0.0480
      28   0.20000000   0.30000000   0.10000000 0.0960
 DONE : INIT K-POINTS Time : 2.061 (SEC)


 Warning_Memory_Consuming allocated:  PW_B_K::gcar 5.60056 MB




 >>>>>>>>>>>>>>>>>>>>>>>>>>>>>>>>>>>>>>>>>>>>>>>>>>>>>>>>>>>>>>>>>>>>>>
 |                                                                    |
 | Setup plane waves of wave functions:                               |
 | Use the energy cutoff and the lattice vectors to generate the      |
 | dimensions of FFT grid. The number of FFT grid on each processor   |
 | is 'nrxx'. The number of plane wave basis in reciprocal space is   |
 | different for charege/potential and wave functions. We also set    |
 | the 'sticks' for the parallel of FFT. The number of plane wave of  |
 | each k-point is 'npwk[ik]' in each processor                       |
 <<<<<<<<<<<<<<<<<<<<<<<<<<<<<<<<<<<<<<<<<<<<<<<<<<<<<<<<<<<<<<<<<<<<<<





 SETUP PLANE WAVES FOR WAVE FUNCTIONS
     energy cutoff for wavefunc (unit:Ry) = 90
              fft grid for wave functions = [ 54, 54, 54 ]
                    number of plane waves = 10635
                         number of sticks = 593

 PARALLEL PW FOR WAVE FUNCTIONS
     PROC   COLUMNS(POT)             PW
        1            593          10635
 --------------- sum -------------------
        1            593          10635
 DONE : INIT PLANEWAVE Time : 2.12546 (SEC)

                           occupied bands = 22
                                   NBANDS = 32
                                     npwx = 8739

 Warning_Memory_Consuming allocated:  Psi_PW 119.479 MB

 SETUP NONLOCAL PSEUDOPOTENTIALS IN PLANE WAVE BASIS
 Al non-local projectors:
 projector 1 L=0
 projector 2 L=0
 projector 3 L=1
 projector 4 L=1
      TOTAL NUMBER OF NONLOCAL PROJECTORS = 32
 DONE : LOCAL POTENTIAL Time : 2.14752 (SEC)


 Init Non-Local PseudoPotential table : 
 Init Non-Local-Pseudopotential done.
 DONE : NON-LOCAL POTENTIAL Time : 2.185 (SEC)


 Make real space PAO into reciprocal space.
       max mesh points in Pseudopotential = 601
     dq(describe PAO in reciprocal space) = 0.01
                                    max q = 1905

 number of pseudo atomic orbitals for Al is 0
 DONE : INIT BASIS Time : 2.24482 (SEC)


 -------------------------------------------
 STEP OF RELAXATION : 1
 -------------------------------------------
                                 init_chg = atomic
 DONE : INIT SCF Time : 2.35941 (SEC)


 PW ALGORITHM --------------- ION=   1  ELEC=   1--------------------------------
 Notice: Threshold on eigenvalues was too large.
 hsover_error=0.44 > DRHO=0.0653022
 Origin diag_ethr = 0.01
 New    diag_ethr = 0.000148414

 Density error is 0.0668827297034
                          Error Threshold = 0.000148414148125
------------------------------------------------------
  Energy         Rydberg                 eV         
------------------------------------------------------
E_KohnSham      -553.5796611681     -7531.8376887951
E_Harris        -553.6005252191     -7532.1215587723
E_Fermi            0.5462758462         7.4324641885
------------------------------------------------------

 PW ALGORITHM --------------- ION=   1  ELEC=   2--------------------------------

 Density error is 0.0311696395189
                          Error Threshold = 0.000152006203871
------------------------------------------------------
  Energy         Rydberg                 eV         
------------------------------------------------------
E_KohnSham      -553.5611883852     -7531.5863536905
E_Harris        -557.4071434407     -7583.9132566971
E_Fermi            0.5411540518         7.3627785996
------------------------------------------------------

 PW ALGORITHM --------------- ION=   1  ELEC=   3--------------------------------

 Density error is 0.000374754209
                          Error Threshold = 7.08400898157e-05
------------------------------------------------------
  Energy         Rydberg                 eV         
------------------------------------------------------
E_KohnSham      -553.5669975055     -7531.6653908262
E_Harris        -554.2337399464     -7540.7368871214
E_Fermi            0.5314837397         7.2312072536
------------------------------------------------------

 PW ALGORITHM --------------- ION=   1  ELEC=   4--------------------------------

 Density error is 0.000341721173269
                          Error Threshold = 8.51714111364e-07
------------------------------------------------------
  Energy         Rydberg                 eV         
------------------------------------------------------
E_KohnSham      -553.5677946982     -7531.6762371891
E_Harris        -553.7247485261     -7533.8117035716
E_Fermi            0.5322680187         7.2418779173
------------------------------------------------------

 PW ALGORITHM --------------- ION=   1  ELEC=   5--------------------------------

 Density error is 0.000223006263893
                          Error Threshold = 7.76639030156e-07
------------------------------------------------------
  Energy         Rydberg                 eV         
------------------------------------------------------
E_KohnSham      -553.5677235262     -7531.6752688451
E_Harris        -553.6732739897     -7533.1113565749
E_Fermi            0.5323537430         7.2430442569
------------------------------------------------------

 PW ALGORITHM --------------- ION=   1  ELEC=   6--------------------------------

 Density error is 3.55891192446e-05
                          Error Threshold = 5.06832417938e-07
------------------------------------------------------
  Energy         Rydberg                 eV         
------------------------------------------------------
E_KohnSham      -553.5677229904     -7531.6752615550
E_Harris        -553.5237003864     -7531.0763033001
E_Fermi            0.5316532573         7.2335136599
------------------------------------------------------

 PW ALGORITHM --------------- ION=   1  ELEC=   7--------------------------------

 Density error is 1.79546241649e-05
                          Error Threshold = 8.08843619194e-08
------------------------------------------------------
  Energy         Rydberg                 eV         
------------------------------------------------------
E_KohnSham      -553.5677152101     -7531.6751556980
E_Harris        -553.5030654096     -7530.7955500366
E_Fermi            0.5316196361         7.2330562195
------------------------------------------------------

 PW ALGORITHM --------------- ION=   1  ELEC=   8--------------------------------

 Density error is 3.45667656695e-06
                          Error Threshold = 4.08059640112e-08
------------------------------------------------------
  Energy         Rydberg                 eV         
------------------------------------------------------
E_KohnSham      -553.5677178739     -7531.6751919418
E_Harris        -553.5274292526     -7531.1270371276
E_Fermi            0.5316477936         7.2334393224
------------------------------------------------------

 PW ALGORITHM --------------- ION=   1  ELEC=   9--------------------------------

 Density error is 4.39107411942e-06
                          Error Threshold = 7.85608310669e-09
------------------------------------------------------
  Energy         Rydberg                 eV         
------------------------------------------------------
E_KohnSham      -553.5677150761     -7531.6751538753
E_Harris        -553.5331236937     -7531.2045139735
E_Fermi            0.5316474609         7.2334347948
------------------------------------------------------

 PW ALGORITHM --------------- ION=   1  ELEC=  10--------------------------------

 Density error is 1.19028756006e-07
                          Error Threshold = 7.85608310669e-09
------------------------------------------------------
  Energy         Rydberg                 eV         
------------------------------------------------------
E_KohnSham      -553.5677161883     -7531.6751690077
E_Harris        -553.5607194587     -7531.5799736184
E_Fermi            0.5316979155         7.2341212659
------------------------------------------------------

 PW ALGORITHM --------------- ION=   1  ELEC=  11--------------------------------

 Density error is 6.70716188092e-07
                          Error Threshold = 2.70519900014e-10
------------------------------------------------------
  Energy         Rydberg                 eV         
------------------------------------------------------
E_KohnSham      -553.5677158850     -7531.6751648811
E_Harris        -553.5778661013     -7531.8132656583
E_Fermi            0.5316992614         7.2341395773
------------------------------------------------------

 PW ALGORITHM --------------- ION=   1  ELEC=  12--------------------------------

 Density error is 1.93314982361e-08
                          Error Threshold = 2.70519900014e-10
------------------------------------------------------
  Energy         Rydberg                 eV         
------------------------------------------------------
E_KohnSham      -553.5677159624     -7531.6751659343
E_Harris        -553.5729318202     -7531.7461313200
E_Fermi            0.5316820062         7.2339048083
------------------------------------------------------

 PW ALGORITHM --------------- ION=   1  ELEC=  13--------------------------------

 Density error is 2.11539583471e-08
                          Error Threshold = 4.39352232639e-11
------------------------------------------------------
  Energy         Rydberg                 eV         
------------------------------------------------------
E_KohnSham      -553.5677159632     -7531.6751659450
E_Harris        -553.5697140139     -7531.7023508196
E_Fermi            0.5316826048         7.2339129533
------------------------------------------------------

 PW ALGORITHM --------------- ION=   1  ELEC=  14--------------------------------

 Density error is 2.04285272851e-08
                          Error Threshold = 4.39352232639e-11
------------------------------------------------------
  Energy         Rydberg                 eV         
------------------------------------------------------
E_KohnSham      -553.5677159505     -7531.6751657726
E_Harris        -553.5699180574     -7531.7051269733
E_Fermi            0.5316832087         7.2339211691
------------------------------------------------------

 PW ALGORITHM --------------- ION=   1  ELEC=  15--------------------------------

 Density error is 1.29084338351e-09
                          Error Threshold = 4.39352232639e-11
----------------------------------------------------------
    Energy           Rydberg                 eV         
----------------------------------------------------------
E_KohnSham          -553.5677159512     -7531.6751657823
E_KS(sigma->0)      -553.5676677947     -7531.6745105784
E_Harris            -553.5686399025     -7531.6877367840
E_band              -155.6501195421     -2117.7285201536
E_one_elec          -382.9923286258     -5210.8779595995
E_Hartree            153.9836722745      2095.0553418972
E_xc                 -61.9922712291      -843.4481206775
E_Ewald             -262.5666920576     -3572.4031169947
E_entropy(-TS)        -0.0000963132        -0.0013104078
E_descf                0.0000000000         0.0000000000
E_exx                  0.0000000000         0.0000000000
E_Fermi                0.5316810619         7.2338919609
----------------------------------------------------------

 charge density convergence is achieved
 final etot is -7531.6751658 eV
 EFERMI = 7.2338919609 eV

 STATE ENERGY(eV) AND OCCUPATIONS    NSPIN == 1
 1/28 kpoint (Cartesian) = 0.0000 0.0000 0.0000 (8709 pws)
       1       -96.4783     0.00200000
       2       -96.4776     0.00200000
       3       -96.4776     0.00200000
       4       -96.4776     0.00200000
       5       -57.9171     0.00200000
       6       -57.9171     0.00200000
       7       -57.9171     0.00200000
       8       -57.9140     0.00200000
       9       -57.9140     0.00200000
      10       -57.9140     0.00200000
      11       -57.9139     0.00200000
      12       -57.9139     0.00200000
      13       -57.9139     0.00200000
      14       -57.9117     0.00200000
      15       -57.9117     0.00200000
      16       -57.9117     0.00200000
      17       -1.85673     0.00200000
      18        5.14651     0.00200000
      19        5.14651     0.00200000
      20        5.14651     0.00200000
      21        5.63984     0.00200000
      22        5.63985     0.00200000
      23        5.63985     0.00200000
      24        11.7105        0.00000
      25        11.7105        0.00000
      26        11.7105        0.00000
      27        11.7105        0.00000
      28        11.7105        0.00000
      29        11.7105        0.00000
      30        12.5580        0.00000
      31        12.5580        0.00000
      32        12.5580        0.00000

 2/28 kpoint (Cartesian) = 0.0000 0.024712 0.0000 (8689 pws)
       1       -96.4783      0.0120000
       2       -96.4776      0.0120000
       3       -96.4776      0.0120000
       4       -96.4776      0.0120000
       5       -57.9170      0.0120000
       6       -57.9170      0.0120000
       7       -57.9169      0.0120000
       8       -57.9140      0.0120000
       9       -57.9140      0.0120000
      10       -57.9140      0.0120000
      11       -57.9139      0.0120000
      12       -57.9139      0.0120000
      13       -57.9139      0.0120000
      14       -57.9118      0.0120000
      15       -57.9117      0.0120000
      16       -57.9117      0.0120000
      17       -1.78288      0.0120000
      18        4.01743      0.0120000
      19        5.21610      0.0120000
      20        5.21610      0.0120000
      21        5.70928      0.0120000
      22        5.70929      0.0120000
      23        6.89769      0.0120000
      24        10.7462        0.00000
      25        10.7462        0.00000
      26        11.1592        0.00000
      27        11.1592        0.00000
      28        11.7764        0.00000
      29        11.7764        0.00000
      30        12.6308        0.00000
      31        13.6596        0.00000
      32        13.6596        0.00000

 3/28 kpoint (Cartesian) = 0.0000 0.049424 0.0000 (8693 pws)
       1       -96.4782      0.0120000
       2       -96.4777      0.0120000
       3       -96.4776      0.0120000
       4       -96.4776      0.0120000
       5       -57.9168      0.0120000
       6       -57.9168      0.0120000
       7       -57.9166      0.0120000
       8       -57.9142      0.0120000
       9       -57.9142      0.0120000
      10       -57.9140      0.0120000
      11       -57.9139      0.0120000
      12       -57.9137      0.0120000
      13       -57.9137      0.0120000
      14       -57.9122      0.0120000
      15       -57.9119      0.0120000
      16       -57.9119      0.0120000
      17       -1.56149      0.0120000
      18        2.80688      0.0120000
      19        5.42487      0.0120000
      20        5.42488      0.0120000
      21        5.91558      0.0120000
      22        5.91559      0.0120000
      23        8.49205        0.00000
      24        9.59049        0.00000
      25        9.59050        0.00000
      26        10.1856        0.00000
      27        10.1856        0.00000
      28        11.9739        0.00000
      29        11.9739        0.00000
      30        12.8491        0.00000
      31        14.4534        0.00000
      32        15.2260        0.00000

 4/28 kpoint (Cartesian) = 0.0000 0.074137 0.0000 (8706 pws)
       1       -96.4781      0.0120000
       2       -96.4777      0.0120000
       3       -96.4776      0.0120000
       4       -96.4776      0.0120000
       5       -57.9164      0.0120000
       6       -57.9164      0.0120000
       7       -57.9160      0.0120000
       8       -57.9146      0.0120000
       9       -57.9146      0.0120000
      10       -57.9140      0.0120000
      11       -57.9139      0.0120000
      12       -57.9135      0.0120000
      13       -57.9135      0.0120000
      14       -57.9128      0.0120000
      15       -57.9121      0.0120000
      16       -57.9121      0.0120000
      17       -1.19313      0.0120000
      18        1.72604      0.0120000
      19        5.77285      0.0120000
      20        5.77285      0.0120000
      21        6.25008      0.0120000
      22        6.25008      0.0120000
      23        8.55365        0.00000
      24        8.55365        0.00000
      25        9.23050        0.00000
      26        9.23051        0.00000
      27        10.2022        0.00000
      28        12.3028        0.00000
      29        12.3028        0.00000
      30        13.2121        0.00000
      31        14.8148        0.00000
      32        14.9206        0.00000

 5/28 kpoint (Cartesian) = 0.0000 0.098849 0.0000 (8718 pws)
       1       -96.4780      0.0120000
       2       -96.4778      0.0120000
       3       -96.4776      0.0120000
       4       -96.4776      0.0120000
       5       -57.9160      0.0120000
       6       -57.9160      0.0120000
       7       -57.9152      0.0120000
       8       -57.9150      0.0120000
       9       -57.9150      0.0120000
      10       -57.9140      0.0120000
      11       -57.9139      0.0120000
      12       -57.9135      0.0120000
      13       -57.9132      0.0120000
      14       -57.9132      0.0120000
      15       -57.9125      0.0120000
      16       -57.9125      0.0120000
      17      -0.678701      0.0120000
      18       0.782825      0.0120000
      19        6.26001      0.0120000
      20        6.26001      0.0120000
      21        6.67794      0.0120000
      22        6.67795      0.0120000
      23        7.65113        0.00000
      24        7.65113        0.00000
      25        8.41575        0.00000
      26        8.41575        0.00000
      27        11.9939        0.00000
      28        12.7629        0.00000
      29        12.7629        0.00000
      30        13.7182        0.00000
      31        14.0735        0.00000
      32        14.0735        0.00000

 6/28 kpoint (Cartesian) = 0.0000 0.0000 0.12356 (8722 pws)
       1       -96.4780     0.00600000
       2       -96.4779     0.00600000
       3       -96.4776     0.00600000
       4       -96.4776     0.00600000
       5       -57.9155     0.00600000
       6       -57.9155     0.00600000
       7       -57.9155     0.00600000
       8       -57.9155     0.00600000
       9       -57.9144     0.00600000
      10       -57.9144     0.00600000
      11       -57.9140     0.00600000
      12       -57.9139     0.00600000
      13       -57.9128     0.00600000
      14       -57.9128     0.00600000
      15       -57.9128     0.00600000
      16       -57.9128     0.00600000
      17     -0.0194940     0.00600000
      18     -0.0194882     0.00600000
      19        6.88623     0.00600000
      20        6.88623     0.00600000
      21        6.88623     0.00600000
      22        6.88623     0.00600000
      23        6.97315     0.00600000
      24        6.97316     0.00600000
      25        7.98986        0.00000
      26        7.98987        0.00000
      27        13.3535        0.00000
      28        13.3535        0.00000
      29        13.3535        0.00000
      30        13.3535        0.00000
      31        13.7812        0.00000
      32        13.7812        0.00000

 7/28 kpoint (Cartesian) = 0.024712 0.0000 0.024712 (8698 pws)
       1       -96.4782      0.0240000
       2       -96.4776      0.0240000
       3       -96.4776      0.0240000
       4       -96.4776      0.0240000
       5       -57.9169      0.0240000
       6       -57.9169      0.0240000
       7       -57.9169      0.0240000
       8       -57.9142      0.0240000
       9       -57.9140      0.0240000
      10       -57.9140      0.0240000
      11       -57.9139      0.0240000
      12       -57.9139      0.0240000
      13       -57.9139      0.0240000
      14       -57.9120      0.0240000
      15       -57.9118      0.0240000
      16       -57.9117      0.0240000
      17       -1.70906      0.0240000
      18        4.08805      0.0240000
      19        4.08805      0.0240000
      20        5.28569      0.0240000
      21        5.77764      0.0240000
      22        6.96533      0.0240000
      23        6.96533      0.0240000
      24        9.71165        0.00000
      25        10.8147        0.00000
      26        10.8147        0.00000
      27        11.2278        0.00000
      28        11.2278        0.00000
      29        11.8414        0.00000
      30        13.3929        0.00000
      31        13.7296        0.00000
      32        13.7296        0.00000

 8/28 kpoint (Cartesian) = 0.024712 0.049424 0.0000 (8695 pws)
       1       -96.4782      0.0480000
       2       -96.4777      0.0480000
       3       -96.4776      0.0480000
       4       -96.4776      0.0480000
       5       -57.9167      0.0480000
       6       -57.9167      0.0480000
       7       -57.9165      0.0480000
       8       -57.9144      0.0480000
       9       -57.9142      0.0480000
      10       -57.9139      0.0480000
      11       -57.9138      0.0480000
      12       -57.9138      0.0480000
      13       -57.9137      0.0480000
      14       -57.9124      0.0480000
      15       -57.9119      0.0480000
      16       -57.9118      0.0480000
      17       -1.48778      0.0480000
      18        2.87829      0.0480000
      19        4.29954      0.0480000
      20        5.49446      0.0480000
      21        5.97876      0.0480000
      22        7.16551      0.0479909
      23        8.55547        0.00000
      24        8.57373        0.00000
      25        9.65961        0.00000
      26        10.2594        0.00000
      27        11.0201        0.00000
      28        11.2705        0.00000
      29        11.4350        0.00000
      30        13.9396        0.00000
      31        14.4319        0.00000
      32        15.0651        0.00000

 9/28 kpoint (Cartesian) = 0.024712 0.074137 0.0000 (8703 pws)
       1       -96.4781      0.0480000
       2       -96.4777      0.0480000
       3       -96.4776      0.0480000
       4       -96.4776      0.0480000
       5       -57.9164      0.0480000
       6       -57.9164      0.0480000
       7       -57.9160      0.0480000
       8       -57.9148      0.0480000
       9       -57.9145      0.0480000
      10       -57.9139      0.0480000
      11       -57.9138      0.0480000
      12       -57.9135      0.0480000
      13       -57.9134      0.0480000
      14       -57.9130      0.0480000
      15       -57.9122      0.0480000
      16       -57.9120      0.0480000
      17       -1.11961      0.0480000
      18        1.79806      0.0480000
      19        4.65057      0.0480000
      20        5.84243      0.0480000
      21        6.28636      0.0480000
      22        7.48287        0.00000
      23        7.57957        0.00000
      24        8.62301        0.00000
      25        9.31906        0.00000
      26        10.2503        0.00000
      27        10.3494        0.00000
      28        11.3620        0.00000
      29        11.7908        0.00000
      30        14.0708        0.00000
      31        14.2890        0.00000
      32        14.3289        0.00000

 10/28 kpoint (Cartesian) = 0.024712 0.098849 0.0000 (8724 pws)
       1       -96.4780      0.0480000
       2       -96.4778      0.0480000
       3       -96.4776      0.0480000
       4       -96.4776      0.0480000
       5       -57.9160      0.0480000
       6       -57.9159      0.0480000
       7       -57.9153      0.0480000
       8       -57.9152      0.0480000
       9       -57.9150      0.0480000
      10       -57.9138      0.0480000
      11       -57.9138      0.0480000
      12       -57.9137      0.0480000
      13       -57.9132      0.0480000
      14       -57.9131      0.0480000
      15       -57.9125      0.0480000
      16       -57.9124      0.0480000
      17      -0.605442      0.0480000
      18       0.855342      0.0480000
      19        5.13763      0.0480000
      20        6.32958      0.0480000
      21        6.37038      0.0480000
      22        7.06737      0.0480000
      23        7.72061        0.00000
      24        7.79416        0.00000
      25        8.62077        0.00000
      26        9.50029        0.00000
      27        11.8397        0.00000
      28        11.8811        0.00000
      29        12.4354        0.00000
      30        13.1970        0.00000
      31        13.4834        0.00000
      32        14.7763        0.00000

 11/28 kpoint (Cartesian) = 0.0000 0.024712 0.12356 (8714 pws)
       1       -96.4779      0.0240000
       2       -96.4779      0.0240000
       3       -96.4776      0.0240000
       4       -96.4776      0.0240000
       5       -57.9156      0.0240000
       6       -57.9156      0.0240000
       7       -57.9155      0.0240000
       8       -57.9154      0.0240000
       9       -57.9145      0.0240000
      10       -57.9145      0.0240000
      11       -57.9138      0.0240000
      12       -57.9138      0.0240000
      13       -57.9129      0.0240000
      14       -57.9129      0.0240000
      15       -57.9127      0.0240000
      16       -57.9127      0.0240000
      17      0.0534326      0.0240000
      18      0.0534384      0.0240000
      19        5.74828      0.0240000
      20        5.74829      0.0240000
      21        6.95577      0.0240000
      22        6.95577      0.0240000
      23        7.48898        0.00000
      24        7.48898        0.00000
      25        8.80935        0.00000
      26        8.80936        0.00000
      27        12.4520        0.00000
      28        12.4520        0.00000
      29        12.7366        0.00000
      30        12.7366        0.00000
      31        14.0181        0.00000
      32        14.0181        0.00000

 12/28 kpoint (Cartesian) = 0.049424 0.0000 0.049424 (8688 pws)
       1       -96.4782      0.0240000
       2       -96.4777      0.0240000
       3       -96.4776      0.0240000
       4       -96.4776      0.0240000
       5       -57.9165      0.0240000
       6       -57.9164      0.0240000
       7       -57.9164      0.0240000
       8       -57.9147      0.0240000
       9       -57.9140      0.0240000
      10       -57.9140      0.0240000
      11       -57.9137      0.0240000
      12       -57.9137      0.0240000
      13       -57.9136      0.0240000
      14       -57.9129      0.0240000
      15       -57.9121      0.0240000
      16       -57.9118      0.0240000
      17       -1.26685      0.0240000
      18        3.09224      0.0240000
      19        3.09225      0.0240000
      20        5.70323      0.0240000
      21        6.14611      0.0240000
      22        7.45765        0.00000
      23        8.73490        0.00000
      24        8.73490        0.00000
      25        9.86688        0.00000
      26        9.86689        0.00000
      27        10.4903        0.00000
      28        10.4903        0.00000
      29        12.2334        0.00000
      30        13.9176        0.00000
      31        13.9629        0.00000
      32        14.3031        0.00000

 13/28 kpoint (Cartesian) = 0.049424 0.074137 0.0000 (8708 pws)
       1       -96.4781      0.0480000
       2       -96.4777      0.0480000
       3       -96.4776      0.0480000
       4       -96.4776      0.0480000
       5       -57.9163      0.0480000
       6       -57.9161      0.0480000
       7       -57.9160      0.0480000
       8       -57.9151      0.0480000
       9       -57.9144      0.0480000
      10       -57.9138      0.0480000
      11       -57.9136      0.0480000
      12       -57.9136      0.0480000
      13       -57.9135      0.0480000
      14       -57.9134      0.0480000
      15       -57.9124      0.0480000
      16       -57.9120      0.0480000
      17      -0.899232      0.0480000
      18        2.01390      0.0480000
      19        3.44785      0.0480000
      20        6.05119      0.0480000
      21        6.08295      0.0480000
      22        6.82857      0.0480000
      23        8.83104        0.00000
      24        8.91155        0.00000
      25        9.68813        0.00000
      26        10.2121        0.00000
      27        10.2827        0.00000
      28        11.0015        0.00000
      29        11.8033        0.00000
      30        12.9535        0.00000
      31        13.3658        0.00000
      32        15.0333        0.00000

 14/28 kpoint (Cartesian) = 0.049424 0.098849 0.0000 (8739 pws)
       1       -96.4780      0.0480000
       2       -96.4778      0.0480000
       3       -96.4776      0.0480000
       4       -96.4776      0.0480000
       5       -57.9160      0.0480000
       6       -57.9157      0.0480000
       7       -57.9155      0.0480000
       8       -57.9154      0.0480000
       9       -57.9148      0.0480000
      10       -57.9142      0.0480000
      11       -57.9136      0.0480000
      12       -57.9135      0.0480000
      13       -57.9134      0.0480000
      14       -57.9130      0.0480000
      15       -57.9127      0.0480000
      16       -57.9122      0.0480000
      17      -0.385845      0.0480000
      18        1.07270      0.0480000
      19        3.94321      0.0480000
      20        5.32628      0.0480000
      21        6.53828      0.0480000
      22        7.15998      0.0479971
      23        7.92901        0.00000
      24        8.44779        0.00000
      25        9.75537        0.00000
      26        10.6947        0.00000
      27        11.0206        0.00000
      28        11.1324        0.00000
      29        12.0678        0.00000
      30        12.4445        0.00000
      31        12.5196        0.00000
      32        16.0828        0.00000

 15/28 kpoint (Cartesian) = 0.0000 0.049424 0.12356 (8714 pws)
       1       -96.4779      0.0240000
       2       -96.4779      0.0240000
       3       -96.4776      0.0240000
       4       -96.4776      0.0240000
       5       -57.9157      0.0240000
       6       -57.9157      0.0240000
       7       -57.9153      0.0240000
       8       -57.9152      0.0240000
       9       -57.9148      0.0240000
      10       -57.9148      0.0240000
      11       -57.9135      0.0240000
      12       -57.9135      0.0240000
      13       -57.9131      0.0240000
      14       -57.9131      0.0240000
      15       -57.9126      0.0240000
      16       -57.9126      0.0240000
      17       0.272026      0.0240000
      18       0.272032      0.0240000
      19        4.57406      0.0240000
      20        4.57406      0.0240000
      21        7.16437      0.0239964
      22        7.16437      0.0239964
      23        7.74969        0.00000
      24        7.74970        0.00000
      25        10.3104        0.00000
      26        10.3104        0.00000
      27        11.3138        0.00000
      28        11.3138        0.00000
      29        11.7802        0.00000
      30        11.7802        0.00000
      31        14.2783        0.00000
      32        14.2783        0.00000

 16/28 kpoint (Cartesian) = 0.074137 0.0000 0.074137 (8700 pws)
       1       -96.4780      0.0240000
       2       -96.4777      0.0240000
       3       -96.4777      0.0240000
       4       -96.4776      0.0240000
       5       -57.9160      0.0240000
       6       -57.9160      0.0240000
       7       -57.9158      0.0240000
       8       -57.9154      0.0240000
       9       -57.9141      0.0240000
      10       -57.9141      0.0240000
      11       -57.9141      0.0240000
      12       -57.9133      0.0240000
      13       -57.9133      0.0240000
      14       -57.9132      0.0240000
      15       -57.9126      0.0240000
      16       -57.9120      0.0240000
      17      -0.532546      0.0240000
      18        2.37286      0.0240000
      19        2.37287      0.0240000
      20        5.18420      0.0240000
      21        6.39909      0.0240000
      22        7.02937      0.0240000
      23        9.17756        0.00000
      24        9.17756        0.00000
      25        9.67711        0.00000
      26        9.67711        0.00000
      27        10.9810        0.00000
      28        10.9810        0.00000
      29        11.9348        0.00000
      30        12.4243        0.00000
      31        12.8840        0.00000
      32        14.6488        0.00000

 17/28 kpoint (Cartesian) = 0.074137 0.098849 0.0000 (8707 pws)
       1       -96.4780      0.0480000
       2       -96.4778      0.0480000
       3       -96.4777      0.0480000
       4       -96.4776      0.0480000
       5       -57.9160      0.0480000
       6       -57.9157      0.0480000
       7       -57.9156      0.0480000
       8       -57.9154      0.0480000
       9       -57.9146      0.0480000
      10       -57.9145      0.0480000
      11       -57.9137      0.0480000
      12       -57.9132      0.0480000
      13       -57.9132      0.0480000
      14       -57.9130      0.0480000
      15       -57.9129      0.0480000
      16       -57.9122      0.0480000
      17     -0.0204615      0.0480000
      18        1.43428      0.0480000
      19        2.87366      0.0480000
      20        4.28906      0.0480000
      21        6.88609      0.0480000
      22        7.49561        0.00000
      23        8.27623        0.00000
      24        8.85140        0.00000
      25        9.66223        0.00000
      26        10.2084        0.00000
      27        11.0428        0.00000
      28        11.3998        0.00000
      29        11.5730        0.00000
      30        12.6038        0.00000
      31        12.7421        0.00000
      32        15.8665        0.00000

 18/28 kpoint (Cartesian) = 0.0000 0.074137 0.12356 (8704 pws)
       1       -96.4779      0.0240000
       2       -96.4779      0.0240000
       3       -96.4777      0.0240000
       4       -96.4777      0.0240000
       5       -57.9159      0.0240000
       6       -57.9158      0.0240000
       7       -57.9152      0.0240000
       8       -57.9152      0.0240000
       9       -57.9150      0.0240000
      10       -57.9149      0.0240000
      11       -57.9134      0.0240000
      12       -57.9133      0.0240000
      13       -57.9132      0.0240000
      14       -57.9132      0.0240000
      15       -57.9125      0.0240000
      16       -57.9125      0.0240000
      17       0.635723      0.0240000
      18       0.635729      0.0240000
      19        3.51397      0.0240000
      20        3.51398      0.0240000
      21        7.51197        0.00000
      22        7.51197        0.00000
      23        8.11072        0.00000
      24        8.11072        0.00000
      25        10.2844        0.00000
      26        10.2844        0.00000
      27        10.8326        0.00000
      28        10.8327        0.00000
      29        11.9678        0.00000
      30        11.9678        0.00000
      31        14.5947        0.00000
      32        14.5947        0.00000

 19/28 kpoint (Cartesian) = 0.098849 0.0000 0.098849 (8684 pws)
       1       -96.4779      0.0240000
       2       -96.4778      0.0240000
       3       -96.4777      0.0240000
       4       -96.4777      0.0240000
       5       -57.9158      0.0240000
       6       -57.9158      0.0240000
       7       -57.9158      0.0240000
       8       -57.9151      0.0240000
       9       -57.9150      0.0240000
      10       -57.9141      0.0240000
      11       -57.9141      0.0240000
      12       -57.9133      0.0240000
      13       -57.9130      0.0240000
      14       -57.9128      0.0240000
      15       -57.9128      0.0240000
      16       -57.9123      0.0240000
      17       0.489785      0.0240000
      18        1.93905      0.0240000
      19        1.93905      0.0240000
      20        3.37039      0.0240000
      21        7.37288    6.08713e-15
      22        7.98063        0.00000
      23        8.76202        0.00000
      24        8.76203        0.00000
      25        9.35002        0.00000
      26        9.35002        0.00000
      27        10.1469        0.00000
      28        10.7158        0.00000
      29        13.1712        0.00000
      30        13.1712        0.00000
      31        13.7863        0.00000
      32        15.6389        0.00000

 20/28 kpoint (Cartesian) = 0.0000 0.098849 0.12356 (8696 pws)
       1       -96.4778      0.0240000
       2       -96.4778      0.0240000
       3       -96.4777      0.0240000
       4       -96.4777      0.0240000
       5       -57.9159      0.0240000
       6       -57.9159      0.0240000
       7       -57.9155      0.0240000
       8       -57.9155      0.0240000
       9       -57.9146      0.0240000
      10       -57.9146      0.0240000
      11       -57.9138      0.0240000
      12       -57.9137      0.0240000
      13       -57.9128      0.0240000
      14       -57.9128      0.0240000
      15       -57.9125      0.0240000
      16       -57.9125      0.0240000
      17        1.14356      0.0240000
      18        1.14357      0.0240000
      19        2.58531      0.0240000
      20        2.58532      0.0240000
      21        7.99840        0.00000
      22        7.99840        0.00000
      23        8.60198        0.00000
      24        8.60199        0.00000
      25        9.38590        0.00000
      26        9.38591        0.00000
      27        9.97164        0.00000
      28        9.97165        0.00000
      29        13.6589        0.00000
      30        13.6589        0.00000
      31        14.9420        0.00000
      32        14.9420        0.00000

 21/28 kpoint (Cartesian) = 0.0000 0.12356 0.12356 (8724 pws)
       1       -96.4778     0.00600000
       2       -96.4778     0.00600000
       3       -96.4778     0.00600000
       4       -96.4777     0.00600000
       5       -57.9158     0.00600000
       6       -57.9158     0.00600000
       7       -57.9157     0.00600000
       8       -57.9157     0.00600000
       9       -57.9142     0.00600000
      10       -57.9141     0.00600000
      11       -57.9141     0.00600000
      12       -57.9141     0.00600000
      13       -57.9126     0.00600000
      14       -57.9126     0.00600000
      15       -57.9126     0.00600000
      16       -57.9126     0.00600000
      17        1.79411     0.00600000
      18        1.79411     0.00600000
      19        1.79411     0.00600000
      20        1.79412     0.00600000
      21        8.62330        0.00000
      22        8.62331        0.00000
      23        8.62331        0.00000
      24        8.62331        0.00000
      25        9.22412        0.00000
      26        9.22412        0.00000
      27        9.22412        0.00000
      28        9.22413        0.00000
      29        14.9219        0.00000
      30        14.9219        0.00000
      31        14.9219        0.00000
      32        14.9219        0.00000

 22/28 kpoint (Cartesian) = -0.024712 0.024712 0.024712 (8706 pws)
       1       -96.4782      0.0160000
       2       -96.4776      0.0160000
       3       -96.4776      0.0160000
       4       -96.4776      0.0160000
       5       -57.9168      0.0160000
       6       -57.9168      0.0160000
       7       -57.9168      0.0160000
       8       -57.9141      0.0160000
       9       -57.9141      0.0160000
      10       -57.9141      0.0160000
      11       -57.9138      0.0160000
      12       -57.9138      0.0160000
      13       -57.9138      0.0160000
      14       -57.9122      0.0160000
      15       -57.9118      0.0160000
      16       -57.9118      0.0160000
      17       -1.63528      0.0160000
      18        4.15849      0.0160000
      19        4.15849      0.0160000
      20        4.15849      0.0160000
      21        7.03135      0.0160000
      22        7.03135      0.0160000
      23        7.03135      0.0160000
      24        9.78319        0.00000
      25        9.78320        0.00000
      26        9.78320        0.00000
      27        11.9072        0.00000
      28        11.9072        0.00000
      29        11.9072        0.00000
      30        13.4652        0.00000
      31        13.4652        0.00000
      32        13.4652        0.00000

 23/28 kpoint (Cartesian) = 0.024712 0.024712 0.049424 (8679 pws)
       1       -96.4782      0.0480000
       2       -96.4777      0.0480000
       3       -96.4776      0.0480000
       4       -96.4776      0.0480000
       5       -57.9166      0.0480000
       6       -57.9166      0.0480000
       7       -57.9165      0.0480000
       8       -57.9143      0.0480000
       9       -57.9143      0.0480000
      10       -57.9139      0.0480000
      11       -57.9138      0.0480000
      12       -57.9138      0.0480000
      13       -57.9137      0.0480000
      14       -57.9126      0.0480000
      15       -57.9119      0.0480000
      16       -57.9118      0.0480000
      17       -1.41412      0.0480000
      18        2.94959      0.0480000
      19        4.36930      0.0480000
      20        4.36930      0.0480000
      21        7.22068      0.0361859
      22        7.22068      0.0361826
      23        8.61126        0.00000
      24        8.65485        0.00000
      25        8.65485        0.00000
      26        10.0039        0.00000
      27        11.3392        0.00000
      28        11.3392        0.00000
      29        12.1046        0.00000
      30        13.6825        0.00000
      31        14.0056        0.00000
      32        14.5017        0.00000

 24/28 kpoint (Cartesian) = 0.024712 0.074137 0.024712 (8690 pws)
       1       -96.4781      0.0480000
       2       -96.4777      0.0480000
       3       -96.4776      0.0480000
       4       -96.4776      0.0480000
       5       -57.9164      0.0480000
       6       -57.9163      0.0480000
       7       -57.9160      0.0480000
       8       -57.9147      0.0480000
       9       -57.9146      0.0480000
      10       -57.9137      0.0480000
      11       -57.9137      0.0480000
      12       -57.9136      0.0480000
      13       -57.9134      0.0480000
      14       -57.9132      0.0480000
      15       -57.9122      0.0480000
      16       -57.9121      0.0480000
      17       -1.04613      0.0480000
      18        1.87000      0.0480000
      19        4.71829      0.0480000
      20        4.71830      0.0480000
      21        7.35286    1.50924e-11
      22        7.35286    1.50863e-11
      23        7.83230        0.00000
      24        7.83230        0.00000
      25        10.1275        0.00000
      26        10.4223        0.00000
      27        10.4223        0.00000
      28        10.5434        0.00000
      29        12.4333        0.00000
      30        13.0149        0.00000
      31        14.0465        0.00000
      32        15.0451        0.00000

 25/28 kpoint (Cartesian) = 0.024712 0.098849 0.024712 (8717 pws)
       1       -96.4780      0.0480000
       2       -96.4778      0.0480000
       3       -96.4776      0.0480000
       4       -96.4776      0.0480000
       5       -57.9160      0.0480000
       6       -57.9160      0.0480000
       7       -57.9154      0.0480000
       8       -57.9150      0.0480000
       9       -57.9150      0.0480000
      10       -57.9139      0.0480000
      11       -57.9137      0.0480000
      12       -57.9137      0.0480000
      13       -57.9132      0.0480000
      14       -57.9131      0.0480000
      15       -57.9125      0.0480000
      16       -57.9124      0.0480000
      17      -0.532227      0.0480000
      18       0.927797      0.0480000
      19        5.19646      0.0480000
      20        5.19646      0.0480000
      21        6.64612      0.0480000
      22        6.64612      0.0480000
      23        8.10591        0.00000
      24        8.10592        0.00000
      25        9.58710        0.00000
      26        9.58710        0.00000
      27        10.7631        0.00000
      28        12.1407        0.00000
      29        12.1840        0.00000
      30        12.8929        0.00000
      31        14.2010        0.00000
      32        14.5665        0.00000

 26/28 kpoint (Cartesian) = 0.024712 0.12356 0.024712 (8738 pws)
       1       -96.4779      0.0240000
       2       -96.4779      0.0240000
       3       -96.4776      0.0240000
       4       -96.4776      0.0240000
       5       -57.9158      0.0240000
       6       -57.9158      0.0240000
       7       -57.9152      0.0240000
       8       -57.9152      0.0240000
       9       -57.9147      0.0240000
      10       -57.9147      0.0240000
      11       -57.9137      0.0240000
      12       -57.9137      0.0240000
      13       -57.9128      0.0240000
      14       -57.9128      0.0240000
      15       -57.9128      0.0240000
      16       -57.9128      0.0240000
      17       0.126309      0.0240000
      18       0.126314      0.0240000
      19        5.64534      0.0240000
      20        5.64534      0.0240000
      21        6.07187      0.0240000
      22        6.07188      0.0240000
      23        8.47579        0.00000
      24        8.47579        0.00000
      25        9.07595        0.00000
      26        9.07595        0.00000
      27        11.3908        0.00000
      28        11.3908        0.00000
      29        13.4827        0.00000
      30        13.4827        0.00000
      31        13.9557        0.00000
      32        13.9557        0.00000

 27/28 kpoint (Cartesian) = 0.049424 0.024712 0.049424 (8677 pws)
       1       -96.4781      0.0480000
       2       -96.4777      0.0480000
       3       -96.4776      0.0480000
       4       -96.4776      0.0480000
       5       -57.9165      0.0480000
       6       -57.9164      0.0480000
       7       -57.9164      0.0480000
       8       -57.9146      0.0480000
       9       -57.9141      0.0480000
      10       -57.9141      0.0480000
      11       -57.9136      0.0480000
      12       -57.9136      0.0480000
      13       -57.9136      0.0480000
      14       -57.9131      0.0480000
      15       -57.9120      0.0480000
      16       -57.9119      0.0480000
      17       -1.19330      0.0480000
      18        3.16314      0.0480000
      19        3.16314      0.0480000
      20        4.57719      0.0480000
      21        7.21184      0.0419558
      22        7.71661        0.00000
      23        8.61297        0.00000
      24        8.61297        0.00000
      25        9.05880        0.00000
      26        9.05880        0.00000
      27        11.5467        0.00000
      28        11.5467        0.00000
      29        12.2991        0.00000
      30        12.8999        0.00000
      31        13.9894        0.00000
      32        14.7110        0.00000

 28/28 kpoint (Cartesian) = 0.049424 0.074137 0.024712 (8708 pws)
       1       -96.4781      0.0960000
       2       -96.4777      0.0960000
       3       -96.4777      0.0960000
       4       -96.4776      0.0960000
       5       -57.9163      0.0960000
       6       -57.9162      0.0960000
       7       -57.9161      0.0960000
       8       -57.9149      0.0960000
       9       -57.9144      0.0960000
      10       -57.9137      0.0960000
      11       -57.9137      0.0960000
      12       -57.9135      0.0960000
      13       -57.9135      0.0960000
      14       -57.9133      0.0960000
      15       -57.9123      0.0960000
      16       -57.9120      0.0960000
      17      -0.825878      0.0960000
      18        2.08558      0.0960000
      19        3.51781      0.0960000
      20        4.91412      0.0960000
      21        6.37493      0.0960000
      22        7.75178        0.00000
      23        7.87154        0.00000
      24        9.13454        0.00000
      25        9.20701        0.00000
      26        10.5788        0.00000
      27        10.6507        0.00000
      28        11.8716        0.00000
      29        11.8964        0.00000
      30        11.9029        0.00000
      31        14.4647        0.00000
      32        15.0600        0.00000



------------------------------------------------------------------------------------------
TOTAL-FORCE (eV/Angstrom)                                                               
------------------------------------------------------------------------------------------
Al1                               0.0000000000         0.0000000000         0.0000000000
Al2                               0.0000000000         0.0000000000         0.0000000000
Al3                               0.0000000000         0.0000000000         0.0000000000
Al4                               0.0000000000         0.0000000000         0.0000000000
------------------------------------------------------------------------------------------
----------------------------------------------------------------
TOTAL-STRESS (KBAR)                                           
----------------------------------------------------------------
     -111.9219864627        -0.0000000000        -0.0000000000
       -0.0000000000      -111.9219864627         0.0000000000
       -0.0000000000         0.0000000000      -111.9219864627
----------------------------------------------------------------
 TOTAL-PRESSURE: -111.921986 KBAR


 Largest gradient in stress is 0.000000

 Threshold is = 0.100000

 Relaxation is converged!


 --------------------------------------------
 !FINAL_ETOT_IS -7531.6751657822860579 eV
 --------------------------------------------


TIME STATISTICS
-------------------------------------------------------------------------------------
     CLASS_NAME                 NAME             TIME(Sec)  CALLS   AVG(Sec) PER(%)
-------------------------------------------------------------------------------------
                     total                        30.86          17   1.82   100.00
Driver               reading                       0.26           1   0.26     0.84
Input                Init                          0.01           1   0.01     0.03
Input_Conv           Convert                       0.25           1   0.25     0.81
Driver               driver_line                  30.60           1  30.60    99.16
UnitCell             check_tau                     0.00           1   0.00     0.00
PW_Basis_Sup         setuptransform                0.01           1   0.01     0.05
PW_Basis_Sup         distributeg                   0.00           1   0.00     0.00
mymath               heapsort                      0.01         453   0.00     0.03
Symmetry             analy_sys                     0.00           1   0.00     0.00
PW_Basis_K           setuptransform                0.05           1   0.05     0.17
PW_Basis_K           distributeg                   0.00           1   0.00     0.00
PW_Basis             setup_struc_factor            0.01           1   0.01     0.02
ppcell_vnl           init                          0.00           1   0.00     0.01
ppcell_vl            init_vloc                     0.00           1   0.00     0.01
ppcell_vnl           init_vnl                      0.04           1   0.04     0.12
WF_atomic            init_at_1                     0.00           1   0.00     0.00
wavefunc             wfcinit                       0.00           1   0.00     0.01
Ions                 opt_ions                     28.51           1  28.51    92.38
ESolver_KS_PW        run                          27.51           1  27.51    89.12
H_Ewald_pw           compute_ewald                 0.00           1   0.00     0.00
Charge               set_rho_core                  0.00           1   0.00     0.00
Charge               atomic_rho                    0.02           2   0.01     0.07
PW_Basis_Sup         recip2real                    0.37         117   0.00     1.21
PW_Basis_Sup         gathers_scatterp              0.04         117   0.00     0.13
Potential            init_pot                      0.08           1   0.08     0.27
Potential            update_from_charge            1.23          16   0.08     3.98
Potential            cal_fixed_v                   0.00           1   0.00     0.01
PotLocal             cal_fixed_v                   0.00           1   0.00     0.01
Potential            cal_v_eff                     1.21          16   0.08     3.94
H_Hartree_pw         v_hartree                     0.13          16   0.01     0.43
PW_Basis_Sup         real2recip                    0.46         151   0.00     1.48
PW_Basis_Sup         gatherp_scatters              0.03         151   0.00     0.10
PotXC                cal_v_eff                     1.07          16   0.07     3.48
XC_Functional        v_xc                          1.07          16   0.07     3.47
Potential            interpolate_vrs               0.01          16   0.00     0.02
Symmetry             rhog_symmetry                 0.18          17   0.01     0.60
Symmetry             group fft grids               0.04          17   0.00     0.12
Charge_Mixing        init_mixing                   0.00           1   0.00     0.00
ESolver_KS_PW        hamilt2density               25.68          16   1.61    83.21
HSolverPW            solve                        25.33          16   1.58    82.08
Nonlocal             getvnl                        0.23         448   0.00     0.74
pp_cell_vnl          getvnl                        0.26         504   0.00     0.83
Structure_Factor     get_sk                        0.11        1064   0.00     0.35
WF_atomic            atomic_wfc                    0.02          28   0.00     0.06
DiagoIterAssist      diagH_subspace_init           0.49          28   0.02     1.59
Operator             hPsi                          9.02       47063   0.00    29.22
Operator             EkineticPW                    0.58       47063   0.00     1.87
Operator             VeffPW                        7.24       47063   0.00    23.44
PW_Basis_K           recip_to_real gpu             4.32       74419   0.00    14.01
PW_Basis_K           real_to_recip gpu             3.29       60083   0.00    10.65
Operator             NonlocalPW                    1.17       47063   0.00     3.81
Nonlocal             add_nonlocal_pp               0.70       47063   0.00     2.28
DiagoIterAssist      diagH_LAPACK                  0.78         420   0.00     2.53
DiagoCG              diag_once                    14.05         448   0.03    45.51
DiagoCG_New          spsi_func                     0.33       93286   0.00     1.08
DiagoCG_New          hpsi_func                     7.42       46643   0.00    24.04
ElecStatePW          psiToRho                      1.18          16   0.07     3.84
Charge               rho_mpi                       0.02          16   0.00     0.06
Charge               reduce_diff_pools             0.02          16   0.00     0.06
Charge_Mixing        get_drho                      0.10          16   0.01     0.33
Charge_Mixing        inner_product_recip_rho       0.00          16   0.00     0.01
Charge               mix_rho                       0.13          14   0.01     0.42
Charge               Pulay_mixing                  0.02          14   0.00     0.07
Charge_Mixing        inner_product_recip_hartree   0.02          84   0.00     0.07
DiagoIterAssist      diagH_subspace                3.14         392   0.01    10.18
Forces               cal_force_loc                 0.01           1   0.01     0.03
Forces               cal_force_ew                  0.01           1   0.01     0.02
Forces               cal_force_nl                  0.03           1   0.03     0.10
Forces               cal_force_cc                  0.00           1   0.00     0.00
Forces               cal_force_scc                 0.01           1   0.01     0.04
Stress_PW            cal_stress                    0.95           1   0.95     3.06
Stress_Func          stress_kin                    0.06           1   0.06     0.20
Stress_Func          stress_har                    0.01           1   0.01     0.02
Stress_Func          stress_ewa                    0.01           1   0.01     0.02
Stress_Func          stress_gga                    0.04           1   0.04     0.12
Stress_Func          stress_loc                    0.01           1   0.01     0.04
Stress_Func          stress_cc                     0.00           1   0.00     0.00
Stress_Func          stress_nl                     0.82           1   0.82     2.67
ModuleIO             write_istate_info             0.00           1   0.00     0.01
-------------------------------------------------------------------------------------

 NAME-------------------------|MEMORY(MB)--------
                         total       289.8058
                        Psi_PW       239.0254
                  PW_B_K::gcar        11.2043
                     FFT::grid         9.6108
                      VNL::vkb         4.2683
                   PW_B_K::gk2         3.7348
                      Chg::rho         2.4027
                 Chg::rho_save         2.4027
                 Chg::rho_core         2.4027
                 Pot::veff_fix         2.4027
                     Pot::veff         2.4027
              Pot::veff_smooth         2.4027
                  SF::strucFac         2.1299
               PW_B_K::ig2ixyz         1.8674
                     Chg::rhog         1.0649
                Chg::rhog_save         1.0649
                Chg::rhog_core         1.0649
 -------------   < 1.0 MB has been ignored ----------------
 ----------------------------------------------------------

 Start  Time  : Thu May 23 17:28:38 2024
 Finish Time  : Thu May 23 17:29:08 2024
 Total  Time  : 0 h 0 mins 30 secs 
