abacus-demo-joint-jhgh5	submit	2024-05-16T17:06:15.969475	/home/denghui/deepmd-kit/pack/abacus_demo
abacus-demo-joint-5lkqz	submit	2024-05-16T17:14:37.989914	/home/denghui/deepmd-kit/pack/abacus_demo
abacus-demo-joint-gbvnx	submit	2024-05-16T17:19:45.110102	/home/denghui/deepmd-kit/pack/abacus_demo
abacus-demo-joint-mbtfl	submit	2024-05-16T20:38:31.909800	/home/denghui/deepmd-kit/pack/abacus_demo
abacus-demo-relax-sou8p	submit	2024-05-17T21:04:09.512660	/home/denghui/deepmd-kit/pack/abacus_demo
abacus-demo-props-xw7pb	submit	2024-05-17T21:25:51.474537	/home/denghui/deepmd-kit/pack/abacus_demo
abacus-demo-props-nkzfb	submit	2024-05-17T21:31:05.360513	/home/denghui/deepmd-kit/pack/abacus_demo
abacus-demo-joint-bgvc4	submit	2024-05-17T21:52:01.888329	/home/denghui/deepmd-kit/pack/abacus_demo
abacus-demo-joint-tg5hm	submit	2024-05-17T21:56:25.425818	/home/denghui/deepmd-kit/pack/abacus_demo
abacus-demo-joint-l7t5w	submit	2024-05-17T22:04:42.093213	/home/denghui/deepmd-kit/pack/abacus_demo
abacus-demo-joint-hrbvr	submit	2024-05-18T17:56:42.340359	/home/denghui/deepmd-kit/pack/abacus_demo
abacus-demo-relax-jpfz6	submit	2024-05-18T18:05:04.001887	/home/denghui/deepmd-kit/pack/abacus_demo
abacus-demo-relax-64lf9	submit	2024-05-18T18:09:50.928688	/home/denghui/deepmd-kit/pack/abacus_demo
abacus-demo-props-eg1an	submit	2024-05-18T18:36:51.715217	/home/denghui/deepmd-kit/pack/abacus_demo
abacus-demo-relax-cfm49	submit	2024-05-19T15:11:55.938006	/home/denghui/deepmd-kit/pack/abacus_demo
abacus-apex-relax-fawi0	submit	2024-05-19T15:53:30.511851	/home/denghui/deepmd-kit/pack/abacus_apex
abacus-apex-joint-j709c	submit	2024-05-19T16:23:09.865288	/home/denghui/deepmd-kit/pack/abacus_apex
abacus-apex-joint-1eu4p	submit	2024-05-23T17:29:42.276257	/home/denghui/deepmd-kit/pack/abacus_apex
abacus-apex-joint-v9elm	submit	2024-05-26T14:44:06.001212	/home/denghui/deepmd-kit/pack/abacus_apex
abacus-apex-joint-obzyg	submit	2024-05-28T00:05:39.248023	/home/denghui/deepmd-kit/computational-materials/fcc-Al/abacus_apex
