                                                                                     
                              ABACUS v3.6.3

               Atomic-orbital Based Ab-initio Computation at UStc                    

                     Website: http://abacus.ustc.edu.cn/                             
               Documentation: https://abacus.deepmodeling.com/                       
                  Repository: https://github.com/abacusmodeling/abacus-develop       
                              https://github.com/deepmodeling/abacus-develop         
                      Commit: f9124675f (Wed May 22 09:49:08 2024 +0800)

    Start Time is Thu May 23 17:26:30 2024
                                                                                     
 ------------------------------------------------------------------------------------

 READING GENERAL INFORMATION
                           global_out_dir = OUT.ABACUS/
                           global_in_card = INPUT
                               pseudo_dir = 
                              orbital_dir = 
                                    DRANK = 1
                                    DSIZE = 2
                                   DCOLOR = 1
                                    GRANK = 1
                                    GSIZE = 1
 The esolver type has been set to : ksdft_pw

 RUNNING WITH DEVICE  : GPU / NVIDIA GeForce RTX 4090




 >>>>>>>>>>>>>>>>>>>>>>>>>>>>>>>>>>>>>>>>>>>>>>>>>>>>>>>>>>>>>>>>>>>>>>
 |                                                                    |
 | Reading atom information in unitcell:                              |
 | From the input file and the structure file we know the number of   |
 | different elments in this unitcell, then we list the detail        |
 | information for each element, especially the zeta and polar atomic |
 | orbital number for each element. The total atom number is counted. |
 | We calculate the nearest atom distance for each atom and show the  |
 | Cartesian and Direct coordinates for each atom. We list the file   |
 | address for atomic orbitals. The volume and the lattice vectors    |
 | in real and reciprocal space is also shown.                        |
 |                                                                    |
 <<<<<<<<<<<<<<<<<<<<<<<<<<<<<<<<<<<<<<<<<<<<<<<<<<<<<<<<<<<<<<<<<<<<<<




 READING UNITCELL INFORMATION
                                    ntype = 1
                  lattice constant (Bohr) = 1.97985
              lattice constant (Angstrom) = 1.04769

 READING ATOM TYPE 1
                               atom label = Al
                      L=0, number of zeta = 1
                      L=1, number of zeta = 1
                      L=2, number of zeta = 1
             number of atom for this type = 4

                        TOTAL ATOM NUMBER = 4
DIRECT COORDINATES
   atom           x                y                z           mag          vx               vy               vz       
taud_Al1       0.0000000000     0.0000000000     0.0000000000 +0.0000     0.0000000000     0.0000000000     0.0000000000
taud_Al2       0.0000000000     0.5000000000     0.5000000000 +0.0000     0.0000000000     0.0000000000     0.0000000000
taud_Al3       0.5000000000     0.0000000000     0.5000000000 +0.0000     0.0000000000     0.0000000000     0.0000000000
taud_Al4       0.5000000000     0.5000000000     0.0000000000 +0.0000     0.0000000000     0.0000000000     0.0000000000


                          Volume (Bohr^3) = 514.233
                             Volume (A^3) = 76.2014

 Lattice vectors: (Cartesian coordinate: in unit of a_0)
             +4.04658                  -0                  +0
                   -0            +4.04658                  -0
                   +0                  -0            +4.04658
 Reciprocal vectors: (Cartesian coordinate: in unit of 2 pi/a_0)
            +0.247122                  -0                  +0
                   -0           +0.247122                  -0
                   +0                  -0           +0.247122




 >>>>>>>>>>>>>>>>>>>>>>>>>>>>>>>>>>>>>>>>>>>>>>>>>>>>>>>>>>>>>>>>>>>>>>
 |                                                                    |
 | Reading pseudopotentials files:                                    |
 | The pseudopotential file is in UPF format. The 'NC' indicates that |
 | the type of pseudopotential is 'norm conserving'. Functional of    |
 | exchange and correlation is decided by 4 given parameters in UPF   |
 | file.  We also read in the 'core correction' if there exists.      |
 | Also we can read the valence electrons number and the maximal      |
 | angular momentum used in this pseudopotential. We also read in the |
 | trail wave function, trail atomic density and local-pseudopotential|
 | on logrithmic grid. The non-local pseudopotential projector is also|
 | read in if there is any.                                           |
 |                                                                    |
 <<<<<<<<<<<<<<<<<<<<<<<<<<<<<<<<<<<<<<<<<<<<<<<<<<<<<<<<<<<<<<<<<<<<<<




                PAO radial cut off (Bohr) = 15

 Read in pseudopotential file is pp_orb/Al_ONCV_PBE-1.0.upf
                     pseudopotential type = NC
          exchange-correlation functional = PBE
                 nonlocal core correction = 0
                        valence electrons = 11
                                     lmax = 1
                           number of zeta = 0
                     number of projectors = 4
                           L of projector = 0
                           L of projector = 0
                           L of projector = 1
                           L of projector = 1
     initial pseudo atomic orbital number = 0
                                   NLOCAL = 36

%%%%%%%%%%%%%%%%%%%%%%%%%%%%%%%%%%%%%%%%%%%%%%%%%%%%%%%%%%%%%%%%%%%%%%%%%%%%%%%%%%%%%%%%%%%%%%%%%%%%%%%%%%
 Warning: the number of valence electrons in pseudopotential > 3 for Al: [Ne] 3s2 3p1
 Pseudopotentials with additional electrons can yield (more) accurate outcomes, but may be less efficient.
 If you're confident that your chosen pseudopotential is appropriate, you can safely ignore this warning.
%%%%%%%%%%%%%%%%%%%%%%%%%%%%%%%%%%%%%%%%%%%%%%%%%%%%%%%%%%%%%%%%%%%%%%%%%%%%%%%%%%%%%%%%%%%%%%%%%%%%%%%%%%
                  




 >>>>>>>>>>>>>>>>>>>>>>>>>>>>>>>>>>>>>>>>>>>>>>>>>>>>>>>>>>>>>>>>>>>>>>
 |                                                                    |
 | Setup plane waves of charge/potential:                             |
 | Use the energy cutoff and the lattice vectors to generate the      |
 | dimensions of FFT grid. The number of FFT grid on each processor   |
 | is 'nrxx'. The number of plane wave basis in reciprocal space is   |
 | different for charege/potential and wave functions. We also set    |
 | the 'sticks' for the parallel of FFT. The number of plane waves    |
 | is 'npw' in each processor.                                        |
 <<<<<<<<<<<<<<<<<<<<<<<<<<<<<<<<<<<<<<<<<<<<<<<<<<<<<<<<<<<<<<<<<<<<<<





 SETUP THE PLANE WAVE BASIS
 energy cutoff for charge/potential (unit:Ry) = 360
            fft grid for charge/potential = [ 50, 50, 50 ]
                        fft grid division = [ 1, 1, 1 ]
        big fft grid for charge/potential = [ 50, 50, 50 ]
                                     nbxx = 125000
                                     nrxx = 125000

 SETUP PLANE WAVES FOR CHARGE/POTENTIAL
                    number of plane waves = 59373
                         number of sticks = 1853

 PARALLEL PW FOR CHARGE/POTENTIAL
     PROC   COLUMNS(POT)             PW
        1           1853          59373
 --------------- sum -------------------
        1           1853          59373
                            number of |g| = 490
                                  max |g| = 35.7255
                                  min |g| = 0

----------- Double Check Mixing Parameters Begin ------------
mixing_type: pulay
mixing_beta: 0.3
mixing_gg0: 1
mixing_gg0_min: 0.1
mixing_ndim: 8
----------- Double Check Mixing Parameters End ------------

 SETUP THE ELECTRONS NUMBER
            electron number of element Al = 11
      total electron number of element Al = 44
            AUTOSET number of electrons:  = 44
 DONE : SETUP UNITCELL Time : 2.25249 (SEC)





 >>>>>>>>>>>>>>>>>>>>>>>>>>>>>>>>>>>>>>>>>>>>>>>>>>>>>>>>>>>>>>>>>>>>>>
 |                                                                    |
 | Doing symmetry analysis:                                           |
 | We calculate the norm of 3 vectors and the angles between them,    |
 | the type of Bravais lattice is given. We can judge if the unticell |
 | is a primitive cell. Finally we give the point group operation for |
 | this unitcell. We use the point group operations to do symmetry |
 | analysis on given k-point mesh and the charge density.             |
 |                                                                    |
 <<<<<<<<<<<<<<<<<<<<<<<<<<<<<<<<<<<<<<<<<<<<<<<<<<<<<<<<<<<<<<<<<<<<<<




 LATTICE VECTORS: (CARTESIAN COORDINATE: IN UNIT OF A0)
             +4.04658                  -0                  +0
                   -0            +4.04658                  -0
                   +0                  -0            +4.04658
                       right hand lattice = 1
                                   NORM_A = 4.04658
                                   NORM_B = 4.04658
                                   NORM_C = 4.04658
                           ALPHA (DEGREE) = 90
                           BETA  (DEGREE) = 90
                           GAMMA (DEGREE) = 90

 The lattice vectors have been changed (STRU_SIMPLE.cif)

(for optimal symmetric configuration:)
                             BRAVAIS TYPE = 1
                     BRAVAIS LATTICE NAME = 01. Cubic P (simple)
                                    ibrav = 1
                                    IBRAV = 1
                                  BRAVAIS = SIMPLE CUBIC
                       LATTICE CONSTANT A = 4.04658
                       right hand lattice = 1
(for primitive cell:)
                                    IBRAV = 3
                                  BRAVAIS = FACE CENTERED CUBIC
                       LATTICE CONSTANT A = 4.04658
optimized lattice volume: 66.2622
optimized primitive cell volume: 16.5655
Original cell was built up by 4 primitive cells.
                        ROTATION MATRICES = 48
              PURE POINT GROUP OPERATIONS = 48
                   SPACE GROUP OPERATIONS = 48
                              POINT GROUP = O_h
               POINT GROUP IN SPACE GROUP = O_h
 DONE : SYMMETRY Time : 2.30574 (SEC)





 >>>>>>>>>>>>>>>>>>>>>>>>>>>>>>>>>>>>>>>>>>>>>>>>>>>>>>>>>>>>>>>>>>>>>>
 |                                                                    |
 | Setup K-points                                                     |
 | We setup the k-points according to input parameters.               |
 | The reduced k-points are set according to symmetry operations.     |
 | We treat the spin as another set of k-points.                      |
 |                                                                    |
 <<<<<<<<<<<<<<<<<<<<<<<<<<<<<<<<<<<<<<<<<<<<<<<<<<<<<<<<<<<<<<<<<<<<<<





 SETUP K-POINTS
                                    nspin = 1
                   Input type of k points = Monkhorst-Pack(Gamma)
                                   nkstot = 1000
                       right hand lattice = 1
(for reciprocal lattice: )
                             BRAVAIS TYPE = 1
                     BRAVAIS LATTICE NAME = 01. Cubic P (simple)
                                    ibrav = 1
                       right hand lattice = 1
(for k-lattice: )
                             BRAVAIS TYPE = 1
                     BRAVAIS LATTICE NAME = 01. Cubic P (simple)
                                    ibrav = 1
                       right hand lattice = 1
                        ROTATION MATRICES = 48
                               nkstot_ibz = 56
K-POINTS REDUCTION ACCORDING TO SYMMETRY
     IBZ     DIRECT_X     DIRECT_Y     DIRECT_Z WEIGHT ibz2bz
       1   0.00000000   0.00000000   0.00000000 0.0010 0     
       2   0.00000000   0.10000000   0.00000000 0.0060 1     
       3   0.00000000   0.20000000   0.00000000 0.0060 2     
       4   0.00000000   0.30000000   0.00000000 0.0060 3     
       5   0.00000000   0.40000000   0.00000000 0.0060 4     
       6   0.00000000   0.00000000   0.50000000 0.0030 5     
       7   0.10000000   0.00000000   0.10000000 0.0120 11    
       8   0.10000000   0.20000000   0.00000000 0.0240 12    
       9   0.10000000   0.30000000   0.00000000 0.0240 13    
      10   0.10000000   0.40000000   0.00000000 0.0240 14    
      11   0.00000000   0.10000000   0.50000000 0.0120 15    
      12   0.20000000   0.00000000   0.20000000 0.0120 22    
      13   0.20000000   0.30000000   0.00000000 0.0240 23    
      14   0.20000000   0.40000000   0.00000000 0.0240 24    
      15   0.00000000   0.20000000   0.50000000 0.0120 25    
      16   0.30000000   0.00000000   0.30000000 0.0120 33    
      17   0.30000000   0.40000000   0.00000000 0.0240 34    
      18   0.00000000   0.30000000   0.50000000 0.0120 35    
      19   0.40000000   0.00000000   0.40000000 0.0120 44    
      20   0.00000000   0.40000000   0.50000000 0.0120 45    
      21   0.00000000   0.50000000   0.50000000 0.0030 55    
      22  -0.10000000   0.10000000   0.10000000 0.0080 111   
      23   0.10000000   0.10000000   0.20000000 0.0240 112   
      24   0.10000000   0.30000000   0.10000000 0.0240 113   
      25   0.10000000   0.40000000   0.10000000 0.0240 114   
      26   0.10000000   0.50000000   0.10000000 0.0120 115   
      27   0.20000000   0.10000000   0.20000000 0.0240 122   
      28   0.20000000   0.30000000   0.10000000 0.0480 123   
      29   0.20000000   0.40000000   0.10000000 0.0480 124   
      30   0.20000000   0.50000000   0.10000000 0.0240 125   
      31   0.30000000   0.10000000   0.30000000 0.0240 133   
      32   0.30000000   0.40000000   0.10000000 0.0480 134   
      33   0.30000000   0.50000000   0.10000000 0.0240 135   
      34   0.40000000   0.10000000   0.40000000 0.0240 144   
      35   0.40000000   0.50000000   0.10000000 0.0240 145   
      36   0.50000000   0.10000000   0.50000000 0.0060 155   
      37  -0.20000000   0.20000000   0.20000000 0.0080 222   
      38   0.20000000   0.30000000   0.20000000 0.0240 223   
      39   0.20000000   0.40000000   0.20000000 0.0240 224   
      40   0.20000000   0.50000000   0.20000000 0.0120 225   
      41   0.30000000   0.20000000   0.30000000 0.0240 233   
      42   0.30000000   0.40000000   0.20000000 0.0480 234   
      43   0.30000000   0.50000000   0.20000000 0.0240 235   
      44   0.40000000   0.20000000   0.40000000 0.0240 244   
      45   0.40000000   0.50000000   0.20000000 0.0240 245   
      46   0.50000000   0.20000000   0.50000000 0.0060 255   
      47  -0.30000000   0.30000000   0.30000000 0.0080 333   
      48   0.30000000   0.40000000   0.30000000 0.0240 334   
      49   0.30000000   0.50000000   0.30000000 0.0120 335   
      50   0.40000000   0.30000000   0.40000000 0.0240 344   
      51   0.40000000   0.50000000   0.30000000 0.0240 345   
      52   0.50000000   0.30000000   0.50000000 0.0060 355   
      53  -0.40000000   0.40000000   0.40000000 0.0080 444   
      54   0.40000000   0.50000000   0.40000000 0.0120 445   
      55   0.50000000   0.40000000   0.50000000 0.0060 455   
      56   0.50000000   0.50000000   0.50000000 0.0010 555   
                               nkstot now = 56
K-POINTS DIRECT COORDINATES
 KPOINTS     DIRECT_X     DIRECT_Y     DIRECT_Z WEIGHT
       1   0.00000000   0.00000000   0.00000000 0.0010
       2   0.00000000   0.10000000   0.00000000 0.0060
       3   0.00000000   0.20000000   0.00000000 0.0060
       4   0.00000000   0.30000000   0.00000000 0.0060
       5   0.00000000   0.40000000   0.00000000 0.0060
       6   0.00000000   0.00000000   0.50000000 0.0030
       7   0.10000000   0.00000000   0.10000000 0.0120
       8   0.10000000   0.20000000   0.00000000 0.0240
       9   0.10000000   0.30000000   0.00000000 0.0240
      10   0.10000000   0.40000000   0.00000000 0.0240
      11   0.00000000   0.10000000   0.50000000 0.0120
      12   0.20000000   0.00000000   0.20000000 0.0120
      13   0.20000000   0.30000000   0.00000000 0.0240
      14   0.20000000   0.40000000   0.00000000 0.0240
      15   0.00000000   0.20000000   0.50000000 0.0120
      16   0.30000000   0.00000000   0.30000000 0.0120
      17   0.30000000   0.40000000   0.00000000 0.0240
      18   0.00000000   0.30000000   0.50000000 0.0120
      19   0.40000000   0.00000000   0.40000000 0.0120
      20   0.00000000   0.40000000   0.50000000 0.0120
      21   0.00000000   0.50000000   0.50000000 0.0030
      22  -0.10000000   0.10000000   0.10000000 0.0080
      23   0.10000000   0.10000000   0.20000000 0.0240
      24   0.10000000   0.30000000   0.10000000 0.0240
      25   0.10000000   0.40000000   0.10000000 0.0240
      26   0.10000000   0.50000000   0.10000000 0.0120
      27   0.20000000   0.10000000   0.20000000 0.0240
      28   0.20000000   0.30000000   0.10000000 0.0480
      29   0.20000000   0.40000000   0.10000000 0.0480
      30   0.20000000   0.50000000   0.10000000 0.0240
      31   0.30000000   0.10000000   0.30000000 0.0240
      32   0.30000000   0.40000000   0.10000000 0.0480
      33   0.30000000   0.50000000   0.10000000 0.0240
      34   0.40000000   0.10000000   0.40000000 0.0240
      35   0.40000000   0.50000000   0.10000000 0.0240
      36   0.50000000   0.10000000   0.50000000 0.0060
      37  -0.20000000   0.20000000   0.20000000 0.0080
      38   0.20000000   0.30000000   0.20000000 0.0240
      39   0.20000000   0.40000000   0.20000000 0.0240
      40   0.20000000   0.50000000   0.20000000 0.0120
      41   0.30000000   0.20000000   0.30000000 0.0240
      42   0.30000000   0.40000000   0.20000000 0.0480
      43   0.30000000   0.50000000   0.20000000 0.0240
      44   0.40000000   0.20000000   0.40000000 0.0240
      45   0.40000000   0.50000000   0.20000000 0.0240
      46   0.50000000   0.20000000   0.50000000 0.0060
      47  -0.30000000   0.30000000   0.30000000 0.0080
      48   0.30000000   0.40000000   0.30000000 0.0240
      49   0.30000000   0.50000000   0.30000000 0.0120
      50   0.40000000   0.30000000   0.40000000 0.0240
      51   0.40000000   0.50000000   0.30000000 0.0240
      52   0.50000000   0.30000000   0.50000000 0.0060
      53  -0.40000000   0.40000000   0.40000000 0.0080
      54   0.40000000   0.50000000   0.40000000 0.0120
      55   0.50000000   0.40000000   0.50000000 0.0060
      56   0.50000000   0.50000000   0.50000000 0.0010

           k-point number in this process = 28
       minimum distributed K point number = 28

K-POINTS CARTESIAN COORDINATES
 KPOINTS  CARTESIAN_X  CARTESIAN_Y  CARTESIAN_Z WEIGHT
       1   0.00000000   0.00000000   0.00000000 0.0020
       2   0.00000000   0.02471220   0.00000000 0.0120
       3   0.00000000   0.04942440   0.00000000 0.0120
       4   0.00000000   0.07413660   0.00000000 0.0120
       5   0.00000000   0.09884880   0.00000000 0.0120
       6   0.00000000   0.00000000   0.12356100 0.0060
       7   0.02471220   0.00000000   0.02471220 0.0240
       8   0.02471220   0.04942440   0.00000000 0.0480
       9   0.02471220   0.07413660   0.00000000 0.0480
      10   0.02471220   0.09884880   0.00000000 0.0480
      11   0.00000000   0.02471220   0.12356100 0.0240
      12   0.04942440   0.00000000   0.04942440 0.0240
      13   0.04942440   0.07413660   0.00000000 0.0480
      14   0.04942440   0.09884880   0.00000000 0.0480
      15   0.00000000   0.04942440   0.12356100 0.0240
      16   0.07413660   0.00000000   0.07413660 0.0240
      17   0.07413660   0.09884880   0.00000000 0.0480
      18   0.00000000   0.07413660   0.12356100 0.0240
      19   0.09884880   0.00000000   0.09884880 0.0240
      20   0.00000000   0.09884880   0.12356100 0.0240
      21   0.00000000   0.12356100   0.12356100 0.0060
      22  -0.02471220   0.02471220   0.02471220 0.0160
      23   0.02471220   0.02471220   0.04942440 0.0480
      24   0.02471220   0.07413660   0.02471220 0.0480
      25   0.02471220   0.09884880   0.02471220 0.0480
      26   0.02471220   0.12356100   0.02471220 0.0240
      27   0.04942440   0.02471220   0.04942440 0.0480
      28   0.04942440   0.07413660   0.02471220 0.0960

K-POINTS DIRECT COORDINATES
 KPOINTS     DIRECT_X     DIRECT_Y     DIRECT_Z WEIGHT
       1   0.00000000   0.00000000   0.00000000 0.0020
       2   0.00000000   0.10000000   0.00000000 0.0120
       3   0.00000000   0.20000000   0.00000000 0.0120
       4   0.00000000   0.30000000   0.00000000 0.0120
       5   0.00000000   0.40000000   0.00000000 0.0120
       6   0.00000000   0.00000000   0.50000000 0.0060
       7   0.10000000   0.00000000   0.10000000 0.0240
       8   0.10000000   0.20000000   0.00000000 0.0480
       9   0.10000000   0.30000000   0.00000000 0.0480
      10   0.10000000   0.40000000   0.00000000 0.0480
      11   0.00000000   0.10000000   0.50000000 0.0240
      12   0.20000000   0.00000000   0.20000000 0.0240
      13   0.20000000   0.30000000   0.00000000 0.0480
      14   0.20000000   0.40000000   0.00000000 0.0480
      15   0.00000000   0.20000000   0.50000000 0.0240
      16   0.30000000   0.00000000   0.30000000 0.0240
      17   0.30000000   0.40000000   0.00000000 0.0480
      18   0.00000000   0.30000000   0.50000000 0.0240
      19   0.40000000   0.00000000   0.40000000 0.0240
      20   0.00000000   0.40000000   0.50000000 0.0240
      21   0.00000000   0.50000000   0.50000000 0.0060
      22  -0.10000000   0.10000000   0.10000000 0.0160
      23   0.10000000   0.10000000   0.20000000 0.0480
      24   0.10000000   0.30000000   0.10000000 0.0480
      25   0.10000000   0.40000000   0.10000000 0.0480
      26   0.10000000   0.50000000   0.10000000 0.0240
      27   0.20000000   0.10000000   0.20000000 0.0480
      28   0.20000000   0.30000000   0.10000000 0.0960
 DONE : INIT K-POINTS Time : 2.39547 (SEC)





 >>>>>>>>>>>>>>>>>>>>>>>>>>>>>>>>>>>>>>>>>>>>>>>>>>>>>>>>>>>>>>>>>>>>>>
 |                                                                    |
 | Setup plane waves of wave functions:                               |
 | Use the energy cutoff and the lattice vectors to generate the      |
 | dimensions of FFT grid. The number of FFT grid on each processor   |
 | is 'nrxx'. The number of plane wave basis in reciprocal space is   |
 | different for charege/potential and wave functions. We also set    |
 | the 'sticks' for the parallel of FFT. The number of plane wave of  |
 | each k-point is 'npwk[ik]' in each processor                       |
 <<<<<<<<<<<<<<<<<<<<<<<<<<<<<<<<<<<<<<<<<<<<<<<<<<<<<<<<<<<<<<<<<<<<<<





 SETUP PLANE WAVES FOR WAVE FUNCTIONS
     energy cutoff for wavefunc (unit:Ry) = 90
              fft grid for wave functions = [ 50, 50, 50 ]
                    number of plane waves = 9093
                         number of sticks = 517

 PARALLEL PW FOR WAVE FUNCTIONS
     PROC   COLUMNS(POT)             PW
        1            517           9093
 --------------- sum -------------------
        1            517           9093
 DONE : INIT PLANEWAVE Time : 2.41665 (SEC)

                           occupied bands = 22
                                   NBANDS = 32
                                     npwx = 7464

 Warning_Memory_Consuming allocated:  Psi_PW 102.047 MB

 SETUP NONLOCAL PSEUDOPOTENTIALS IN PLANE WAVE BASIS
 Al non-local projectors:
 projector 1 L=0
 projector 2 L=0
 projector 3 L=1
 projector 4 L=1
      TOTAL NUMBER OF NONLOCAL PROJECTORS = 32
 DONE : LOCAL POTENTIAL Time : 2.43484 (SEC)


 Init Non-Local PseudoPotential table : 
 Init Non-Local-Pseudopotential done.
 DONE : NON-LOCAL POTENTIAL Time : 2.47199 (SEC)


 Make real space PAO into reciprocal space.
       max mesh points in Pseudopotential = 601
     dq(describe PAO in reciprocal space) = 0.01
                                    max q = 1905

 number of pseudo atomic orbitals for Al is 0
 DONE : INIT BASIS Time : 2.52201 (SEC)


 -------------------------------------------
 STEP OF RELAXATION : 1
 -------------------------------------------
                                 init_chg = atomic
 DONE : INIT SCF Time : 2.66775 (SEC)


 PW ALGORITHM --------------- ION=   1  ELEC=   1--------------------------------
 Notice: Threshold on eigenvalues was too large.
 hsover_error=0.44 > DRHO=0.0660015
 Origin diag_ethr = 0.01
 New    diag_ethr = 0.000150003

 Density error is 0.0680110738014
                          Error Threshold = 0.000150003349957
------------------------------------------------------
  Energy         Rydberg                 eV         
------------------------------------------------------
E_KohnSham      -553.6401779537     -7532.6610619045
E_Harris        -553.6618058559     -7532.9553246106
E_Fermi            0.6840856210         9.3074623654
------------------------------------------------------

 PW ALGORITHM --------------- ION=   1  ELEC=   2--------------------------------

 Density error is 0.0317002886527
                          Error Threshold = 0.000154570622276
------------------------------------------------------
  Energy         Rydberg                 eV         
------------------------------------------------------
E_KohnSham      -553.6210338631     -7532.4005931889
E_Harris        -557.3634372281     -7583.3186031679
E_Fermi            0.6805339300         9.2591391308
------------------------------------------------------

 PW ALGORITHM --------------- ION=   1  ELEC=   3--------------------------------

 Density error is 0.000466141443453
                          Error Threshold = 7.20461105743e-05
------------------------------------------------------
  Energy         Rydberg                 eV         
------------------------------------------------------
E_KohnSham      -553.6268994796     -7532.4803989956
E_Harris        -554.2437652834     -7540.8732888283
E_Fermi            0.6734429230         9.1626610307
------------------------------------------------------

 PW ALGORITHM --------------- ION=   1  ELEC=   4--------------------------------

 Density error is 0.000294559872958
                          Error Threshold = 1.05941237148e-06
------------------------------------------------------
  Energy         Rydberg                 eV         
------------------------------------------------------
E_KohnSham      -553.6275837041     -7532.4897083484
E_Harris        -553.8467445562     -7535.4715447151
E_Fermi            0.6741217028         9.1718963041
------------------------------------------------------

 PW ALGORITHM --------------- ION=   1  ELEC=   5--------------------------------

 Density error is 0.000225317757352
                          Error Threshold = 6.69454256723e-07
------------------------------------------------------
  Energy         Rydberg                 eV         
------------------------------------------------------
E_KohnSham      -553.6274376533     -7532.4877212242
E_Harris        -553.8723893283     -7535.8204597395
E_Fermi            0.6739140917         9.1690716100
------------------------------------------------------

 PW ALGORITHM --------------- ION=   1  ELEC=   6--------------------------------

 Density error is 2.48560446781e-05
                          Error Threshold = 5.12085812163e-07
------------------------------------------------------
  Energy         Rydberg                 eV         
------------------------------------------------------
E_KohnSham      -553.6274744121     -7532.4882213534
E_Harris        -553.6279970589     -7532.4953323287
E_Fermi            0.6734661540         9.1629771049
------------------------------------------------------

 PW ALGORITHM --------------- ION=   1  ELEC=   7--------------------------------

 Density error is 1.68284741313e-05
                          Error Threshold = 5.64910106321e-08
------------------------------------------------------
  Energy         Rydberg                 eV         
------------------------------------------------------
E_KohnSham      -553.6274698794     -7532.4881596839
E_Harris        -553.5747272774     -7531.7705597683
E_Fermi            0.6734724205         9.1630623647
------------------------------------------------------

 PW ALGORITHM --------------- ION=   1  ELEC=   8--------------------------------

 Density error is 4.5961460999e-06
                          Error Threshold = 3.82465321166e-08
------------------------------------------------------
  Energy         Rydberg                 eV         
------------------------------------------------------
E_KohnSham      -553.6274672372     -7532.4881237348
E_Harris        -553.5896370607     -7531.9734177778
E_Fermi            0.6734877226         9.1632705605
------------------------------------------------------

 PW ALGORITHM --------------- ION=   1  ELEC=   9--------------------------------

 Density error is 2.36313764396e-08
                          Error Threshold = 1.04457865907e-08
------------------------------------------------------
  Energy         Rydberg                 eV         
------------------------------------------------------
E_KohnSham      -553.6274685360     -7532.4881414051
E_Harris        -553.6176883364     -7532.3550749628
E_Fermi            0.6735148489         9.1636396326
------------------------------------------------------

 PW ALGORITHM --------------- ION=   1  ELEC=  10--------------------------------

 Density error is 1.85807849177e-07
                          Error Threshold = 5.37076737264e-11
------------------------------------------------------
  Energy         Rydberg                 eV         
------------------------------------------------------
E_KohnSham      -553.6274684546     -7532.4881402979
E_Harris        -553.6325076916     -7532.5567026342
E_Fermi            0.6735143680         9.1636330898
------------------------------------------------------

 PW ALGORITHM --------------- ION=   1  ELEC=  11--------------------------------

 Density error is 8.33763721388e-09
                          Error Threshold = 5.37076737264e-11
----------------------------------------------------------
    Energy           Rydberg                 eV         
----------------------------------------------------------
E_KohnSham          -553.6274684638     -7532.4881404235
E_KS(sigma->0)      -553.6274180419     -7532.4874543975
E_Harris            -553.6304624182     -7532.5288752623
E_band              -149.7984266327     -2038.1121536398
E_one_elec          -359.9243895435     -4897.0225469630
E_Hartree            145.5766818443      1980.6723690154
E_xc                 -62.2976204113      -847.6026094345
E_Ewald             -276.9820395094     -3768.5339809894
E_entropy(-TS)        -0.0001008439        -0.0013720520
E_descf                0.0000000000         0.0000000000
E_exx                  0.0000000000         0.0000000000
E_Fermi                0.6735116515         9.1635961292
----------------------------------------------------------

 charge density convergence is achieved
 final etot is -7532.4881404 eV
 EFERMI = 9.1635961292 eV

 STATE ENERGY(eV) AND OCCUPATIONS    NSPIN == 1
 1/28 kpoint (Cartesian) = 0.0000 0.0000 0.0000 (7441 pws)
       1       -94.5090     0.00200000
       2       -94.5075     0.00200000
       3       -94.5072     0.00200000
       4       -94.5072     0.00200000
       5       -55.9704     0.00200000
       6       -55.9704     0.00200000
       7       -55.9704     0.00200000
       8       -55.9639     0.00200000
       9       -55.9639     0.00200000
      10       -55.9638     0.00200000
      11       -55.9638     0.00200000
      12       -55.9637     0.00200000
      13       -55.9637     0.00200000
      14       -55.9591     0.00200000
      15       -55.9591     0.00200000
      16       -55.9591     0.00200000
      17       -1.04555     0.00200000
      18        6.55518     0.00200000
      19        6.55518     0.00200000
      20        6.55518     0.00200000
      21        7.53019     0.00200000
      22        7.53021     0.00200000
      23        7.53022     0.00200000
      24        14.1007        0.00000
      25        14.1007        0.00000
      26        14.1007        0.00000
      27        14.1007        0.00000
      28        14.1007        0.00000
      29        14.1007        0.00000
      30        14.4098        0.00000
      31        14.4098        0.00000
      32        14.4098        0.00000

 2/28 kpoint (Cartesian) = 0.0000 0.024712 0.0000 (7368 pws)
       1       -94.5090      0.0120000
       2       -94.5075      0.0120000
       3       -94.5073      0.0120000
       4       -94.5072      0.0120000
       5       -55.9703      0.0120000
       6       -55.9703      0.0120000
       7       -55.9701      0.0120000
       8       -55.9640      0.0120000
       9       -55.9640      0.0120000
      10       -55.9639      0.0120000
      11       -55.9637      0.0120000
      12       -55.9637      0.0120000
      13       -55.9637      0.0120000
      14       -55.9594      0.0120000
      15       -55.9592      0.0120000
      16       -55.9592      0.0120000
      17      -0.963150      0.0120000
      18        5.46021      0.0120000
      19        6.63186      0.0120000
      20        6.63186      0.0120000
      21        7.61112      0.0120000
      22        7.61113      0.0120000
      23        8.77076      0.0120000
      24        12.7825        0.00000
      25        12.7825        0.00000
      26        13.5138        0.00000
      27        13.5138        0.00000
      28        14.1730        0.00000
      29        14.1730        0.00000
      30        14.4911        0.00000
      31        15.8812        0.00000
      32        15.8812        0.00000

 3/28 kpoint (Cartesian) = 0.0000 0.049424 0.0000 (7404 pws)
       1       -94.5088      0.0120000
       2       -94.5076      0.0120000
       3       -94.5073      0.0120000
       4       -94.5072      0.0120000
       5       -55.9698      0.0120000
       6       -55.9698      0.0120000
       7       -55.9694      0.0120000
       8       -55.9644      0.0120000
       9       -55.9644      0.0120000
      10       -55.9639      0.0120000
      11       -55.9637      0.0120000
      12       -55.9633      0.0120000
      13       -55.9633      0.0120000
      14       -55.9602      0.0120000
      15       -55.9596      0.0120000
      16       -55.9596      0.0120000
      17      -0.716196      0.0120000
      18        4.13624      0.0120000
      19        6.86194      0.0120000
      20        6.86194      0.0120000
      21        7.85329      0.0120000
      22        7.85331      0.0120000
      23        10.5306        0.00000
      24        11.4756        0.00000
      25        11.4756        0.00000
      26        12.4423        0.00000
      27        12.4423        0.00000
      28        14.3898        0.00000
      29        14.3898        0.00000
      30        14.7346        0.00000
      31        17.3213        0.00000
      32        17.6469        0.00000

 4/28 kpoint (Cartesian) = 0.0000 0.074137 0.0000 (7400 pws)
       1       -94.5087      0.0120000
       2       -94.5077      0.0120000
       3       -94.5073      0.0120000
       4       -94.5072      0.0120000
       5       -55.9691      0.0120000
       6       -55.9691      0.0120000
       7       -55.9681      0.0120000
       8       -55.9652      0.0120000
       9       -55.9652      0.0120000
      10       -55.9639      0.0120000
      11       -55.9637      0.0120000
      12       -55.9628      0.0120000
      13       -55.9628      0.0120000
      14       -55.9615      0.0120000
      15       -55.9601      0.0120000
      16       -55.9601      0.0120000
      17      -0.305471      0.0120000
      18        2.94066      0.0120000
      19        7.24559      0.0120000
      20        7.24559      0.0120000
      21        8.25498      0.0120000
      22        8.25500      0.0120000
      23        10.3210        0.00000
      24        10.3210        0.00000
      25        11.3613        0.00000
      26        11.3613        0.00000
      27        12.4492        0.00000
      28        14.7512        0.00000
      29        14.7512        0.00000
      30        15.1397        0.00000
      31        17.6397        0.00000
      32        17.6397        0.00000

 5/28 kpoint (Cartesian) = 0.0000 0.098849 0.0000 (7404 pws)
       1       -94.5085      0.0120000
       2       -94.5079      0.0120000
       3       -94.5074      0.0120000
       4       -94.5072      0.0120000
       5       -55.9681      0.0120000
       6       -55.9681      0.0120000
       7       -55.9665      0.0120000
       8       -55.9661      0.0120000
       9       -55.9661      0.0120000
      10       -55.9639      0.0120000
      11       -55.9638      0.0120000
      12       -55.9630      0.0120000
      13       -55.9622      0.0120000
      14       -55.9622      0.0120000
      15       -55.9607      0.0120000
      16       -55.9607      0.0120000
      17       0.267739      0.0120000
      18        1.89374      0.0120000
      19        7.78305      0.0120000
      20        7.78306      0.0120000
      21        8.81299      0.0120000
      22        8.81300      0.0120000
      23        9.32053    1.99840e-18
      24        9.32053    1.99840e-18
      25        10.3779        0.00000
      26        10.3779        0.00000
      27        14.4977        0.00000
      28        15.2573        0.00000
      29        15.2573        0.00000
      30        15.7047        0.00000
      31        16.7024        0.00000
      32        16.7024        0.00000

 6/28 kpoint (Cartesian) = 0.0000 0.0000 0.12356 (7464 pws)
       1       -94.5083     0.00600000
       2       -94.5080     0.00600000
       3       -94.5074     0.00600000
       4       -94.5072     0.00600000
       5       -55.9672     0.00600000
       6       -55.9672     0.00600000
       7       -55.9670     0.00600000
       8       -55.9670     0.00600000
       9       -55.9649     0.00600000
      10       -55.9647     0.00600000
      11       -55.9639     0.00600000
      12       -55.9637     0.00600000
      13       -55.9615     0.00600000
      14       -55.9615     0.00600000
      15       -55.9614     0.00600000
      16       -55.9614     0.00600000
      17        1.00162     0.00600000
      18        1.00162     0.00600000
      19        8.47461     0.00600000
      20        8.47461     0.00600000
      21        8.47462     0.00600000
      22        8.47462     0.00600000
      23        9.49368        0.00000
      24        9.49371        0.00000
      25        9.55331        0.00000
      26        9.55333        0.00000
      27        15.9079        0.00000
      28        15.9079        0.00000
      29        15.9079        0.00000
      30        15.9079        0.00000
      31        16.4267        0.00000
      32        16.4267        0.00000

 7/28 kpoint (Cartesian) = 0.024712 0.0000 0.024712 (7365 pws)
       1       -94.5089      0.0240000
       2       -94.5075      0.0240000
       3       -94.5073      0.0240000
       4       -94.5072      0.0240000
       5       -55.9701      0.0240000
       6       -55.9700      0.0240000
       7       -55.9700      0.0240000
       8       -55.9643      0.0240000
       9       -55.9639      0.0240000
      10       -55.9638      0.0240000
      11       -55.9637      0.0240000
      12       -55.9637      0.0240000
      13       -55.9636      0.0240000
      14       -55.9598      0.0240000
      15       -55.9593      0.0240000
      16       -55.9592      0.0240000
      17      -0.880792      0.0240000
      18        5.53899      0.0240000
      19        5.53899      0.0240000
      20        6.70854      0.0240000
      21        7.69194      0.0240000
      22        8.84947      0.0240000
      23        8.84948      0.0240000
      24        11.7082        0.00000
      25        12.8589        0.00000
      26        12.8590        0.00000
      27        13.5875        0.00000
      28        13.5875        0.00000
      29        14.2454        0.00000
      30        15.6464        0.00000
      31        15.9582        0.00000
      32        15.9582        0.00000

 8/28 kpoint (Cartesian) = 0.024712 0.049424 0.0000 (7393 pws)
       1       -94.5088      0.0480000
       2       -94.5076      0.0480000
       3       -94.5073      0.0480000
       4       -94.5072      0.0480000
       5       -55.9696      0.0480000
       6       -55.9696      0.0480000
       7       -55.9693      0.0480000
       8       -55.9648      0.0480000
       9       -55.9643      0.0480000
      10       -55.9637      0.0480000
      11       -55.9635      0.0480000
      12       -55.9635      0.0480000
      13       -55.9633      0.0480000
      14       -55.9607      0.0480000
      15       -55.9597      0.0480000
      16       -55.9594      0.0480000
      17      -0.633977      0.0480000
      18        4.21591      0.0480000
      19        5.77516      0.0480000
      20        6.93865      0.0480000
      21        7.93380      0.0480000
      22        9.08525      0.0479989
      23        10.4358        0.00000
      24        10.6081        0.00000
      25        11.5524        0.00000
      26        12.5177        0.00000
      27        13.0882        0.00000
      28        13.5651        0.00000
      29        13.8085        0.00000
      30        16.1889        0.00000
      31        16.8884        0.00000
      32        17.6155        0.00000

 9/28 kpoint (Cartesian) = 0.024712 0.074137 0.0000 (7406 pws)
       1       -94.5086      0.0480000
       2       -94.5077      0.0480000
       3       -94.5074      0.0480000
       4       -94.5072      0.0480000
       5       -55.9690      0.0480000
       6       -55.9689      0.0480000
       7       -55.9681      0.0480000
       8       -55.9655      0.0480000
       9       -55.9650      0.0480000
      10       -55.9636      0.0480000
      11       -55.9635      0.0480000
      12       -55.9630      0.0480000
      13       -55.9628      0.0480000
      14       -55.9619      0.0480000
      15       -55.9602      0.0480000
      16       -55.9599      0.0480000
      17      -0.223478      0.0480000
      18        3.02096      0.0480000
      19        6.16822      0.0480000
      20        7.32233      0.0480000
      21        8.33474      0.0480000
      22        9.28581    5.11810e-12
      23        9.47690        0.00000
      24        10.3978        0.00000
      25        11.4381        0.00000
      26        12.5235        0.00000
      27        12.5252        0.00000
      28        13.4698        0.00000
      29        14.1763        0.00000
      30        16.4983        0.00000
      31        16.5730        0.00000
      32        17.0643        0.00000

 10/28 kpoint (Cartesian) = 0.024712 0.098849 0.0000 (7407 pws)
       1       -94.5084      0.0480000
       2       -94.5079      0.0480000
       3       -94.5074      0.0480000
       4       -94.5072      0.0480000
       5       -55.9682      0.0480000
       6       -55.9680      0.0480000
       7       -55.9667      0.0480000
       8       -55.9664      0.0480000
       9       -55.9660      0.0480000
      10       -55.9636      0.0480000
      11       -55.9635      0.0480000
      12       -55.9634      0.0480000
      13       -55.9623      0.0480000
      14       -55.9621      0.0480000
      15       -55.9609      0.0480000
      16       -55.9605      0.0480000
      17       0.349423      0.0480000
      18        1.97458      0.0480000
      19        6.71731      0.0480000
      20        7.85983      0.0480000
      21        8.27738      0.0480000
      22        8.89396      0.0480000
      23        9.39736        0.00000
      24        10.0217        0.00000
      25        10.4564        0.00000
      26        11.5571        0.00000
      27        14.0032        0.00000
      28        14.5566        0.00000
      29        14.7057        0.00000
      30        15.5200        0.00000
      31        16.1367        0.00000
      32        17.1094        0.00000

 11/28 kpoint (Cartesian) = 0.0000 0.024712 0.12356 (7426 pws)
       1       -94.5083      0.0240000
       2       -94.5080      0.0240000
       3       -94.5074      0.0240000
       4       -94.5072      0.0240000
       5       -55.9674      0.0240000
       6       -55.9672      0.0240000
       7       -55.9671      0.0240000
       8       -55.9669      0.0240000
       9       -55.9652      0.0240000
      10       -55.9650      0.0240000
      11       -55.9636      0.0240000
      12       -55.9635      0.0240000
      13       -55.9617      0.0240000
      14       -55.9615      0.0240000
      15       -55.9614      0.0240000
      16       -55.9612      0.0240000
      17        1.08291      0.0240000
      18        1.08292      0.0240000
      19        7.42114      0.0240000
      20        7.42115      0.0240000
      21        8.55141      0.0240000
      22        8.55142      0.0240000
      23        9.60224        0.00000
      24        9.60225        0.00000
      25        10.7186        0.00000
      26        10.7186        0.00000
      27        14.6872        0.00000
      28        14.6872        0.00000
      29        15.3409        0.00000
      30        15.3409        0.00000
      31        16.7272        0.00000
      32        16.7272        0.00000

 12/28 kpoint (Cartesian) = 0.049424 0.0000 0.049424 (7391 pws)
       1       -94.5087      0.0240000
       2       -94.5076      0.0240000
       3       -94.5074      0.0240000
       4       -94.5072      0.0240000
       5       -55.9692      0.0240000
       6       -55.9691      0.0240000
       7       -55.9690      0.0240000
       8       -55.9655      0.0240000
       9       -55.9640      0.0240000
      10       -55.9639      0.0240000
      11       -55.9633      0.0240000
      12       -55.9632      0.0240000
      13       -55.9631      0.0240000
      14       -55.9617      0.0240000
      15       -55.9600      0.0240000
      16       -55.9594      0.0240000
      17      -0.387573      0.0240000
      18        4.45472      0.0240000
      19        4.45473      0.0240000
      20        7.16881      0.0240000
      21        8.17446      0.0240000
      22        9.15765      0.0149136
      23        10.8401        0.00000
      24        10.8401        0.00000
      25        11.7825        0.00000
      26        11.7825        0.00000
      27        12.7438        0.00000
      28        12.7438        0.00000
      29        14.6794        0.00000
      30        16.3018        0.00000
      31        16.3531        0.00000
      32        17.0642        0.00000

 13/28 kpoint (Cartesian) = 0.049424 0.074137 0.0000 (7407 pws)
       1       -94.5086      0.0480000
       2       -94.5077      0.0480000
       3       -94.5074      0.0480000
       4       -94.5073      0.0480000
       5       -55.9687      0.0480000
       6       -55.9685      0.0480000
       7       -55.9682      0.0480000
       8       -55.9662      0.0480000
       9       -55.9647      0.0480000
      10       -55.9634      0.0480000
      11       -55.9631      0.0480000
      12       -55.9630      0.0480000
      13       -55.9629      0.0480000
      14       -55.9626      0.0480000
      15       -55.9606      0.0480000
      16       -55.9597      0.0480000
      17      0.0222525      0.0480000
      18        3.26167      0.0480000
      19        4.85207      0.0480000
      20        7.55258      0.0480000
      21        7.99657      0.0480000
      22        8.57691      0.0480000
      23        10.6282        0.00000
      24        11.2247        0.00000
      25        11.6688        0.00000
      26        12.1659        0.00000
      27        12.7509        0.00000
      28        13.1216        0.00000
      29        14.1501        0.00000
      30        15.2197        0.00000
      31        16.0357        0.00000
      32        17.6026        0.00000

 14/28 kpoint (Cartesian) = 0.049424 0.098849 0.0000 (7420 pws)
       1       -94.5084      0.0480000
       2       -94.5078      0.0480000
       3       -94.5074      0.0480000
       4       -94.5073      0.0480000
       5       -55.9682      0.0480000
       6       -55.9676      0.0480000
       7       -55.9670      0.0480000
       8       -55.9669      0.0480000
       9       -55.9656      0.0480000
      10       -55.9643      0.0480000
      11       -55.9630      0.0480000
      12       -55.9629      0.0480000
      13       -55.9627      0.0480000
      14       -55.9618      0.0480000
      15       -55.9612      0.0480000
      16       -55.9602      0.0480000
      17       0.594234      0.0480000
      18        2.21688      0.0480000
      19        5.40694      0.0480000
      20        6.98245      0.0480000
      21        8.09018      0.0480000
      22        9.13170      0.0456633
      23        9.62785        0.00000
      24        10.6883        0.00000
      25        11.7620        0.00000
      26        12.7022        0.00000
      27        13.2554        0.00000
      28        13.6386        0.00000
      29        14.2308        0.00000
      30        14.7991        0.00000
      31        15.1071        0.00000
      32        18.8605        0.00000

 15/28 kpoint (Cartesian) = 0.0000 0.049424 0.12356 (7428 pws)
       1       -94.5083      0.0240000
       2       -94.5079      0.0240000
       3       -94.5075      0.0240000
       4       -94.5072      0.0240000
       5       -55.9677      0.0240000
       6       -55.9675      0.0240000
       7       -55.9667      0.0240000
       8       -55.9665      0.0240000
       9       -55.9658      0.0240000
      10       -55.9657      0.0240000
      11       -55.9629      0.0240000
      12       -55.9628      0.0240000
      13       -55.9621      0.0240000
      14       -55.9619      0.0240000
      15       -55.9610      0.0240000
      16       -55.9609      0.0240000
      17        1.32658      0.0240000
      18        1.32658      0.0240000
      19        6.11781      0.0240000
      20        6.11782      0.0240000
      21        8.78186      0.0240000
      22        8.78187      0.0240000
      23        9.83839        0.00000
      24        9.83840        0.00000
      25        12.4427        0.00000
      26        12.4427        0.00000
      27        13.3909        0.00000
      28        13.3909        0.00000
      29        14.3044        0.00000
      30        14.3044        0.00000
      31        16.9437        0.00000
      32        16.9437        0.00000

 16/28 kpoint (Cartesian) = 0.074137 0.0000 0.074137 (7419 pws)
       1       -94.5084      0.0240000
       2       -94.5077      0.0240000
       3       -94.5075      0.0240000
       4       -94.5073      0.0240000
       5       -55.9682      0.0240000
       6       -55.9681      0.0240000
       7       -55.9678      0.0240000
       8       -55.9669      0.0240000
       9       -55.9642      0.0240000
      10       -55.9641      0.0240000
      11       -55.9640      0.0240000
      12       -55.9625      0.0240000
      13       -55.9624      0.0240000
      14       -55.9623      0.0240000
      15       -55.9611      0.0240000
      16       -55.9598      0.0240000
      17       0.430974      0.0240000
      18        3.66213      0.0240000
      19        3.66214      0.0240000
      20        6.83080      0.0240000
      21        7.93648      0.0240000
      22        8.97385      0.0240000
      23        11.0122        0.00000
      24        11.0122        0.00000
      25        12.0485        0.00000
      26        12.0485        0.00000
      27        13.1323        0.00000
      28        13.1323        0.00000
      29        14.0775        0.00000
      30        15.0040        0.00000
      31        15.4021        0.00000
      32        17.1344        0.00000

 17/28 kpoint (Cartesian) = 0.074137 0.098849 0.0000 (7430 pws)
       1       -94.5083      0.0480000
       2       -94.5078      0.0480000
       3       -94.5075      0.0480000
       4       -94.5073      0.0480000
       5       -55.9681      0.0480000
       6       -55.9674      0.0480000
       7       -55.9674      0.0480000
       8       -55.9669      0.0480000
       9       -55.9653      0.0480000
      10       -55.9650      0.0480000
      11       -55.9634      0.0480000
      12       -55.9623      0.0480000
      13       -55.9622      0.0480000
      14       -55.9618      0.0480000
      15       -55.9615      0.0480000
      16       -55.9601      0.0480000
      17        1.00145      0.0480000
      18        2.61996      0.0480000
      19        4.22128      0.0480000
      20        5.80854      0.0480000
      21        8.47422      0.0480000
      22        9.52665        0.00000
      23        10.0120        0.00000
      24        11.0752        0.00000
      25        11.5496        0.00000
      26        12.5791        0.00000
      27        13.0833        0.00000
      28        13.6539        0.00000
      29        14.0668        0.00000
      30        15.0411        0.00000
      31        15.1624        0.00000
      32        18.5435        0.00000

 18/28 kpoint (Cartesian) = 0.0000 0.074137 0.12356 (7420 pws)
       1       -94.5082      0.0240000
       2       -94.5078      0.0240000
       3       -94.5076      0.0240000
       4       -94.5073      0.0240000
       5       -55.9679      0.0240000
       6       -55.9678      0.0240000
       7       -55.9665      0.0240000
       8       -55.9664      0.0240000
       9       -55.9660      0.0240000
      10       -55.9658      0.0240000
      11       -55.9627      0.0240000
      12       -55.9625      0.0240000
      13       -55.9622      0.0240000
      14       -55.9621      0.0240000
      15       -55.9608      0.0240000
      16       -55.9607      0.0240000
      17        1.73190      0.0240000
      18        1.73191      0.0240000
      19        4.93750      0.0240000
      20        4.93751      0.0240000
      21        9.16601      0.0108003
      22        9.16602      0.0107959
      23        10.2297        0.00000
      24        10.2297        0.00000
      25        12.2402        0.00000
      26        12.2402        0.00000
      27        13.2542        0.00000
      28        13.2542        0.00000
      29        14.3076        0.00000
      30        14.3076        0.00000
      31        17.2807        0.00000
      32        17.2807        0.00000

 19/28 kpoint (Cartesian) = 0.098849 0.0000 0.098849 (7443 pws)
       1       -94.5081      0.0240000
       2       -94.5078      0.0240000
       3       -94.5076      0.0240000
       4       -94.5074      0.0240000
       5       -55.9678      0.0240000
       6       -55.9678      0.0240000
       7       -55.9677      0.0240000
       8       -55.9663      0.0240000
       9       -55.9661      0.0240000
      10       -55.9643      0.0240000
      11       -55.9642      0.0240000
      12       -55.9626      0.0240000
      13       -55.9618      0.0240000
      14       -55.9615      0.0240000
      15       -55.9614      0.0240000
      16       -55.9603      0.0240000
      17        1.56985      0.0240000
      18        3.18269      0.0240000
      19        3.18270      0.0240000
      20        4.77991      0.0240000
      21        9.01210      0.0240000
      22        10.0755        0.00000
      23        10.5499        0.00000
      24        10.5499        0.00000
      25        11.6129        0.00000
      26        11.6129        0.00000
      27        12.0861        0.00000
      28        13.1194        0.00000
      29        15.6559        0.00000
      30        15.6559        0.00000
      31        16.4111        0.00000
      32        18.2420        0.00000

 20/28 kpoint (Cartesian) = 0.0000 0.098849 0.12356 (7414 pws)
       1       -94.5081      0.0240000
       2       -94.5077      0.0240000
       3       -94.5077      0.0240000
       4       -94.5074      0.0240000
       5       -55.9679      0.0240000
       6       -55.9678      0.0240000
       7       -55.9671      0.0240000
       8       -55.9671      0.0240000
       9       -55.9652      0.0240000
      10       -55.9651      0.0240000
      11       -55.9635      0.0240000
      12       -55.9633      0.0240000
      13       -55.9615      0.0240000
      14       -55.9615      0.0240000
      15       -55.9608      0.0240000
      16       -55.9607      0.0240000
      17        2.29772      0.0240000
      18        2.29773      0.0240000
      19        3.90345      0.0240000
      20        3.90346      0.0240000
      21        9.70397        0.00000
      22        9.70398        0.00000
      23        10.7735        0.00000
      24        10.7735        0.00000
      25        11.2413        0.00000
      26        11.2413        0.00000
      27        12.2968        0.00000
      28        12.2968        0.00000
      29        16.2237        0.00000
      30        16.2237        0.00000
      31        17.6827        0.00000
      32        17.6827        0.00000

 21/28 kpoint (Cartesian) = 0.0000 0.12356 0.12356 (7380 pws)
       1       -94.5081     0.00600000
       2       -94.5077     0.00600000
       3       -94.5076     0.00600000
       4       -94.5075     0.00600000
       5       -55.9677     0.00600000
       6       -55.9677     0.00600000
       7       -55.9676     0.00600000
       8       -55.9676     0.00600000
       9       -55.9645     0.00600000
      10       -55.9643     0.00600000
      11       -55.9642     0.00600000
      12       -55.9642     0.00600000
      13       -55.9610     0.00600000
      14       -55.9610     0.00600000
      15       -55.9610     0.00600000
      16       -55.9610     0.00600000
      17        3.02235     0.00600000
      18        3.02236     0.00600000
      19        3.02236     0.00600000
      20        3.02236     0.00600000
      21        10.3958        0.00000
      22        10.3958        0.00000
      23        10.3958        0.00000
      24        10.3958        0.00000
      25        11.4651        0.00000
      26        11.4651        0.00000
      27        11.4651        0.00000
      28        11.4651        0.00000
      29        17.6980        0.00000
      30        17.6980        0.00000
      31        17.6980        0.00000
      32        17.6980        0.00000

 22/28 kpoint (Cartesian) = -0.024712 0.024712 0.024712 (7379 pws)
       1       -94.5089      0.0160000
       2       -94.5075      0.0160000
       3       -94.5073      0.0160000
       4       -94.5072      0.0160000
       5       -55.9699      0.0160000
       6       -55.9699      0.0160000
       7       -55.9699      0.0160000
       8       -55.9642      0.0160000
       9       -55.9641      0.0160000
      10       -55.9641      0.0160000
      11       -55.9636      0.0160000
      12       -55.9635      0.0160000
      13       -55.9635      0.0160000
      14       -55.9602      0.0160000
      15       -55.9593      0.0160000
      16       -55.9593      0.0160000
      17      -0.798480      0.0160000
      18        5.61773      0.0160000
      19        5.61774      0.0160000
      20        5.61774      0.0160000
      21        8.92812      0.0160000
      22        8.92813      0.0160000
      23        8.92813      0.0160000
      24        11.7848        0.00000
      25        11.7848        0.00000
      26        11.7848        0.00000
      27        14.3177        0.00000
      28        14.3177        0.00000
      29        14.3177        0.00000
      30        15.7251        0.00000
      31        15.7251        0.00000
      32        15.7251        0.00000

 23/28 kpoint (Cartesian) = 0.024712 0.024712 0.049424 (7399 pws)
       1       -94.5088      0.0480000
       2       -94.5076      0.0480000
       3       -94.5074      0.0480000
       4       -94.5072      0.0480000
       5       -55.9695      0.0480000
       6       -55.9695      0.0480000
       7       -55.9692      0.0480000
       8       -55.9647      0.0480000
       9       -55.9646      0.0480000
      10       -55.9637      0.0480000
      11       -55.9635      0.0480000
      12       -55.9634      0.0480000
      13       -55.9632      0.0480000
      14       -55.9612      0.0480000
      15       -55.9596      0.0480000
      16       -55.9595      0.0480000
      17      -0.551803      0.0480000
      18        4.29554      0.0480000
      19        5.85380      0.0480000
      20        5.85381      0.0480000
      21        9.16368      0.0239166
      22        9.16369      0.0239031
      23        10.5129        0.00000
      24        10.5129        0.00000
      25        10.6855        0.00000
      26        12.0144        0.00000
      27        13.6396        0.00000
      28        13.6396        0.00000
      29        14.5346        0.00000
      30        15.9605        0.00000
      31        16.5241        0.00000
      32        16.9647        0.00000

 24/28 kpoint (Cartesian) = 0.024712 0.074137 0.024712 (7400 pws)
       1       -94.5086      0.0480000
       2       -94.5077      0.0480000
       3       -94.5074      0.0480000
       4       -94.5072      0.0480000
       5       -55.9689      0.0480000
       6       -55.9689      0.0480000
       7       -55.9682      0.0480000
       8       -55.9653      0.0480000
       9       -55.9653      0.0480000
      10       -55.9634      0.0480000
      11       -55.9633      0.0480000
      12       -55.9631      0.0480000
      13       -55.9627      0.0480000
      14       -55.9624      0.0480000
      15       -55.9601      0.0480000
      16       -55.9599      0.0480000
      17      -0.141530      0.0480000
      18        3.10123      0.0480000
      19        6.24668      0.0480000
      20        6.24668      0.0480000
      21        9.36185        0.00000
      22        9.36186        0.00000
      23        9.55629        0.00000
      24        9.55630        0.00000
      25        12.3951        0.00000
      26        12.5993        0.00000
      27        12.5993        0.00000
      28        12.6028        0.00000
      29        14.8961        0.00000
      30        15.4171        0.00000
      31        16.3511        0.00000
      32        17.7840        0.00000

 25/28 kpoint (Cartesian) = 0.024712 0.098849 0.024712 (7413 pws)
       1       -94.5084      0.0480000
       2       -94.5079      0.0480000
       3       -94.5074      0.0480000
       4       -94.5072      0.0480000
       5       -55.9682      0.0480000
       6       -55.9681      0.0480000
       7       -55.9669      0.0480000
       8       -55.9661      0.0480000
       9       -55.9660      0.0480000
      10       -55.9639      0.0480000
      11       -55.9634      0.0480000
      12       -55.9633      0.0480000
      13       -55.9623      0.0480000
      14       -55.9621      0.0480000
      15       -55.9607      0.0480000
      16       -55.9606      0.0480000
      17       0.431062      0.0480000
      18        2.05538      0.0480000
      19        6.79544      0.0480000
      20        6.79544      0.0480000
      21        8.35644      0.0480000
      22        8.35644      0.0480000
      23        10.1005        0.00000
      24        10.1005        0.00000
      25        11.6339        0.00000
      26        11.6339        0.00000
      27        12.9295        0.00000
      28        14.4436        0.00000
      29        14.6469        0.00000
      30        15.4023        0.00000
      31        16.8473        0.00000
      32        16.8945        0.00000

 26/28 kpoint (Cartesian) = 0.024712 0.12356 0.024712 (7436 pws)
       1       -94.5083      0.0240000
       2       -94.5080      0.0240000
       3       -94.5074      0.0240000
       4       -94.5072      0.0240000
       5       -55.9678      0.0240000
       6       -55.9676      0.0240000
       7       -55.9666      0.0240000
       8       -55.9665      0.0240000
       9       -55.9654      0.0240000
      10       -55.9653      0.0240000
      11       -55.9634      0.0240000
      12       -55.9633      0.0240000
      13       -55.9615      0.0240000
      14       -55.9615      0.0240000
      15       -55.9614      0.0240000
      16       -55.9613      0.0240000
      17        1.16417      0.0240000
      18        1.16417      0.0240000
      19        7.47575      0.0240000
      20        7.47576      0.0240000
      21        7.52323      0.0240000
      22        7.52323      0.0240000
      23        10.7795        0.00000
      24        10.7795        0.00000
      25        10.8118        0.00000
      26        10.8118        0.00000
      27        13.6129        0.00000
      28        13.6129        0.00000
      29        16.0529        0.00000
      30        16.0529        0.00000
      31        16.7785        0.00000
      32        16.7785        0.00000

 27/28 kpoint (Cartesian) = 0.049424 0.024712 0.049424 (7406 pws)
       1       -94.5087      0.0480000
       2       -94.5076      0.0480000
       3       -94.5074      0.0480000
       4       -94.5072      0.0480000
       5       -55.9691      0.0480000
       6       -55.9691      0.0480000
       7       -55.9690      0.0480000
       8       -55.9652      0.0480000
       9       -55.9642      0.0480000
      10       -55.9641      0.0480000
      11       -55.9631      0.0480000
      12       -55.9631      0.0480000
      13       -55.9630      0.0480000
      14       -55.9621      0.0480000
      15       -55.9599      0.0480000
      16       -55.9595      0.0480000
      17      -0.305537      0.0480000
      18        4.53423      0.0480000
      19        4.53424      0.0480000
      20        6.08955      0.0480000
      21        9.23321    7.12444e-06
      22        9.40053        0.00000
      23        10.7432        0.00000
      24        10.7432        0.00000
      25        10.9182        0.00000
      26        10.9182        0.00000
      27        13.8630        0.00000
      28        13.8630        0.00000
      29        14.7518        0.00000
      30        15.2913        0.00000
      31        16.3795        0.00000
      32        17.1928        0.00000

 28/28 kpoint (Cartesian) = 0.049424 0.074137 0.024712 (7406 pws)
       1       -94.5085      0.0960000
       2       -94.5077      0.0960000
       3       -94.5074      0.0960000
       4       -94.5073      0.0960000
       5       -55.9688      0.0960000
       6       -55.9687      0.0960000
       7       -55.9683      0.0960000
       8       -55.9657      0.0960000
       9       -55.9647      0.0960000
      10       -55.9634      0.0960000
      11       -55.9633      0.0960000
      12       -55.9630      0.0960000
      13       -55.9629      0.0960000
      14       -55.9625      0.0960000
      15       -55.9604      0.0960000
      16       -55.9598      0.0960000
      17       0.104064      0.0960000
      18        3.34181      0.0960000
      19        4.93138      0.0960000
      20        6.48178      0.0960000
      21        8.07667      0.0960000
      22        9.59520        0.00000
      23        9.78984        0.00000
      24        11.1284        0.00000
      25        11.3025        0.00000
      26        12.8267        0.00000
      27        12.8292        0.00000
      28        14.1730        0.00000
      29        14.2244        0.00000
      30        14.2349        0.00000
      31        17.1417        0.00000
      32        17.5708        0.00000



------------------------------------------------------------------------------------------
TOTAL-FORCE (eV/Angstrom)                                                               
------------------------------------------------------------------------------------------
Al1                               0.0000000000         0.0000000000         0.0000000000
Al2                               0.0000000000         0.0000000000         0.0000000000
Al3                               0.0000000000         0.0000000000         0.0000000000
Al4                               0.0000000000         0.0000000000         0.0000000000
------------------------------------------------------------------------------------------
----------------------------------------------------------------
TOTAL-STRESS (KBAR)                                           
----------------------------------------------------------------
      -77.0360896567        -0.0000000000        -0.0000000000
       -0.0000000000       -77.0360896567         0.0000000000
       -0.0000000000         0.0000000000       -77.0360896567
----------------------------------------------------------------
 TOTAL-PRESSURE: -77.036090 KBAR


 Largest gradient in stress is 0.000000

 Threshold is = 0.100000

 Relaxation is converged!


 --------------------------------------------
 !FINAL_ETOT_IS -7532.4881404234811271 eV
 --------------------------------------------


TIME STATISTICS
-------------------------------------------------------------------------------------
     CLASS_NAME                 NAME             TIME(Sec)  CALLS   AVG(Sec) PER(%)
-------------------------------------------------------------------------------------
                     total                        25.10          17   1.48   100.00
Driver               reading                       0.32           1   0.32     1.28
Input                Init                          0.01           1   0.01     0.04
Input_Conv           Convert                       0.30           1   0.30     1.18
Driver               driver_line                  24.78           1  24.78    98.72
UnitCell             check_tau                     0.00           1   0.00     0.00
PW_Basis_Sup         setuptransform                0.25           1   0.25     1.01
PW_Basis_Sup         distributeg                   0.00           1   0.00     0.00
mymath               heapsort                      0.01         453   0.00     0.03
Symmetry             analy_sys                     0.00           1   0.00     0.00
PW_Basis_K           setuptransform                0.01           1   0.01     0.05
PW_Basis_K           distributeg                   0.00           1   0.00     0.00
PW_Basis             setup_struc_factor            0.00           1   0.00     0.02
ppcell_vnl           init                          0.00           1   0.00     0.01
ppcell_vl            init_vloc                     0.00           1   0.00     0.01
ppcell_vnl           init_vnl                      0.04           1   0.04     0.15
WF_atomic            init_at_1                     0.00           1   0.00     0.00
wavefunc             wfcinit                       0.00           1   0.00     0.01
Ions                 opt_ions                     22.57           1  22.57    89.90
ESolver_KS_PW        run                          21.66           1  21.66    86.26
H_Ewald_pw           compute_ewald                 0.00           1   0.00     0.00
Charge               set_rho_core                  0.00           1   0.00     0.00
Charge               atomic_rho                    0.02           2   0.01     0.07
PW_Basis_Sup         recip2real                    0.20          89   0.00     0.79
PW_Basis_Sup         gathers_scatterp              0.02          89   0.00     0.09
Potential            init_pot                      0.06           1   0.06     0.24
Potential            update_from_charge            0.68          12   0.06     2.73
Potential            cal_fixed_v                   0.00           1   0.00     0.01
PotLocal             cal_fixed_v                   0.00           1   0.00     0.01
Potential            cal_v_eff                     0.68          12   0.06     2.69
H_Hartree_pw         v_hartree                     0.07          12   0.01     0.27
PW_Basis_Sup         real2recip                    0.24         115   0.00     0.96
PW_Basis_Sup         gatherp_scatters              0.02         115   0.00     0.07
PotXC                cal_v_eff                     0.60          12   0.05     2.40
XC_Functional        v_xc                          0.60          12   0.05     2.39
Potential            interpolate_vrs               0.00          12   0.00     0.01
Symmetry             rhog_symmetry                 0.12          13   0.01     0.47
Symmetry             group fft grids               0.02          13   0.00     0.10
Charge_Mixing        init_mixing                   0.00           1   0.00     0.00
ESolver_KS_PW        hamilt2density               20.49          12   1.71    81.61
HSolverPW            solve                        20.28          12   1.69    80.80
Nonlocal             getvnl                        0.17         336   0.00     0.68
pp_cell_vnl          getvnl                        0.20         392   0.00     0.79
Structure_Factor     get_sk                        0.09         952   0.00     0.36
WF_atomic            atomic_wfc                    0.02          28   0.00     0.06
DiagoIterAssist      diagH_subspace_init           0.39          28   0.01     1.56
Operator             hPsi                          7.65       40342   0.00    30.46
Operator             EkineticPW                    0.46       40342   0.00     1.81
Operator             VeffPW                        6.17       40342   0.00    24.57
PW_Basis_K           recip_to_real gpu             3.62       60642   0.00    14.42
PW_Basis_K           real_to_recip gpu             2.83       49890   0.00    11.25
Operator             NonlocalPW                    1.00       40342   0.00     3.97
Nonlocal             add_nonlocal_pp               0.59       40342   0.00     2.34
DiagoIterAssist      diagH_LAPACK                  0.51         308   0.00     2.05
DiagoCG              diag_once                    12.17         336   0.04    48.49
DiagoCG_New          spsi_func                     0.29       80068   0.00     1.16
DiagoCG_New          hpsi_func                     6.47       40034   0.00    25.76
ElecStatePW          psiToRho                      0.80          12   0.07     3.19
Charge               rho_mpi                       0.01          12   0.00     0.02
Charge               reduce_diff_pools             0.01          12   0.00     0.02
Charge_Mixing        get_drho                      0.06          12   0.00     0.22
Charge_Mixing        inner_product_recip_rho       0.00          12   0.00     0.01
Charge               mix_rho                       0.07          10   0.01     0.27
Charge               Pulay_mixing                  0.01          10   0.00     0.05
Charge_Mixing        inner_product_recip_hartree   0.01          52   0.00     0.05
DiagoIterAssist      diagH_subspace                2.16         280   0.01     8.60
Forces               cal_force_loc                 0.01           1   0.01     0.03
Forces               cal_force_ew                  0.01           1   0.01     0.02
Forces               cal_force_nl                  0.03           1   0.03     0.11
Forces               cal_force_cc                  0.00           1   0.00     0.00
Forces               cal_force_scc                 0.01           1   0.01     0.04
Stress_PW            cal_stress                    0.86           1   0.86     3.43
Stress_Func          stress_kin                    0.05           1   0.05     0.21
Stress_Func          stress_har                    0.00           1   0.00     0.01
Stress_Func          stress_ewa                    0.00           1   0.00     0.02
Stress_Func          stress_gga                    0.03           1   0.03     0.11
Stress_Func          stress_loc                    0.01           1   0.01     0.04
Stress_Func          stress_cc                     0.00           1   0.00     0.00
Stress_Func          stress_nl                     0.76           1   0.76     3.03
ModuleIO             write_istate_info             0.00           1   0.00     0.01
-------------------------------------------------------------------------------------

 NAME-------------------------|MEMORY(MB)--------
                         total       245.6612
                        Psi_PW       203.7656
                  PW_B_K::gcar         9.5515
                     FFT::grid         7.6294
                      VNL::vkb         3.6387
                   PW_B_K::gk2         3.1838
                      Chg::rho         1.9073
                 Chg::rho_save         1.9073
                 Chg::rho_core         1.9073
                 Pot::veff_fix         1.9073
                     Pot::veff         1.9073
              Pot::veff_smooth         1.9073
                  SF::strucFac         1.8119
               PW_B_K::ig2ixyz         1.5919
 -------------   < 1.0 MB has been ignored ----------------
 ----------------------------------------------------------

 Start  Time  : Thu May 23 17:26:30 2024
 Finish Time  : Thu May 23 17:26:55 2024
 Total  Time  : 0 h 0 mins 25 secs 
