                                                                                     
                              ABACUS v3.6.3

               Atomic-orbital Based Ab-initio Computation at UStc                    

                     Website: http://abacus.ustc.edu.cn/                             
               Documentation: https://abacus.deepmodeling.com/                       
                  Repository: https://github.com/abacusmodeling/abacus-develop       
                              https://github.com/deepmodeling/abacus-develop         
                      Commit: f9124675f (Wed May 22 09:49:08 2024 +0800)

    Start Time is Thu May 23 17:23:51 2024
                                                                                     
 ------------------------------------------------------------------------------------

 READING GENERAL INFORMATION
                           global_out_dir = OUT.ABACUS/
                           global_in_card = INPUT
                               pseudo_dir = 
                              orbital_dir = 
                                    DRANK = 1
                                    DSIZE = 2
                                   DCOLOR = 1
                                    GRANK = 1
                                    GSIZE = 1
 The esolver type has been set to : ksdft_pw

 RUNNING WITH DEVICE  : GPU / NVIDIA GeForce RTX 4090




 >>>>>>>>>>>>>>>>>>>>>>>>>>>>>>>>>>>>>>>>>>>>>>>>>>>>>>>>>>>>>>>>>>>>>>
 |                                                                    |
 | Reading atom information in unitcell:                              |
 | From the input file and the structure file we know the number of   |
 | different elments in this unitcell, then we list the detail        |
 | information for each element, especially the zeta and polar atomic |
 | orbital number for each element. The total atom number is counted. |
 | We calculate the nearest atom distance for each atom and show the  |
 | Cartesian and Direct coordinates for each atom. We list the file   |
 | address for atomic orbitals. The volume and the lattice vectors    |
 | in real and reciprocal space is also shown.                        |
 |                                                                    |
 <<<<<<<<<<<<<<<<<<<<<<<<<<<<<<<<<<<<<<<<<<<<<<<<<<<<<<<<<<<<<<<<<<<<<<




 READING UNITCELL INFORMATION
                                    ntype = 1
                  lattice constant (Bohr) = 1.82451
              lattice constant (Angstrom) = 0.965489

 READING ATOM TYPE 1
                               atom label = Al
                      L=0, number of zeta = 1
                      L=1, number of zeta = 1
                      L=2, number of zeta = 1
             number of atom for this type = 4

                        TOTAL ATOM NUMBER = 4
DIRECT COORDINATES
   atom           x                y                z           mag          vx               vy               vz       
taud_Al1       0.0000000000     0.0000000000     0.0000000000 +0.0000     0.0000000000     0.0000000000     0.0000000000
taud_Al2       0.0000000000     0.5000000000     0.5000000000 +0.0000     0.0000000000     0.0000000000     0.0000000000
taud_Al3       0.5000000000     0.0000000000     0.5000000000 +0.0000     0.0000000000     0.0000000000     0.0000000000
taud_Al4       0.5000000000     0.5000000000     0.0000000000 +0.0000     0.0000000000     0.0000000000     0.0000000000


                          Volume (Bohr^3) = 402.443
                             Volume (A^3) = 59.6359

 Lattice vectors: (Cartesian coordinate: in unit of a_0)
             +4.04658                  -0                  +0
                   -0            +4.04658                  -0
                   +0                  -0            +4.04658
 Reciprocal vectors: (Cartesian coordinate: in unit of 2 pi/a_0)
            +0.247122                  -0                  +0
                   -0           +0.247122                  -0
                   +0                  -0           +0.247122




 >>>>>>>>>>>>>>>>>>>>>>>>>>>>>>>>>>>>>>>>>>>>>>>>>>>>>>>>>>>>>>>>>>>>>>
 |                                                                    |
 | Reading pseudopotentials files:                                    |
 | The pseudopotential file is in UPF format. The 'NC' indicates that |
 | the type of pseudopotential is 'norm conserving'. Functional of    |
 | exchange and correlation is decided by 4 given parameters in UPF   |
 | file.  We also read in the 'core correction' if there exists.      |
 | Also we can read the valence electrons number and the maximal      |
 | angular momentum used in this pseudopotential. We also read in the |
 | trail wave function, trail atomic density and local-pseudopotential|
 | on logrithmic grid. The non-local pseudopotential projector is also|
 | read in if there is any.                                           |
 |                                                                    |
 <<<<<<<<<<<<<<<<<<<<<<<<<<<<<<<<<<<<<<<<<<<<<<<<<<<<<<<<<<<<<<<<<<<<<<




                PAO radial cut off (Bohr) = 15

 Read in pseudopotential file is pp_orb/Al_ONCV_PBE-1.0.upf
                     pseudopotential type = NC
          exchange-correlation functional = PBE
                 nonlocal core correction = 0
                        valence electrons = 11
                                     lmax = 1
                           number of zeta = 0
                     number of projectors = 4
                           L of projector = 0
                           L of projector = 0
                           L of projector = 1
                           L of projector = 1
     initial pseudo atomic orbital number = 0
                                   NLOCAL = 36

%%%%%%%%%%%%%%%%%%%%%%%%%%%%%%%%%%%%%%%%%%%%%%%%%%%%%%%%%%%%%%%%%%%%%%%%%%%%%%%%%%%%%%%%%%%%%%%%%%%%%%%%%%
 Warning: the number of valence electrons in pseudopotential > 3 for Al: [Ne] 3s2 3p1
 Pseudopotentials with additional electrons can yield (more) accurate outcomes, but may be less efficient.
 If you're confident that your chosen pseudopotential is appropriate, you can safely ignore this warning.
%%%%%%%%%%%%%%%%%%%%%%%%%%%%%%%%%%%%%%%%%%%%%%%%%%%%%%%%%%%%%%%%%%%%%%%%%%%%%%%%%%%%%%%%%%%%%%%%%%%%%%%%%%
                  




 >>>>>>>>>>>>>>>>>>>>>>>>>>>>>>>>>>>>>>>>>>>>>>>>>>>>>>>>>>>>>>>>>>>>>>
 |                                                                    |
 | Setup plane waves of charge/potential:                             |
 | Use the energy cutoff and the lattice vectors to generate the      |
 | dimensions of FFT grid. The number of FFT grid on each processor   |
 | is 'nrxx'. The number of plane wave basis in reciprocal space is   |
 | different for charege/potential and wave functions. We also set    |
 | the 'sticks' for the parallel of FFT. The number of plane waves    |
 | is 'npw' in each processor.                                        |
 <<<<<<<<<<<<<<<<<<<<<<<<<<<<<<<<<<<<<<<<<<<<<<<<<<<<<<<<<<<<<<<<<<<<<<





 SETUP THE PLANE WAVE BASIS
 energy cutoff for charge/potential (unit:Ry) = 360
            fft grid for charge/potential = [ 45, 45, 45 ]
                        fft grid division = [ 1, 1, 1 ]
        big fft grid for charge/potential = [ 45, 45, 45 ]
                                     nbxx = 91125
                                     nrxx = 91125

 SETUP PLANE WAVES FOR CHARGE/POTENTIAL
                    number of plane waves = 46585
                         number of sticks = 1565

 PARALLEL PW FOR CHARGE/POTENTIAL
     PROC   COLUMNS(POT)             PW
        1           1565          46585
 --------------- sum -------------------
        1           1565          46585
                            number of |g| = 416
                                  max |g| = 30.3514
                                  min |g| = 0

----------- Double Check Mixing Parameters Begin ------------
mixing_type: pulay
mixing_beta: 0.3
mixing_gg0: 1
mixing_gg0_min: 0.1
mixing_ndim: 8
----------- Double Check Mixing Parameters End ------------

 SETUP THE ELECTRONS NUMBER
            electron number of element Al = 11
      total electron number of element Al = 44
            AUTOSET number of electrons:  = 44
 DONE : SETUP UNITCELL Time : 2.01447 (SEC)





 >>>>>>>>>>>>>>>>>>>>>>>>>>>>>>>>>>>>>>>>>>>>>>>>>>>>>>>>>>>>>>>>>>>>>>
 |                                                                    |
 | Doing symmetry analysis:                                           |
 | We calculate the norm of 3 vectors and the angles between them,    |
 | the type of Bravais lattice is given. We can judge if the unticell |
 | is a primitive cell. Finally we give the point group operation for |
 | this unitcell. We use the point group operations to do symmetry |
 | analysis on given k-point mesh and the charge density.             |
 |                                                                    |
 <<<<<<<<<<<<<<<<<<<<<<<<<<<<<<<<<<<<<<<<<<<<<<<<<<<<<<<<<<<<<<<<<<<<<<




 LATTICE VECTORS: (CARTESIAN COORDINATE: IN UNIT OF A0)
             +4.04658                  -0                  +0
                   -0            +4.04658                  -0
                   +0                  -0            +4.04658
                       right hand lattice = 1
                                   NORM_A = 4.04658
                                   NORM_B = 4.04658
                                   NORM_C = 4.04658
                           ALPHA (DEGREE) = 90
                           BETA  (DEGREE) = 90
                           GAMMA (DEGREE) = 90

 The lattice vectors have been changed (STRU_SIMPLE.cif)

(for optimal symmetric configuration:)
                             BRAVAIS TYPE = 1
                     BRAVAIS LATTICE NAME = 01. Cubic P (simple)
                                    ibrav = 1
                                    IBRAV = 1
                                  BRAVAIS = SIMPLE CUBIC
                       LATTICE CONSTANT A = 4.04658
                       right hand lattice = 1
(for primitive cell:)
                                    IBRAV = 3
                                  BRAVAIS = FACE CENTERED CUBIC
                       LATTICE CONSTANT A = 4.04658
optimized lattice volume: 66.2622
optimized primitive cell volume: 16.5655
Original cell was built up by 4 primitive cells.
                        ROTATION MATRICES = 48
              PURE POINT GROUP OPERATIONS = 48
                   SPACE GROUP OPERATIONS = 48
                              POINT GROUP = O_h
               POINT GROUP IN SPACE GROUP = O_h
 DONE : SYMMETRY Time : 2.06696 (SEC)





 >>>>>>>>>>>>>>>>>>>>>>>>>>>>>>>>>>>>>>>>>>>>>>>>>>>>>>>>>>>>>>>>>>>>>>
 |                                                                    |
 | Setup K-points                                                     |
 | We setup the k-points according to input parameters.               |
 | The reduced k-points are set according to symmetry operations.     |
 | We treat the spin as another set of k-points.                      |
 |                                                                    |
 <<<<<<<<<<<<<<<<<<<<<<<<<<<<<<<<<<<<<<<<<<<<<<<<<<<<<<<<<<<<<<<<<<<<<<





 SETUP K-POINTS
                                    nspin = 1
                   Input type of k points = Monkhorst-Pack(Gamma)
                                   nkstot = 1331
                       right hand lattice = 1
(for reciprocal lattice: )
                             BRAVAIS TYPE = 1
                     BRAVAIS LATTICE NAME = 01. Cubic P (simple)
                                    ibrav = 1
                       right hand lattice = 1
(for k-lattice: )
                             BRAVAIS TYPE = 1
                     BRAVAIS LATTICE NAME = 01. Cubic P (simple)
                                    ibrav = 1
                       right hand lattice = 1
                        ROTATION MATRICES = 48
                               nkstot_ibz = 56
K-POINTS REDUCTION ACCORDING TO SYMMETRY
     IBZ     DIRECT_X     DIRECT_Y     DIRECT_Z WEIGHT ibz2bz
       1   0.00000000   0.00000000   0.00000000 0.0008 0     
       2   0.00000000   0.09090909   0.00000000 0.0045 1     
       3   0.00000000   0.18181818   0.00000000 0.0045 2     
       4   0.00000000   0.27272727   0.00000000 0.0045 3     
       5   0.00000000   0.36363636   0.00000000 0.0045 4     
       6   0.00000000   0.45454545   0.00000000 0.0045 5     
       7   0.09090909   0.00000000   0.09090909 0.0090 12    
       8   0.09090909   0.18181818   0.00000000 0.0180 13    
       9   0.09090909   0.27272727   0.00000000 0.0180 14    
      10   0.09090909   0.36363636   0.00000000 0.0180 15    
      11   0.09090909   0.45454545   0.00000000 0.0180 16    
      12   0.18181818   0.00000000   0.18181818 0.0090 24    
      13   0.18181818   0.27272727   0.00000000 0.0180 25    
      14   0.18181818   0.36363636   0.00000000 0.0180 26    
      15   0.18181818   0.45454545   0.00000000 0.0180 27    
      16   0.27272727   0.00000000   0.27272727 0.0090 36    
      17   0.27272727   0.36363636   0.00000000 0.0180 37    
      18   0.27272727   0.45454545   0.00000000 0.0180 38    
      19   0.36363636   0.00000000   0.36363636 0.0090 48    
      20   0.36363636   0.45454545   0.00000000 0.0180 49    
      21   0.45454545   0.00000000   0.45454545 0.0090 60    
      22  -0.09090909   0.09090909   0.09090909 0.0060 133   
      23   0.09090909   0.18181818   0.09090909 0.0180 134   
      24   0.09090909   0.09090909   0.27272727 0.0180 135   
      25   0.09090909   0.36363636   0.09090909 0.0180 136   
      26   0.09090909   0.45454545   0.09090909 0.0180 137   
      27   0.18181818   0.09090909   0.18181818 0.0180 145   
      28   0.18181818   0.27272727   0.09090909 0.0361 146   
      29   0.18181818   0.36363636   0.09090909 0.0361 147   
      30   0.18181818   0.45454545   0.09090909 0.0361 148   
      31   0.27272727   0.09090909   0.27272727 0.0180 157   
      32   0.27272727   0.36363636   0.09090909 0.0361 158   
      33   0.27272727   0.45454545   0.09090909 0.0361 159   
      34   0.36363636   0.09090909   0.36363636 0.0180 169   
      35   0.36363636   0.45454545   0.09090909 0.0361 170   
      36   0.45454545   0.09090909   0.45454545 0.0180 181   
      37  -0.18181818   0.18181818   0.18181818 0.0060 266   
      38   0.18181818   0.27272727   0.18181818 0.0180 267   
      39   0.18181818   0.36363636   0.18181818 0.0180 268   
      40   0.18181818   0.45454545   0.18181818 0.0180 269   
      41   0.27272727   0.18181818   0.27272727 0.0180 278   
      42   0.27272727   0.36363636   0.18181818 0.0361 279   
      43   0.27272727   0.45454545   0.18181818 0.0361 280   
      44   0.36363636   0.18181818   0.36363636 0.0180 290   
      45   0.36363636   0.45454545   0.18181818 0.0361 291   
      46   0.45454545   0.18181818   0.45454545 0.0180 302   
      47  -0.27272727   0.27272727   0.27272727 0.0060 399   
      48   0.27272727   0.36363636   0.27272727 0.0180 400   
      49   0.27272727   0.45454545   0.27272727 0.0180 401   
      50   0.36363636   0.27272727   0.36363636 0.0180 411   
      51   0.36363636   0.45454545   0.27272727 0.0361 412   
      52   0.45454545   0.27272727   0.45454545 0.0180 423   
      53  -0.36363636   0.36363636   0.36363636 0.0060 532   
      54   0.36363636   0.45454545   0.36363636 0.0180 533   
      55   0.45454545   0.36363636   0.45454545 0.0180 544   
      56  -0.45454545   0.45454545   0.45454545 0.0060 665   
                               nkstot now = 56
K-POINTS DIRECT COORDINATES
 KPOINTS     DIRECT_X     DIRECT_Y     DIRECT_Z WEIGHT
       1   0.00000000   0.00000000   0.00000000 0.0008
       2   0.00000000   0.09090909   0.00000000 0.0045
       3   0.00000000   0.18181818   0.00000000 0.0045
       4   0.00000000   0.27272727   0.00000000 0.0045
       5   0.00000000   0.36363636   0.00000000 0.0045
       6   0.00000000   0.45454545   0.00000000 0.0045
       7   0.09090909   0.00000000   0.09090909 0.0090
       8   0.09090909   0.18181818   0.00000000 0.0180
       9   0.09090909   0.27272727   0.00000000 0.0180
      10   0.09090909   0.36363636   0.00000000 0.0180
      11   0.09090909   0.45454545   0.00000000 0.0180
      12   0.18181818   0.00000000   0.18181818 0.0090
      13   0.18181818   0.27272727   0.00000000 0.0180
      14   0.18181818   0.36363636   0.00000000 0.0180
      15   0.18181818   0.45454545   0.00000000 0.0180
      16   0.27272727   0.00000000   0.27272727 0.0090
      17   0.27272727   0.36363636   0.00000000 0.0180
      18   0.27272727   0.45454545   0.00000000 0.0180
      19   0.36363636   0.00000000   0.36363636 0.0090
      20   0.36363636   0.45454545   0.00000000 0.0180
      21   0.45454545   0.00000000   0.45454545 0.0090
      22  -0.09090909   0.09090909   0.09090909 0.0060
      23   0.09090909   0.18181818   0.09090909 0.0180
      24   0.09090909   0.09090909   0.27272727 0.0180
      25   0.09090909   0.36363636   0.09090909 0.0180
      26   0.09090909   0.45454545   0.09090909 0.0180
      27   0.18181818   0.09090909   0.18181818 0.0180
      28   0.18181818   0.27272727   0.09090909 0.0361
      29   0.18181818   0.36363636   0.09090909 0.0361
      30   0.18181818   0.45454545   0.09090909 0.0361
      31   0.27272727   0.09090909   0.27272727 0.0180
      32   0.27272727   0.36363636   0.09090909 0.0361
      33   0.27272727   0.45454545   0.09090909 0.0361
      34   0.36363636   0.09090909   0.36363636 0.0180
      35   0.36363636   0.45454545   0.09090909 0.0361
      36   0.45454545   0.09090909   0.45454545 0.0180
      37  -0.18181818   0.18181818   0.18181818 0.0060
      38   0.18181818   0.27272727   0.18181818 0.0180
      39   0.18181818   0.36363636   0.18181818 0.0180
      40   0.18181818   0.45454545   0.18181818 0.0180
      41   0.27272727   0.18181818   0.27272727 0.0180
      42   0.27272727   0.36363636   0.18181818 0.0361
      43   0.27272727   0.45454545   0.18181818 0.0361
      44   0.36363636   0.18181818   0.36363636 0.0180
      45   0.36363636   0.45454545   0.18181818 0.0361
      46   0.45454545   0.18181818   0.45454545 0.0180
      47  -0.27272727   0.27272727   0.27272727 0.0060
      48   0.27272727   0.36363636   0.27272727 0.0180
      49   0.27272727   0.45454545   0.27272727 0.0180
      50   0.36363636   0.27272727   0.36363636 0.0180
      51   0.36363636   0.45454545   0.27272727 0.0361
      52   0.45454545   0.27272727   0.45454545 0.0180
      53  -0.36363636   0.36363636   0.36363636 0.0060
      54   0.36363636   0.45454545   0.36363636 0.0180
      55   0.45454545   0.36363636   0.45454545 0.0180
      56  -0.45454545   0.45454545   0.45454545 0.0060

           k-point number in this process = 28
       minimum distributed K point number = 28

K-POINTS CARTESIAN COORDINATES
 KPOINTS  CARTESIAN_X  CARTESIAN_Y  CARTESIAN_Z WEIGHT
       1   0.00000000   0.00000000   0.00000000 0.0015
       2   0.00000000   0.02246564   0.00000000 0.0090
       3   0.00000000   0.04493127   0.00000000 0.0090
       4   0.00000000   0.06739691   0.00000000 0.0090
       5   0.00000000   0.08986255   0.00000000 0.0090
       6   0.00000000   0.11232819   0.00000000 0.0090
       7   0.02246564   0.00000000   0.02246564 0.0180
       8   0.02246564   0.04493127   0.00000000 0.0361
       9   0.02246564   0.06739691   0.00000000 0.0361
      10   0.02246564   0.08986255   0.00000000 0.0361
      11   0.02246564   0.11232819   0.00000000 0.0361
      12   0.04493127   0.00000000   0.04493127 0.0180
      13   0.04493127   0.06739691   0.00000000 0.0361
      14   0.04493127   0.08986255   0.00000000 0.0361
      15   0.04493127   0.11232819   0.00000000 0.0361
      16   0.06739691   0.00000000   0.06739691 0.0180
      17   0.06739691   0.08986255   0.00000000 0.0361
      18   0.06739691   0.11232819   0.00000000 0.0361
      19   0.08986255   0.00000000   0.08986255 0.0180
      20   0.08986255   0.11232819   0.00000000 0.0361
      21   0.11232819   0.00000000   0.11232819 0.0180
      22  -0.02246564   0.02246564   0.02246564 0.0120
      23   0.02246564   0.04493127   0.02246564 0.0361
      24   0.02246564   0.02246564   0.06739691 0.0361
      25   0.02246564   0.08986255   0.02246564 0.0361
      26   0.02246564   0.11232819   0.02246564 0.0361
      27   0.04493127   0.02246564   0.04493127 0.0361
      28   0.04493127   0.06739691   0.02246564 0.0721

K-POINTS DIRECT COORDINATES
 KPOINTS     DIRECT_X     DIRECT_Y     DIRECT_Z WEIGHT
       1   0.00000000   0.00000000   0.00000000 0.0015
       2   0.00000000   0.09090909   0.00000000 0.0090
       3   0.00000000   0.18181818   0.00000000 0.0090
       4   0.00000000   0.27272727   0.00000000 0.0090
       5   0.00000000   0.36363636   0.00000000 0.0090
       6   0.00000000   0.45454545   0.00000000 0.0090
       7   0.09090909   0.00000000   0.09090909 0.0180
       8   0.09090909   0.18181818   0.00000000 0.0361
       9   0.09090909   0.27272727   0.00000000 0.0361
      10   0.09090909   0.36363636   0.00000000 0.0361
      11   0.09090909   0.45454545   0.00000000 0.0361
      12   0.18181818   0.00000000   0.18181818 0.0180
      13   0.18181818   0.27272727   0.00000000 0.0361
      14   0.18181818   0.36363636   0.00000000 0.0361
      15   0.18181818   0.45454545   0.00000000 0.0361
      16   0.27272727   0.00000000   0.27272727 0.0180
      17   0.27272727   0.36363636   0.00000000 0.0361
      18   0.27272727   0.45454545   0.00000000 0.0361
      19   0.36363636   0.00000000   0.36363636 0.0180
      20   0.36363636   0.45454545   0.00000000 0.0361
      21   0.45454545   0.00000000   0.45454545 0.0180
      22  -0.09090909   0.09090909   0.09090909 0.0120
      23   0.09090909   0.18181818   0.09090909 0.0361
      24   0.09090909   0.09090909   0.27272727 0.0361
      25   0.09090909   0.36363636   0.09090909 0.0361
      26   0.09090909   0.45454545   0.09090909 0.0361
      27   0.18181818   0.09090909   0.18181818 0.0361
      28   0.18181818   0.27272727   0.09090909 0.0721
 DONE : INIT K-POINTS Time : 2.16224 (SEC)





 >>>>>>>>>>>>>>>>>>>>>>>>>>>>>>>>>>>>>>>>>>>>>>>>>>>>>>>>>>>>>>>>>>>>>>
 |                                                                    |
 | Setup plane waves of wave functions:                               |
 | Use the energy cutoff and the lattice vectors to generate the      |
 | dimensions of FFT grid. The number of FFT grid on each processor   |
 | is 'nrxx'. The number of plane wave basis in reciprocal space is   |
 | different for charege/potential and wave functions. We also set    |
 | the 'sticks' for the parallel of FFT. The number of plane wave of  |
 | each k-point is 'npwk[ik]' in each processor                       |
 <<<<<<<<<<<<<<<<<<<<<<<<<<<<<<<<<<<<<<<<<<<<<<<<<<<<<<<<<<<<<<<<<<<<<<





 SETUP PLANE WAVES FOR WAVE FUNCTIONS
     energy cutoff for wavefunc (unit:Ry) = 90
              fft grid for wave functions = [ 45, 45, 45 ]
                    number of plane waves = 7123
                         number of sticks = 437

 PARALLEL PW FOR WAVE FUNCTIONS
     PROC   COLUMNS(POT)             PW
        1            437           7123
 --------------- sum -------------------
        1            437           7123
 DONE : INIT PLANEWAVE Time : 2.19979 (SEC)

                           occupied bands = 22
                                   NBANDS = 32
                                     npwx = 5830

 Warning_Memory_Consuming allocated:  Psi_PW 79.707 MB

 SETUP NONLOCAL PSEUDOPOTENTIALS IN PLANE WAVE BASIS
 Al non-local projectors:
 projector 1 L=0
 projector 2 L=0
 projector 3 L=1
 projector 4 L=1
      TOTAL NUMBER OF NONLOCAL PROJECTORS = 32
 DONE : LOCAL POTENTIAL Time : 2.21477 (SEC)


 Init Non-Local PseudoPotential table : 
 Init Non-Local-Pseudopotential done.
 DONE : NON-LOCAL POTENTIAL Time : 2.25153 (SEC)


 Make real space PAO into reciprocal space.
       max mesh points in Pseudopotential = 601
     dq(describe PAO in reciprocal space) = 0.01
                                    max q = 1905

 number of pseudo atomic orbitals for Al is 0
 DONE : INIT BASIS Time : 2.29328 (SEC)


 -------------------------------------------
 STEP OF RELAXATION : 1
 -------------------------------------------
                                 init_chg = atomic
 DONE : INIT SCF Time : 2.35907 (SEC)


 PW ALGORITHM --------------- ION=   1  ELEC=   1--------------------------------
 Notice: Threshold on eigenvalues was too large.
 hsover_error=0.44 > DRHO=0.0658302
 Origin diag_ethr = 0.01
 New    diag_ethr = 0.000149614

 Density error is 0.0667273399662
                          Error Threshold = 0.000149613990242
------------------------------------------------------
  Energy         Rydberg                 eV         
------------------------------------------------------
E_KohnSham      -553.6472194073     -7532.7568657949
E_Harris        -553.6688732192     -7533.0514810210
E_Fermi            0.9131731322        12.4243578587
------------------------------------------------------

 PW ALGORITHM --------------- ION=   1  ELEC=   2--------------------------------

 Density error is 0.0311932776205
                          Error Threshold = 0.000151653045378
------------------------------------------------------
  Energy         Rydberg                 eV         
------------------------------------------------------
E_KohnSham      -553.6283088007     -7532.4995737932
E_Harris        -557.1206318417     -7580.0150664075
E_Fermi            0.9104637826        12.3874952661
------------------------------------------------------

 PW ALGORITHM --------------- ION=   1  ELEC=   3--------------------------------

 Density error is 0.000745015981094
                          Error Threshold = 7.08938127739e-05
------------------------------------------------------
  Energy         Rydberg                 eV         
------------------------------------------------------
E_KohnSham      -553.6343112144     -7532.5812408213
E_Harris        -554.1625875023     -7539.7688084547
E_Fermi            0.9051680528        12.3154431662
------------------------------------------------------

 PW ALGORITHM --------------- ION=   1  ELEC=   4--------------------------------

 Density error is 0.000787708148286
                          Error Threshold = 1.69321813885e-06
------------------------------------------------------
  Energy         Rydberg                 eV         
------------------------------------------------------
E_KohnSham      -553.6342464906     -7532.5803602084
E_Harris        -554.0422781549     -7538.1319158078
E_Fermi            0.9058862380        12.3252145759
------------------------------------------------------

 PW ALGORITHM --------------- ION=   1  ELEC=   5--------------------------------

 Density error is 1.27556600013e-05
                          Error Threshold = 1.69321813885e-06
------------------------------------------------------
  Energy         Rydberg                 eV         
------------------------------------------------------
E_KohnSham      -553.6343225315     -7532.5813947988
E_Harris        -553.7756708378     -7534.5045371664
E_Fermi            0.9051528750        12.3152366616
------------------------------------------------------

 PW ALGORITHM --------------- ION=   1  ELEC=   6--------------------------------

 Density error is 7.85470673068e-06
                          Error Threshold = 2.89901363665e-08
------------------------------------------------------
  Energy         Rydberg                 eV         
------------------------------------------------------
E_KohnSham      -553.6343485067     -7532.5817482090
E_Harris        -553.6512595932     -7532.8118353447
E_Fermi            0.9051238397        12.3148416157
------------------------------------------------------

 PW ALGORITHM --------------- ION=   1  ELEC=   7--------------------------------

 Density error is 7.76364645004e-06
                          Error Threshold = 1.78516062061e-08
------------------------------------------------------
  Energy         Rydberg                 eV         
------------------------------------------------------
E_KohnSham      -553.6343480832     -7532.5817424475
E_Harris        -553.6070847687     -7532.2108060236
E_Fermi            0.9051238156        12.3148412881
------------------------------------------------------

 PW ALGORITHM --------------- ION=   1  ELEC=   8--------------------------------

 Density error is 7.00961367474e-06
                          Error Threshold = 1.76446510228e-08
------------------------------------------------------
  Energy         Rydberg                 eV         
------------------------------------------------------
E_KohnSham      -553.6343477599     -7532.5817380482
E_Harris        -553.6099434911     -7532.2497009372
E_Fermi            0.9051263721        12.3148760707
------------------------------------------------------

 PW ALGORITHM --------------- ION=   1  ELEC=   9--------------------------------

 Density error is 6.46418338721e-06
                          Error Threshold = 1.59309401699e-08
------------------------------------------------------
  Energy         Rydberg                 eV         
------------------------------------------------------
E_KohnSham      -553.6343468159     -7532.5817252045
E_Harris        -553.6069514634     -7532.2089923114
E_Fermi            0.9051123421        12.3146851821
------------------------------------------------------

 PW ALGORITHM --------------- ION=   1  ELEC=  10--------------------------------

 Density error is 4.50683571005e-06
                          Error Threshold = 1.469132588e-08
------------------------------------------------------
  Energy         Rydberg                 eV         
------------------------------------------------------
E_KohnSham      -553.6343455432     -7532.5817078878
E_Harris        -553.6061373496     -7532.1979157250
E_Fermi            0.9051112980        12.3146709769
------------------------------------------------------

 PW ALGORITHM --------------- ION=   1  ELEC=  11--------------------------------

 Density error is 3.33033109443e-06
                          Error Threshold = 1.02428084319e-08
------------------------------------------------------
  Energy         Rydberg                 eV         
------------------------------------------------------
E_KohnSham      -553.6343446106     -7532.5816951995
E_Harris        -553.6128552779     -7532.2893178289
E_Fermi            0.9051182408        12.3147654385
------------------------------------------------------

 PW ALGORITHM --------------- ION=   1  ELEC=  12--------------------------------

 Density error is 8.02431494802e-07
                          Error Threshold = 7.56893430551e-09
------------------------------------------------------
  Energy         Rydberg                 eV         
------------------------------------------------------
E_KohnSham      -553.6343447455     -7532.5816970347
E_Harris        -553.6207856519     -7532.3972161021
E_Fermi            0.9051190467        12.3147764029
------------------------------------------------------

 PW ALGORITHM --------------- ION=   1  ELEC=  13--------------------------------

 Density error is 6.40474229388e-07
                          Error Threshold = 1.82370794273e-09
------------------------------------------------------
  Energy         Rydberg                 eV         
------------------------------------------------------
E_KohnSham      -553.6343446867     -7532.5816962356
E_Harris        -553.6248183339     -7532.4520835556
E_Fermi            0.9051201695        12.3147916796
------------------------------------------------------

 PW ALGORITHM --------------- ION=   1  ELEC=  14--------------------------------

 Density error is 5.52642910715e-07
                          Error Threshold = 1.45562324861e-09
------------------------------------------------------
  Energy         Rydberg                 eV         
------------------------------------------------------
E_KohnSham      -553.6343445141     -7532.5816938875
E_Harris        -553.6289158339     -7532.5078329031
E_Fermi            0.9051222515        12.3148200073
------------------------------------------------------

 PW ALGORITHM --------------- ION=   1  ELEC=  15--------------------------------

 Density error is 7.19821094483e-09
                          Error Threshold = 1.25600661526e-09
----------------------------------------------------------
    Energy           Rydberg                 eV         
----------------------------------------------------------
E_KohnSham          -553.6343446239     -7532.5816953809
E_KS(sigma->0)      -553.6343097295     -7532.5812206181
E_Harris            -553.6328932676     -7532.5619486654
E_band              -139.2276553008     -1894.2894312712
E_one_elec          -322.9655311156     -4394.1714807686
E_Hartree            132.7575438402      1806.2590487115
E_xc                 -62.8624555412      -855.2875856324
E_Ewald             -300.5638320185     -4089.3807281658
E_entropy(-TS)        -0.0000697888        -0.0009495255
E_descf                0.0000000000         0.0000000000
E_exx                  0.0000000000         0.0000000000
E_Fermi                0.9051202080        12.3147922038
----------------------------------------------------------

 charge density convergence is achieved
 final etot is -7532.5816954 eV
 EFERMI = 12.314792204 eV

 STATE ENERGY(eV) AND OCCUPATIONS    NSPIN == 1
 1/28 kpoint (Cartesian) = 0.0000 0.0000 0.0000 (5743 pws)
       1       -90.9325     0.00150263
       2       -90.9268     0.00150263
       3       -90.9263     0.00150263
       4       -90.9257     0.00150263
       5       -52.4656     0.00150263
       6       -52.4656     0.00150263
       7       -52.4656     0.00150263
       8       -52.4466     0.00150263
       9       -52.4462     0.00150263
      10       -52.4462     0.00150263
      11       -52.4461     0.00150263
      12       -52.4461     0.00150263
      13       -52.4457     0.00150263
      14       -52.4329     0.00150263
      15       -52.4329     0.00150263
      16       -52.4329     0.00150263
      17       0.511210     0.00150263
      18        9.19229     0.00150263
      19        9.19229     0.00150263
      20        9.19229     0.00150263
      21        10.7507     0.00150263
      22        10.7507     0.00150263
      23        10.7507     0.00150263
      24        17.7272        0.00000
      25        17.7272        0.00000
      26        17.7272        0.00000
      27        18.4573        0.00000
      28        18.4573        0.00000
      29        18.4573        0.00000
      30        18.4574        0.00000
      31        18.4574        0.00000
      32        18.4574        0.00000

 2/28 kpoint (Cartesian) = 0.0000 0.022466 0.0000 (5791 pws)
       1       -90.9324     0.00901578
       2       -90.9269     0.00901578
       3       -90.9263     0.00901578
       4       -90.9257     0.00901578
       5       -52.4652     0.00901578
       6       -52.4652     0.00901578
       7       -52.4649     0.00901578
       8       -52.4468     0.00901578
       9       -52.4466     0.00901578
      10       -52.4463     0.00901578
      11       -52.4461     0.00901578
      12       -52.4459     0.00901578
      13       -52.4457     0.00901578
      14       -52.4336     0.00901578
      15       -52.4332     0.00901578
      16       -52.4332     0.00901578
      17       0.591416     0.00901578
      18        8.19874     0.00901578
      19        9.26495     0.00901578
      20        9.26496     0.00901578
      21        10.8250     0.00901578
      22        10.8250     0.00901578
      23        11.8810     0.00901578
      24        16.4983        0.00000
      25        16.4983        0.00000
      26        17.8065        0.00000
      27        17.9613        0.00000
      28        17.9613        0.00000
      29        18.5247        0.00000
      30        18.5247        0.00000
      31        19.8361        0.00000
      32        19.8361        0.00000

 3/28 kpoint (Cartesian) = 0.0000 0.044931 0.0000 (5790 pws)
       1       -90.9320     0.00901578
       2       -90.9271     0.00901578
       3       -90.9263     0.00901578
       4       -90.9259     0.00901578
       5       -52.4641     0.00901578
       6       -52.4640     0.00901578
       7       -52.4631     0.00901578
       8       -52.4478     0.00901578
       9       -52.4477     0.00901578
      10       -52.4463     0.00901578
      11       -52.4461     0.00901578
      12       -52.4451     0.00901578
      13       -52.4450     0.00901578
      14       -52.4355     0.00901578
      15       -52.4340     0.00901578
      16       -52.4339     0.00901578
      17       0.831708     0.00901578
      18        6.82203     0.00901578
      19        9.48306     0.00901578
      20        9.48306     0.00901578
      21        11.0453     0.00901578
      22        11.0453     0.00901578
      23        13.6678        0.00000
      24        15.1152        0.00000
      25        15.1152        0.00000
      26        16.9457        0.00000
      27        16.9458        0.00000
      28        18.0445        0.00000
      29        18.7267        0.00000
      30        18.7267        0.00000
      31        21.6682        0.00000
      32        21.6682        0.00000

 4/28 kpoint (Cartesian) = 0.0000 0.067397 0.0000 (5778 pws)
       1       -90.9315     0.00901578
       2       -90.9276     0.00901578
       3       -90.9263     0.00901578
       4       -90.9260     0.00901578
       5       -52.4622     0.00901578
       6       -52.4622     0.00901578
       7       -52.4601     0.00901578
       8       -52.4495     0.00901578
       9       -52.4495     0.00901578
      10       -52.4463     0.00901578
      11       -52.4461     0.00901578
      12       -52.4439     0.00901578
      13       -52.4438     0.00901578
      14       -52.4386     0.00901578
      15       -52.4352     0.00901578
      16       -52.4352     0.00901578
      17        1.23112     0.00901578
      18        5.53449     0.00901578
      19        9.84688     0.00901578
      20        9.84689     0.00901578
      21        11.4005     0.00901578
      22        11.4005     0.00901578
      23        13.8691        0.00000
      24        13.8691        0.00000
      25        15.6382        0.00000
      26        15.8634        0.00000
      27        15.8634        0.00000
      28        18.4404        0.00000
      29        19.0636        0.00000
      30        19.0636        0.00000
      31        22.7008        0.00000
      32        22.7601        0.00000

 5/28 kpoint (Cartesian) = 0.0000 0.089863 0.0000 (5786 pws)
       1       -90.9307     0.00901578
       2       -90.9282     0.00901578
       3       -90.9263     0.00901578
       4       -90.9260     0.00901578
       5       -52.4599     0.00901578
       6       -52.4599     0.00901578
       7       -52.4562     0.00901578
       8       -52.4518     0.00901578
       9       -52.4518     0.00901578
      10       -52.4464     0.00901578
      11       -52.4462     0.00901578
      12       -52.4426     0.00901578
      13       -52.4423     0.00901578
      14       -52.4423     0.00901578
      15       -52.4368     0.00901578
      16       -52.4368     0.00901578
      17        1.78807     0.00901578
      18        4.37833     0.00901578
      19        10.3569     0.00901578
      20        10.3569     0.00901578
      21        11.8575     0.00901578
      22        11.8575     0.00901578
      23        12.7694        0.00000
      24        12.7694        0.00000
      25        14.8873        0.00000
      26        14.8873        0.00000
      27        17.7481        0.00000
      28        18.9934        0.00000
      29        19.5356        0.00000
      30        19.5356        0.00000
      31        21.5659        0.00000
      32        21.7590        0.00000

 6/28 kpoint (Cartesian) = 0.0000 0.11233 0.0000 (5798 pws)
       1       -90.9299     0.00901578
       2       -90.9290     0.00901578
       3       -90.9263     0.00901578
       4       -90.9260     0.00901578
       5       -52.4573     0.00901578
       6       -52.4573     0.00901578
       7       -52.4545     0.00901578
       8       -52.4545     0.00901578
       9       -52.4518     0.00901578
      10       -52.4473     0.00901578
      11       -52.4463     0.00901578
      12       -52.4460     0.00901578
      13       -52.4405     0.00901578
      14       -52.4405     0.00901578
      15       -52.4386     0.00901578
      16       -52.4386     0.00901578
      17        2.50034     0.00901578
      18        3.36504     0.00901578
      19        11.0136     0.00901578
      20        11.0136     0.00901578
      21        11.8176     0.00901578
      22        11.8176     0.00901578
      23        12.2867     0.00836664
      24        12.2867     0.00836545
      25        14.1914        0.00000
      26        14.1915        0.00000
      27        19.7014        0.00000
      28        19.9820        0.00000
      29        20.1428        0.00000
      30        20.1428        0.00000
      31        20.5612        0.00000
      32        20.8846        0.00000

 7/28 kpoint (Cartesian) = 0.022466 0.0000 0.022466 (5797 pws)
       1       -90.9323      0.0180316
       2       -90.9269      0.0180316
       3       -90.9264      0.0180316
       4       -90.9257      0.0180316
       5       -52.4648      0.0180316
       6       -52.4646      0.0180316
       7       -52.4646      0.0180316
       8       -52.4474      0.0180316
       9       -52.4464      0.0180316
      10       -52.4462      0.0180316
      11       -52.4461      0.0180316
      12       -52.4459      0.0180316
      13       -52.4455      0.0180316
      14       -52.4346      0.0180316
      15       -52.4334      0.0180316
      16       -52.4331      0.0180316
      17       0.671566      0.0180316
      18        8.27329      0.0180316
      19        8.27329      0.0180316
      20        9.33764      0.0180316
      21        10.8978      0.0180316
      22        11.9525      0.0180316
      23        11.9525      0.0180316
      24        15.5663        0.00000
      25        16.5730        0.00000
      26        16.5730        0.00000
      27        18.0315        0.00000
      28        18.0315        0.00000
      29        18.5933        0.00000
      30        19.7280        0.00000
      31        19.9080        0.00000
      32        19.9080        0.00000

 8/28 kpoint (Cartesian) = 0.022466 0.044931 0.0000 (5773 pws)
       1       -90.9319      0.0360631
       2       -90.9271      0.0360631
       3       -90.9264      0.0360631
       4       -90.9259      0.0360631
       5       -52.4637      0.0360631
       6       -52.4636      0.0360631
       7       -52.4628      0.0360631
       8       -52.4487      0.0360631
       9       -52.4474      0.0360631
      10       -52.4459      0.0360631
      11       -52.4456      0.0360631
      12       -52.4455      0.0360631
      13       -52.4449      0.0360631
      14       -52.4368      0.0360631
      15       -52.4342      0.0360631
      16       -52.4336      0.0360631
      17       0.911695      0.0360631
      18        6.89795      0.0360631
      19        8.49666      0.0360631
      20        9.55580      0.0360631
      21        11.1109      0.0360631
      22        12.1638      0.0360631
      23        13.7345        0.00000
      24        14.2655        0.00000
      25        15.1892        0.00000
      26        16.7969        0.00000
      27        17.0223        0.00000
      28        17.8887        0.00000
      29        18.2428        0.00000
      30        20.1237        0.00000
      31        21.1046        0.00000
      32        21.7405        0.00000

 9/28 kpoint (Cartesian) = 0.022466 0.067397 0.0000 (5792 pws)
       1       -90.9314      0.0360631
       2       -90.9276      0.0360631
       3       -90.9264      0.0360631
       4       -90.9260      0.0360631
       5       -52.4620      0.0360631
       6       -52.4619      0.0360631
       7       -52.4600      0.0360631
       8       -52.4505      0.0360631
       9       -52.4492      0.0360631
      10       -52.4459      0.0360631
      11       -52.4454      0.0360631
      12       -52.4442      0.0360631
      13       -52.4437      0.0360631
      14       -52.4398      0.0360631
      15       -52.4355      0.0360631
      16       -52.4347      0.0360631
      17        1.31084      0.0360631
      18        5.61139      0.0360631
      19        8.86790      0.0360631
      20        9.91971      0.0360631
      21        11.4326      0.0360631
      22        12.5003        0.00000
      23        13.0854        0.00000
      24        13.9428        0.00000
      25        15.6940        0.00000
      26        15.9532        0.00000
      27        16.8134        0.00000
      28        17.1695        0.00000
      29        18.5986        0.00000
      30        20.4832        0.00000
      31        21.2145        0.00000
      32        22.2632        0.00000

 10/28 kpoint (Cartesian) = 0.022466 0.089863 0.0000 (5801 pws)
       1       -90.9306      0.0360631
       2       -90.9282      0.0360631
       3       -90.9264      0.0360631
       4       -90.9261      0.0360631
       5       -52.4599      0.0360631
       6       -52.4596      0.0360631
       7       -52.4564      0.0360631
       8       -52.4527      0.0360631
       9       -52.4515      0.0360631
      10       -52.4458      0.0360631
      11       -52.4454      0.0360631
      12       -52.4436      0.0360631
      13       -52.4426      0.0360631
      14       -52.4420      0.0360631
      15       -52.4371      0.0360631
      16       -52.4363      0.0360631
      17        1.86742      0.0360631
      18        4.45601      0.0360631
      19        9.38491      0.0360631
      20        10.4298      0.0360631
      21        11.5454      0.0360631
      22        12.3728    4.63548e-05
      23        12.8429        0.00000
      24        12.9046        0.00000
      25        15.0239        0.00000
      26        15.8042        0.00000
      27        17.6901        0.00000
      28        17.7636        0.00000
      29        19.1218        0.00000
      30        20.1238        0.00000
      31        20.9863        0.00000
      32        21.2599        0.00000

 11/28 kpoint (Cartesian) = 0.022466 0.11233 0.0000 (5796 pws)
       1       -90.9298      0.0360631
       2       -90.9290      0.0360631
       3       -90.9264      0.0360631
       4       -90.9261      0.0360631
       5       -52.4575      0.0360631
       6       -52.4569      0.0360631
       7       -52.4551      0.0360631
       8       -52.4542      0.0360631
       9       -52.4523      0.0360631
      10       -52.4480      0.0360631
      11       -52.4456      0.0360631
      12       -52.4455      0.0360631
      13       -52.4408      0.0360631
      14       -52.4401      0.0360631
      15       -52.4389      0.0360631
      16       -52.4381      0.0360631
      17        2.57923      0.0360631
      18        3.44337      0.0360631
      19        10.0426      0.0360631
      20        10.8218      0.0360631
      21        11.0867      0.0360631
      22        11.8909      0.0360631
      23        12.7150        0.00000
      24        13.0954        0.00000
      25        14.5657        0.00000
      26        14.9702        0.00000
      27        18.3575        0.00000
      28        19.1697        0.00000
      29        19.4921        0.00000
      30        20.2473        0.00000
      31        20.3619        0.00000
      32        21.6320        0.00000

 12/28 kpoint (Cartesian) = 0.044931 0.0000 0.044931 (5794 pws)
       1       -90.9316      0.0180316
       2       -90.9271      0.0180316
       3       -90.9267      0.0180316
       4       -90.9259      0.0180316
       5       -52.4625      0.0180316
       6       -52.4622      0.0180316
       7       -52.4622      0.0180316
       8       -52.4504      0.0180316
       9       -52.4467      0.0180316
      10       -52.4465      0.0180316
      11       -52.4450      0.0180316
      12       -52.4449      0.0180316
      13       -52.4445      0.0180316
      14       -52.4392      0.0180316
      15       -52.4350      0.0180316
      16       -52.4335      0.0180316
      17        1.15134      0.0180316
      18        7.12542      0.0180316
      19        7.12542      0.0180316
      20        9.77412      0.0180316
      21        11.2816      0.0180316
      22        13.0335        0.00000
      23        13.9265        0.00000
      24        13.9266        0.00000
      25        15.4111        0.00000
      26        15.4111        0.00000
      27        17.2565        0.00000
      28        17.2565        0.00000
      29        19.0018        0.00000
      30        20.5776        0.00000
      31        21.0658        0.00000
      32        21.9570        0.00000

 13/28 kpoint (Cartesian) = 0.044931 0.067397 0.0000 (5801 pws)
       1       -90.9311      0.0360631
       2       -90.9275      0.0360631
       3       -90.9267      0.0360631
       4       -90.9261      0.0360631
       5       -52.4611      0.0360631
       6       -52.4608      0.0360631
       7       -52.4600      0.0360631
       8       -52.4523      0.0360631
       9       -52.4484      0.0360631
      10       -52.4453      0.0360631
      11       -52.4447      0.0360631
      12       -52.4442      0.0360631
      13       -52.4433      0.0360631
      14       -52.4423      0.0360631
      15       -52.4363      0.0360631
      16       -52.4342      0.0360631
      17        1.54969      0.0360631
      18        5.84180      0.0360631
      19        7.50345      0.0360631
      20        10.1383      0.0360631
      21        11.2540      0.0360631
      22        12.2130      0.0360631
      23        14.1638        0.00000
      24        14.1984        0.00000
      25        15.7809        0.00000
      26        15.8288        0.00000
      27        16.2505        0.00000
      28        17.6787        0.00000
      29        18.4181        0.00000
      30        19.8287        0.00000
      31        21.2602        0.00000
      32        21.9512        0.00000

 14/28 kpoint (Cartesian) = 0.044931 0.089863 0.0000 (5805 pws)
       1       -90.9304      0.0360631
       2       -90.9281      0.0360631
       3       -90.9266      0.0360631
       4       -90.9262      0.0360631
       5       -52.4598      0.0360631
       6       -52.4585      0.0360631
       7       -52.4570      0.0360631
       8       -52.4543      0.0360631
       9       -52.4506      0.0360631
      10       -52.4461      0.0360631
      11       -52.4442      0.0360631
      12       -52.4439      0.0360631
      13       -52.4437      0.0360631
      14       -52.4414      0.0360631
      15       -52.4380      0.0360631
      16       -52.4355      0.0360631
      17        2.10517      0.0360631
      18        4.68876      0.0360631
      19        8.03018      0.0360631
      20        10.4313      0.0360631
      21        10.6487      0.0360631
      22        12.4522    1.68861e-14
      23        13.0633        0.00000
      24        14.2897        0.00000
      25        15.6275        0.00000
      26        16.2982        0.00000
      27        17.4532        0.00000
      28        17.5547        0.00000
      29        18.5579        0.00000
      30        18.7298        0.00000
      31        20.2520        0.00000
      32        22.8195        0.00000

 15/28 kpoint (Cartesian) = 0.044931 0.11233 0.0000 (5800 pws)
       1       -90.9296      0.0360631
       2       -90.9288      0.0360631
       3       -90.9266      0.0360631
       4       -90.9262      0.0360631
       5       -52.4581      0.0360631
       6       -52.4562      0.0360631
       7       -52.4559      0.0360631
       8       -52.4536      0.0360631
       9       -52.4532      0.0360631
      10       -52.4498      0.0360631
      11       -52.4441      0.0360631
      12       -52.4439      0.0360631
      13       -52.4418      0.0360631
      14       -52.4398      0.0360631
      15       -52.4394      0.0360631
      16       -52.4373      0.0360631
      17        2.81560      0.0360631
      18        3.67809      0.0360631
      19        8.70212      0.0360631
      20        9.51146      0.0360631
      21        11.3060      0.0360631
      22        12.1107      0.0360631
      23        13.0519        0.00000
      24        13.7587        0.00000
      25        15.8770        0.00000
      26        16.5734        0.00000
      27        16.9627        0.00000
      28        17.7737        0.00000
      29        18.5155        0.00000
      30        19.3412        0.00000
      31        20.4642        0.00000
      32        22.7474        0.00000

 16/28 kpoint (Cartesian) = 0.067397 0.0000 0.067397 (5808 pws)
       1       -90.9306      0.0180316
       2       -90.9275      0.0180316
       3       -90.9271      0.0180316
       4       -90.9261      0.0180316
       5       -52.4598      0.0180316
       6       -52.4597      0.0180316
       7       -52.4591      0.0180316
       8       -52.4541      0.0180316
       9       -52.4471      0.0180316
      10       -52.4469      0.0180316
      11       -52.4455      0.0180316
      12       -52.4432      0.0180316
      13       -52.4428      0.0180316
      14       -52.4427      0.0180316
      15       -52.4376      0.0180316
      16       -52.4344      0.0180316
      17        1.94672      0.0180316
      18        6.22480      0.0180316
      19        6.22480      0.0180316
      20        10.2924      0.0180316
      21        10.5029      0.0180316
      22        12.3271     0.00470905
      23        14.5323        0.00000
      24        14.5323        0.00000
      25        15.7833        0.00000
      26        15.7833        0.00000
      27        16.9927        0.00000
      28        16.9927        0.00000
      29        18.5821        0.00000
      30        19.6840        0.00000
      31        20.1860        0.00000
      32        21.4629        0.00000

 17/28 kpoint (Cartesian) = 0.067397 0.089863 0.0000 (5821 pws)
       1       -90.9300      0.0360631
       2       -90.9280      0.0360631
       3       -90.9270      0.0360631
       4       -90.9263      0.0360631
       5       -52.4593      0.0360631
       6       -52.4577      0.0360631
       7       -52.4569      0.0360631
       8       -52.4559      0.0360631
       9       -52.4492      0.0360631
      10       -52.4488      0.0360631
      11       -52.4453      0.0360631
      12       -52.4424      0.0360631
      13       -52.4423      0.0360631
      14       -52.4407      0.0360631
      15       -52.4393      0.0360631
      16       -52.4353      0.0360631
      17        2.50041      0.0360631
      18        5.07570      0.0360631
      19        6.75878      0.0360631
      20        9.22766      0.0360631
      21        11.0139      0.0360631
      22        12.8095        0.00000
      23        13.4307        0.00000
      24        15.0481        0.00000
      25        15.1011        0.00000
      26        16.7060        0.00000
      27        17.1389        0.00000
      28        17.4792        0.00000
      29        18.6790        0.00000
      30        19.1704        0.00000
      31        19.2592        0.00000
      32        22.9210        0.00000

 18/28 kpoint (Cartesian) = 0.067397 0.11233 0.0000 (5804 pws)
       1       -90.9293      0.0360631
       2       -90.9286      0.0360631
       3       -90.9268      0.0360631
       4       -90.9265      0.0360631
       5       -52.4585      0.0360631
       6       -52.4573      0.0360631
       7       -52.4551      0.0360631
       8       -52.4544      0.0360631
       9       -52.4521      0.0360631
      10       -52.4517      0.0360631
      11       -52.4433      0.0360631
      12       -52.4421      0.0360631
      13       -52.4420      0.0360631
      14       -52.4413      0.0360631
      15       -52.4386      0.0360631
      16       -52.4367      0.0360631
      17        3.20856      0.0360631
      18        4.06830      0.0360631
      19        7.44109      0.0360631
      20        8.26721      0.0360631
      21        11.6719      0.0360631
      22        12.4773        0.00000
      23        13.4618        0.00000
      24        14.2441        0.00000
      25        15.7114        0.00000
      26        16.5219        0.00000
      27        17.4421        0.00000
      28        17.7008        0.00000
      29        18.2530        0.00000
      30        18.4386        0.00000
      31        20.8095        0.00000
      32        23.0891        0.00000

 19/28 kpoint (Cartesian) = 0.089863 0.0000 0.089863 (5830 pws)
       1       -90.9295      0.0180316
       2       -90.9279      0.0180316
       3       -90.9274      0.0180316
       4       -90.9265      0.0180316
       5       -52.4583      0.0180316
       6       -52.4581      0.0180316
       7       -52.4572      0.0180316
       8       -52.4548      0.0180316
       9       -52.4517      0.0180316
      10       -52.4475      0.0180316
      11       -52.4473      0.0180316
      12       -52.4411      0.0180316
      13       -52.4411      0.0180316
      14       -52.4403      0.0180316
      15       -52.4401      0.0180316
      16       -52.4356      0.0180316
      17        3.05160      0.0180316
      18        5.61531      0.0180316
      19        5.61531      0.0180316
      20        8.12014      0.0180316
      21        11.5257      0.0180316
      22        13.3321        0.00000
      23        13.9455        0.00000
      24        13.9455        0.00000
      25        15.7214        0.00000
      26        15.7214        0.00000
      27        16.3747        0.00000
      28        18.1464        0.00000
      29        19.1210        0.00000
      30        19.1210        0.00000
      31        20.6418        0.00000
      32        22.5732        0.00000

 20/28 kpoint (Cartesian) = 0.089863 0.11233 0.0000 (5817 pws)
       1       -90.9290      0.0360631
       2       -90.9284      0.0360631
       3       -90.9272      0.0360631
       4       -90.9267      0.0360631
       5       -52.4584      0.0360631
       6       -52.4580      0.0360631
       7       -52.4566      0.0360631
       8       -52.4543      0.0360631
       9       -52.4524      0.0360631
      10       -52.4499      0.0360631
      11       -52.4453      0.0360631
      12       -52.4432      0.0360631
      13       -52.4404      0.0360631
      14       -52.4401      0.0360631
      15       -52.4383      0.0360631
      16       -52.4367      0.0360631
      17        3.75661      0.0360631
      18        4.61251      0.0360631
      19        6.30529      0.0360631
      20        7.14215      0.0360631
      21        12.1845      0.0360631
      22        12.9910        0.00000
      23        14.0013        0.00000
      24        14.6077        0.00000
      25        14.8042        0.00000
      26        15.4174        0.00000
      27        16.4149        0.00000
      28        17.2228        0.00000
      29        19.7175        0.00000
      30        20.3856        0.00000
      31        21.2721        0.00000
      32        23.4612        0.00000

 21/28 kpoint (Cartesian) = 0.11233 0.0000 0.11233 (5816 pws)
       1       -90.9287      0.0180316
       2       -90.9282      0.0180316
       3       -90.9275      0.0180316
       4       -90.9269      0.0180316
       5       -52.4581      0.0180316
       6       -52.4577      0.0180316
       7       -52.4575      0.0180316
       8       -52.4562      0.0180316
       9       -52.4501      0.0180316
      10       -52.4478      0.0180316
      11       -52.4475      0.0180316
      12       -52.4453      0.0180316
      13       -52.4391      0.0180316
      14       -52.4385      0.0180316
      15       -52.4383      0.0180316
      16       -52.4372      0.0180316
      17        4.45759      0.0180316
      18        5.30854      0.0180316
      19        5.30855      0.0180316
      20        6.15330      0.0180316
      21        12.8444        0.00000
      22        13.6520        0.00000
      23        13.6520        0.00000
      24        14.4608        0.00000
      25        14.6774        0.00000
      26        15.4857        0.00000
      27        15.4858        0.00000
      28        16.2943        0.00000
      29        21.7887        0.00000
      30        21.7887        0.00000
      31        21.8769        0.00000
      32        23.3891        0.00000

 22/28 kpoint (Cartesian) = -0.022466 0.022466 0.022466 (5812 pws)
       1       -90.9322      0.0120210
       2       -90.9270      0.0120210
       3       -90.9264      0.0120210
       4       -90.9258      0.0120210
       5       -52.4643      0.0120210
       6       -52.4643      0.0120210
       7       -52.4642      0.0120210
       8       -52.4473      0.0120210
       9       -52.4470      0.0120210
      10       -52.4467      0.0120210
      11       -52.4457      0.0120210
      12       -52.4455      0.0120210
      13       -52.4453      0.0120210
      14       -52.4356      0.0120210
      15       -52.4333      0.0120210
      16       -52.4333      0.0120210
      17       0.751662      0.0120210
      18        8.34774      0.0120210
      19        8.34775      0.0120210
      20        8.34776      0.0120210
      21        12.0218      0.0120210
      22        12.0218      0.0120210
      23        12.0218      0.0120210
      24        15.6427        0.00000
      25        15.6428        0.00000
      26        15.6428        0.00000
      27        18.6607        0.00000
      28        18.6607        0.00000
      29        18.6607        0.00000
      30        19.8041        0.00000
      31        19.8041        0.00000
      32        19.8041        0.00000

 23/28 kpoint (Cartesian) = 0.022466 0.044931 0.022466 (5792 pws)
       1       -90.9318      0.0360631
       2       -90.9272      0.0360631
       3       -90.9264      0.0360631
       4       -90.9259      0.0360631
       5       -52.4633      0.0360631
       6       -52.4633      0.0360631
       7       -52.4626      0.0360631
       8       -52.4484      0.0360631
       9       -52.4483      0.0360631
      10       -52.4460      0.0360631
      11       -52.4453      0.0360631
      12       -52.4452      0.0360631
      13       -52.4447      0.0360631
      14       -52.4379      0.0360631
      15       -52.4341      0.0360631
      16       -52.4337      0.0360631
      17       0.991628      0.0360631
      18        6.97380      0.0360631
      19        8.57077      0.0360631
      20        8.57077      0.0360631
      21        12.2201      0.0360631
      22        12.2201      0.0360631
      23        13.7933        0.00000
      24        14.3507        0.00000
      25        14.3507        0.00000
      26        15.8761        0.00000
      27        17.9611        0.00000
      28        17.9611        0.00000
      29        18.8629        0.00000
      30        20.0323        0.00000
      31        21.1783        0.00000
      32        21.1783        0.00000

 24/28 kpoint (Cartesian) = 0.022466 0.022466 0.067397 (5791 pws)
       1       -90.9313      0.0360631
       2       -90.9276      0.0360631
       3       -90.9264      0.0360631
       4       -90.9261      0.0360631
       5       -52.4617      0.0360631
       6       -52.4617      0.0360631
       7       -52.4601      0.0360631
       8       -52.4500      0.0360631
       9       -52.4500      0.0360631
      10       -52.4452      0.0360631
      11       -52.4451      0.0360631
      12       -52.4445      0.0360631
      13       -52.4435      0.0360631
      14       -52.4410      0.0360631
      15       -52.4352      0.0360631
      16       -52.4347      0.0360631
      17        1.39051      0.0360631
      18        5.68824      0.0360631
      19        8.94106      0.0360631
      20        8.94106      0.0360631
      21        12.4452    2.19715e-13
      22        12.4452    2.18726e-13
      23        13.2564        0.00000
      24        13.2564        0.00000
      25        15.6749        0.00000
      26        16.3292        0.00000
      27        16.8923        0.00000
      28        16.8923        0.00000
      29        19.2000        0.00000
      30        20.2116        0.00000
      31        20.4124        0.00000
      32        22.9010        0.00000

 25/28 kpoint (Cartesian) = 0.022466 0.089863 0.022466 (5800 pws)
       1       -90.9306      0.0360631
       2       -90.9282      0.0360631
       3       -90.9264      0.0360631
       4       -90.9261      0.0360631
       5       -52.4598      0.0360631
       6       -52.4597      0.0360631
       7       -52.4567      0.0360631
       8       -52.4521      0.0360631
       9       -52.4520      0.0360631
      10       -52.4453      0.0360631
      11       -52.4451      0.0360631
      12       -52.4445      0.0360631
      13       -52.4426      0.0360631
      14       -52.4420      0.0360631
      15       -52.4368      0.0360631
      16       -52.4364      0.0360631
      17        1.94672      0.0360631
      18        4.53364      0.0360631
      19        9.45481      0.0360631
      20        9.45482      0.0360631
      21        11.8703      0.0360631
      22        11.8704      0.0360631
      23        13.2118        0.00000
      24        13.2118        0.00000
      25        15.9002        0.00000
      26        15.9002        0.00000
      27        16.6783        0.00000
      28        17.9418        0.00000
      29        19.1295        0.00000
      30        19.6724        0.00000
      31        20.9454        0.00000
      32        21.8982        0.00000

 26/28 kpoint (Cartesian) = 0.022466 0.11233 0.022466 (5792 pws)
       1       -90.9298      0.0360631
       2       -90.9289      0.0360631
       3       -90.9264      0.0360631
       4       -90.9261      0.0360631
       5       -52.4579      0.0360631
       6       -52.4578      0.0360631
       7       -52.4541      0.0360631
       8       -52.4540      0.0360631
       9       -52.4529      0.0360631
      10       -52.4488      0.0360631
      11       -52.4451      0.0360631
      12       -52.4450      0.0360631
      13       -52.4405      0.0360631
      14       -52.4403      0.0360631
      15       -52.4385      0.0360631
      16       -52.4384      0.0360631
      17        2.65807      0.0360631
      18        3.52166      0.0360631
      19        10.0885      0.0360631
      20        10.0885      0.0360631
      21        10.9904      0.0360631
      22        10.9904      0.0360631
      23        13.6488        0.00000
      24        13.6488        0.00000
      25        15.1511        0.00000
      26        15.1511        0.00000
      27        17.3678        0.00000
      28        18.1805        0.00000
      29        20.1143        0.00000
      30        20.2802        0.00000
      31        21.0228        0.00000
      32        21.6460        0.00000

 27/28 kpoint (Cartesian) = 0.044931 0.022466 0.044931 (5801 pws)
       1       -90.9315      0.0360631
       2       -90.9272      0.0360631
       3       -90.9267      0.0360631
       4       -90.9260      0.0360631
       5       -52.4624      0.0360631
       6       -52.4621      0.0360631
       7       -52.4620      0.0360631
       8       -52.4498      0.0360631
       9       -52.4472      0.0360631
      10       -52.4471      0.0360631
      11       -52.4447      0.0360631
      12       -52.4445      0.0360631
      13       -52.4442      0.0360631
      14       -52.4404      0.0360631
      15       -52.4347      0.0360631
      16       -52.4338      0.0360631
      17        1.23111      0.0360631
      18        7.20103      0.0360631
      19        7.20103      0.0360631
      20        8.79240      0.0360631
      21        12.2946      0.0307625
      22        13.2129        0.00000
      23        13.8949        0.00000
      24        13.8949        0.00000
      25        14.6719        0.00000
      26        14.6719        0.00000
      27        18.1791        0.00000
      28        18.1791        0.00000
      29        19.0693        0.00000
      30        20.1113        0.00000
      31        20.6553        0.00000
      32        21.3990        0.00000

 28/28 kpoint (Cartesian) = 0.044931 0.067397 0.022466 (5809 pws)
       1       -90.9310      0.0721262
       2       -90.9275      0.0721262
       3       -90.9267      0.0721262
       4       -90.9261      0.0721262
       5       -52.4612      0.0721262
       6       -52.4610      0.0721262
       7       -52.4601      0.0721262
       8       -52.4514      0.0721262
       9       -52.4487      0.0721262
      10       -52.4454      0.0721262
      11       -52.4443      0.0721262
      12       -52.4440      0.0721262
      13       -52.4434      0.0721262
      14       -52.4431      0.0721262
      15       -52.4359      0.0721262
      16       -52.4344      0.0721262
      17        1.62920      0.0721262
      18        5.91847      0.0721262
      19        7.57852      0.0721262
      20        9.15811      0.0721262
      21        11.6295      0.0721262
      22        13.0276        0.00000
      23        13.1994        0.00000
      24        14.4708        0.00000
      25        14.8138        0.00000
      26        16.0704        0.00000
      27        17.1369        0.00000
      28        18.4903        0.00000
      29        18.5490        0.00000
      30        18.8984        0.00000
      31        21.7657        0.00000
      32        22.0246        0.00000



------------------------------------------------------------------------------------------
TOTAL-FORCE (eV/Angstrom)                                                               
------------------------------------------------------------------------------------------
Al1                               0.0000000000         0.0000000000         0.0000000000
Al2                               0.0000000000         0.0000000000         0.0000000000
Al3                               0.0000000000         0.0000000000         0.0000000000
Al4                               0.0000000000         0.0000000000         0.0000000000
------------------------------------------------------------------------------------------
----------------------------------------------------------------
TOTAL-STRESS (KBAR)                                           
----------------------------------------------------------------
      102.1064149921         0.0000000000        -0.0000000000
        0.0000000000       102.1064149921         0.0000000000
       -0.0000000000         0.0000000000       102.1064149921
----------------------------------------------------------------
 TOTAL-PRESSURE: 102.106415 KBAR


 Largest gradient in stress is 0.000000

 Threshold is = 0.100000

 Relaxation is converged!


 --------------------------------------------
 !FINAL_ETOT_IS -7532.5816953808762264 eV
 --------------------------------------------


TIME STATISTICS
-------------------------------------------------------------------------------------
     CLASS_NAME                 NAME             TIME(Sec)  CALLS   AVG(Sec) PER(%)
-------------------------------------------------------------------------------------
                     total                        24.53          17   1.44   100.00
Driver               reading                       0.30           1   0.30     1.23
Input                Init                          0.01           1   0.01     0.04
Input_Conv           Convert                       0.29           1   0.29     1.19
Driver               driver_line                  24.23           1  24.23    98.77
UnitCell             check_tau                     0.00           1   0.00     0.00
PW_Basis_Sup         setuptransform                0.01           1   0.01     0.06
PW_Basis_Sup         distributeg                   0.00           1   0.00     0.00
mymath               heapsort                      0.01         453   0.00     0.02
Symmetry             analy_sys                     0.00           1   0.00     0.00
PW_Basis_K           setuptransform                0.03           1   0.03     0.12
PW_Basis_K           distributeg                   0.00           1   0.00     0.00
PW_Basis             setup_struc_factor            0.00           1   0.00     0.02
ppcell_vnl           init                          0.00           1   0.00     0.01
ppcell_vl            init_vloc                     0.00           1   0.00     0.01
ppcell_vnl           init_vnl                      0.04           1   0.04     0.15
WF_atomic            init_at_1                     0.00           1   0.00     0.00
wavefunc             wfcinit                       0.00           1   0.00     0.01
Ions                 opt_ions                     22.23           1  22.23    90.61
ESolver_KS_PW        run                          21.49           1  21.49    87.60
H_Ewald_pw           compute_ewald                 0.00           1   0.00     0.00
Charge               set_rho_core                  0.00           1   0.00     0.00
Charge               atomic_rho                    0.01           2   0.01     0.05
PW_Basis_Sup         recip2real                    0.20         117   0.00     0.82
PW_Basis_Sup         gathers_scatterp              0.02         117   0.00     0.08
Potential            init_pot                      0.05           1   0.05     0.18
Potential            update_from_charge            0.65          16   0.04     2.65
Potential            cal_fixed_v                   0.00           1   0.00     0.01
PotLocal             cal_fixed_v                   0.00           1   0.00     0.01
Potential            cal_v_eff                     0.64          16   0.04     2.61
H_Hartree_pw         v_hartree                     0.06          16   0.00     0.26
PW_Basis_Sup         real2recip                    0.25         151   0.00     1.03
PW_Basis_Sup         gatherp_scatters              0.02         151   0.00     0.07
PotXC                cal_v_eff                     0.57          16   0.04     2.34
XC_Functional        v_xc                          0.57          16   0.04     2.33
Potential            interpolate_vrs               0.00          16   0.00     0.01
Symmetry             rhog_symmetry                 0.12          17   0.01     0.48
Symmetry             group fft grids               0.02          17   0.00     0.10
Charge_Mixing        init_mixing                   0.00           1   0.00     0.00
ESolver_KS_PW        hamilt2density               20.48          16   1.28    83.49
HSolverPW            solve                        20.28          16   1.27    82.64
Nonlocal             getvnl                        0.21         448   0.00     0.85
pp_cell_vnl          getvnl                        0.23         504   0.00     0.96
Structure_Factor     get_sk                        0.08        1064   0.00     0.32
WF_atomic            atomic_wfc                    0.01          28   0.00     0.05
DiagoIterAssist      diagH_subspace_init           0.16          28   0.01     0.67
Operator             hPsi                          7.14       44161   0.00    29.12
Operator             EkineticPW                    0.45       44161   0.00     1.84
Operator             VeffPW                        5.57       44161   0.00    22.70
PW_Basis_K           recip_to_real gpu             3.33       71517   0.00    13.57
PW_Basis_K           real_to_recip gpu             2.50       57181   0.00    10.19
Operator             NonlocalPW                    1.09       44161   0.00     4.45
Nonlocal             add_nonlocal_pp               0.65       44161   0.00     2.64
DiagoIterAssist      diagH_LAPACK                  0.72         420   0.00     2.95
DiagoCG              diag_once                    11.84         448   0.03    48.26
DiagoCG_New          spsi_func                     0.32       87482   0.00     1.29
DiagoCG_New          hpsi_func                     5.87       43741   0.00    23.92
ElecStatePW          psiToRho                      0.86          16   0.05     3.52
Charge               rho_mpi                       0.01          16   0.00     0.03
Charge               reduce_diff_pools             0.01          16   0.00     0.03
Charge_Mixing        get_drho                      0.06          16   0.00     0.23
Charge_Mixing        inner_product_recip_rho       0.00          16   0.00     0.01
Charge               mix_rho                       0.07          14   0.00     0.27
Charge               Pulay_mixing                  0.01          14   0.00     0.05
Charge_Mixing        inner_product_recip_hartree   0.01          84   0.00     0.05
DiagoIterAssist      diagH_subspace                3.29         392   0.01    13.40
Forces               cal_force_loc                 0.01           1   0.01     0.02
Forces               cal_force_ew                  0.00           1   0.00     0.02
Forces               cal_force_nl                  0.08           1   0.08     0.34
Forces               cal_force_cc                  0.00           1   0.00     0.00
Forces               cal_force_scc                 0.01           1   0.01     0.03
Stress_PW            cal_stress                    0.63           1   0.63     2.58
Stress_Func          stress_kin                    0.04           1   0.04     0.18
Stress_Func          stress_har                    0.00           1   0.00     0.01
Stress_Func          stress_ewa                    0.00           1   0.00     0.01
Stress_Func          stress_gga                    0.02           1   0.02     0.09
Stress_Func          stress_loc                    0.01           1   0.01     0.03
Stress_Func          stress_cc                     0.00           1   0.00     0.00
Stress_Func          stress_nl                     0.55           1   0.55     2.26
ModuleIO             write_istate_info             0.00           1   0.00     0.01
-------------------------------------------------------------------------------------

 NAME-------------------------|MEMORY(MB)--------
                         total       191.5178
                        Psi_PW       159.6875
                  PW_B_K::gcar         7.4854
                     FFT::grid         5.5618
                      VNL::vkb         2.8516
                   PW_B_K::gk2         2.4951
                  SF::strucFac         1.4217
                      Chg::rho         1.3905
                 Chg::rho_save         1.3905
                 Chg::rho_core         1.3905
                 Pot::veff_fix         1.3905
                     Pot::veff         1.3905
              Pot::veff_smooth         1.3905
               PW_B_K::ig2ixyz         1.2476
 -------------   < 1.0 MB has been ignored ----------------
 ----------------------------------------------------------

 Start  Time  : Thu May 23 17:23:51 2024
 Finish Time  : Thu May 23 17:24:16 2024
 Total  Time  : 0 h 0 mins 25 secs 
