                                                                                     
                              ABACUS v3.6.3

               Atomic-orbital Based Ab-initio Computation at UStc                    

                     Website: http://abacus.ustc.edu.cn/                             
               Documentation: https://abacus.deepmodeling.com/                       
                  Repository: https://github.com/abacusmodeling/abacus-develop       
                              https://github.com/deepmodeling/abacus-develop         
                      Commit: f9124675f (Wed May 22 09:49:08 2024 +0800)

    Start Time is Thu May 23 17:24:23 2024
                                                                                     
 ------------------------------------------------------------------------------------

 READING GENERAL INFORMATION
                           global_out_dir = OUT.ABACUS/
                           global_in_card = INPUT
                               pseudo_dir = 
                              orbital_dir = 
                                    DRANK = 1
                                    DSIZE = 2
                                   DCOLOR = 1
                                    GRANK = 1
                                    GSIZE = 1
 The esolver type has been set to : ksdft_pw

 RUNNING WITH DEVICE  : GPU / NVIDIA GeForce RTX 4090




 >>>>>>>>>>>>>>>>>>>>>>>>>>>>>>>>>>>>>>>>>>>>>>>>>>>>>>>>>>>>>>>>>>>>>>
 |                                                                    |
 | Reading atom information in unitcell:                              |
 | From the input file and the structure file we know the number of   |
 | different elments in this unitcell, then we list the detail        |
 | information for each element, especially the zeta and polar atomic |
 | orbital number for each element. The total atom number is counted. |
 | We calculate the nearest atom distance for each atom and show the  |
 | Cartesian and Direct coordinates for each atom. We list the file   |
 | address for atomic orbitals. The volume and the lattice vectors    |
 | in real and reciprocal space is also shown.                        |
 |                                                                    |
 <<<<<<<<<<<<<<<<<<<<<<<<<<<<<<<<<<<<<<<<<<<<<<<<<<<<<<<<<<<<<<<<<<<<<<




 READING UNITCELL INFORMATION
                                    ntype = 1
                  lattice constant (Bohr) = 1.85769
              lattice constant (Angstrom) = 0.983047

 READING ATOM TYPE 1
                               atom label = Al
                      L=0, number of zeta = 1
                      L=1, number of zeta = 1
                      L=2, number of zeta = 1
             number of atom for this type = 4

                        TOTAL ATOM NUMBER = 4
DIRECT COORDINATES
   atom           x                y                z           mag          vx               vy               vz       
taud_Al1       0.0000000000     0.0000000000     0.0000000000 +0.0000     0.0000000000     0.0000000000     0.0000000000
taud_Al2       0.0000000000     0.5000000000     0.5000000000 +0.0000     0.0000000000     0.0000000000     0.0000000000
taud_Al3       0.5000000000     0.0000000000     0.5000000000 +0.0000     0.0000000000     0.0000000000     0.0000000000
taud_Al4       0.5000000000     0.5000000000     0.0000000000 +0.0000     0.0000000000     0.0000000000     0.0000000000


                          Volume (Bohr^3) = 424.801
                             Volume (A^3) = 62.949

 Lattice vectors: (Cartesian coordinate: in unit of a_0)
             +4.04658                  -0                  +0
                   -0            +4.04658                  -0
                   +0                  -0            +4.04658
 Reciprocal vectors: (Cartesian coordinate: in unit of 2 pi/a_0)
            +0.247122                  -0                  +0
                   -0           +0.247122                  -0
                   +0                  -0           +0.247122




 >>>>>>>>>>>>>>>>>>>>>>>>>>>>>>>>>>>>>>>>>>>>>>>>>>>>>>>>>>>>>>>>>>>>>>
 |                                                                    |
 | Reading pseudopotentials files:                                    |
 | The pseudopotential file is in UPF format. The 'NC' indicates that |
 | the type of pseudopotential is 'norm conserving'. Functional of    |
 | exchange and correlation is decided by 4 given parameters in UPF   |
 | file.  We also read in the 'core correction' if there exists.      |
 | Also we can read the valence electrons number and the maximal      |
 | angular momentum used in this pseudopotential. We also read in the |
 | trail wave function, trail atomic density and local-pseudopotential|
 | on logrithmic grid. The non-local pseudopotential projector is also|
 | read in if there is any.                                           |
 |                                                                    |
 <<<<<<<<<<<<<<<<<<<<<<<<<<<<<<<<<<<<<<<<<<<<<<<<<<<<<<<<<<<<<<<<<<<<<<




                PAO radial cut off (Bohr) = 15

 Read in pseudopotential file is pp_orb/Al_ONCV_PBE-1.0.upf
                     pseudopotential type = NC
          exchange-correlation functional = PBE
                 nonlocal core correction = 0
                        valence electrons = 11
                                     lmax = 1
                           number of zeta = 0
                     number of projectors = 4
                           L of projector = 0
                           L of projector = 0
                           L of projector = 1
                           L of projector = 1
     initial pseudo atomic orbital number = 0
                                   NLOCAL = 36

%%%%%%%%%%%%%%%%%%%%%%%%%%%%%%%%%%%%%%%%%%%%%%%%%%%%%%%%%%%%%%%%%%%%%%%%%%%%%%%%%%%%%%%%%%%%%%%%%%%%%%%%%%
 Warning: the number of valence electrons in pseudopotential > 3 for Al: [Ne] 3s2 3p1
 Pseudopotentials with additional electrons can yield (more) accurate outcomes, but may be less efficient.
 If you're confident that your chosen pseudopotential is appropriate, you can safely ignore this warning.
%%%%%%%%%%%%%%%%%%%%%%%%%%%%%%%%%%%%%%%%%%%%%%%%%%%%%%%%%%%%%%%%%%%%%%%%%%%%%%%%%%%%%%%%%%%%%%%%%%%%%%%%%%
                  




 >>>>>>>>>>>>>>>>>>>>>>>>>>>>>>>>>>>>>>>>>>>>>>>>>>>>>>>>>>>>>>>>>>>>>>
 |                                                                    |
 | Setup plane waves of charge/potential:                             |
 | Use the energy cutoff and the lattice vectors to generate the      |
 | dimensions of FFT grid. The number of FFT grid on each processor   |
 | is 'nrxx'. The number of plane wave basis in reciprocal space is   |
 | different for charege/potential and wave functions. We also set    |
 | the 'sticks' for the parallel of FFT. The number of plane waves    |
 | is 'npw' in each processor.                                        |
 <<<<<<<<<<<<<<<<<<<<<<<<<<<<<<<<<<<<<<<<<<<<<<<<<<<<<<<<<<<<<<<<<<<<<<





 SETUP THE PLANE WAVE BASIS
 energy cutoff for charge/potential (unit:Ry) = 360
            fft grid for charge/potential = [ 45, 45, 45 ]
                        fft grid division = [ 1, 1, 1 ]
        big fft grid for charge/potential = [ 45, 45, 45 ]
                                     nbxx = 91125
                                     nrxx = 91125

 SETUP PLANE WAVES FOR CHARGE/POTENTIAL
                    number of plane waves = 49029
                         number of sticks = 1617

 PARALLEL PW FOR CHARGE/POTENTIAL
     PROC   COLUMNS(POT)             PW
        1           1617          49029
 --------------- sum -------------------
        1           1617          49029
                            number of |g| = 431
                                  max |g| = 31.4507
                                  min |g| = 0

----------- Double Check Mixing Parameters Begin ------------
mixing_type: pulay
mixing_beta: 0.3
mixing_gg0: 1
mixing_gg0_min: 0.1
mixing_ndim: 8
----------- Double Check Mixing Parameters End ------------

 SETUP THE ELECTRONS NUMBER
            electron number of element Al = 11
      total electron number of element Al = 44
            AUTOSET number of electrons:  = 44
 DONE : SETUP UNITCELL Time : 1.97381 (SEC)





 >>>>>>>>>>>>>>>>>>>>>>>>>>>>>>>>>>>>>>>>>>>>>>>>>>>>>>>>>>>>>>>>>>>>>>
 |                                                                    |
 | Doing symmetry analysis:                                           |
 | We calculate the norm of 3 vectors and the angles between them,    |
 | the type of Bravais lattice is given. We can judge if the unticell |
 | is a primitive cell. Finally we give the point group operation for |
 | this unitcell. We use the point group operations to do symmetry |
 | analysis on given k-point mesh and the charge density.             |
 |                                                                    |
 <<<<<<<<<<<<<<<<<<<<<<<<<<<<<<<<<<<<<<<<<<<<<<<<<<<<<<<<<<<<<<<<<<<<<<




 LATTICE VECTORS: (CARTESIAN COORDINATE: IN UNIT OF A0)
             +4.04658                  -0                  +0
                   -0            +4.04658                  -0
                   +0                  -0            +4.04658
                       right hand lattice = 1
                                   NORM_A = 4.04658
                                   NORM_B = 4.04658
                                   NORM_C = 4.04658
                           ALPHA (DEGREE) = 90
                           BETA  (DEGREE) = 90
                           GAMMA (DEGREE) = 90

 The lattice vectors have been changed (STRU_SIMPLE.cif)

(for optimal symmetric configuration:)
                             BRAVAIS TYPE = 1
                     BRAVAIS LATTICE NAME = 01. Cubic P (simple)
                                    ibrav = 1
                                    IBRAV = 1
                                  BRAVAIS = SIMPLE CUBIC
                       LATTICE CONSTANT A = 4.04658
                       right hand lattice = 1
(for primitive cell:)
                                    IBRAV = 3
                                  BRAVAIS = FACE CENTERED CUBIC
                       LATTICE CONSTANT A = 4.04658
optimized lattice volume: 66.2622
optimized primitive cell volume: 16.5655
Original cell was built up by 4 primitive cells.
                        ROTATION MATRICES = 48
              PURE POINT GROUP OPERATIONS = 48
                   SPACE GROUP OPERATIONS = 48
                              POINT GROUP = O_h
               POINT GROUP IN SPACE GROUP = O_h
 DONE : SYMMETRY Time : 2.02642 (SEC)





 >>>>>>>>>>>>>>>>>>>>>>>>>>>>>>>>>>>>>>>>>>>>>>>>>>>>>>>>>>>>>>>>>>>>>>
 |                                                                    |
 | Setup K-points                                                     |
 | We setup the k-points according to input parameters.               |
 | The reduced k-points are set according to symmetry operations.     |
 | We treat the spin as another set of k-points.                      |
 |                                                                    |
 <<<<<<<<<<<<<<<<<<<<<<<<<<<<<<<<<<<<<<<<<<<<<<<<<<<<<<<<<<<<<<<<<<<<<<





 SETUP K-POINTS
                                    nspin = 1
                   Input type of k points = Monkhorst-Pack(Gamma)
                                   nkstot = 1331
                       right hand lattice = 1
(for reciprocal lattice: )
                             BRAVAIS TYPE = 1
                     BRAVAIS LATTICE NAME = 01. Cubic P (simple)
                                    ibrav = 1
                       right hand lattice = 1
(for k-lattice: )
                             BRAVAIS TYPE = 1
                     BRAVAIS LATTICE NAME = 01. Cubic P (simple)
                                    ibrav = 1
                       right hand lattice = 1
                        ROTATION MATRICES = 48
                               nkstot_ibz = 56
K-POINTS REDUCTION ACCORDING TO SYMMETRY
     IBZ     DIRECT_X     DIRECT_Y     DIRECT_Z WEIGHT ibz2bz
       1   0.00000000   0.00000000   0.00000000 0.0008 0     
       2   0.00000000   0.09090909   0.00000000 0.0045 1     
       3   0.00000000   0.18181818   0.00000000 0.0045 2     
       4   0.00000000   0.27272727   0.00000000 0.0045 3     
       5   0.00000000   0.36363636   0.00000000 0.0045 4     
       6   0.00000000   0.45454545   0.00000000 0.0045 5     
       7   0.09090909   0.00000000   0.09090909 0.0090 12    
       8   0.09090909   0.18181818   0.00000000 0.0180 13    
       9   0.09090909   0.27272727   0.00000000 0.0180 14    
      10   0.09090909   0.36363636   0.00000000 0.0180 15    
      11   0.09090909   0.45454545   0.00000000 0.0180 16    
      12   0.18181818   0.00000000   0.18181818 0.0090 24    
      13   0.18181818   0.27272727   0.00000000 0.0180 25    
      14   0.18181818   0.36363636   0.00000000 0.0180 26    
      15   0.18181818   0.45454545   0.00000000 0.0180 27    
      16   0.27272727   0.00000000   0.27272727 0.0090 36    
      17   0.27272727   0.36363636   0.00000000 0.0180 37    
      18   0.27272727   0.45454545   0.00000000 0.0180 38    
      19   0.36363636   0.00000000   0.36363636 0.0090 48    
      20   0.36363636   0.45454545   0.00000000 0.0180 49    
      21   0.45454545   0.00000000   0.45454545 0.0090 60    
      22  -0.09090909   0.09090909   0.09090909 0.0060 133   
      23   0.09090909   0.18181818   0.09090909 0.0180 134   
      24   0.09090909   0.09090909   0.27272727 0.0180 135   
      25   0.09090909   0.36363636   0.09090909 0.0180 136   
      26   0.09090909   0.45454545   0.09090909 0.0180 137   
      27   0.18181818   0.09090909   0.18181818 0.0180 145   
      28   0.18181818   0.27272727   0.09090909 0.0361 146   
      29   0.18181818   0.36363636   0.09090909 0.0361 147   
      30   0.18181818   0.45454545   0.09090909 0.0361 148   
      31   0.27272727   0.09090909   0.27272727 0.0180 157   
      32   0.27272727   0.36363636   0.09090909 0.0361 158   
      33   0.27272727   0.45454545   0.09090909 0.0361 159   
      34   0.36363636   0.09090909   0.36363636 0.0180 169   
      35   0.36363636   0.45454545   0.09090909 0.0361 170   
      36   0.45454545   0.09090909   0.45454545 0.0180 181   
      37  -0.18181818   0.18181818   0.18181818 0.0060 266   
      38   0.18181818   0.27272727   0.18181818 0.0180 267   
      39   0.18181818   0.36363636   0.18181818 0.0180 268   
      40   0.18181818   0.45454545   0.18181818 0.0180 269   
      41   0.27272727   0.18181818   0.27272727 0.0180 278   
      42   0.27272727   0.36363636   0.18181818 0.0361 279   
      43   0.27272727   0.45454545   0.18181818 0.0361 280   
      44   0.36363636   0.18181818   0.36363636 0.0180 290   
      45   0.36363636   0.45454545   0.18181818 0.0361 291   
      46   0.45454545   0.18181818   0.45454545 0.0180 302   
      47  -0.27272727   0.27272727   0.27272727 0.0060 399   
      48   0.27272727   0.36363636   0.27272727 0.0180 400   
      49   0.27272727   0.45454545   0.27272727 0.0180 401   
      50   0.36363636   0.27272727   0.36363636 0.0180 411   
      51   0.36363636   0.45454545   0.27272727 0.0361 412   
      52   0.45454545   0.27272727   0.45454545 0.0180 423   
      53  -0.36363636   0.36363636   0.36363636 0.0060 532   
      54   0.36363636   0.45454545   0.36363636 0.0180 533   
      55   0.45454545   0.36363636   0.45454545 0.0180 544   
      56  -0.45454545   0.45454545   0.45454545 0.0060 665   
                               nkstot now = 56
K-POINTS DIRECT COORDINATES
 KPOINTS     DIRECT_X     DIRECT_Y     DIRECT_Z WEIGHT
       1   0.00000000   0.00000000   0.00000000 0.0008
       2   0.00000000   0.09090909   0.00000000 0.0045
       3   0.00000000   0.18181818   0.00000000 0.0045
       4   0.00000000   0.27272727   0.00000000 0.0045
       5   0.00000000   0.36363636   0.00000000 0.0045
       6   0.00000000   0.45454545   0.00000000 0.0045
       7   0.09090909   0.00000000   0.09090909 0.0090
       8   0.09090909   0.18181818   0.00000000 0.0180
       9   0.09090909   0.27272727   0.00000000 0.0180
      10   0.09090909   0.36363636   0.00000000 0.0180
      11   0.09090909   0.45454545   0.00000000 0.0180
      12   0.18181818   0.00000000   0.18181818 0.0090
      13   0.18181818   0.27272727   0.00000000 0.0180
      14   0.18181818   0.36363636   0.00000000 0.0180
      15   0.18181818   0.45454545   0.00000000 0.0180
      16   0.27272727   0.00000000   0.27272727 0.0090
      17   0.27272727   0.36363636   0.00000000 0.0180
      18   0.27272727   0.45454545   0.00000000 0.0180
      19   0.36363636   0.00000000   0.36363636 0.0090
      20   0.36363636   0.45454545   0.00000000 0.0180
      21   0.45454545   0.00000000   0.45454545 0.0090
      22  -0.09090909   0.09090909   0.09090909 0.0060
      23   0.09090909   0.18181818   0.09090909 0.0180
      24   0.09090909   0.09090909   0.27272727 0.0180
      25   0.09090909   0.36363636   0.09090909 0.0180
      26   0.09090909   0.45454545   0.09090909 0.0180
      27   0.18181818   0.09090909   0.18181818 0.0180
      28   0.18181818   0.27272727   0.09090909 0.0361
      29   0.18181818   0.36363636   0.09090909 0.0361
      30   0.18181818   0.45454545   0.09090909 0.0361
      31   0.27272727   0.09090909   0.27272727 0.0180
      32   0.27272727   0.36363636   0.09090909 0.0361
      33   0.27272727   0.45454545   0.09090909 0.0361
      34   0.36363636   0.09090909   0.36363636 0.0180
      35   0.36363636   0.45454545   0.09090909 0.0361
      36   0.45454545   0.09090909   0.45454545 0.0180
      37  -0.18181818   0.18181818   0.18181818 0.0060
      38   0.18181818   0.27272727   0.18181818 0.0180
      39   0.18181818   0.36363636   0.18181818 0.0180
      40   0.18181818   0.45454545   0.18181818 0.0180
      41   0.27272727   0.18181818   0.27272727 0.0180
      42   0.27272727   0.36363636   0.18181818 0.0361
      43   0.27272727   0.45454545   0.18181818 0.0361
      44   0.36363636   0.18181818   0.36363636 0.0180
      45   0.36363636   0.45454545   0.18181818 0.0361
      46   0.45454545   0.18181818   0.45454545 0.0180
      47  -0.27272727   0.27272727   0.27272727 0.0060
      48   0.27272727   0.36363636   0.27272727 0.0180
      49   0.27272727   0.45454545   0.27272727 0.0180
      50   0.36363636   0.27272727   0.36363636 0.0180
      51   0.36363636   0.45454545   0.27272727 0.0361
      52   0.45454545   0.27272727   0.45454545 0.0180
      53  -0.36363636   0.36363636   0.36363636 0.0060
      54   0.36363636   0.45454545   0.36363636 0.0180
      55   0.45454545   0.36363636   0.45454545 0.0180
      56  -0.45454545   0.45454545   0.45454545 0.0060

           k-point number in this process = 28
       minimum distributed K point number = 28

K-POINTS CARTESIAN COORDINATES
 KPOINTS  CARTESIAN_X  CARTESIAN_Y  CARTESIAN_Z WEIGHT
       1   0.00000000   0.00000000   0.00000000 0.0015
       2   0.00000000   0.02246564   0.00000000 0.0090
       3   0.00000000   0.04493127   0.00000000 0.0090
       4   0.00000000   0.06739691   0.00000000 0.0090
       5   0.00000000   0.08986255   0.00000000 0.0090
       6   0.00000000   0.11232819   0.00000000 0.0090
       7   0.02246564   0.00000000   0.02246564 0.0180
       8   0.02246564   0.04493127   0.00000000 0.0361
       9   0.02246564   0.06739691   0.00000000 0.0361
      10   0.02246564   0.08986255   0.00000000 0.0361
      11   0.02246564   0.11232819   0.00000000 0.0361
      12   0.04493127   0.00000000   0.04493127 0.0180
      13   0.04493127   0.06739691   0.00000000 0.0361
      14   0.04493127   0.08986255   0.00000000 0.0361
      15   0.04493127   0.11232819   0.00000000 0.0361
      16   0.06739691   0.00000000   0.06739691 0.0180
      17   0.06739691   0.08986255   0.00000000 0.0361
      18   0.06739691   0.11232819   0.00000000 0.0361
      19   0.08986255   0.00000000   0.08986255 0.0180
      20   0.08986255   0.11232819   0.00000000 0.0361
      21   0.11232819   0.00000000   0.11232819 0.0180
      22  -0.02246564   0.02246564   0.02246564 0.0120
      23   0.02246564   0.04493127   0.02246564 0.0361
      24   0.02246564   0.02246564   0.06739691 0.0361
      25   0.02246564   0.08986255   0.02246564 0.0361
      26   0.02246564   0.11232819   0.02246564 0.0361
      27   0.04493127   0.02246564   0.04493127 0.0361
      28   0.04493127   0.06739691   0.02246564 0.0721

K-POINTS DIRECT COORDINATES
 KPOINTS     DIRECT_X     DIRECT_Y     DIRECT_Z WEIGHT
       1   0.00000000   0.00000000   0.00000000 0.0015
       2   0.00000000   0.09090909   0.00000000 0.0090
       3   0.00000000   0.18181818   0.00000000 0.0090
       4   0.00000000   0.27272727   0.00000000 0.0090
       5   0.00000000   0.36363636   0.00000000 0.0090
       6   0.00000000   0.45454545   0.00000000 0.0090
       7   0.09090909   0.00000000   0.09090909 0.0180
       8   0.09090909   0.18181818   0.00000000 0.0361
       9   0.09090909   0.27272727   0.00000000 0.0361
      10   0.09090909   0.36363636   0.00000000 0.0361
      11   0.09090909   0.45454545   0.00000000 0.0361
      12   0.18181818   0.00000000   0.18181818 0.0180
      13   0.18181818   0.27272727   0.00000000 0.0361
      14   0.18181818   0.36363636   0.00000000 0.0361
      15   0.18181818   0.45454545   0.00000000 0.0361
      16   0.27272727   0.00000000   0.27272727 0.0180
      17   0.27272727   0.36363636   0.00000000 0.0361
      18   0.27272727   0.45454545   0.00000000 0.0361
      19   0.36363636   0.00000000   0.36363636 0.0180
      20   0.36363636   0.45454545   0.00000000 0.0361
      21   0.45454545   0.00000000   0.45454545 0.0180
      22  -0.09090909   0.09090909   0.09090909 0.0120
      23   0.09090909   0.18181818   0.09090909 0.0361
      24   0.09090909   0.09090909   0.27272727 0.0361
      25   0.09090909   0.36363636   0.09090909 0.0361
      26   0.09090909   0.45454545   0.09090909 0.0361
      27   0.18181818   0.09090909   0.18181818 0.0361
      28   0.18181818   0.27272727   0.09090909 0.0721
 DONE : INIT K-POINTS Time : 2.12177 (SEC)





 >>>>>>>>>>>>>>>>>>>>>>>>>>>>>>>>>>>>>>>>>>>>>>>>>>>>>>>>>>>>>>>>>>>>>>
 |                                                                    |
 | Setup plane waves of wave functions:                               |
 | Use the energy cutoff and the lattice vectors to generate the      |
 | dimensions of FFT grid. The number of FFT grid on each processor   |
 | is 'nrxx'. The number of plane wave basis in reciprocal space is   |
 | different for charege/potential and wave functions. We also set    |
 | the 'sticks' for the parallel of FFT. The number of plane wave of  |
 | each k-point is 'npwk[ik]' in each processor                       |
 <<<<<<<<<<<<<<<<<<<<<<<<<<<<<<<<<<<<<<<<<<<<<<<<<<<<<<<<<<<<<<<<<<<<<<





 SETUP PLANE WAVES FOR WAVE FUNCTIONS
     energy cutoff for wavefunc (unit:Ry) = 90
              fft grid for wave functions = [ 45, 45, 45 ]
                    number of plane waves = 7497
                         number of sticks = 465

 PARALLEL PW FOR WAVE FUNCTIONS
     PROC   COLUMNS(POT)             PW
        1            465           7497
 --------------- sum -------------------
        1            465           7497
 DONE : INIT PLANEWAVE Time : 2.14184 (SEC)

                           occupied bands = 22
                                   NBANDS = 32
                                     npwx = 6146

 Warning_Memory_Consuming allocated:  Psi_PW 84.0273 MB

 SETUP NONLOCAL PSEUDOPOTENTIALS IN PLANE WAVE BASIS
 Al non-local projectors:
 projector 1 L=0
 projector 2 L=0
 projector 3 L=1
 projector 4 L=1
      TOTAL NUMBER OF NONLOCAL PROJECTORS = 32
 DONE : LOCAL POTENTIAL Time : 2.15711 (SEC)


 Init Non-Local PseudoPotential table : 
 Init Non-Local-Pseudopotential done.
 DONE : NON-LOCAL POTENTIAL Time : 2.19379 (SEC)


 Make real space PAO into reciprocal space.
       max mesh points in Pseudopotential = 601
     dq(describe PAO in reciprocal space) = 0.01
                                    max q = 1905

 number of pseudo atomic orbitals for Al is 0
 DONE : INIT BASIS Time : 2.23559 (SEC)


 -------------------------------------------
 STEP OF RELAXATION : 1
 -------------------------------------------
                                 init_chg = atomic
 DONE : INIT SCF Time : 2.30132 (SEC)


 PW ALGORITHM --------------- ION=   1  ELEC=   1--------------------------------
 Notice: Threshold on eigenvalues was too large.
 hsover_error=0.44 > DRHO=0.0660424
 Origin diag_ethr = 0.01
 New    diag_ethr = 0.000150096

 Density error is 0.0673481110689
                          Error Threshold = 0.000150096272031
------------------------------------------------------
  Energy         Rydberg                 eV         
------------------------------------------------------
E_KohnSham      -553.6580506251     -7532.9042320736
E_Harris        -553.6798199701     -7533.2004192077
E_Fermi            0.8570562281        11.6608482092
------------------------------------------------------

 PW ALGORITHM --------------- ION=   1  ELEC=   2--------------------------------

 Density error is 0.0313938572572
                          Error Threshold = 0.000153063888793
------------------------------------------------------
  Energy         Rydberg                 eV         
------------------------------------------------------
E_KohnSham      -553.6390828514     -7532.6461622730
E_Harris        -557.1952138833     -7581.0298071421
E_Fermi            0.8544491667        11.6253773185
------------------------------------------------------

 PW ALGORITHM --------------- ION=   1  ELEC=   3--------------------------------

 Density error is 0.000691612596219
                          Error Threshold = 7.13496755845e-05
------------------------------------------------------
  Energy         Rydberg                 eV         
------------------------------------------------------
E_KohnSham      -553.6450871755     -7532.7278552936
E_Harris        -554.1992649786     -7540.2678311210
E_Fermi            0.8490089298        11.5513590979
------------------------------------------------------

 PW ALGORITHM --------------- ION=   1  ELEC=   4--------------------------------

 Density error is 0.000556089103792
                          Error Threshold = 1.57184680959e-06
------------------------------------------------------
  Energy         Rydberg                 eV         
------------------------------------------------------
E_KohnSham      -553.6452273888     -7532.7297629930
E_Harris        -553.9952861040     -7537.4925561546
E_Fermi            0.8497509385        11.5614546447
------------------------------------------------------

 PW ALGORITHM --------------- ION=   1  ELEC=   5--------------------------------

 Density error is 1.4493865413e-05
                          Error Threshold = 1.26383887225e-06
------------------------------------------------------
  Energy         Rydberg                 eV         
------------------------------------------------------
E_KohnSham      -553.6452706499     -7532.7303515902
E_Harris        -553.7625586962     -7534.3261373277
E_Fermi            0.8490323781        11.5516781284
------------------------------------------------------

 PW ALGORITHM --------------- ION=   1  ELEC=   6--------------------------------

 Density error is 2.39560886976e-05
                          Error Threshold = 3.29406032113e-08
------------------------------------------------------
  Energy         Rydberg                 eV         
------------------------------------------------------
E_KohnSham      -553.6452882819     -7532.7305914870
E_Harris        -553.6290280022     -7532.5093590308
E_Fermi            0.8489832753        11.5510100512
------------------------------------------------------

 PW ALGORITHM --------------- ION=   1  ELEC=   7--------------------------------

 Density error is 1.49345900645e-05
                          Error Threshold = 3.29406032113e-08
------------------------------------------------------
  Energy         Rydberg                 eV         
------------------------------------------------------
E_KohnSham      -553.6452808652     -7532.7304905773
E_Harris        -553.5927499614     -7532.0157709639
E_Fermi            0.8489884921        11.5510810287
------------------------------------------------------

 PW ALGORITHM --------------- ION=   1  ELEC=   8--------------------------------

 Density error is 2.45331321519e-06
                          Error Threshold = 3.29406032113e-08
------------------------------------------------------
  Energy         Rydberg                 eV         
------------------------------------------------------
E_KohnSham      -553.6452807750     -7532.7304893502
E_Harris        -553.6187077214     -7532.3689444071
E_Fermi            0.8490032743        11.5512821511
------------------------------------------------------

 PW ALGORITHM --------------- ION=   1  ELEC=   9--------------------------------

 Density error is 3.81727461918e-07
                          Error Threshold = 5.5757118527e-09
------------------------------------------------------
  Energy         Rydberg                 eV         
------------------------------------------------------
E_KohnSham      -553.6452813019     -7532.7304965191
E_Harris        -553.6320384712     -7532.5503185635
E_Fermi            0.8490055750        11.5513134539
------------------------------------------------------

 PW ALGORITHM --------------- ION=   1  ELEC=  10--------------------------------

 Density error is 3.2041549995e-07
                          Error Threshold = 8.6756241345e-10
------------------------------------------------------
  Energy         Rydberg                 eV         
------------------------------------------------------
E_KohnSham      -553.6452811905     -7532.7304950027
E_Harris        -553.6383868018     -7532.6366920331
E_Fermi            0.8490049156        11.5513044819
------------------------------------------------------

 PW ALGORITHM --------------- ION=   1  ELEC=  11--------------------------------

 Density error is 9.62518687628e-08
                          Error Threshold = 7.28217045341e-10
------------------------------------------------------
  Energy         Rydberg                 eV         
------------------------------------------------------
E_KohnSham      -553.6452811518     -7532.7304944767
E_Harris        -553.6399251362     -7532.6576221453
E_Fermi            0.8490026422        11.5512735515
------------------------------------------------------

 PW ALGORITHM --------------- ION=   1  ELEC=  12--------------------------------

 Density error is 1.68266797471e-08
                          Error Threshold = 2.18754247188e-10
------------------------------------------------------
  Energy         Rydberg                 eV         
------------------------------------------------------
E_KohnSham      -553.6452811625     -7532.7304946214
E_Harris        -553.6424895468     -7532.6925127413
E_Fermi            0.8490047143        11.5513017429
------------------------------------------------------

 PW ALGORITHM --------------- ION=   1  ELEC=  13--------------------------------

 Density error is 8.85282826267e-09
                          Error Threshold = 3.82424539708e-11
----------------------------------------------------------
    Energy           Rydberg                 eV         
----------------------------------------------------------
E_KohnSham          -553.6452811584     -7532.7304945658
E_KS(sigma->0)      -553.6452518142     -7532.7300953179
E_Harris            -553.6434850085     -7532.7060566933
E_band              -141.7289523437     -1928.3213234447
E_one_elec          -331.3146373441     -4507.7668986834
E_Hartree            135.5933605703      1844.8423147244
E_xc                 -62.7284766970      -853.4647099391
E_Ewald             -295.1954689992     -4016.3404021719
E_entropy(-TS)        -0.0000586883        -0.0007984958
E_descf                0.0000000000         0.0000000000
E_exx                  0.0000000000         0.0000000000
E_Fermi                0.8490044262        11.5512978231
----------------------------------------------------------

 charge density convergence is achieved
 final etot is -7532.7304946 eV
 EFERMI = 11.551297823 eV

 STATE ENERGY(eV) AND OCCUPATIONS    NSPIN == 1
 1/28 kpoint (Cartesian) = 0.0000 0.0000 0.0000 (6043 pws)
       1       -91.7789     0.00150263
       2       -91.7742     0.00150263
       3       -91.7742     0.00150263
       4       -91.7742     0.00150263
       5       -53.2915     0.00150263
       6       -53.2915     0.00150263
       7       -53.2915     0.00150263
       8       -53.2761     0.00150263
       9       -53.2761     0.00150263
      10       -53.2761     0.00150263
      11       -53.2761     0.00150263
      12       -53.2761     0.00150263
      13       -53.2761     0.00150263
      14       -53.2655     0.00150263
      15       -53.2655     0.00150263
      16       -53.2655     0.00150263
      17       0.130786     0.00150263
      18        8.55527     0.00150263
      19        8.55527     0.00150263
      20        8.55528     0.00150263
      21        10.0033     0.00150263
      22        10.0033     0.00150263
      23        10.0033     0.00150263
      24        16.9420        0.00000
      25        16.9420        0.00000
      26        16.9420        0.00000
      27        17.4170        0.00000
      28        17.4170        0.00000
      29        17.4170        0.00000
      30        17.4170        0.00000
      31        17.4170        0.00000
      32        17.4170        0.00000

 2/28 kpoint (Cartesian) = 0.0000 0.022466 0.0000 (6123 pws)
       1       -91.7788     0.00901578
       2       -91.7743     0.00901578
       3       -91.7742     0.00901578
       4       -91.7742     0.00901578
       5       -53.2912     0.00901578
       6       -53.2912     0.00901578
       7       -53.2910     0.00901578
       8       -53.2764     0.00901578
       9       -53.2764     0.00901578
      10       -53.2761     0.00901578
      11       -53.2761     0.00901578
      12       -53.2759     0.00901578
      13       -53.2759     0.00901578
      14       -53.2660     0.00901578
      15       -53.2657     0.00901578
      16       -53.2657     0.00901578
      17       0.208170     0.00901578
      18        7.57432     0.00901578
      19        8.62587     0.00901578
      20        8.62587     0.00901578
      21        10.0767     0.00901578
      22        10.0767     0.00901578
      23        11.1179     0.00901578
      24        15.6577        0.00000
      25        15.6577        0.00000
      26        16.9157        0.00000
      27        16.9157        0.00000
      28        17.0185        0.00000
      29        17.4827        0.00000
      30        17.4827        0.00000
      31        18.8457        0.00000
      32        18.8457        0.00000

 3/28 kpoint (Cartesian) = 0.0000 0.044931 0.0000 (6127 pws)
       1       -91.7785     0.00901578
       2       -91.7746     0.00901578
       3       -91.7742     0.00901578
       4       -91.7742     0.00901578
       5       -53.2903     0.00901578
       6       -53.2903     0.00901578
       7       -53.2895     0.00901578
       8       -53.2773     0.00901578
       9       -53.2773     0.00901578
      10       -53.2761     0.00901578
      11       -53.2761     0.00901578
      12       -53.2752     0.00901578
      13       -53.2752     0.00901578
      14       -53.2676     0.00901578
      15       -53.2663     0.00901578
      16       -53.2663     0.00901578
      17       0.440039     0.00901578
      18        6.23505     0.00901578
      19        8.83776     0.00901578
      20        8.83776     0.00901578
      21        10.2950     0.00901578
      22        10.2950     0.00901578
      23        12.8578        0.00000
      24        14.3076        0.00000
      25        14.3076        0.00000
      26        15.9057        0.00000
      27        15.9057        0.00000
      28        17.2478        0.00000
      29        17.6800        0.00000
      30        17.6800        0.00000
      31        20.6284        0.00000
      32        20.6284        0.00000

 4/28 kpoint (Cartesian) = 0.0000 0.067397 0.0000 (6139 pws)
       1       -91.7781     0.00901578
       2       -91.7750     0.00901578
       3       -91.7742     0.00901578
       4       -91.7742     0.00901578
       5       -53.2888     0.00901578
       6       -53.2888     0.00901578
       7       -53.2871     0.00901578
       8       -53.2787     0.00901578
       9       -53.2787     0.00901578
      10       -53.2762     0.00901578
      11       -53.2761     0.00901578
      12       -53.2743     0.00901578
      13       -53.2743     0.00901578
      14       -53.2700     0.00901578
      15       -53.2673     0.00901578
      16       -53.2673     0.00901578
      17       0.825551     0.00901578
      18        4.98671     0.00901578
      19        9.19116     0.00901578
      20        9.19116     0.00901578
      21        10.6508     0.00901578
      22        10.6509     0.00901578
      23        13.0966        0.00000
      24        13.0966        0.00000
      25        14.7732        0.00000
      26        14.8343        0.00000
      27        14.8343        0.00000
      28        17.6294        0.00000
      29        18.0089        0.00000
      30        18.0089        0.00000
      31        21.6214        0.00000
      32        21.6214        0.00000

 5/28 kpoint (Cartesian) = 0.0000 0.089863 0.0000 (6134 pws)
       1       -91.7775     0.00901578
       2       -91.7756     0.00901578
       3       -91.7742     0.00901578
       4       -91.7742     0.00901578
       5       -53.2870     0.00901578
       6       -53.2870     0.00901578
       7       -53.2840     0.00901578
       8       -53.2806     0.00901578
       9       -53.2806     0.00901578
      10       -53.2762     0.00901578
      11       -53.2762     0.00901578
      12       -53.2732     0.00901578
      13       -53.2730     0.00901578
      14       -53.2730     0.00901578
      15       -53.2686     0.00901578
      16       -53.2686     0.00901578
      17        1.36331     0.00901578
      18        3.86732     0.00901578
      19        9.68648     0.00901578
      20        9.68648     0.00901578
      21        11.1210     0.00901578
      22        11.1210     0.00901578
      23        12.0288        0.00000
      24        12.0288        0.00000
      25        13.8558        0.00000
      26        13.8558        0.00000
      27        16.8245        0.00000
      28        18.1623        0.00000
      29        18.4697        0.00000
      30        18.4697        0.00000
      31        20.6406        0.00000
      32        20.6412        0.00000

 6/28 kpoint (Cartesian) = 0.0000 0.11233 0.0000 (6126 pws)
       1       -91.7769     0.00901578
       2       -91.7762     0.00901578
       3       -91.7742     0.00901578
       4       -91.7742     0.00901578
       5       -53.2849     0.00901578
       6       -53.2849     0.00901578
       7       -53.2827     0.00901578
       8       -53.2827     0.00901578
       9       -53.2805     0.00901578
      10       -53.2768     0.00901578
      11       -53.2762     0.00901578
      12       -53.2762     0.00901578
      13       -53.2715     0.00901578
      14       -53.2715     0.00901578
      15       -53.2700     0.00901578
      16       -53.2700     0.00901578
      17        2.05137     0.00901578
      18        2.88717     0.00901578
      19        10.3242     0.00901578
      20        10.3242     0.00901578
      21        11.1048     0.00901578
      22        11.1048     0.00901578
      23        11.5982    6.63097e-05
      24        11.5983    6.61598e-05
      25        13.1179        0.00000
      26        13.1180        0.00000
      27        18.8446        0.00000
      28        18.9984        0.00000
      29        19.0625        0.00000
      30        19.0625        0.00000
      31        19.6729        0.00000
      32        19.7868        0.00000

 7/28 kpoint (Cartesian) = 0.022466 0.0000 0.022466 (6132 pws)
       1       -91.7787      0.0180316
       2       -91.7743      0.0180316
       3       -91.7743      0.0180316
       4       -91.7742      0.0180316
       5       -53.2909      0.0180316
       6       -53.2907      0.0180316
       7       -53.2907      0.0180316
       8       -53.2770      0.0180316
       9       -53.2762      0.0180316
      10       -53.2762      0.0180316
      11       -53.2759      0.0180316
      12       -53.2759      0.0180316
      13       -53.2758      0.0180316
      14       -53.2668      0.0180316
      15       -53.2659      0.0180316
      16       -53.2656      0.0180316
      17       0.285506      0.0180316
      18        7.64680      0.0180316
      19        7.64680      0.0180316
      20        8.69649      0.0180316
      21        10.1492      0.0180316
      22        11.1888      0.0180316
      23        11.1888      0.0180316
      24        14.7121        0.00000
      25        15.7297        0.00000
      26        15.7297        0.00000
      27        16.9837        0.00000
      28        16.9837        0.00000
      29        17.5496        0.00000
      30        18.7287        0.00000
      31        18.9158        0.00000
      32        18.9158        0.00000

 8/28 kpoint (Cartesian) = 0.022466 0.044931 0.0000 (6127 pws)
       1       -91.7784      0.0360631
       2       -91.7746      0.0360631
       3       -91.7743      0.0360631
       4       -91.7742      0.0360631
       5       -53.2900      0.0360631
       6       -53.2899      0.0360631
       7       -53.2893      0.0360631
       8       -53.2781      0.0360631
       9       -53.2771      0.0360631
      10       -53.2758      0.0360631
      11       -53.2756      0.0360631
      12       -53.2755      0.0360631
      13       -53.2752      0.0360631
      14       -53.2685      0.0360631
      15       -53.2665      0.0360631
      16       -53.2660      0.0360631
      17       0.517232      0.0360631
      18        6.30873      0.0360631
      19        7.86402      0.0360631
      20        8.90841      0.0360631
      21        10.3632      0.0360631
      22        11.3994      0.0360631
      23        12.9252        0.00000
      24        13.4342        0.00000
      25        14.3791        0.00000
      26        15.9454        0.00000
      27        15.9782        0.00000
      28        16.8623        0.00000
      29        17.1879        0.00000
      30        19.1263        0.00000
      31        20.0470        0.00000
      32        20.6986        0.00000

 9/28 kpoint (Cartesian) = 0.022466 0.067397 0.0000 (6127 pws)
       1       -91.7780      0.0360631
       2       -91.7750      0.0360631
       3       -91.7743      0.0360631
       4       -91.7742      0.0360631
       5       -53.2886      0.0360631
       6       -53.2886      0.0360631
       7       -53.2871      0.0360631
       8       -53.2795      0.0360631
       9       -53.2785      0.0360631
      10       -53.2758      0.0360631
      11       -53.2755      0.0360631
      12       -53.2745      0.0360631
      13       -53.2741      0.0360631
      14       -53.2710      0.0360631
      15       -53.2675      0.0360631
      16       -53.2669      0.0360631
      17       0.902509      0.0360631
      18        5.06123      0.0360631
      19        8.22526      0.0360631
      20        9.26189      0.0360631
      21        10.6983      0.0360631
      22        11.7397        0.00000
      23        12.2687        0.00000
      24        13.1679        0.00000
      25        14.8333        0.00000
      26        14.9159        0.00000
      27        15.8063        0.00000
      28        16.3045        0.00000
      29        17.5304        0.00000
      30        19.4771        0.00000
      31        20.2074        0.00000
      32        21.1271        0.00000

 10/28 kpoint (Cartesian) = 0.022466 0.089863 0.0000 (6136 pws)
       1       -91.7775      0.0360631
       2       -91.7756      0.0360631
       3       -91.7743      0.0360631
       4       -91.7742      0.0360631
       5       -53.2870      0.0360631
       6       -53.2867      0.0360631
       7       -53.2842      0.0360631
       8       -53.2812      0.0360631
       9       -53.2803      0.0360631
      10       -53.2758      0.0360631
      11       -53.2755      0.0360631
      12       -53.2740      0.0360631
      13       -53.2733      0.0360631
      14       -53.2728      0.0360631
      15       -53.2688      0.0360631
      16       -53.2682      0.0360631
      17        1.43995      0.0360631
      18        3.94250      0.0360631
      19        8.72899      0.0360631
      20        9.75729      0.0360631
      21        10.8769      0.0360631
      22        11.5206      0.0340708
      23        12.1000        0.00000
      24        12.1672        0.00000
      25        13.9726        0.00000
      26        14.8096        0.00000
      27        16.8064        0.00000
      28        16.8569        0.00000
      29        18.0270        0.00000
      30        19.1540        0.00000
      31        19.9679        0.00000
      32        20.1504        0.00000

 11/28 kpoint (Cartesian) = 0.022466 0.11233 0.0000 (6127 pws)
       1       -91.7768      0.0360631
       2       -91.7762      0.0360631
       3       -91.7743      0.0360631
       4       -91.7743      0.0360631
       5       -53.2851      0.0360631
       6       -53.2846      0.0360631
       7       -53.2831      0.0360631
       8       -53.2824      0.0360631
       9       -53.2809      0.0360631
      10       -53.2774      0.0360631
      11       -53.2757      0.0360631
      12       -53.2756      0.0360631
      13       -53.2718      0.0360631
      14       -53.2713      0.0360631
      15       -53.2703      0.0360631
      16       -53.2697      0.0360631
      17        2.12760      0.0360631
      18        2.96292      0.0360631
      19        9.37162      0.0360631
      20        10.1399      0.0360631
      21        10.3951      0.0360631
      22        11.1759      0.0360631
      23        11.9237        0.00000
      24        12.3834        0.00000
      25        13.4909        0.00000
      26        13.9620        0.00000
      27        17.4498        0.00000
      28        18.2332        0.00000
      29        18.4873        0.00000
      30        19.1715        0.00000
      31        19.2834        0.00000
      32        20.5975        0.00000

 12/28 kpoint (Cartesian) = 0.044931 0.0000 0.044931 (6120 pws)
       1       -91.7782      0.0180316
       2       -91.7746      0.0180316
       3       -91.7746      0.0180316
       4       -91.7742      0.0180316
       5       -53.2891      0.0180316
       6       -53.2888      0.0180316
       7       -53.2888      0.0180316
       8       -53.2794      0.0180316
       9       -53.2765      0.0180316
      10       -53.2764      0.0180316
      11       -53.2751      0.0180316
      12       -53.2751      0.0180316
      13       -53.2749      0.0180316
      14       -53.2705      0.0180316
      15       -53.2672      0.0180316
      16       -53.2660      0.0180316
      17       0.748532      0.0180316
      18        6.52952      0.0180316
      19        6.52953      0.0180316
      20        9.12046      0.0180316
      21        10.5511      0.0180316
      22        12.1999        0.00000
      23        13.1222        0.00000
      24        13.1222        0.00000
      25        14.5937        0.00000
      26        14.5937        0.00000
      27        16.1986        0.00000
      28        16.1986        0.00000
      29        17.9476        0.00000
      30        19.5182        0.00000
      31        20.0628        0.00000
      32        20.9092        0.00000

 13/28 kpoint (Cartesian) = 0.044931 0.067397 0.0000 (6134 pws)
       1       -91.7778      0.0360631
       2       -91.7750      0.0360631
       3       -91.7745      0.0360631
       4       -91.7743      0.0360631
       5       -53.2880      0.0360631
       6       -53.2877      0.0360631
       7       -53.2870      0.0360631
       8       -53.2809      0.0360631
       9       -53.2778      0.0360631
      10       -53.2754      0.0360631
      11       -53.2749      0.0360631
      12       -53.2745      0.0360631
      13       -53.2738      0.0360631
      14       -53.2730      0.0360631
      15       -53.2682      0.0360631
      16       -53.2666      0.0360631
      17        1.13311      0.0360631
      18        5.28452      0.0360631
      19        6.89666      0.0360631
      20        9.47414      0.0360631
      21        10.5975      0.0360631
      22        11.3270      0.0360631
      23        13.3820        0.00000
      24        13.4152        0.00000
      25        14.9512        0.00000
      26        14.9898        0.00000
      27        15.1818        0.00000
      28        16.5884        0.00000
      29        17.3827        0.00000
      30        18.8659        0.00000
      31        20.1425        0.00000
      32        20.8382        0.00000

 14/28 kpoint (Cartesian) = 0.044931 0.089863 0.0000 (6133 pws)
       1       -91.7773      0.0360631
       2       -91.7755      0.0360631
       3       -91.7745      0.0360631
       4       -91.7743      0.0360631
       5       -53.2869      0.0360631
       6       -53.2859      0.0360631
       7       -53.2847      0.0360631
       8       -53.2825      0.0360631
       9       -53.2796      0.0360631
      10       -53.2759      0.0360631
      11       -53.2746      0.0360631
      12       -53.2743      0.0360631
      13       -53.2741      0.0360631
      14       -53.2723      0.0360631
      15       -53.2695      0.0360631
      16       -53.2676      0.0360631
      17        1.66959      0.0360631
      18        4.16781      0.0360631
      19        7.40868      0.0360631
      20        9.76288      0.0360631
      21        9.96982      0.0360631
      22        11.5984    0.000260527
      23        12.3136        0.00000
      24        13.5352        0.00000
      25        14.5398        0.00000
      26        15.4515        0.00000
      27        16.4402        0.00000
      28        16.6718        0.00000
      29        17.4353        0.00000
      30        17.8030        0.00000
      31        19.1647        0.00000
      32        21.7482        0.00000

 15/28 kpoint (Cartesian) = 0.044931 0.11233 0.0000 (6139 pws)
       1       -91.7767      0.0360631
       2       -91.7761      0.0360631
       3       -91.7744      0.0360631
       4       -91.7744      0.0360631
       5       -53.2856      0.0360631
       6       -53.2841      0.0360631
       7       -53.2838      0.0360631
       8       -53.2819      0.0360631
       9       -53.2817      0.0360631
      10       -53.2789      0.0360631
      11       -53.2744      0.0360631
      12       -53.2743      0.0360631
      13       -53.2726      0.0360631
      14       -53.2710      0.0360631
      15       -53.2707      0.0360631
      16       -53.2690      0.0360631
      17        2.35604      0.0360631
      18        3.18992      0.0360631
      19        8.06299      0.0360631
      20        8.85405      0.0360631
      21        10.6080      0.0360631
      22        11.3891      0.0360631
      23        12.2085        0.00000
      24        12.9356        0.00000
      25        14.8619        0.00000
      26        15.5730        0.00000
      27        16.0941        0.00000
      28        16.8783        0.00000
      29        17.5102        0.00000
      30        18.2877        0.00000
      31        19.3791        0.00000
      32        21.6167        0.00000

 16/28 kpoint (Cartesian) = 0.067397 0.0000 0.067397 (6116 pws)
       1       -91.7774      0.0180316
       2       -91.7749      0.0180316
       3       -91.7749      0.0180316
       4       -91.7744      0.0180316
       5       -53.2868      0.0180316
       6       -53.2868      0.0180316
       7       -53.2863      0.0180316
       8       -53.2824      0.0180316
       9       -53.2768      0.0180316
      10       -53.2767      0.0180316
      11       -53.2755      0.0180316
      12       -53.2736      0.0180316
      13       -53.2734      0.0180316
      14       -53.2734      0.0180316
      15       -53.2693      0.0180316
      16       -53.2667      0.0180316
      17        1.51654      0.0180316
      18        5.65584      0.0180316
      19        5.65585      0.0180316
      20        9.62859      0.0180316
      21        9.82815      0.0180316
      22        11.4662      0.0180315
      23        13.7387        0.00000
      24        13.7388        0.00000
      25        14.9740        0.00000
      26        14.9740        0.00000
      27        15.8820        0.00000
      28        15.8820        0.00000
      29        17.6593        0.00000
      30        18.6121        0.00000
      31        19.0964        0.00000
      32        20.3583        0.00000

 17/28 kpoint (Cartesian) = 0.067397 0.089863 0.0000 (6119 pws)
       1       -91.7770      0.0360631
       2       -91.7753      0.0360631
       3       -91.7748      0.0360631
       4       -91.7745      0.0360631
       5       -53.2865      0.0360631
       6       -53.2852      0.0360631
       7       -53.2846      0.0360631
       8       -53.2838      0.0360631
       9       -53.2785      0.0360631
      10       -53.2781      0.0360631
      11       -53.2754      0.0360631
      12       -53.2731      0.0360631
      13       -53.2731      0.0360631
      14       -53.2718      0.0360631
      15       -53.2706      0.0360631
      16       -53.2674      0.0360631
      17        2.05144      0.0360631
      18        4.54248      0.0360631
      19        6.17388      0.0360631
      20        8.57824      0.0360631
      21        10.3243      0.0360631
      22        11.9500        0.00000
      23        12.6698        0.00000
      24        14.2304        0.00000
      25        14.2382        0.00000
      26        15.7741        0.00000
      27        16.0994        0.00000
      28        16.5917        0.00000
      29        17.6126        0.00000
      30        18.1118        0.00000
      31        18.2015        0.00000
      32        21.7646        0.00000

 18/28 kpoint (Cartesian) = 0.067397 0.11233 0.0000 (6146 pws)
       1       -91.7764      0.0360631
       2       -91.7759      0.0360631
       3       -91.7747      0.0360631
       4       -91.7746      0.0360631
       5       -53.2858      0.0360631
       6       -53.2850      0.0360631
       7       -53.2832      0.0360631
       8       -53.2826      0.0360631
       9       -53.2808      0.0360631
      10       -53.2805      0.0360631
      11       -53.2738      0.0360631
      12       -53.2728      0.0360631
      13       -53.2728      0.0360631
      14       -53.2722      0.0360631
      15       -53.2701      0.0360631
      16       -53.2686      0.0360631
      17        2.73591      0.0360631
      18        3.56740      0.0360631
      19        6.83651      0.0360631
      20        7.64028      0.0360631
      21        10.9629      0.0360631
      22        11.7446        0.00000
      23        12.5923        0.00000
      24        13.3651        0.00000
      25        14.8804        0.00000
      26        15.6650        0.00000
      27        16.4530        0.00000
      28        16.6748        0.00000
      29        17.2269        0.00000
      30        17.4013        0.00000
      31        19.7127        0.00000
      32        21.9318        0.00000

 19/28 kpoint (Cartesian) = 0.089863 0.0000 0.089863 (6116 pws)
       1       -91.7766      0.0180316
       2       -91.7752      0.0180316
       3       -91.7752      0.0180316
       4       -91.7746      0.0180316
       5       -53.2856      0.0180316
       6       -53.2856      0.0180316
       7       -53.2848      0.0180316
       8       -53.2829      0.0180316
       9       -53.2804      0.0180316
      10       -53.2771      0.0180316
      11       -53.2771      0.0180316
      12       -53.2721      0.0180316
      13       -53.2721      0.0180316
      14       -53.2714      0.0180316
      15       -53.2714      0.0180316
      16       -53.2677      0.0180316
      17        2.58417      0.0180316
      18        5.06524      0.0180316
      19        5.06525      0.0180316
      20        7.49745      0.0180316
      21        10.8209      0.0180316
      22        12.4587        0.00000
      23        13.1686        0.00000
      24        13.1686        0.00000
      25        14.7922        0.00000
      26        14.7922        0.00000
      27        15.5219        0.00000
      28        17.1185        0.00000
      29        18.0611        0.00000
      30        18.0611        0.00000
      31        19.5444        0.00000
      32        21.4243        0.00000

 20/28 kpoint (Cartesian) = 0.089863 0.11233 0.0000 (6123 pws)
       1       -91.7761      0.0360631
       2       -91.7756      0.0360631
       3       -91.7750      0.0360631
       4       -91.7748      0.0360631
       5       -53.2857      0.0360631
       6       -53.2855      0.0360631
       7       -53.2843      0.0360631
       8       -53.2825      0.0360631
       9       -53.2810      0.0360631
      10       -53.2790      0.0360631
      11       -53.2754      0.0360631
      12       -53.2737      0.0360631
      13       -53.2715      0.0360631
      14       -53.2712      0.0360631
      15       -53.2698      0.0360631
      16       -53.2685      0.0360631
      17        3.26591      0.0360631
      18        4.09410      0.0360631
      19        5.73418      0.0360631
      20        6.54644      0.0360631
      21        11.4603      0.0360631
      22        12.2427        0.00000
      23        13.1096        0.00000
      24        13.8102        0.00000
      25        13.8925        0.00000
      26        14.5946        0.00000
      27        15.4494        0.00000
      28        16.2258        0.00000
      29        18.6463        0.00000
      30        19.2966        0.00000
      31        20.1602        0.00000
      32        22.2848        0.00000

 21/28 kpoint (Cartesian) = 0.11233 0.0000 0.11233 (6136 pws)
       1       -91.7757      0.0180316
       2       -91.7754      0.0180316
       3       -91.7754      0.0180316
       4       -91.7751      0.0180316
       5       -53.2855      0.0180316
       6       -53.2851      0.0180316
       7       -53.2851      0.0180316
       8       -53.2840      0.0180316
       9       -53.2792      0.0180316
      10       -53.2773      0.0180316
      11       -53.2772      0.0180316
      12       -53.2755      0.0180316
      13       -53.2705      0.0180316
      14       -53.2699      0.0180316
      15       -53.2699      0.0180316
      16       -53.2690      0.0180316
      17        3.94416      0.0180316
      18        4.76812      0.0180316
      19        4.76813      0.0180316
      20        5.58686      0.0180316
      21        12.1003        0.00000
      22        12.8835        0.00000
      23        12.8836        0.00000
      24        13.6675        0.00000
      25        13.7624        0.00000
      26        14.5458        0.00000
      27        14.5458        0.00000
      28        15.3262        0.00000
      29        20.6603        0.00000
      30        20.6603        0.00000
      31        20.7450        0.00000
      32        22.2123        0.00000

 22/28 kpoint (Cartesian) = -0.022466 0.022466 0.022466 (6145 pws)
       1       -91.7786      0.0120210
       2       -91.7743      0.0120210
       3       -91.7743      0.0120210
       4       -91.7743      0.0120210
       5       -53.2904      0.0120210
       6       -53.2904      0.0120210
       7       -53.2904      0.0120210
       8       -53.2768      0.0120210
       9       -53.2767      0.0120210
      10       -53.2767      0.0120210
      11       -53.2756      0.0120210
      12       -53.2756      0.0120210
      13       -53.2756      0.0120210
      14       -53.2676      0.0120210
      15       -53.2658      0.0120210
      16       -53.2658      0.0120210
      17       0.362794      0.0120210
      18        7.71921      0.0120210
      19        7.71922      0.0120210
      20        7.71922      0.0120210
      21        11.2583      0.0120210
      22        11.2583      0.0120210
      23        11.2583      0.0120210
      24        14.7851        0.00000
      25        14.7851        0.00000
      26        14.7851        0.00000
      27        17.6153        0.00000
      28        17.6153        0.00000
      29        17.6153        0.00000
      30        18.8021        0.00000
      31        18.8021        0.00000
      32        18.8021        0.00000

 23/28 kpoint (Cartesian) = 0.022466 0.044931 0.022466 (6125 pws)
       1       -91.7784      0.0360631
       2       -91.7746      0.0360631
       3       -91.7743      0.0360631
       4       -91.7743      0.0360631
       5       -53.2897      0.0360631
       6       -53.2897      0.0360631
       7       -53.2892      0.0360631
       8       -53.2778      0.0360631
       9       -53.2778      0.0360631
      10       -53.2760      0.0360631
      11       -53.2754      0.0360631
      12       -53.2753      0.0360631
      13       -53.2750      0.0360631
      14       -53.2694      0.0360631
      15       -53.2664      0.0360631
      16       -53.2661      0.0360631
      17       0.594377      0.0360631
      18        6.38236      0.0360631
      19        7.93621      0.0360631
      20        7.93622      0.0360631
      21        11.4609      0.0360631
      22        11.4610      0.0360631
      23        12.9878        0.00000
      24        13.5128        0.00000
      25        13.5129        0.00000
      26        15.0067        0.00000
      27        16.9318        0.00000
      28        16.9319        0.00000
      29        17.8127        0.00000
      30        19.0221        0.00000
      31        20.1182        0.00000
      32        20.1182        0.00000

 24/28 kpoint (Cartesian) = 0.022466 0.022466 0.067397 (6131 pws)
       1       -91.7779      0.0360631
       2       -91.7750      0.0360631
       3       -91.7743      0.0360631
       4       -91.7743      0.0360631
       5       -53.2884      0.0360631
       6       -53.2884      0.0360631
       7       -53.2871      0.0360631
       8       -53.2791      0.0360631
       9       -53.2791      0.0360631
      10       -53.2753      0.0360631
      11       -53.2752      0.0360631
      12       -53.2748      0.0360631
      13       -53.2740      0.0360631
      14       -53.2719      0.0360631
      15       -53.2674      0.0360631
      16       -53.2670      0.0360631
      17       0.979420      0.0360631
      18        5.13570      0.0360631
      19        8.29685      0.0360631
      20        8.29686      0.0360631
      21        11.7238        0.00000
      22        11.7238        0.00000
      23        12.4099        0.00000
      24        12.4099        0.00000
      25        14.8430        0.00000
      26        15.4200        0.00000
      27        15.8803        0.00000
      28        15.8803        0.00000
      29        18.1419        0.00000
      30        19.2110        0.00000
      31        19.3878        0.00000
      32        21.7579        0.00000

 25/28 kpoint (Cartesian) = 0.022466 0.089863 0.022466 (6127 pws)
       1       -91.7774      0.0360631
       2       -91.7755      0.0360631
       3       -91.7743      0.0360631
       4       -91.7743      0.0360631
       5       -53.2869      0.0360631
       6       -53.2869      0.0360631
       7       -53.2844      0.0360631
       8       -53.2807      0.0360631
       9       -53.2807      0.0360631
      10       -53.2752      0.0360631
      11       -53.2752      0.0360631
      12       -53.2749      0.0360631
      13       -53.2733      0.0360631
      14       -53.2728      0.0360631
      15       -53.2686      0.0360631
      16       -53.2683      0.0360631
      17        1.51654      0.0360631
      18        4.01765      0.0360631
      19        8.79857      0.0360631
      20        8.79857      0.0360631
      21        11.1528      0.0360631
      22        11.1528      0.0360631
      23        12.3948        0.00000
      24        12.3948        0.00000
      25        14.8946        0.00000
      26        14.8946        0.00000
      27        15.8088        0.00000
      28        16.9975        0.00000
      29        18.1653        0.00000
      30        18.6031        0.00000
      31        19.8984        0.00000
      32        20.7765        0.00000

 26/28 kpoint (Cartesian) = 0.022466 0.11233 0.022466 (6129 pws)
       1       -91.7768      0.0360631
       2       -91.7761      0.0360631
       3       -91.7743      0.0360631
       4       -91.7743      0.0360631
       5       -53.2853      0.0360631
       6       -53.2853      0.0360631
       7       -53.2823      0.0360631
       8       -53.2823      0.0360631
       9       -53.2814      0.0360631
      10       -53.2781      0.0360631
      11       -53.2752      0.0360631
      12       -53.2752      0.0360631
      13       -53.2716      0.0360631
      14       -53.2714      0.0360631
      15       -53.2700      0.0360631
      16       -53.2698      0.0360631
      17        2.20379      0.0360631
      18        3.03863      0.0360631
      19        9.42599      0.0360631
      20        9.42600      0.0360631
      21        10.2722      0.0360631
      22        10.2722      0.0360631
      23        12.8875        0.00000
      24        12.8875        0.00000
      25        14.1114        0.00000
      26        14.1115        0.00000
      27        16.4663        0.00000
      28        17.2492        0.00000
      29        19.1335        0.00000
      30        19.1963        0.00000
      31        19.9213        0.00000
      32        20.5588        0.00000

 27/28 kpoint (Cartesian) = 0.044931 0.022466 0.044931 (6130 pws)
       1       -91.7781      0.0360631
       2       -91.7746      0.0360631
       3       -91.7746      0.0360631
       4       -91.7743      0.0360631
       5       -53.2889      0.0360631
       6       -53.2887      0.0360631
       7       -53.2887      0.0360631
       8       -53.2790      0.0360631
       9       -53.2769      0.0360631
      10       -53.2768      0.0360631
      11       -53.2748      0.0360631
      12       -53.2747      0.0360631
      13       -53.2747      0.0360631
      14       -53.2714      0.0360631
      15       -53.2669      0.0360631
      16       -53.2662      0.0360631
      17       0.825537      0.0360631
      18        6.60299      0.0360631
      19        6.60299      0.0360631
      20        8.15232      0.0360631
      21        11.5780     0.00297107
      22        12.3463        0.00000
      23        13.1228        0.00000
      24        13.1228        0.00000
      25        13.7958        0.00000
      26        13.7958        0.00000
      27        17.1410        0.00000
      28        17.1410        0.00000
      29        18.0135        0.00000
      30        19.1098        0.00000
      31        19.5923        0.00000
      32        20.3315        0.00000

 28/28 kpoint (Cartesian) = 0.044931 0.067397 0.022466 (6123 pws)
       1       -91.7777      0.0721262
       2       -91.7750      0.0721262
       3       -91.7745      0.0721262
       4       -91.7744      0.0721262
       5       -53.2880      0.0721262
       6       -53.2879      0.0721262
       7       -53.2871      0.0721262
       8       -53.2802      0.0721262
       9       -53.2781      0.0721262
      10       -53.2755      0.0721262
      11       -53.2745      0.0721262
      12       -53.2743      0.0721262
      13       -53.2739      0.0721262
      14       -53.2737      0.0721262
      15       -53.2679      0.0721262
      16       -53.2667      0.0721262
      17        1.20988      0.0721262
      18        5.35886      0.0721262
      19        6.96977      0.0721262
      20        8.51013      0.0721262
      21        10.9202      0.0721262
      22        12.1730        0.00000
      23        12.4405        0.00000
      24        13.6193        0.00000
      25        14.0035        0.00000
      26        15.1726        0.00000
      27        16.1070        0.00000
      28        17.4521        0.00000
      29        17.4931        0.00000
      30        17.9357        0.00000
      31        20.6855        0.00000
      32        20.9087        0.00000



------------------------------------------------------------------------------------------
TOTAL-FORCE (eV/Angstrom)                                                               
------------------------------------------------------------------------------------------
Al1                               0.0000000000         0.0000000000         0.0000000000
Al2                               0.0000000000         0.0000000000         0.0000000000
Al3                               0.0000000000         0.0000000000         0.0000000000
Al4                               0.0000000000         0.0000000000         0.0000000000
------------------------------------------------------------------------------------------
----------------------------------------------------------------
TOTAL-STRESS (KBAR)                                           
----------------------------------------------------------------
       44.9499915751        -0.0000000000         0.0000000000
       -0.0000000000        44.9499915751         0.0000000000
        0.0000000000         0.0000000000        44.9499915751
----------------------------------------------------------------
 TOTAL-PRESSURE: 44.949992 KBAR


 Largest gradient in stress is 0.000000

 Threshold is = 0.100000

 Relaxation is converged!


 --------------------------------------------
 !FINAL_ETOT_IS -7532.7304945657597273 eV
 --------------------------------------------


TIME STATISTICS
-------------------------------------------------------------------------------------
     CLASS_NAME                 NAME             TIME(Sec)  CALLS   AVG(Sec) PER(%)
-------------------------------------------------------------------------------------
                     total                        22.99          17   1.35   100.00
Driver               reading                       0.27           1   0.27     1.18
Input                Init                          0.01           1   0.01     0.04
Input_Conv           Convert                       0.26           1   0.26     1.14
Driver               driver_line                  22.72           1  22.72    98.82
UnitCell             check_tau                     0.00           1   0.00     0.00
PW_Basis_Sup         setuptransform                0.01           1   0.01     0.06
PW_Basis_Sup         distributeg                   0.00           1   0.00     0.00
mymath               heapsort                      0.01         453   0.00     0.02
Symmetry             analy_sys                     0.00           1   0.00     0.00
PW_Basis_K           setuptransform                0.01           1   0.01     0.05
PW_Basis_K           distributeg                   0.00           1   0.00     0.00
PW_Basis             setup_struc_factor            0.00           1   0.00     0.02
ppcell_vnl           init                          0.00           1   0.00     0.01
ppcell_vl            init_vloc                     0.00           1   0.00     0.01
ppcell_vnl           init_vnl                      0.04           1   0.04     0.16
WF_atomic            init_at_1                     0.00           1   0.00     0.00
wavefunc             wfcinit                       0.00           1   0.00     0.01
Ions                 opt_ions                     20.75           1  20.75    90.23
ESolver_KS_PW        run                          19.94           1  19.94    86.71
H_Ewald_pw           compute_ewald                 0.00           1   0.00     0.00
Charge               set_rho_core                  0.00           1   0.00     0.00
Charge               atomic_rho                    0.01           2   0.01     0.06
PW_Basis_Sup         recip2real                    0.18         103   0.00     0.77
PW_Basis_Sup         gathers_scatterp              0.02         103   0.00     0.08
Potential            init_pot                      0.05           1   0.05     0.20
Potential            update_from_charge            0.56          14   0.04     2.43
Potential            cal_fixed_v                   0.00           1   0.00     0.01
PotLocal             cal_fixed_v                   0.00           1   0.00     0.01
Potential            cal_v_eff                     0.55          14   0.04     2.40
H_Hartree_pw         v_hartree                     0.06          14   0.00     0.24
PW_Basis_Sup         real2recip                    0.22         133   0.00     0.96
PW_Basis_Sup         gatherp_scatters              0.02         133   0.00     0.07
PotXC                cal_v_eff                     0.49          14   0.04     2.14
XC_Functional        v_xc                          0.49          14   0.04     2.13
Potential            interpolate_vrs               0.00          14   0.00     0.01
Symmetry             rhog_symmetry                 0.11          15   0.01     0.47
Symmetry             group fft grids               0.02          15   0.00     0.10
Charge_Mixing        init_mixing                   0.00           1   0.00     0.00
ESolver_KS_PW        hamilt2density               19.03          14   1.36    82.76
HSolverPW            solve                        18.84          14   1.35    81.95
Nonlocal             getvnl                        0.19         392   0.00     0.82
pp_cell_vnl          getvnl                        0.21         448   0.00     0.93
Structure_Factor     get_sk                        0.08        1008   0.00     0.36
WF_atomic            atomic_wfc                    0.01          28   0.00     0.06
DiagoIterAssist      diagH_subspace_init           0.17          28   0.01     0.72
Operator             hPsi                          6.60       41542   0.00    28.72
Operator             EkineticPW                    0.43       41542   0.00     1.88
Operator             VeffPW                        5.11       41542   0.00    22.22
PW_Basis_K           recip_to_real gpu             3.03       65370   0.00    13.16
PW_Basis_K           real_to_recip gpu             2.29       52826   0.00     9.98
Operator             NonlocalPW                    1.03       41542   0.00     4.49
Nonlocal             add_nonlocal_pp               0.61       41542   0.00     2.65
DiagoIterAssist      diagH_LAPACK                  0.48         364   0.00     2.09
DiagoCG              diag_once                    11.22         392   0.03    48.78
DiagoCG_New          spsi_func                     0.30       82356   0.00     1.29
DiagoCG_New          hpsi_func                     5.51       41178   0.00    23.98
ElecStatePW          psiToRho                      1.05          14   0.08     4.59
Charge               rho_mpi                       0.01          14   0.00     0.02
Charge               reduce_diff_pools             0.01          14   0.00     0.02
Charge_Mixing        get_drho                      0.05          14   0.00     0.21
Charge_Mixing        inner_product_recip_rho       0.00          14   0.00     0.01
Charge               mix_rho                       0.06          12   0.00     0.26
Charge               Pulay_mixing                  0.01          12   0.00     0.05
Charge_Mixing        inner_product_recip_hartree   0.01          68   0.00     0.05
DiagoIterAssist      diagH_subspace                2.59         336   0.01    11.28
Forces               cal_force_loc                 0.01           1   0.01     0.03
Forces               cal_force_ew                  0.00           1   0.00     0.02
Forces               cal_force_nl                  0.02           1   0.02     0.11
Forces               cal_force_cc                  0.00           1   0.00     0.00
Forces               cal_force_scc                 0.01           1   0.01     0.04
Stress_PW            cal_stress                    0.76           1   0.76     3.32
Stress_Func          stress_kin                    0.05           1   0.05     0.20
Stress_Func          stress_har                    0.00           1   0.00     0.01
Stress_Func          stress_ewa                    0.00           1   0.00     0.02
Stress_Func          stress_gga                    0.02           1   0.02     0.09
Stress_Func          stress_loc                    0.01           1   0.01     0.04
Stress_Func          stress_cc                     0.00           1   0.00     0.00
Stress_Func          stress_nl                     0.68           1   0.68     2.96
ModuleIO             write_istate_info             0.00           1   0.00     0.01
-------------------------------------------------------------------------------------

 NAME-------------------------|MEMORY(MB)--------
                         total       200.7108
                        Psi_PW       167.9590
                  PW_B_K::gcar         7.8731
                     FFT::grid         5.5618
                      VNL::vkb         2.9993
                   PW_B_K::gk2         2.6244
                  SF::strucFac         1.4962
                      Chg::rho         1.3905
                 Chg::rho_save         1.3905
                 Chg::rho_core         1.3905
                 Pot::veff_fix         1.3905
                     Pot::veff         1.3905
              Pot::veff_smooth         1.3905
               PW_B_K::ig2ixyz         1.3122
 -------------   < 1.0 MB has been ignored ----------------
 ----------------------------------------------------------

 Start  Time  : Thu May 23 17:24:23 2024
 Finish Time  : Thu May 23 17:24:46 2024
 Total  Time  : 0 h 0 mins 23 secs 
