                                                                                     
                              ABACUS v3.6.3

               Atomic-orbital Based Ab-initio Computation at UStc                    

                     Website: http://abacus.ustc.edu.cn/                             
               Documentation: https://abacus.deepmodeling.com/                       
                  Repository: https://github.com/abacusmodeling/abacus-develop       
                              https://github.com/deepmodeling/abacus-develop         
                      Commit: f9124675f (Wed May 22 09:49:08 2024 +0800)

    Start Time is Thu May 23 17:25:27 2024
                                                                                     
 ------------------------------------------------------------------------------------

 READING GENERAL INFORMATION
                           global_out_dir = OUT.ABACUS/
                           global_in_card = INPUT
                               pseudo_dir = 
                              orbital_dir = 
                                    DRANK = 1
                                    DSIZE = 2
                                   DCOLOR = 1
                                    GRANK = 1
                                    GSIZE = 1
 The esolver type has been set to : ksdft_pw

 RUNNING WITH DEVICE  : GPU / NVIDIA GeForce RTX 4090




 >>>>>>>>>>>>>>>>>>>>>>>>>>>>>>>>>>>>>>>>>>>>>>>>>>>>>>>>>>>>>>>>>>>>>>
 |                                                                    |
 | Reading atom information in unitcell:                              |
 | From the input file and the structure file we know the number of   |
 | different elments in this unitcell, then we list the detail        |
 | information for each element, especially the zeta and polar atomic |
 | orbital number for each element. The total atom number is counted. |
 | We calculate the nearest atom distance for each atom and show the  |
 | Cartesian and Direct coordinates for each atom. We list the file   |
 | address for atomic orbitals. The volume and the lattice vectors    |
 | in real and reciprocal space is also shown.                        |
 |                                                                    |
 <<<<<<<<<<<<<<<<<<<<<<<<<<<<<<<<<<<<<<<<<<<<<<<<<<<<<<<<<<<<<<<<<<<<<<




 READING UNITCELL INFORMATION
                                    ntype = 1
                  lattice constant (Bohr) = 1.92071
              lattice constant (Angstrom) = 1.0164

 READING ATOM TYPE 1
                               atom label = Al
                      L=0, number of zeta = 1
                      L=1, number of zeta = 1
                      L=2, number of zeta = 1
             number of atom for this type = 4

                        TOTAL ATOM NUMBER = 4
DIRECT COORDINATES
   atom           x                y                z           mag          vx               vy               vz       
taud_Al1       0.0000000000     0.0000000000     0.0000000000 +0.0000     0.0000000000     0.0000000000     0.0000000000
taud_Al2       0.0000000000     0.5000000000     0.5000000000 +0.0000     0.0000000000     0.0000000000     0.0000000000
taud_Al3       0.5000000000     0.0000000000     0.5000000000 +0.0000     0.0000000000     0.0000000000     0.0000000000
taud_Al4       0.5000000000     0.5000000000     0.0000000000 +0.0000     0.0000000000     0.0000000000     0.0000000000


                          Volume (Bohr^3) = 469.517
                             Volume (A^3) = 69.5752

 Lattice vectors: (Cartesian coordinate: in unit of a_0)
             +4.04658                  -0                  +0
                   -0            +4.04658                  -0
                   +0                  -0            +4.04658
 Reciprocal vectors: (Cartesian coordinate: in unit of 2 pi/a_0)
            +0.247122                  -0                  +0
                   -0           +0.247122                  -0
                   +0                  -0           +0.247122




 >>>>>>>>>>>>>>>>>>>>>>>>>>>>>>>>>>>>>>>>>>>>>>>>>>>>>>>>>>>>>>>>>>>>>>
 |                                                                    |
 | Reading pseudopotentials files:                                    |
 | The pseudopotential file is in UPF format. The 'NC' indicates that |
 | the type of pseudopotential is 'norm conserving'. Functional of    |
 | exchange and correlation is decided by 4 given parameters in UPF   |
 | file.  We also read in the 'core correction' if there exists.      |
 | Also we can read the valence electrons number and the maximal      |
 | angular momentum used in this pseudopotential. We also read in the |
 | trail wave function, trail atomic density and local-pseudopotential|
 | on logrithmic grid. The non-local pseudopotential projector is also|
 | read in if there is any.                                           |
 |                                                                    |
 <<<<<<<<<<<<<<<<<<<<<<<<<<<<<<<<<<<<<<<<<<<<<<<<<<<<<<<<<<<<<<<<<<<<<<




                PAO radial cut off (Bohr) = 15

 Read in pseudopotential file is pp_orb/Al_ONCV_PBE-1.0.upf
                     pseudopotential type = NC
          exchange-correlation functional = PBE
                 nonlocal core correction = 0
                        valence electrons = 11
                                     lmax = 1
                           number of zeta = 0
                     number of projectors = 4
                           L of projector = 0
                           L of projector = 0
                           L of projector = 1
                           L of projector = 1
     initial pseudo atomic orbital number = 0
                                   NLOCAL = 36

%%%%%%%%%%%%%%%%%%%%%%%%%%%%%%%%%%%%%%%%%%%%%%%%%%%%%%%%%%%%%%%%%%%%%%%%%%%%%%%%%%%%%%%%%%%%%%%%%%%%%%%%%%
 Warning: the number of valence electrons in pseudopotential > 3 for Al: [Ne] 3s2 3p1
 Pseudopotentials with additional electrons can yield (more) accurate outcomes, but may be less efficient.
 If you're confident that your chosen pseudopotential is appropriate, you can safely ignore this warning.
%%%%%%%%%%%%%%%%%%%%%%%%%%%%%%%%%%%%%%%%%%%%%%%%%%%%%%%%%%%%%%%%%%%%%%%%%%%%%%%%%%%%%%%%%%%%%%%%%%%%%%%%%%
                  




 >>>>>>>>>>>>>>>>>>>>>>>>>>>>>>>>>>>>>>>>>>>>>>>>>>>>>>>>>>>>>>>>>>>>>>
 |                                                                    |
 | Setup plane waves of charge/potential:                             |
 | Use the energy cutoff and the lattice vectors to generate the      |
 | dimensions of FFT grid. The number of FFT grid on each processor   |
 | is 'nrxx'. The number of plane wave basis in reciprocal space is   |
 | different for charege/potential and wave functions. We also set    |
 | the 'sticks' for the parallel of FFT. The number of plane waves    |
 | is 'npw' in each processor.                                        |
 <<<<<<<<<<<<<<<<<<<<<<<<<<<<<<<<<<<<<<<<<<<<<<<<<<<<<<<<<<<<<<<<<<<<<<





 SETUP THE PLANE WAVE BASIS
 energy cutoff for charge/potential (unit:Ry) = 360
            fft grid for charge/potential = [ 48, 48, 48 ]
                        fft grid division = [ 1, 1, 1 ]
        big fft grid for charge/potential = [ 48, 48, 48 ]
                                     nbxx = 110592
                                     nrxx = 110592

 SETUP PLANE WAVES FOR CHARGE/POTENTIAL
                    number of plane waves = 54339
                         number of sticks = 1741

 PARALLEL PW FOR CHARGE/POTENTIAL
     PROC   COLUMNS(POT)             PW
        1           1741          54339
 --------------- sum -------------------
        1           1741          54339
                            number of |g| = 461
                                  max |g| = 33.5881
                                  min |g| = 0

----------- Double Check Mixing Parameters Begin ------------
mixing_type: pulay
mixing_beta: 0.3
mixing_gg0: 1
mixing_gg0_min: 0.1
mixing_ndim: 8
----------- Double Check Mixing Parameters End ------------

 SETUP THE ELECTRONS NUMBER
            electron number of element Al = 11
      total electron number of element Al = 44
            AUTOSET number of electrons:  = 44
 DONE : SETUP UNITCELL Time : 1.94492 (SEC)





 >>>>>>>>>>>>>>>>>>>>>>>>>>>>>>>>>>>>>>>>>>>>>>>>>>>>>>>>>>>>>>>>>>>>>>
 |                                                                    |
 | Doing symmetry analysis:                                           |
 | We calculate the norm of 3 vectors and the angles between them,    |
 | the type of Bravais lattice is given. We can judge if the unticell |
 | is a primitive cell. Finally we give the point group operation for |
 | this unitcell. We use the point group operations to do symmetry |
 | analysis on given k-point mesh and the charge density.             |
 |                                                                    |
 <<<<<<<<<<<<<<<<<<<<<<<<<<<<<<<<<<<<<<<<<<<<<<<<<<<<<<<<<<<<<<<<<<<<<<




 LATTICE VECTORS: (CARTESIAN COORDINATE: IN UNIT OF A0)
             +4.04658                  -0                  +0
                   -0            +4.04658                  -0
                   +0                  -0            +4.04658
                       right hand lattice = 1
                                   NORM_A = 4.04658
                                   NORM_B = 4.04658
                                   NORM_C = 4.04658
                           ALPHA (DEGREE) = 90
                           BETA  (DEGREE) = 90
                           GAMMA (DEGREE) = 90

 The lattice vectors have been changed (STRU_SIMPLE.cif)

(for optimal symmetric configuration:)
                             BRAVAIS TYPE = 1
                     BRAVAIS LATTICE NAME = 01. Cubic P (simple)
                                    ibrav = 1
                                    IBRAV = 1
                                  BRAVAIS = SIMPLE CUBIC
                       LATTICE CONSTANT A = 4.04658
                       right hand lattice = 1
(for primitive cell:)
                                    IBRAV = 3
                                  BRAVAIS = FACE CENTERED CUBIC
                       LATTICE CONSTANT A = 4.04658
optimized lattice volume: 66.2622
optimized primitive cell volume: 16.5655
Original cell was built up by 4 primitive cells.
                        ROTATION MATRICES = 48
              PURE POINT GROUP OPERATIONS = 48
                   SPACE GROUP OPERATIONS = 48
                              POINT GROUP = O_h
               POINT GROUP IN SPACE GROUP = O_h
 DONE : SYMMETRY Time : 1.99722 (SEC)





 >>>>>>>>>>>>>>>>>>>>>>>>>>>>>>>>>>>>>>>>>>>>>>>>>>>>>>>>>>>>>>>>>>>>>>
 |                                                                    |
 | Setup K-points                                                     |
 | We setup the k-points according to input parameters.               |
 | The reduced k-points are set according to symmetry operations.     |
 | We treat the spin as another set of k-points.                      |
 |                                                                    |
 <<<<<<<<<<<<<<<<<<<<<<<<<<<<<<<<<<<<<<<<<<<<<<<<<<<<<<<<<<<<<<<<<<<<<<





 SETUP K-POINTS
                                    nspin = 1
                   Input type of k points = Monkhorst-Pack(Gamma)
                                   nkstot = 1331
                       right hand lattice = 1
(for reciprocal lattice: )
                             BRAVAIS TYPE = 1
                     BRAVAIS LATTICE NAME = 01. Cubic P (simple)
                                    ibrav = 1
                       right hand lattice = 1
(for k-lattice: )
                             BRAVAIS TYPE = 1
                     BRAVAIS LATTICE NAME = 01. Cubic P (simple)
                                    ibrav = 1
                       right hand lattice = 1
                        ROTATION MATRICES = 48
                               nkstot_ibz = 56
K-POINTS REDUCTION ACCORDING TO SYMMETRY
     IBZ     DIRECT_X     DIRECT_Y     DIRECT_Z WEIGHT ibz2bz
       1   0.00000000   0.00000000   0.00000000 0.0008 0     
       2   0.00000000   0.09090909   0.00000000 0.0045 1     
       3   0.00000000   0.18181818   0.00000000 0.0045 2     
       4   0.00000000   0.27272727   0.00000000 0.0045 3     
       5   0.00000000   0.36363636   0.00000000 0.0045 4     
       6   0.00000000   0.45454545   0.00000000 0.0045 5     
       7   0.09090909   0.00000000   0.09090909 0.0090 12    
       8   0.09090909   0.18181818   0.00000000 0.0180 13    
       9   0.09090909   0.27272727   0.00000000 0.0180 14    
      10   0.09090909   0.36363636   0.00000000 0.0180 15    
      11   0.09090909   0.45454545   0.00000000 0.0180 16    
      12   0.18181818   0.00000000   0.18181818 0.0090 24    
      13   0.18181818   0.27272727   0.00000000 0.0180 25    
      14   0.18181818   0.36363636   0.00000000 0.0180 26    
      15   0.18181818   0.45454545   0.00000000 0.0180 27    
      16   0.27272727   0.00000000   0.27272727 0.0090 36    
      17   0.27272727   0.36363636   0.00000000 0.0180 37    
      18   0.27272727   0.45454545   0.00000000 0.0180 38    
      19   0.36363636   0.00000000   0.36363636 0.0090 48    
      20   0.36363636   0.45454545   0.00000000 0.0180 49    
      21   0.45454545   0.00000000   0.45454545 0.0090 60    
      22  -0.09090909   0.09090909   0.09090909 0.0060 133   
      23   0.09090909   0.18181818   0.09090909 0.0180 134   
      24   0.09090909   0.09090909   0.27272727 0.0180 135   
      25   0.09090909   0.36363636   0.09090909 0.0180 136   
      26   0.09090909   0.45454545   0.09090909 0.0180 137   
      27   0.18181818   0.09090909   0.18181818 0.0180 145   
      28   0.18181818   0.27272727   0.09090909 0.0361 146   
      29   0.18181818   0.36363636   0.09090909 0.0361 147   
      30   0.18181818   0.45454545   0.09090909 0.0361 148   
      31   0.27272727   0.09090909   0.27272727 0.0180 157   
      32   0.27272727   0.36363636   0.09090909 0.0361 158   
      33   0.27272727   0.45454545   0.09090909 0.0361 159   
      34   0.36363636   0.09090909   0.36363636 0.0180 169   
      35   0.36363636   0.45454545   0.09090909 0.0361 170   
      36   0.45454545   0.09090909   0.45454545 0.0180 181   
      37  -0.18181818   0.18181818   0.18181818 0.0060 266   
      38   0.18181818   0.27272727   0.18181818 0.0180 267   
      39   0.18181818   0.36363636   0.18181818 0.0180 268   
      40   0.18181818   0.45454545   0.18181818 0.0180 269   
      41   0.27272727   0.18181818   0.27272727 0.0180 278   
      42   0.27272727   0.36363636   0.18181818 0.0361 279   
      43   0.27272727   0.45454545   0.18181818 0.0361 280   
      44   0.36363636   0.18181818   0.36363636 0.0180 290   
      45   0.36363636   0.45454545   0.18181818 0.0361 291   
      46   0.45454545   0.18181818   0.45454545 0.0180 302   
      47  -0.27272727   0.27272727   0.27272727 0.0060 399   
      48   0.27272727   0.36363636   0.27272727 0.0180 400   
      49   0.27272727   0.45454545   0.27272727 0.0180 401   
      50   0.36363636   0.27272727   0.36363636 0.0180 411   
      51   0.36363636   0.45454545   0.27272727 0.0361 412   
      52   0.45454545   0.27272727   0.45454545 0.0180 423   
      53  -0.36363636   0.36363636   0.36363636 0.0060 532   
      54   0.36363636   0.45454545   0.36363636 0.0180 533   
      55   0.45454545   0.36363636   0.45454545 0.0180 544   
      56  -0.45454545   0.45454545   0.45454545 0.0060 665   
                               nkstot now = 56
K-POINTS DIRECT COORDINATES
 KPOINTS     DIRECT_X     DIRECT_Y     DIRECT_Z WEIGHT
       1   0.00000000   0.00000000   0.00000000 0.0008
       2   0.00000000   0.09090909   0.00000000 0.0045
       3   0.00000000   0.18181818   0.00000000 0.0045
       4   0.00000000   0.27272727   0.00000000 0.0045
       5   0.00000000   0.36363636   0.00000000 0.0045
       6   0.00000000   0.45454545   0.00000000 0.0045
       7   0.09090909   0.00000000   0.09090909 0.0090
       8   0.09090909   0.18181818   0.00000000 0.0180
       9   0.09090909   0.27272727   0.00000000 0.0180
      10   0.09090909   0.36363636   0.00000000 0.0180
      11   0.09090909   0.45454545   0.00000000 0.0180
      12   0.18181818   0.00000000   0.18181818 0.0090
      13   0.18181818   0.27272727   0.00000000 0.0180
      14   0.18181818   0.36363636   0.00000000 0.0180
      15   0.18181818   0.45454545   0.00000000 0.0180
      16   0.27272727   0.00000000   0.27272727 0.0090
      17   0.27272727   0.36363636   0.00000000 0.0180
      18   0.27272727   0.45454545   0.00000000 0.0180
      19   0.36363636   0.00000000   0.36363636 0.0090
      20   0.36363636   0.45454545   0.00000000 0.0180
      21   0.45454545   0.00000000   0.45454545 0.0090
      22  -0.09090909   0.09090909   0.09090909 0.0060
      23   0.09090909   0.18181818   0.09090909 0.0180
      24   0.09090909   0.09090909   0.27272727 0.0180
      25   0.09090909   0.36363636   0.09090909 0.0180
      26   0.09090909   0.45454545   0.09090909 0.0180
      27   0.18181818   0.09090909   0.18181818 0.0180
      28   0.18181818   0.27272727   0.09090909 0.0361
      29   0.18181818   0.36363636   0.09090909 0.0361
      30   0.18181818   0.45454545   0.09090909 0.0361
      31   0.27272727   0.09090909   0.27272727 0.0180
      32   0.27272727   0.36363636   0.09090909 0.0361
      33   0.27272727   0.45454545   0.09090909 0.0361
      34   0.36363636   0.09090909   0.36363636 0.0180
      35   0.36363636   0.45454545   0.09090909 0.0361
      36   0.45454545   0.09090909   0.45454545 0.0180
      37  -0.18181818   0.18181818   0.18181818 0.0060
      38   0.18181818   0.27272727   0.18181818 0.0180
      39   0.18181818   0.36363636   0.18181818 0.0180
      40   0.18181818   0.45454545   0.18181818 0.0180
      41   0.27272727   0.18181818   0.27272727 0.0180
      42   0.27272727   0.36363636   0.18181818 0.0361
      43   0.27272727   0.45454545   0.18181818 0.0361
      44   0.36363636   0.18181818   0.36363636 0.0180
      45   0.36363636   0.45454545   0.18181818 0.0361
      46   0.45454545   0.18181818   0.45454545 0.0180
      47  -0.27272727   0.27272727   0.27272727 0.0060
      48   0.27272727   0.36363636   0.27272727 0.0180
      49   0.27272727   0.45454545   0.27272727 0.0180
      50   0.36363636   0.27272727   0.36363636 0.0180
      51   0.36363636   0.45454545   0.27272727 0.0361
      52   0.45454545   0.27272727   0.45454545 0.0180
      53  -0.36363636   0.36363636   0.36363636 0.0060
      54   0.36363636   0.45454545   0.36363636 0.0180
      55   0.45454545   0.36363636   0.45454545 0.0180
      56  -0.45454545   0.45454545   0.45454545 0.0060

           k-point number in this process = 28
       minimum distributed K point number = 28

K-POINTS CARTESIAN COORDINATES
 KPOINTS  CARTESIAN_X  CARTESIAN_Y  CARTESIAN_Z WEIGHT
       1   0.00000000   0.00000000   0.00000000 0.0015
       2   0.00000000   0.02246564   0.00000000 0.0090
       3   0.00000000   0.04493127   0.00000000 0.0090
       4   0.00000000   0.06739691   0.00000000 0.0090
       5   0.00000000   0.08986255   0.00000000 0.0090
       6   0.00000000   0.11232819   0.00000000 0.0090
       7   0.02246564   0.00000000   0.02246564 0.0180
       8   0.02246564   0.04493127   0.00000000 0.0361
       9   0.02246564   0.06739691   0.00000000 0.0361
      10   0.02246564   0.08986255   0.00000000 0.0361
      11   0.02246564   0.11232819   0.00000000 0.0361
      12   0.04493127   0.00000000   0.04493127 0.0180
      13   0.04493127   0.06739691   0.00000000 0.0361
      14   0.04493127   0.08986255   0.00000000 0.0361
      15   0.04493127   0.11232819   0.00000000 0.0361
      16   0.06739691   0.00000000   0.06739691 0.0180
      17   0.06739691   0.08986255   0.00000000 0.0361
      18   0.06739691   0.11232819   0.00000000 0.0361
      19   0.08986255   0.00000000   0.08986255 0.0180
      20   0.08986255   0.11232819   0.00000000 0.0361
      21   0.11232819   0.00000000   0.11232819 0.0180
      22  -0.02246564   0.02246564   0.02246564 0.0120
      23   0.02246564   0.04493127   0.02246564 0.0361
      24   0.02246564   0.02246564   0.06739691 0.0361
      25   0.02246564   0.08986255   0.02246564 0.0361
      26   0.02246564   0.11232819   0.02246564 0.0361
      27   0.04493127   0.02246564   0.04493127 0.0361
      28   0.04493127   0.06739691   0.02246564 0.0721

K-POINTS DIRECT COORDINATES
 KPOINTS     DIRECT_X     DIRECT_Y     DIRECT_Z WEIGHT
       1   0.00000000   0.00000000   0.00000000 0.0015
       2   0.00000000   0.09090909   0.00000000 0.0090
       3   0.00000000   0.18181818   0.00000000 0.0090
       4   0.00000000   0.27272727   0.00000000 0.0090
       5   0.00000000   0.36363636   0.00000000 0.0090
       6   0.00000000   0.45454545   0.00000000 0.0090
       7   0.09090909   0.00000000   0.09090909 0.0180
       8   0.09090909   0.18181818   0.00000000 0.0361
       9   0.09090909   0.27272727   0.00000000 0.0361
      10   0.09090909   0.36363636   0.00000000 0.0361
      11   0.09090909   0.45454545   0.00000000 0.0361
      12   0.18181818   0.00000000   0.18181818 0.0180
      13   0.18181818   0.27272727   0.00000000 0.0361
      14   0.18181818   0.36363636   0.00000000 0.0361
      15   0.18181818   0.45454545   0.00000000 0.0361
      16   0.27272727   0.00000000   0.27272727 0.0180
      17   0.27272727   0.36363636   0.00000000 0.0361
      18   0.27272727   0.45454545   0.00000000 0.0361
      19   0.36363636   0.00000000   0.36363636 0.0180
      20   0.36363636   0.45454545   0.00000000 0.0361
      21   0.45454545   0.00000000   0.45454545 0.0180
      22  -0.09090909   0.09090909   0.09090909 0.0120
      23   0.09090909   0.18181818   0.09090909 0.0361
      24   0.09090909   0.09090909   0.27272727 0.0361
      25   0.09090909   0.36363636   0.09090909 0.0361
      26   0.09090909   0.45454545   0.09090909 0.0361
      27   0.18181818   0.09090909   0.18181818 0.0361
      28   0.18181818   0.27272727   0.09090909 0.0721
 DONE : INIT K-POINTS Time : 2.09176 (SEC)





 >>>>>>>>>>>>>>>>>>>>>>>>>>>>>>>>>>>>>>>>>>>>>>>>>>>>>>>>>>>>>>>>>>>>>>
 |                                                                    |
 | Setup plane waves of wave functions:                               |
 | Use the energy cutoff and the lattice vectors to generate the      |
 | dimensions of FFT grid. The number of FFT grid on each processor   |
 | is 'nrxx'. The number of plane wave basis in reciprocal space is   |
 | different for charege/potential and wave functions. We also set    |
 | the 'sticks' for the parallel of FFT. The number of plane wave of  |
 | each k-point is 'npwk[ik]' in each processor                       |
 <<<<<<<<<<<<<<<<<<<<<<<<<<<<<<<<<<<<<<<<<<<<<<<<<<<<<<<<<<<<<<<<<<<<<<





 SETUP PLANE WAVES FOR WAVE FUNCTIONS
     energy cutoff for wavefunc (unit:Ry) = 90
              fft grid for wave functions = [ 48, 48, 48 ]
                    number of plane waves = 8217
                         number of sticks = 489

 PARALLEL PW FOR WAVE FUNCTIONS
     PROC   COLUMNS(POT)             PW
        1            489           8217
 --------------- sum -------------------
        1            489           8217
 DONE : INIT PLANEWAVE Time : 2.12518 (SEC)

                           occupied bands = 22
                                   NBANDS = 32
                                     npwx = 6805

 Warning_Memory_Consuming allocated:  Psi_PW 93.0371 MB

 SETUP NONLOCAL PSEUDOPOTENTIALS IN PLANE WAVE BASIS
 Al non-local projectors:
 projector 1 L=0
 projector 2 L=0
 projector 3 L=1
 projector 4 L=1
      TOTAL NUMBER OF NONLOCAL PROJECTORS = 32
 DONE : LOCAL POTENTIAL Time : 2.14202 (SEC)


 Init Non-Local PseudoPotential table : 
 Init Non-Local-Pseudopotential done.
 DONE : NON-LOCAL POTENTIAL Time : 2.1789 (SEC)


 Make real space PAO into reciprocal space.
       max mesh points in Pseudopotential = 601
     dq(describe PAO in reciprocal space) = 0.01
                                    max q = 1905

 number of pseudo atomic orbitals for Al is 0
 DONE : INIT BASIS Time : 2.22611 (SEC)


 -------------------------------------------
 STEP OF RELAXATION : 1
 -------------------------------------------
                                 init_chg = atomic
 DONE : INIT SCF Time : 2.29977 (SEC)


 PW ALGORITHM --------------- ION=   1  ELEC=   1--------------------------------
 Notice: Threshold on eigenvalues was too large.
 hsover_error=0.44 > DRHO=0.0666563
 Origin diag_ethr = 0.01
 New    diag_ethr = 0.000151492

 Density error is 0.0678646877796
                          Error Threshold = 0.000151491637887
------------------------------------------------------
  Energy         Rydberg                 eV         
------------------------------------------------------
E_KohnSham      -553.6586142627     -7532.9119007573
E_Harris        -553.6803478556     -7533.2076014587
E_Fermi            0.7593526950        10.3315234438
------------------------------------------------------

 PW ALGORITHM --------------- ION=   1  ELEC=   2--------------------------------

 Density error is 0.0317225888516
                          Error Threshold = 0.000154237926772
------------------------------------------------------
  Energy         Rydberg                 eV         
------------------------------------------------------
E_KohnSham      -553.6394685637     -7532.6514101585
E_Harris        -557.2955813415     -7582.3953764671
E_Fermi            0.7563131926        10.2901688913
------------------------------------------------------

 PW ALGORITHM --------------- ION=   1  ELEC=   3--------------------------------

 Density error is 0.000597189102978
                          Error Threshold = 7.20967928445e-05
------------------------------------------------------
  Energy         Rydberg                 eV         
------------------------------------------------------
E_KohnSham      -553.6454792800     -7532.7331901495
E_Harris        -554.2239918559     -7540.6042575457
E_Fermi            0.7503548406        10.2091013534
------------------------------------------------------

 PW ALGORITHM --------------- ION=   1  ELEC=   4--------------------------------

 Density error is 0.000478986651304
                          Error Threshold = 1.35724796131e-06
------------------------------------------------------
  Energy         Rydberg                 eV         
------------------------------------------------------
E_KohnSham      -553.6457682092     -7532.7371212326
E_Harris        -553.9905112719     -7537.4275912306
E_Fermi            0.7510974391        10.2192049251
------------------------------------------------------

 PW ALGORITHM --------------- ION=   1  ELEC=   5--------------------------------

 Density error is 3.35875426294e-05
                          Error Threshold = 1.08860602569e-06
------------------------------------------------------
  Energy         Rydberg                 eV         
------------------------------------------------------
E_KohnSham      -553.6457715589     -7532.7371668072
E_Harris        -553.7894152429     -7534.6915393918
E_Fermi            0.7504361532        10.2102076687
------------------------------------------------------

 PW ALGORITHM --------------- ION=   1  ELEC=   6--------------------------------

 Density error is 2.3387286831e-05
                          Error Threshold = 7.63353241576e-08
------------------------------------------------------
  Energy         Rydberg                 eV         
------------------------------------------------------
E_KohnSham      -553.6457921858     -7532.7374474508
E_Harris        -553.6377149508     -7532.6275510312
E_Fermi            0.7503315052        10.2087838598
------------------------------------------------------

 PW ALGORITHM --------------- ION=   1  ELEC=   7--------------------------------

 Density error is 1.43223594854e-05
                          Error Threshold = 5.31529246158e-08
------------------------------------------------------
  Energy         Rydberg                 eV         
------------------------------------------------------
E_KohnSham      -553.6457861742     -7532.7373656591
E_Harris        -553.5924884263     -7532.0122125968
E_Fermi            0.7503350233        10.2088317260
------------------------------------------------------

 PW ALGORITHM --------------- ION=   1  ELEC=   8--------------------------------

 Density error is 4.03897852958e-06
                          Error Threshold = 3.25508170123e-08
------------------------------------------------------
  Energy         Rydberg                 eV         
------------------------------------------------------
E_KohnSham      -553.6457847116     -7532.7373457585
E_Harris        -553.6129366121     -7532.2904244376
E_Fermi            0.7503436980        10.2089497517
------------------------------------------------------

 PW ALGORITHM --------------- ION=   1  ELEC=   9--------------------------------

 Density error is 5.05295023632e-07
                          Error Threshold = 9.17949665814e-09
------------------------------------------------------
  Energy         Rydberg                 eV         
------------------------------------------------------
E_KohnSham      -553.6457854050     -7532.7373551933
E_Harris        -553.6297867838     -7532.5196827851
E_Fermi            0.7503498564        10.2090335403
------------------------------------------------------

 PW ALGORITHM --------------- ION=   1  ELEC=  10--------------------------------

 Density error is 4.80386665267e-07
                          Error Threshold = 1.14839778098e-09
------------------------------------------------------
  Energy         Rydberg                 eV         
------------------------------------------------------
E_KohnSham      -553.6457855131     -7532.7373566646
E_Harris        -553.6357388452     -7532.6006647342
E_Fermi            0.7503501516        10.2090375569
------------------------------------------------------

 PW ALGORITHM --------------- ION=   1  ELEC=  11--------------------------------

 Density error is 4.98813929411e-07
                          Error Threshold = 1.09178787561e-09
------------------------------------------------------
  Energy         Rydberg                 eV         
------------------------------------------------------
E_KohnSham      -553.6457851788     -7532.7373521155
E_Harris        -553.6370706227     -7532.6187844968
E_Fermi            0.7503497613        10.2090322463
------------------------------------------------------

 PW ALGORITHM --------------- ION=   1  ELEC=  12--------------------------------

 Density error is 5.087767575e-09
                          Error Threshold = 1.09178787561e-09
----------------------------------------------------------
    Energy           Rydberg                 eV         
----------------------------------------------------------
E_KohnSham          -553.6457852464     -7532.7373530358
E_KS(sigma->0)      -553.6457582997     -7532.7369864064
E_Harris            -553.6439478795     -7532.7123543761
E_band              -146.1147655862     -1987.9933739066
E_one_elec          -346.4575452867     -4713.7967309927
E_Hartree            140.8154103884      1915.8919474906
E_xc                 -62.4937289068      -850.2708024001
E_Ewald             -285.5098675478     -3884.5610338749
E_entropy(-TS)        -0.0000538935        -0.0007332587
E_descf                0.0000000000         0.0000000000
E_exx                  0.0000000000         0.0000000000
E_Fermi                0.7503515760        10.2090569363
----------------------------------------------------------

 charge density convergence is achieved
 final etot is -7532.737353 eV
 EFERMI = 10.209056936 eV

 STATE ENERGY(eV) AND OCCUPATIONS    NSPIN == 1
 1/28 kpoint (Cartesian) = 0.0000 0.0000 0.0000 (6763 pws)
       1       -93.2643     0.00150263
       2       -93.2618     0.00150263
       3       -93.2616     0.00150263
       4       -93.2613     0.00150263
       5       -54.7460     0.00150263
       6       -54.7460     0.00150263
       7       -54.7460     0.00150263
       8       -54.7362     0.00150263
       9       -54.7361     0.00150263
      10       -54.7361     0.00150263
      11       -54.7360     0.00150263
      12       -54.7360     0.00150263
      13       -54.7359     0.00150263
      14       -54.7291     0.00150263
      15       -54.7291     0.00150263
      16       -54.7291     0.00150263
      17      -0.516510     0.00150263
      18        7.46064     0.00150263
      19        7.46064     0.00150263
      20        7.46064     0.00150263
      21        8.67629     0.00150263
      22        8.67631     0.00150263
      23        8.67633     0.00150263
      24        15.5694        0.00000
      25        15.5694        0.00000
      26        15.5694        0.00000
      27        15.6120        0.00000
      28        15.6120        0.00000
      29        15.6120        0.00000
      30        15.6120        0.00000
      31        15.6121        0.00000
      32        15.6121        0.00000

 2/28 kpoint (Cartesian) = 0.0000 0.022466 0.0000 (6779 pws)
       1       -93.2643     0.00901578
       2       -93.2618     0.00901578
       3       -93.2616     0.00901578
       4       -93.2614     0.00901578
       5       -54.7458     0.00901578
       6       -54.7458     0.00901578
       7       -54.7457     0.00901578
       8       -54.7363     0.00901578
       9       -54.7363     0.00901578
      10       -54.7361     0.00901578
      11       -54.7361     0.00901578
      12       -54.7359     0.00901578
      13       -54.7358     0.00901578
      14       -54.7294     0.00901578
      15       -54.7292     0.00901578
      16       -54.7292     0.00901578
      17      -0.444114     0.00901578
      18        6.49212     0.00901578
      19        7.52743     0.00901578
      20        7.52743     0.00901578
      21        8.74696     0.00901578
      22        8.74697     0.00901578
      23        9.77192     0.00901578
      24        14.1752        0.00000
      25        14.1752        0.00000
      26        15.1070        0.00000
      27        15.1070        0.00000
      28        15.6408        0.00000
      29        15.6747        0.00000
      30        15.6747        0.00000
      31        17.1410        0.00000
      32        17.1410        0.00000

 3/28 kpoint (Cartesian) = 0.0000 0.044931 0.0000 (6791 pws)
       1       -93.2641     0.00901578
       2       -93.2619     0.00901578
       3       -93.2616     0.00901578
       4       -93.2614     0.00901578
       5       -54.7452     0.00901578
       6       -54.7452     0.00901578
       7       -54.7447     0.00901578
       8       -54.7369     0.00901578
       9       -54.7368     0.00901578
      10       -54.7361     0.00901578
      11       -54.7361     0.00901578
      12       -54.7355     0.00901578
      13       -54.7355     0.00901578
      14       -54.7304     0.00901578
      15       -54.7296     0.00901578
      16       -54.7296     0.00901578
      17      -0.227146     0.00901578
      18        5.21896     0.00901578
      19        7.72785     0.00901578
      20        7.72785     0.00901578
      21        8.95819     0.00901578
      22        8.95820     0.00901578
      23        11.4261        0.00000
      24        12.8955        0.00000
      25        12.8955        0.00000
      26        14.1182        0.00000
      27        14.1182        0.00000
      28        15.8550        0.00000
      29        15.8627        0.00000
      30        15.8627        0.00000
      31        18.8245        0.00000
      32        18.8245        0.00000

 4/28 kpoint (Cartesian) = 0.0000 0.067397 0.0000 (6784 pws)
       1       -93.2639     0.00901578
       2       -93.2621     0.00901578
       3       -93.2616     0.00901578
       4       -93.2615     0.00901578
       5       -54.7443     0.00901578
       6       -54.7443     0.00901578
       7       -54.7431     0.00901578
       8       -54.7378     0.00901578
       9       -54.7378     0.00901578
      10       -54.7361     0.00901578
      11       -54.7361     0.00901578
      12       -54.7348     0.00901578
      13       -54.7348     0.00901578
      14       -54.7320     0.00901578
      15       -54.7303     0.00901578
      16       -54.7303     0.00901578
      17       0.133733     0.00901578
      18        4.04093     0.00901578
      19        8.06207     0.00901578
      20        8.06207     0.00901578
      21        9.30736     0.00901578
      22        9.30736     0.00901578
      23        11.7515        0.00000
      24        11.7515        0.00000
      25        13.0791        0.00000
      26        13.0791        0.00000
      27        13.2380        0.00000
      28        16.1761        0.00000
      29        16.1761        0.00000
      30        16.2114        0.00000
      31        19.4713        0.00000
      32        19.6212        0.00000

 5/28 kpoint (Cartesian) = 0.0000 0.089863 0.0000 (6756 pws)
       1       -93.2635     0.00901578
       2       -93.2624     0.00901578
       3       -93.2616     0.00901578
       4       -93.2615     0.00901578
       5       -54.7431     0.00901578
       6       -54.7431     0.00901578
       7       -54.7411     0.00901578
       8       -54.7390     0.00901578
       9       -54.7390     0.00901578
      10       -54.7361     0.00901578
      11       -54.7361     0.00901578
      12       -54.7341     0.00901578
      13       -54.7340     0.00901578
      14       -54.7340     0.00901578
      15       -54.7311     0.00901578
      16       -54.7311     0.00901578
      17       0.637430     0.00901578
      18        2.98751     0.00901578
      19        8.53037     0.00901578
      20        8.53037     0.00901578
      21        9.78723     0.00901578
      22        9.78723     0.00901578
      23        10.7433        0.00000
      24        10.7433        0.00000
      25        12.1128        0.00000
      26        12.1128        0.00000
      27        15.1761        0.00000
      28        16.6151        0.00000
      29        16.6151        0.00000
      30        16.7091        0.00000
      31        18.6842        0.00000
      32        18.6842        0.00000

 6/28 kpoint (Cartesian) = 0.0000 0.11233 0.0000 (6796 pws)
       1       -93.2632     0.00901578
       2       -93.2628     0.00901578
       3       -93.2616     0.00901578
       4       -93.2615     0.00901578
       5       -54.7417     0.00901578
       6       -54.7417     0.00901578
       7       -54.7403     0.00901578
       8       -54.7403     0.00901578
       9       -54.7388     0.00901578
      10       -54.7365     0.00901578
      11       -54.7361     0.00901578
      12       -54.7360     0.00901578
      13       -54.7331     0.00901578
      14       -54.7331     0.00901578
      15       -54.7321     0.00901578
      16       -54.7321     0.00901578
      17        1.28241     0.00901578
      18        2.06667     0.00901578
      19        9.13308     0.00901578
      20        9.13308     0.00901578
      21        9.87060     0.00901578
      22        9.87060     0.00901578
      23        10.3576    5.25500e-17
      24        10.3576    5.25500e-17
      25        11.2938        0.00000
      26        11.2938        0.00000
      27        17.1797        0.00000
      28        17.1797        0.00000
      29        17.2277        0.00000
      30        17.3461        0.00000
      31        17.8697        0.00000
      32        17.8697        0.00000

 7/28 kpoint (Cartesian) = 0.022466 0.0000 0.022466 (6773 pws)
       1       -93.2642      0.0180316
       2       -93.2618      0.0180316
       3       -93.2616      0.0180316
       4       -93.2614      0.0180316
       5       -54.7456      0.0180316
       6       -54.7455      0.0180316
       7       -54.7455      0.0180316
       8       -54.7367      0.0180316
       9       -54.7361      0.0180316
      10       -54.7361      0.0180316
      11       -54.7360      0.0180316
      12       -54.7359      0.0180316
      13       -54.7358      0.0180316
      14       -54.7300      0.0180316
      15       -54.7294      0.0180316
      16       -54.7292      0.0180316
      17      -0.371756      0.0180316
      18        6.56073      0.0180316
      19        6.56073      0.0180316
      20        7.59423      0.0180316
      21        8.81740      0.0180316
      22        9.84057      0.0180316
      23        9.84057      0.0180316
      24        13.2142        0.00000
      25        14.2424        0.00000
      26        14.2424        0.00000
      27        15.1710        0.00000
      28        15.1710        0.00000
      29        15.7379        0.00000
      30        17.0074        0.00000
      31        17.2078        0.00000
      32        17.2078        0.00000

 8/28 kpoint (Cartesian) = 0.022466 0.044931 0.0000 (6793 pws)
       1       -93.2641      0.0360631
       2       -93.2619      0.0360631
       3       -93.2616      0.0360631
       4       -93.2614      0.0360631
       5       -54.7450      0.0360631
       6       -54.7450      0.0360631
       7       -54.7446      0.0360631
       8       -54.7373      0.0360631
       9       -54.7367      0.0360631
      10       -54.7359      0.0360631
      11       -54.7357      0.0360631
      12       -54.7357      0.0360631
      13       -54.7354      0.0360631
      14       -54.7311      0.0360631
      15       -54.7298      0.0360631
      16       -54.7294      0.0360631
      17      -0.154902      0.0360631
      18        5.28848      0.0360631
      19        6.76642      0.0360631
      20        7.79467      0.0360631
      21        9.02770      0.0360631
      22        10.0458      0.0360631
      23        11.4931        0.00000
      24        11.9881        0.00000
      25        12.9627        0.00000
      26        14.1843        0.00000
      27        14.4439        0.00000
      28        15.0924        0.00000
      29        15.3629        0.00000
      30        17.4082        0.00000
      31        18.2122        0.00000
      32        18.8910        0.00000

 9/28 kpoint (Cartesian) = 0.022466 0.067397 0.0000 (6770 pws)
       1       -93.2638      0.0360631
       2       -93.2621      0.0360631
       3       -93.2616      0.0360631
       4       -93.2615      0.0360631
       5       -54.7442      0.0360631
       6       -54.7441      0.0360631
       7       -54.7431      0.0360631
       8       -54.7383      0.0360631
       9       -54.7376      0.0360631
      10       -54.7359      0.0360631
      11       -54.7357      0.0360631
      12       -54.7350      0.0360631
      13       -54.7348      0.0360631
      14       -54.7327      0.0360631
      15       -54.7304      0.0360631
      16       -54.7300      0.0360631
      17       0.205791      0.0360631
      18        4.11109      0.0360631
      19        7.10877      0.0360631
      20        8.12894      0.0360631
      21        9.37271      0.0360631
      22        10.3847        0.00000
      23        10.8615        0.00000
      24        11.8187        0.00000
      25        13.1483        0.00000
      26        13.3028        0.00000
      27        14.0824        0.00000
      28        14.7793        0.00000
      29        15.6827        0.00000
      30        17.7421        0.00000
      31        18.4309        0.00000
      32        19.1278        0.00000

 10/28 kpoint (Cartesian) = 0.022466 0.089863 0.0000 (6771 pws)
       1       -93.2635      0.0360631
       2       -93.2624      0.0360631
       3       -93.2616      0.0360631
       4       -93.2615      0.0360631
       5       -54.7431      0.0360631
       6       -54.7429      0.0360631
       7       -54.7413      0.0360631
       8       -54.7394      0.0360631
       9       -54.7388      0.0360631
      10       -54.7358      0.0360631
      11       -54.7357      0.0360631
      12       -54.7346      0.0360631
      13       -54.7342      0.0360631
      14       -54.7339      0.0360631
      15       -54.7313      0.0360631
      16       -54.7309      0.0360631
      17       0.709233      0.0360631
      18        3.05817      0.0360631
      19        7.58700      0.0360631
      20        8.59729      0.0360631
      21        9.71348      0.0360631
      22        9.99663      0.0360631
      23        10.8104        0.00000
      24        10.8440        0.00000
      25        12.1931        0.00000
      26        13.1221        0.00000
      27        15.2343        0.00000
      28        15.2482        0.00000
      29        16.1328        0.00000
      30        17.4439        0.00000
      31        18.2013        0.00000
      32        18.2089        0.00000

 11/28 kpoint (Cartesian) = 0.022466 0.11233 0.0000 (6764 pws)
       1       -93.2632      0.0360631
       2       -93.2628      0.0360631
       3       -93.2616      0.0360631
       4       -93.2615      0.0360631
       5       -54.7419      0.0360631
       6       -54.7416      0.0360631
       7       -54.7406      0.0360631
       8       -54.7402      0.0360631
       9       -54.7391      0.0360631
      10       -54.7369      0.0360631
      11       -54.7358      0.0360631
      12       -54.7357      0.0360631
      13       -54.7332      0.0360631
      14       -54.7329      0.0360631
      15       -54.7322      0.0360631
      16       -54.7318      0.0360631
      17        1.35390      0.0360631
      18        2.13777      0.0360631
      19        8.19966      0.0360631
      20        8.94254      0.0360631
      21        9.20006      0.0360631
      22        9.93764      0.0360631
      23        10.4982        0.00000
      24        11.1306        0.00000
      25        11.6478        0.00000
      26        12.2736        0.00000
      27        15.8496        0.00000
      28        16.5822        0.00000
      29        16.6842        0.00000
      30        17.3020        0.00000
      31        17.3862        0.00000
      32        18.8075        0.00000

 12/28 kpoint (Cartesian) = 0.044931 0.0000 0.044931 (6779 pws)
       1       -93.2639      0.0180316
       2       -93.2619      0.0180316
       3       -93.2618      0.0180316
       4       -93.2614      0.0180316
       5       -54.7445      0.0180316
       6       -54.7443      0.0180316
       7       -54.7443      0.0180316
       8       -54.7382      0.0180316
       9       -54.7363      0.0180316
      10       -54.7363      0.0180316
      11       -54.7354      0.0180316
      12       -54.7354      0.0180316
      13       -54.7352      0.0180316
      14       -54.7323      0.0180316
      15       -54.7302      0.0180316
      16       -54.7294      0.0180316
      17      0.0616140      0.0180316
      18        5.49690      0.0180316
      19        5.49690      0.0180316
      20        7.99519      0.0180316
      21        9.23268      0.0180316
      22        10.7718        0.00000
      23        11.6928        0.00000
      24        11.6928        0.00000
      25        13.1642        0.00000
      26        13.1642        0.00000
      27        14.3831        0.00000
      28        14.3831        0.00000
      29        16.1158        0.00000
      30        17.6920        0.00000
      31        18.2986        0.00000
      32        19.0905        0.00000

 13/28 kpoint (Cartesian) = 0.044931 0.067397 0.0000 (6769 pws)
       1       -93.2637      0.0360631
       2       -93.2621      0.0360631
       3       -93.2617      0.0360631
       4       -93.2615      0.0360631
       5       -54.7437      0.0360631
       6       -54.7435      0.0360631
       7       -54.7431      0.0360631
       8       -54.7392      0.0360631
       9       -54.7372      0.0360631
      10       -54.7356      0.0360631
      11       -54.7353      0.0360631
      12       -54.7350      0.0360631
      13       -54.7346      0.0360631
      14       -54.7340      0.0360631
      15       -54.7309      0.0360631
      16       -54.7298      0.0360631
      17       0.421752      0.0360631
      18        4.32137      0.0360631
      19        5.84370      0.0360631
      20        8.32958      0.0360631
      21        9.45382      0.0360631
      22        9.76475      0.0360631
      23        12.0151        0.00000
      24        12.0202        0.00000
      25        13.3617        0.00000
      26        13.4902        0.00000
      27        13.4999        0.00000
      28        14.7191        0.00000
      29        15.5933        0.00000
      30        17.1753        0.00000
      31        18.1762        0.00000
      32        18.9103        0.00000

 14/28 kpoint (Cartesian) = 0.044931 0.089863 0.0000 (6761 pws)
       1       -93.2634      0.0360631
       2       -93.2624      0.0360631
       3       -93.2617      0.0360631
       4       -93.2616      0.0360631
       5       -54.7430      0.0360631
       6       -54.7424      0.0360631
       7       -54.7416      0.0360631
       8       -54.7402      0.0360631
       9       -54.7383      0.0360631
      10       -54.7359      0.0360631
      11       -54.7351      0.0360631
      12       -54.7349      0.0360631
      13       -54.7347      0.0360631
      14       -54.7336      0.0360631
      15       -54.7317      0.0360631
      16       -54.7305      0.0360631
      17       0.924435      0.0360631
      18        3.26998      0.0360631
      19        6.32799      0.0360631
      20        8.58394      0.0360631
      21        8.79808      0.0360631
      22        10.1050      0.0360631
      23        11.0117        0.00000
      24        12.2080        0.00000
      25        12.6679        0.00000
      26        13.9697        0.00000
      27        14.7003        0.00000
      28        15.0913        0.00000
      29        15.5039        0.00000
      30        16.1774        0.00000
      31        17.2526        0.00000
      32        19.8851        0.00000

 15/28 kpoint (Cartesian) = 0.044931 0.11233 0.0000 (6764 pws)
       1       -93.2631      0.0360631
       2       -93.2627      0.0360631
       3       -93.2617      0.0360631
       4       -93.2616      0.0360631
       5       -54.7422      0.0360631
       6       -54.7412      0.0360631
       7       -54.7411      0.0360631
       8       -54.7398      0.0360631
       9       -54.7397      0.0360631
      10       -54.7378      0.0360631
      11       -54.7349      0.0360631
      12       -54.7349      0.0360631
      13       -54.7337      0.0360631
      14       -54.7327      0.0360631
      15       -54.7325      0.0360631
      16       -54.7314      0.0360631
      17        1.56815      0.0360631
      18        2.35089      0.0360631
      19        6.94837      0.0360631
      20        7.70247      0.0360631
      21        9.40104      0.0360631
      22        10.1388      0.0360584
      23        10.7171        0.00000
      24        11.4546        0.00000
      25        13.1536        0.00000
      26        13.8680        0.00000
      27        14.5730        0.00000
      28        15.3093        0.00000
      29        15.7230        0.00000
      30        16.4316        0.00000
      31        17.4930        0.00000
      32        19.6142        0.00000

 16/28 kpoint (Cartesian) = 0.067397 0.0000 0.067397 (6767 pws)
       1       -93.2635      0.0180316
       2       -93.2621      0.0180316
       3       -93.2620      0.0180316
       4       -93.2615      0.0180316
       5       -54.7430      0.0180316
       6       -54.7430      0.0180316
       7       -54.7427      0.0180316
       8       -54.7401      0.0180316
       9       -54.7365      0.0180316
      10       -54.7365      0.0180316
      11       -54.7356      0.0180316
      12       -54.7345      0.0180316
      13       -54.7343      0.0180316
      14       -54.7343      0.0180316
      15       -54.7316      0.0180316
      16       -54.7299      0.0180316
      17       0.780979      0.0180316
      18        4.67124      0.0180316
      19        4.67124      0.0180316
      20        8.45669      0.0180316
      21        8.66415      0.0180316
      22        9.96850      0.0180316
      23        12.3559        0.00000
      24        12.3559        0.00000
      25        13.5439        0.00000
      26        13.5439        0.00000
      27        13.9665        0.00000
      28        13.9665        0.00000
      29        16.0423        0.00000
      30        16.7459        0.00000
      31        17.1812        0.00000
      32        18.4567        0.00000

 17/28 kpoint (Cartesian) = 0.067397 0.089863 0.0000 (6771 pws)
       1       -93.2632      0.0360631
       2       -93.2623      0.0360631
       3       -93.2619      0.0360631
       4       -93.2616      0.0360631
       5       -54.7427      0.0360631
       6       -54.7419      0.0360631
       7       -54.7415      0.0360631
       8       -54.7410      0.0360631
       9       -54.7376      0.0360631
      10       -54.7373      0.0360631
      11       -54.7356      0.0360631
      12       -54.7341      0.0360631
      13       -54.7341      0.0360631
      14       -54.7332      0.0360631
      15       -54.7325      0.0360631
      16       -54.7304      0.0360631
      17        1.28241      0.0360631
      18        3.62237      0.0360631
      19        5.15979      0.0360631
      20        7.43993      0.0360631
      21        9.13290      0.0360631
      22        10.4478        0.00000
      23        11.3473        0.00000
      24        12.6662        0.00000
      25        12.8259        0.00000
      26        14.1058        0.00000
      27        14.3390        0.00000
      28        15.0391        0.00000
      29        15.7900        0.00000
      30        16.2518        0.00000
      31        16.3690        0.00000
      32        19.7630        0.00000

 18/28 kpoint (Cartesian) = 0.067397 0.11233 0.0000 (6764 pws)
       1       -93.2629      0.0360631
       2       -93.2626      0.0360631
       3       -93.2618      0.0360631
       4       -93.2617      0.0360631
       5       -54.7423      0.0360631
       6       -54.7418      0.0360631
       7       -54.7406      0.0360631
       8       -54.7402      0.0360631
       9       -54.7390      0.0360631
      10       -54.7389      0.0360631
      11       -54.7346      0.0360631
      12       -54.7339      0.0360631
      13       -54.7339      0.0360631
      14       -54.7335      0.0360631
      15       -54.7321      0.0360631
      16       -54.7311      0.0360631
      17        1.92457      0.0360631
      18        2.70545      0.0360631
      19        5.78565      0.0360631
      20        6.54681      0.0360631
      21        9.73613      0.0360631
      22        10.4742        0.00000
      23        11.0648        0.00000
      24        11.8091        0.00000
      25        13.4300        0.00000
      26        14.1679        0.00000
      27        14.7058        0.00000
      28        14.9178        0.00000
      29        15.4221        0.00000
      30        15.6136        0.00000
      31        17.8050        0.00000
      32        19.8952        0.00000

 19/28 kpoint (Cartesian) = 0.089863 0.0000 0.089863 (6766 pws)
       1       -93.2630      0.0180316
       2       -93.2622      0.0180316
       3       -93.2621      0.0180316
       4       -93.2617      0.0180316
       5       -54.7422      0.0180316
       6       -54.7422      0.0180316
       7       -54.7417      0.0180316
       8       -54.7405      0.0180316
       9       -54.7388      0.0180316
      10       -54.7367      0.0180316
      11       -54.7367      0.0180316
      12       -54.7335      0.0180316
      13       -54.7334      0.0180316
      14       -54.7330      0.0180316
      15       -54.7330      0.0180316
      16       -54.7306      0.0180316
      17        1.78214      0.0180316
      18        4.11440      0.0180316
      19        4.11440      0.0180316
      20        6.41143      0.0180316
      21        9.60195      0.0180316
      22        10.9304        0.00000
      23        11.8173        0.00000
      24        11.8173        0.00000
      25        13.1481        0.00000
      26        13.1481        0.00000
      27        14.0328        0.00000
      28        15.3137        0.00000
      29        16.2347        0.00000
      30        16.2347        0.00000
      31        17.6283        0.00000
      32        19.4465        0.00000

 20/28 kpoint (Cartesian) = 0.089863 0.11233 0.0000 (6767 pws)
       1       -93.2628      0.0360631
       2       -93.2625      0.0360631
       3       -93.2620      0.0360631
       4       -93.2618      0.0360631
       5       -54.7423      0.0360631
       6       -54.7421      0.0360631
       7       -54.7413      0.0360631
       8       -54.7402      0.0360631
       9       -54.7392      0.0360631
      10       -54.7379      0.0360631
      11       -54.7356      0.0360631
      12       -54.7345      0.0360631
      13       -54.7330      0.0360631
      14       -54.7329      0.0360631
      15       -54.7319      0.0360631
      16       -54.7311      0.0360631
      17        2.42214      0.0360631
      18        3.20046      0.0360631
      19        4.74470      0.0360631
      20        5.51133      0.0360631
      21        10.2055      0.0206655
      22        10.9439        0.00000
      23        11.5460        0.00000
      24        12.2885        0.00000
      25        12.4216        0.00000
      26        13.1602        0.00000
      27        13.7506        0.00000
      28        14.4748        0.00000
      29        16.7921        0.00000
      30        17.4038        0.00000
      31        18.2240        0.00000
      32        20.2162        0.00000

 21/28 kpoint (Cartesian) = 0.11233 0.0000 0.11233 (6782 pws)
       1       -93.2626      0.0180316
       2       -93.2623      0.0180316
       3       -93.2622      0.0180316
       4       -93.2619      0.0180316
       5       -54.7421      0.0180316
       6       -54.7419      0.0180316
       7       -54.7419      0.0180316
       8       -54.7411      0.0180316
       9       -54.7380      0.0180316
      10       -54.7368      0.0180316
      11       -54.7368      0.0180316
      12       -54.7356      0.0180316
      13       -54.7324      0.0180316
      14       -54.7320      0.0180316
      15       -54.7320      0.0180316
      16       -54.7314      0.0180316
      17        3.05945      0.0180316
      18        3.83454      0.0180316
      19        3.83454      0.0180316
      20        4.60575      0.0180316
      21        10.8094        0.00000
      22        11.5480        0.00000
      23        11.5480        0.00000
      24        12.1581        0.00000
      25        12.2868        0.00000
      26        12.8959        0.00000
      27        12.8959        0.00000
      28        13.6274        0.00000
      29        18.6900        0.00000
      30        18.6900        0.00000
      31        18.7613        0.00000
      32        20.1386        0.00000

 22/28 kpoint (Cartesian) = -0.022466 0.022466 0.022466 (6805 pws)
       1       -93.2642      0.0120210
       2       -93.2619      0.0120210
       3       -93.2616      0.0120210
       4       -93.2614      0.0120210
       5       -54.7453      0.0120210
       6       -54.7453      0.0120210
       7       -54.7453      0.0120210
       8       -54.7366      0.0120210
       9       -54.7365      0.0120210
      10       -54.7364      0.0120210
      11       -54.7358      0.0120210
      12       -54.7357      0.0120210
      13       -54.7356      0.0120210
      14       -54.7305      0.0120210
      15       -54.7293      0.0120210
      16       -54.7293      0.0120210
      17      -0.299436      0.0120210
      18        6.62931      0.0120210
      19        6.62932      0.0120210
      20        6.62932      0.0120210
      21        9.90890      0.0120210
      22        9.90891      0.0120210
      23        9.90893      0.0120210
      24        13.2816        0.00000
      25        13.2816        0.00000
      26        13.2816        0.00000
      27        15.8006        0.00000
      28        15.8006        0.00000
      29        15.8006        0.00000
      30        17.0761        0.00000
      31        17.0762        0.00000
      32        17.0762        0.00000

 23/28 kpoint (Cartesian) = 0.022466 0.044931 0.022466 (6793 pws)
       1       -93.2640      0.0360631
       2       -93.2620      0.0360631
       3       -93.2616      0.0360631
       4       -93.2614      0.0360631
       5       -54.7448      0.0360631
       6       -54.7448      0.0360631
       7       -54.7445      0.0360631
       8       -54.7372      0.0360631
       9       -54.7371      0.0360631
      10       -54.7360      0.0360631
      11       -54.7356      0.0360631
      12       -54.7356      0.0360631
      13       -54.7353      0.0360631
      14       -54.7317      0.0360631
      15       -54.7297      0.0360631
      16       -54.7295      0.0360631
      17     -0.0826950      0.0360631
      18        5.35798      0.0360631
      19        6.83492      0.0360631
      20        6.83493      0.0360631
      21        10.1125      0.0360631
      22        10.1125      0.0360631
      23        11.5591        0.00000
      24        12.0570        0.00000
      25        12.0570        0.00000
      26        13.4841        0.00000
      27        15.1573        0.00000
      28        15.1573        0.00000
      29        15.9887        0.00000
      30        17.2820        0.00000
      31        18.2791        0.00000
      32        18.2791        0.00000

 24/28 kpoint (Cartesian) = 0.022466 0.022466 0.067397 (6767 pws)
       1       -93.2638      0.0360631
       2       -93.2621      0.0360631
       3       -93.2617      0.0360631
       4       -93.2615      0.0360631
       5       -54.7440      0.0360631
       6       -54.7440      0.0360631
       7       -54.7431      0.0360631
       8       -54.7381      0.0360631
       9       -54.7380      0.0360631
      10       -54.7356      0.0360631
      11       -54.7355      0.0360631
      12       -54.7352      0.0360631
      13       -54.7347      0.0360631
      14       -54.7333      0.0360631
      15       -54.7303      0.0360631
      16       -54.7301      0.0360631
      17       0.277812      0.0360631
      18        4.18121      0.0360631
      19        7.17710      0.0360631
      20        7.17711      0.0360631
      21        10.4324        0.00000
      22        10.4324        0.00000
      23        10.9469        0.00000
      24        10.9469        0.00000
      25        13.3559        0.00000
      26        13.8313        0.00000
      27        14.1492        0.00000
      28        14.1492        0.00000
      29        16.3023        0.00000
      30        17.4472        0.00000
      31        17.6237        0.00000
      32        19.7490        0.00000

 25/28 kpoint (Cartesian) = 0.022466 0.089863 0.022466 (6764 pws)
       1       -93.2635      0.0360631
       2       -93.2624      0.0360631
       3       -93.2616      0.0360631
       4       -93.2615      0.0360631
       5       -54.7430      0.0360631
       6       -54.7430      0.0360631
       7       -54.7414      0.0360631
       8       -54.7391      0.0360631
       9       -54.7391      0.0360631
      10       -54.7355      0.0360631
      11       -54.7355      0.0360631
      12       -54.7351      0.0360631
      13       -54.7342      0.0360631
      14       -54.7339      0.0360631
      15       -54.7311      0.0360631
      16       -54.7309      0.0360631
      17       0.781000      0.0360631
      18        3.12880      0.0360631
      19        7.65489      0.0360631
      20        7.65489      0.0360631
      21        9.89277      0.0360631
      22        9.89277      0.0360631
      23        10.9506        0.00000
      24        10.9506        0.00000
      25        13.1918        0.00000
      26        13.1918        0.00000
      27        14.2744        0.00000
      28        15.3150        0.00000
      29        16.4668        0.00000
      30        16.7415        0.00000
      31        18.0985        0.00000
      32        18.8117        0.00000

 26/28 kpoint (Cartesian) = 0.022466 0.11233 0.022466 (6764 pws)
       1       -93.2631      0.0360631
       2       -93.2628      0.0360631
       3       -93.2616      0.0360631
       4       -93.2615      0.0360631
       5       -54.7420      0.0360631
       6       -54.7420      0.0360631
       7       -54.7401      0.0360631
       8       -54.7401      0.0360631
       9       -54.7394      0.0360631
      10       -54.7373      0.0360631
      11       -54.7355      0.0360631
      12       -54.7355      0.0360631
      13       -54.7331      0.0360631
      14       -54.7330      0.0360631
      15       -54.7320      0.0360631
      16       -54.7320      0.0360631
      17        1.42535      0.0360631
      18        2.20884      0.0360631
      19        8.26444      0.0360631
      20        8.26444      0.0360631
      21        9.02356      0.0360631
      22        9.02357      0.0360631
      23        11.5243        0.00000
      24        11.5243        0.00000
      25        12.3625        0.00000
      26        12.3625        0.00000
      27        14.8781        0.00000
      28        15.6089        0.00000
      29        17.3064        0.00000
      30        17.3566        0.00000
      31        17.9967        0.00000
      32        18.7021        0.00000

 27/28 kpoint (Cartesian) = 0.044931 0.022466 0.044931 (6776 pws)
       1       -93.2639      0.0360631
       2       -93.2619      0.0360631
       3       -93.2618      0.0360631
       4       -93.2615      0.0360631
       5       -54.7444      0.0360631
       6       -54.7442      0.0360631
       7       -54.7442      0.0360631
       8       -54.7379      0.0360631
       9       -54.7366      0.0360631
      10       -54.7365      0.0360631
      11       -54.7353      0.0360631
      12       -54.7352      0.0360631
      13       -54.7351      0.0360631
      14       -54.7329      0.0360631
      15       -54.7300      0.0360631
      16       -54.7296      0.0360631
      17       0.133709      0.0360631
      18        5.56631      0.0360631
      19        5.56632      0.0360631
      20        7.04026      0.0360631
      21        10.2953    1.33684e-07
      22        10.8584        0.00000
      23        11.7437        0.00000
      24        11.7437        0.00000
      25        12.2756        0.00000
      26        12.2756        0.00000
      27        15.3521        0.00000
      28        15.3521        0.00000
      29        16.1786        0.00000
      30        17.3464        0.00000
      31        17.7606        0.00000
      32        18.4793        0.00000

 28/28 kpoint (Cartesian) = 0.044931 0.067397 0.022466 (6777 pws)
       1       -93.2637      0.0721262
       2       -93.2621      0.0721262
       3       -93.2617      0.0721262
       4       -93.2615      0.0721262
       5       -54.7437      0.0721262
       6       -54.7437      0.0721262
       7       -54.7432      0.0721262
       8       -54.7387      0.0721262
       9       -54.7373      0.0721262
      10       -54.7357      0.0721262
      11       -54.7350      0.0721262
      12       -54.7349      0.0721262
      13       -54.7345      0.0721262
      14       -54.7345      0.0721262
      15       -54.7307      0.0721262
      16       -54.7299      0.0721262
      17       0.493663      0.0721262
      18        4.39140      0.0721262
      19        5.91297      0.0721262
      20        7.38175      0.0721262
      21        9.67035      0.0721262
      22        10.6903        0.00000
      23        11.1061        0.00000
      24        12.1157        0.00000
      25        12.5763        0.00000
      26        13.5838        0.00000
      27        14.3502        0.00000
      28        15.6582        0.00000
      29        15.6767        0.00000
      30        16.2429        0.00000
      31        18.8113        0.00000
      32        18.9762        0.00000



------------------------------------------------------------------------------------------
TOTAL-FORCE (eV/Angstrom)                                                               
------------------------------------------------------------------------------------------
Al1                               0.0000000000         0.0000000000         0.0000000000
Al2                               0.0000000000         0.0000000000         0.0000000000
Al3                               0.0000000000         0.0000000000         0.0000000000
Al4                               0.0000000000         0.0000000000         0.0000000000
------------------------------------------------------------------------------------------
----------------------------------------------------------------
TOTAL-STRESS (KBAR)                                           
----------------------------------------------------------------
      -34.0849825463        -0.0000000000         0.0000000000
       -0.0000000000       -34.0849825463        -0.0000000000
        0.0000000000        -0.0000000000       -34.0849825463
----------------------------------------------------------------
 TOTAL-PRESSURE: -34.084983 KBAR


 Largest gradient in stress is 0.000000

 Threshold is = 0.100000

 Relaxation is converged!


 --------------------------------------------
 !FINAL_ETOT_IS -7532.7373530357826894 eV
 --------------------------------------------


TIME STATISTICS
-------------------------------------------------------------------------------------
     CLASS_NAME                 NAME             TIME(Sec)  CALLS   AVG(Sec) PER(%)
-------------------------------------------------------------------------------------
                     total                        22.16          17   1.30   100.00
Driver               reading                       0.28           1   0.28     1.26
Input                Init                          0.01           1   0.01     0.04
Input_Conv           Convert                       0.27           1   0.27     1.21
Driver               driver_line                  21.88           1  21.88    98.74
UnitCell             check_tau                     0.00           1   0.00     0.00
PW_Basis_Sup         setuptransform                0.02           1   0.02     0.08
PW_Basis_Sup         distributeg                   0.00           1   0.00     0.00
mymath               heapsort                      0.01         453   0.00     0.03
Symmetry             analy_sys                     0.00           1   0.00     0.00
PW_Basis_K           setuptransform                0.02           1   0.02     0.11
PW_Basis_K           distributeg                   0.00           1   0.00     0.00
PW_Basis             setup_struc_factor            0.00           1   0.00     0.02
ppcell_vnl           init                          0.00           1   0.00     0.01
ppcell_vl            init_vloc                     0.00           1   0.00     0.01
ppcell_vnl           init_vnl                      0.04           1   0.04     0.17
WF_atomic            init_at_1                     0.00           1   0.00     0.00
wavefunc             wfcinit                       0.00           1   0.00     0.01
Ions                 opt_ions                     19.92           1  19.92    89.90
ESolver_KS_PW        run                          19.07           1  19.07    86.05
H_Ewald_pw           compute_ewald                 0.00           1   0.00     0.01
Charge               set_rho_core                  0.00           1   0.00     0.00
Charge               atomic_rho                    0.01           2   0.01     0.07
PW_Basis_Sup         recip2real                    0.16          96   0.00     0.74
PW_Basis_Sup         gathers_scatterp              0.02          96   0.00     0.09
Potential            init_pot                      0.05           1   0.05     0.23
Potential            update_from_charge            0.62          13   0.05     2.79
Potential            cal_fixed_v                   0.00           1   0.00     0.01
PotLocal             cal_fixed_v                   0.00           1   0.00     0.01
Potential            cal_v_eff                     0.61          13   0.05     2.75
H_Hartree_pw         v_hartree                     0.06          13   0.00     0.27
PW_Basis_Sup         real2recip                    0.20         124   0.00     0.89
PW_Basis_Sup         gatherp_scatters              0.02         124   0.00     0.07
PotXC                cal_v_eff                     0.55          13   0.04     2.47
XC_Functional        v_xc                          0.54          13   0.04     2.46
Potential            interpolate_vrs               0.00          13   0.00     0.01
Symmetry             rhog_symmetry                 0.12          14   0.01     0.53
Symmetry             group fft grids               0.02          14   0.00     0.11
Charge_Mixing        init_mixing                   0.00           1   0.00     0.00
ESolver_KS_PW        hamilt2density               18.07          13   1.39    81.57
HSolverPW            solve                        17.88          13   1.38    80.71
Nonlocal             getvnl                        0.18         364   0.00     0.79
pp_cell_vnl          getvnl                        0.20         420   0.00     0.91
Structure_Factor     get_sk                        0.09         980   0.00     0.39
WF_atomic            atomic_wfc                    0.02          28   0.00     0.07
DiagoIterAssist      diagH_subspace_init           0.28          28   0.01     1.25
Operator             hPsi                          6.28       39170   0.00    28.32
Operator             EkineticPW                    0.43       39170   0.00     1.93
Operator             VeffPW                        4.85       39170   0.00    21.88
PW_Basis_K           recip_to_real gpu             2.92       61234   0.00    13.18
PW_Basis_K           real_to_recip gpu             2.13       49586   0.00     9.61
Operator             NonlocalPW                    0.97       39170   0.00     4.38
Nonlocal             add_nonlocal_pp               0.58       39170   0.00     2.60
DiagoIterAssist      diagH_LAPACK                  0.71         336   0.00     3.19
DiagoCG              diag_once                    10.68         364   0.03    48.21
DiagoCG_New          spsi_func                     0.28       77668   0.00     1.25
DiagoCG_New          hpsi_func                     5.26       38834   0.00    23.75
ElecStatePW          psiToRho                      0.87          13   0.07     3.93
Charge               rho_mpi                       0.00          13   0.00     0.02
Charge               reduce_diff_pools             0.00          13   0.00     0.02
Charge_Mixing        get_drho                      0.04          13   0.00     0.20
Charge_Mixing        inner_product_recip_rho       0.00          13   0.00     0.01
Charge               mix_rho                       0.06          11   0.01     0.28
Charge               Pulay_mixing                  0.01          11   0.00     0.05
Charge_Mixing        inner_product_recip_hartree   0.01          60   0.00     0.05
DiagoIterAssist      diagH_subspace                2.54         308   0.01    11.48
Forces               cal_force_loc                 0.01           1   0.01     0.03
Forces               cal_force_ew                  0.01           1   0.01     0.02
Forces               cal_force_nl                  0.03           1   0.03     0.12
Forces               cal_force_cc                  0.00           1   0.00     0.00
Forces               cal_force_scc                 0.01           1   0.01     0.04
Stress_PW            cal_stress                    0.80           1   0.80     3.63
Stress_Func          stress_kin                    0.05           1   0.05     0.22
Stress_Func          stress_har                    0.00           1   0.00     0.01
Stress_Func          stress_ewa                    0.00           1   0.00     0.02
Stress_Func          stress_gga                    0.02           1   0.02     0.11
Stress_Func          stress_loc                    0.01           1   0.01     0.04
Stress_Func          stress_cc                     0.00           1   0.00     0.00
Stress_Func          stress_nl                     0.72           1   0.72     3.23
ModuleIO             write_istate_info             0.00           1   0.00     0.02
-------------------------------------------------------------------------------------

 NAME-------------------------|MEMORY(MB)--------
                         total       223.4414
                        Psi_PW       185.7324
                  PW_B_K::gcar         8.7062
                     FFT::grid         6.7500
                      VNL::vkb         3.3167
                   PW_B_K::gk2         2.9021
                      Chg::rho         1.6875
                 Chg::rho_save         1.6875
                 Chg::rho_core         1.6875
                 Pot::veff_fix         1.6875
                     Pot::veff         1.6875
              Pot::veff_smooth         1.6875
                  SF::strucFac         1.6583
               PW_B_K::ig2ixyz         1.4510
 -------------   < 1.0 MB has been ignored ----------------
 ----------------------------------------------------------

 Start  Time  : Thu May 23 17:25:27 2024
 Finish Time  : Thu May 23 17:25:49 2024
 Total  Time  : 0 h 0 mins 22 secs 
